G.Smoot: 91
W.Sutherland: 81
K.Freeman: 79
B.Peterson: 79
K.Griest: 79
D.Bennett: 77
P.Lubin: 76
A.Rodgers: 76
C.Alcock: 76
C.Stubbs: 76
K.Cook: 76
M.Pratt: 76
P.Quinn: 76
R.Allsman: 76
S.Marshall: 76
T.Axelrod: 76
J.Kaluzny: 72
A.Udalski: 68
M.Kubiak: 68
M.Mateo: 68
M.Szymanski: 68
S.Perlmutter: 61
A.Banday: 60
C.Bennett: 59
W.Krzeminski: 59
A.Kogut: 56
G.Hinshaw: 56
E.Wright: 52
C.Kouveliotou: 45
C.Meegan: 45
G.Fishman: 45
W.Paciesas: 45
K.Stanek: 43
C.Lineweaver: 41
L.Guzzo: 41
O.Lahav: 38
B.Paczynski: 37
C.Wuensche: 37
J.Gundersen: 37
M.Lim: 37
P.Meinhold: 37
A.Lange: 33
M.Devlin: 33
P.Mauskopf: 33
K.Gorski: 32
R.Cen: 31
A.Klypin: 31
L.Moscoso: 31
S.Chan: 30
M.Lachieze-Rey: 30
A.Vidal-Madjar: 30
R.Ferlet: 29
A.Milsztajn: 28
B.Laurent: 28
C.Gry: 28
C.Magneville: 28
E.Aubourg: 28
E.Lesquoy: 28
E.Maurice: 28
F.Cavalier: 28
F.Queinnec: 28
F.Tajahmady: 28
J.Beaulieu: 28
J.Guibert: 28
J.Kneib: 28
J.Rich: 28
L.Prevot: 28
L.Vigroux: 28
M.Gros: 28
M.Moniez: 28
M.Spiro: 28
O.Moreau: 28
P.Bareyre: 28
P.Grison: 28
R.Ansari: 28
S.Brehin: 28
S.Zylberajch: 28
A.Clapp: 27
C.Hagmann: 27
P.Richards: 27
V.Hristov: 27
J.Primack: 26
J.Ostriker: 26
P.Keegstra: 25
G.Zamorani: 25
K.Loewenstein: 24
B.Schaefer: 24
B.Teegarden: 24
D.Band: 24
D.Palmer: 24
G.Pendleton: 24
J.Matteson: 24
L.Ford: 24
M.Briggs: 24
R.Preece: 24
T.Cline: 24
C.Collins: 24
S.Borgani: 23
A.Blanchard: 23
R.Nemiroff: 22
E.Zucca: 22
G.Chincarini: 22
D.Maccagni: 22
D.Wilkinson: 21
N.Evans: 21
D.Schramm: 21
J.Norris: 21
M.Haynes: 21
R.Giovanelli: 21
A.Cappi: 21
S.Maurogordato: 21
A.Liddle: 20
E.Cheng: 20
S.Meyer: 20
D.Frail: 20
S.Kulkarni: 20
P.Marziani: 20
J.Silk: 20
F.Bouchet: 20
C.Balkowski: 20
D.Proust: 20
G.Stirpe: 20
G.Vettolani: 20
H.MacGillivray: 20
J.Alimi: 20
M.Mignoli: 20
M.Ramella: 20
P.Felenbok: 20
R.Merighi: 20
R.Scaramella: 20
V.Cayatte: 20
L.Fang: 19
J.Huchra: 19
J.Jijina: 18
L.Hernquist: 18
A.Melott: 18
A.Robin: 18
E.Kaita: 17
J.Mather: 17
P.Jackson: 17
R.Weiss: 17
S.Cristiani: 17
S.Johansson: 17
L.Moscardini: 17
G.Efstathiou: 17
F.Ferraro: 17
F.Pecci: 17
D.Ojha: 17
O.Bienayme: 17
M.Lehner: 17
L.Tenorio: 16
S.Matarrese: 16
K.Olive: 16
V.Mohan: 16
D.Spergel: 15
W.Wickramasinghe: 15
F.Rasio: 15
A.Dressler: 15
J.Lestrade: 15
R.Wilson: 15
K.Boer: 15
D.Welch: 15
J.Reimann: 15
M.Kamionkowski: 14
E.Copeland: 14
A.Norton: 14
C.Everall: 14
C.Jordi: 14
F.Figueras: 14
J.Fabregat: 14
J.Marti: 14
J.Paredes: 14
J.Torra: 14
M.Coe: 14
P.Roche: 14
R.Zamanov: 14
S.Unger: 14
T.Prince: 14
V.Reglero: 14
M.Turner: 14
R.Turolla: 14
K.Fisher: 14
P.Timbie: 14
S.Tanaka: 14
D.Weinberg: 14
S.Bonometto: 14
J.Bahcall: 14
J.Bonnell: 14
L.Greggio: 14
N.Sugiyama: 13
C.Frenk: 13
N.Kaiser: 13
D.Trevese: 13
J.Hesser: 13
M.Geller: 13
D.Ryu: 13
S.Timbie: 13
S.Ghigna: 13
G.Fiorentini: 13
M.Creze: 13
A.Filippenko: 13
M.Davis: 12
G.Squires: 12
R.Brandenberger: 12
S.Savaglio: 12
A.Treves: 12
P.Demarque: 12
S.Zaroubi: 12
Y.Hoffman: 12
R.Juszkiewicz: 12
H.Rix: 12
V.Castellani: 12
A.Bottino: 12
G.Mignola: 12
N.Fornengo: 12
E.Hivon: 12
R.Rebolo: 12
L.Feretti: 12
L.Stella: 12
R.Ellis: 11
T.Broadhurst: 11
W.Benz: 11
G.Vasisht: 11
A.Fontana: 11
E.Giallongo: 11
S.D'Odorico: 11
D.Koo: 11
G.Bryan: 11
M.Norman: 11
G.Fuller: 11
B.Allen: 11
G.Cook: 11
N.Turok: 11
S.Bergh: 11
A.Pandey: 11
B.Bhatt: 11
B.Sanwal: 11
D.Paliwal: 11
E.Oblak: 11
M.Chareton: 11
M.Haywood: 11
R.Kirshner: 11
C.Corsi: 11
R.Buonanno: 11
V.Testa: 11
L.Jr.: 11
A.Loeb: 10
D.Lyth: 10
T.Schramm: 10
D.Maoz: 10
J.Navarro: 10
D.Woods: 10
G.Fahlman: 10
M.White: 10
I.Smail: 10
M.Colpi: 10
A.Starobinsky: 10
B.Edvardsson: 10
A.Stebbins: 10
R.Kron: 10
B.Chaboyer: 10
F.Lucchin: 10
E.Bunn: 10
H.Kang: 10
S.Degl'Innocenti: 10
J.Orloff: 10
M.Gavela: 10
O.Pène: 10
S.Maddox: 10
A.Biviano: 10
D.Sullivan: 10
R.Dodd: 10
T.Banks: 10
M.Peimbert: 10
A.Fabian: 10
A.Segale: 10
J.Staren: 10
M.Seiffert: 10
N.Figueiredo: 10
T.Koch: 10
A.Naim: 10
G.Vaucouleurs: 10
H.Corwin: 10
M.Storrie-Lombardi: 10
R.Buta: 10
S.Raychaudhury: 10
A.Dekel: 9
R.Narayan: 9
S.Zepf: 9
W.Duschl: 9
P.Molaro: 9
S.Veeraraghavan: 9
R.Protheroe: 9
R.Norris: 9
A.Davis: 9
N.Bahcall: 9
A.Evrard: 9
J.Holtzman: 9
B.Ricci: 9
J.Lidsey: 9
M.Strauss: 9
Hurley: 9
Niel: 9
Sommer: 9
W.Brinkmann: 9
S.Sakai: 9
A.Campos: 8
G.Yepes: 8
D.Schade: 8
M.Plionis: 8
L.Krauss: 8
H.Mo: 8
J.Bond: 8
R.Rood: 8
C.Dermer: 8
L.Zampieri: 8
V.Sahni: 8
E.Kolb: 8
D.Kiselman: 8
G.Gilmore: 8
Y.Jing: 8
E.Shellard: 8
R.Nichol: 8
S.Shandarin: 8
D.Kühl: 8
J.Linde: 8
M.Linnert: 8
G.Tormen: 8
M.Gramann: 8
P.Guhathakurta: 8
M.Lissia: 8
L.Nobili: 8
S.Colombi: 8
S.Mao: 8
G.Mathews: 8
E.Borra: 8
G.Walker: 8
M.Bershady: 8
R.Venkat: 8
G.Dalton: 8
G.Israel: 8
S.Mereghetti: 8
D.Schneider: 8
M.Pinsonneault: 8
L.Infante: 8
J.Solanes: 8
M.Scodeggio: 8
M.Dickinson: 8
A.Comastri: 8
M.Forbes: 8
A.Franceschini: 8
F.Hammer: 8
L.Tresse: 8
G.Preston: 8
A.Lasenby: 8
C.Cruz: 8
R.Davies: 8
R.Watson: 8
S.Hancock: 8
S.Shapiro: 7
H.Lesch: 7
S.Dodelson: 7
R.McMahon: 7
D.Scott: 7
J.Skibo: 7
M.Bartelmann: 7
A.Weiss: 7
T.Buchert: 7
A.Szabo: 7
J.Horack: 7
P.Schneider: 7
J.Whiteoak: 7
J.Truran: 7
M.Trodden: 7
L.Page: 7
A.Sauval: 7
C.Farmer: 7
E.Chang: 7
G.Nave: 7
N.Grevesse: 7
W.Schoenfeld: 7
E.Turner: 7
M.Hendry: 7
X.Barcons: 7
L.Maraschi: 7
R.Ramaty: 7
S.Sigurdsson: 7
P.Sackett: 7
F.Mardirossian: 7
G.Giuricin: 7
M.Mezzetti: 7
A.Wehrle: 7
G.Giovannini: 7
J.Marcaide: 7
L.Lara: 7
M.Rioja: 7
S.Spangler: 7
T.Venturi: 7
X.Wu: 7
A.Taylor: 7
H.Vega: 7
K.Jedamzik: 7
R.Stefano: 7
A.Porter: 7
B.Leibundgut: 7
B.Schmidt: 7
L.Wells: 7
P.Challis: 7
P.Ruiz-Lapuente: 7
G.Smith: 7
M.Briley: 7
R.Bell: 7
J.Scargle: 7
A.Crotts: 7
Y.Fang: 7
G.Boerner: 7
T.Prokopec: 7
D.Bowen: 7
K.Lipman: 7
D.Garnett: 7
E.Skillman: 7
E.Terlevich: 7
G.Shields: 7
R.Dufour: 7
R.Terlevich: 7
S.Torres-Peimbert: 7
A.Szalay: 7
R.Kayser: 6
R.Valdarnini: 6
A.Gould: 6
G.Zotti: 6
P.Mazzei: 6
T.Piran: 6
D.Tytler: 6
L.Costa: 6
S.Kovalenko: 6
V.Bednyakov: 6
X.Chen: 6
G.Gyuk: 6
J.Sulentic: 6
Z.Deng: 6
D.Munshi: 6
S.Cole: 6
A.Linde: 6
B.Gustafsson: 6
D.Lambert: 6
P.Nissen: 6
T.Bedding: 6
O.Pantano: 6
G.Wirth: 6
A.Mastichiadis: 6
T.Stanev: 6
A.Zijlstra: 6
B.Sathyaprakash: 6
R.Scherrer: 6
A.Newsam: 6
J.Simmons: 6
A.Ulmer: 6
M.Sasaki: 6
I.Lapidus: 6
C.Kolda: 6
G.Kane: 6
J.Wells: 6
L.Roszkowski: 6
S.Scopel: 6
M.Bolte: 6
Z.Zou: 6
M.Bellazzini: 6
P.Biermann: 6
J.Pauls: 6
R.Croft: 6
B.Kirshner: 6
J.Maza: 6
M.Hamuy: 6
M.Phillips: 6
N.Suntzeff: 6
R.Aviles: 6
R.Eastman: 6
K.Ashman: 6
F.Macchetto: 6
L.Ho: 6
F.Franca: 6
J.Bechtold: 6
R.Duncan: 6
P.Ade: 6
S.Church: 6
T.Wilbanks: 6
W.Holzapfel: 6
P.Coles: 6
A.Quillen: 6
J.Frogel: 6
C.Steidel: 6
C.Zinnecker: 6
J.Centrella: 6
A.Luca: 6
B.Maffei: 6
N.Aghanim: 6
R.Gispert: 6
G.Ingrosso: 6
M.Roncadelli: 6
P.Jetzer: 6
H.Falcke: 6
D.King: 6
G.Vladilo: 6
M.Centurion: 6
N.Walton: 6
P.Moritz: 6
B.Boyle: 6
A.Mazure: 6
C.Lobo: 6
D.Gerbal: 6
E.Slezak: 6
F.Durret: 6
O.Fèvre: 6
G.Tagliaferri: 6
T.Goldman: 6
F.Carrera: 6
G.Stewart: 6
J.Butcher: 6
R.Warwick: 6
A.Barvinski: 6
A.Strominger: 6
D.Lowe: 6
L.Thorlacius: 6
P.Argyres: 6
S.Giddings: 6
V.Frolov: 6
E.Bertschinger: 5
B.Moore: 5
E.Stewart: 5
R.Dominguez-Tenreiro: 5
M.Davies: 5
R.Romani: 5
A.Dar: 5
F.Haardt: 5
G.Ghisellini: 5
C.Lousto: 5
J.Miralda-Escude: 5
H.Langevelde: 5
R.Carlberg: 5
U.Pen: 5
W.Hu: 5
M.Fitchett: 5
A.Edge: 5
E.Dishoeck: 5
M.Steinmetz: 5
J.Borrill: 5
D.Axon: 5
P.Catelan: 5
K.Schramm: 5
U.Borgeest: 5
P.Zeeuw: 5
I.Yi: 5
G.Hasinger: 5
M.Price: 5
P.McCulloch: 5
R.Vaile: 5
S.Ellingsen: 5
D.Dearborn: 5
X.Shi: 5
A.Boldin: 5
R.Sharipov: 5
C.Giunti: 5
T.Kibble: 5
A.Buzzoni: 5
A.Fruchter: 5
A.Szomoru: 5
J.Gorkom: 5
J.Knapen: 5
A.Frank: 5
C.Kounnas: 5
E.Kiritsis: 5
E.Salpeter: 5
J.Frieman: 5
G.Steigman: 5
B.Carr: 5
T.Weiler: 5
E.Roulet: 5
G.Giudice: 5
S.Mollerach: 5
D.Burstein: 5
T.Tanaka: 5
W.Press: 5
P.Casper: 5
G.Ellis: 5
P.Dunsby: 5
J.Learned: 5
S.Pakvasa: 5
R.Wijers: 5
S.Kirhakos: 5
P.Battinelli: 5
R.Capuzzo--Dolcetta: 5
B.Santiago: 5
R.Nelson: 5
B.Gibson: 5
P.Hickson: 5
R.Cabanac: 5
R.Content: 5
H.Kandrup: 5
M.Mahon: 5
A.Olinto: 5
R.Caldwell: 5
B.Yanny: 5
C.Bailyn: 5
D.Dinescu: 5
E.Rubenstein: 5
T.Girard: 5
S.White: 5
E.Giraud: 5
G.Hertling: 5
H.Quintana: 5
M.Way: 5
P.Fouque: 5
D.Pogosyan: 5
R.Pogge: 5
D.Christodoulou: 5
I.Shlosman: 5
J.Tohline: 5
G.Benford: 5
G.Landis: 5
J.Cramer: 5
M.Morris: 5
M.Visser: 5
R.Forward: 5
G.Palumbo: 5
M.Cappi: 5
R.Ceca: 5
S.Molendi: 5
T.Maccacaro: 5
A.Gilmore: 5
P.Kilmartin: 5
N.Hata: 5
C.Morbey: 5
O.Fevre: 5
S.Lilly: 5
W.Brandt: 5
E.Trussoni: 5
P.Parma: 5
R.Fanti: 5
S.Massaglia: 5
G.Neugebauer: 5
I.Reid: 5
K.Matthews: 5
M.Kerkwijk: 5
H.Arce: 5
T.Kolatt: 4
D.Wands: 4
J.Pelt: 4
S.Refsdal: 4
W.Hoff: 4
N.Kassim: 4
T.Murakami: 4
J.Audretsch: 4
M.Campanelli: 4
H.Klapdor-Kleingrothaus: 4
P.Kernan: 4
A.Mathai: 4
H.Haubold: 4
K.Johnston: 4
B.Dorman: 4
R.O'Connell: 4
K.Gebhardt: 4
M.Kawasaki: 4
H.Kjeldsen: 4
R.Battye: 4
F.Bernardeau: 4
L.Kofman: 4
M.Ulmer: 4
P.Johnson: 4
G.Sigl: 4
K.Borgeest: 4
C.Fryer: 4
M.Herant: 4
S.Colgate: 4
W.Hix: 4
D.Lai: 4
E.Pino: 4
L.Chernin: 4
A.Thorne: 4
I.Nave: 4
J.Brault: 4
R.Learner: 4
B.Jannuzi: 4
G.Schmidt: 4
H.Stockman: 4
P.Smith: 4
R.Elston: 4
G.Mellema: 4
A.Roy: 4
E.Troup: 4
J.Reynolds: 4
M.Kesteven: 4
B.Aschenbach: 4
J.Greiner: 4
R.Egger: 4
T.Hanawa: 4
B.Fields: 4
J.Gilbert: 4
E.Fenimore: 4
T.Fukushige: 4
P.Fischer: 4
S.Degl'innocenti: 4
A.Ottewill: 4
J.Kim: 4
H.Kurki-Suonio: 4
D.Lynden-Bell: 4
A.Magazzu: 4
E.Martin: 4
M.Postman: 4
T.Lauer: 4
D.Coulson: 4
R.Crittenden: 4
M.Bruni: 4
S.Habib: 4
C.Quimbay: 4
P.Hernandez: 4
R.Schaefer: 4
E.Gates: 4
S.Majewski: 4
G.Quinlan: 4
C.Copi: 4
M.Abney: 4
J.Tinker: 4
K.McDavitt: 4
E.Gaztanaga: 4
A.Pasquali: 4
L.Federici: 4
E.Guinan: 4
G.McCook: 4
K.Krisciunas: 4
K.Luedeke: 4
R.Griffin: 4
G.Jungman: 4
P.Duffy: 4
A.Messina: 4
C.Bird: 4
A.Jaffe: 4
J.Wambsganss: 4
P.Thomas: 4
M.Girardi: 4
D.Geisler: 4
A.Singh: 4
D.Boyanovsky: 4
D.S-Lee: 4
R.Holman: 4
V.Berezinsky: 4
M.Tosi: 4
J.Lasota: 4
M.Abramowicz: 4
O.Regev: 4
S.Kato: 4
H.Zhao: 4
R.Rich: 4
D.DePoy: 4
J.Kenney: 4
A.Lanza: 4
Y.Suto: 4
S.Campana: 4
S.McMillan: 4
C.Loken: 4
J.Burns: 4
F.Cheng: 4
J.Ge: 4
J.Kwan: 4
W.Zheng: 4
S.Smith: 4
G.Longo: 4
M.Capaccioli: 4
M.D'Onofrio: 4
N.Caon: 4
S.Zaggia: 4
L.Danese: 4
L.Toffolatti: 4
J.Webb: 4
K.Lanzetta: 4
K.Sealey: 4
A.Riess: 4
E.Vangioni-Flam: 4
C.Park: 4
M.Vogeley: 4
D.Ward-Thompson: 4
P.Mezger: 4
R.Zylka: 4
M.Joyce: 4
A.Dey: 4
H.Spinrad: 4
H.Andernach: 4
D.Guenther: 4
L.Pinsonneault: 4
C.Netterfield: 4
E.Wollack: 4
N.Jarosik: 4
A.Connolly: 4
A.Kinney: 4
D.Calzetti: 4
J.Willick: 4
S.Courteau: 4
S.Faber: 4
C.Reynolds: 4
K.Nandra: 4
G.Gussie: 4
C.Kim: 4
D.Martin: 4
S.Lumsden: 4
R.Marel: 4
J.Hjorth: 4
B.Qin: 4
D.Thomas: 4
T.Walker: 4
K.Kanaya: 4
S.Kaya: 4
T.Yoshié: 4
Y.Iwasaki: 4
E.Lau: 4
J.Anderson: 4
J.Pérez-Mercader: 4
M.Nieto: 4
F.Adams: 3
D.Eisenstein: 3
E.Branchini: 3
M.Gómez-Flechoso: 3
M.Colless: 3
F.Thielemann: 3
I.Yadigaroglu: 3
M.Nowak: 3
A.Aragon-Salamanca: 3
J.Cordes: 3
P.Diamond: 3
L.Perivolaropoulos: 3
J.Kaplan: 3
D.Dultzin--Hacyan: 3
W.Keel: 3
P.Steinhardt: 3
A.Kosowsky: 3
E.Seaquist: 3
R.Ivison: 3
F.Pijpers: 3
C.Pryor: 3
T.Williams: 3
D.Nanopoulos: 3
D.Linde: 3
L.Knox: 3
M.Perez: 3
V.Martinez: 3
I.Tkachev: 3
E.Pian: 3
R.Falomo: 3
R.Scarpa: 3
C.Loup: 3
J.Chapman: 3
P.Hoof: 3
D.Polarski: 3
P.Peter: 3
P.Bhattacharjee: 3
W.Saunders: 3
P.Fox: 3
S.Sofia: 3
Y.Kim: 3
D.Salopek: 3
J.Stewart: 3
S.Seitz: 3
T.Moroi: 3
A.Rebhan: 3
D.Schwarz: 3
S.Bilenky: 3
K.Ganga: 3
K.Maeda: 3
C.Masson: 3
L.Fracassini: 3
M.Malagnini: 3
S.Covino: 3
M.Lehnert: 3
P.Stetson: 3
T.Smecker-Hane: 3
C.Day: 3
I.Hatsukade: 3
J.Hughes: 3
R.III: 3
T.Jones: 3
J.Charlton: 3
E.Boldt: 3
K.Jahoda: 3
T.Miyaji: 3
M.Fukugita: 3
C.McKee: 3
J.Castor: 3
R.Klein: 3
S.Murray: 3
R.Sharples: 3
W.Couch: 3
K.Strobl: 3
C.Mihos: 3
M.Tegmark: 3
A.Wilson: 3
E.Colbert: 3
A.Bronnikov: 3
V.Dmitrieva: 3
Choi: 3
G.Bernstein: 3
J.Tyson: 3
B.Pettersson: 3
B.Westerlund: 3
M.Kharrazi: 3
J.Ignatius: 3
K.Kajantie: 3
M.Laine: 3
L.Randall: 3
M.Chiba: 3
B.Jarvis: 3
C.Flynn: 3
P.Monaco: 3
P.Hodge: 3
S.Adanti: 3
A.Mezhlumian: 3
V.Antonuccio-Delogu: 3
B.Ratra: 3
M.Lozano: 3
P.Krastev: 3
R.Fong: 3
J.Bartlett: 3
S.Zane: 3
H.Morrison: 3
P.Harding: 3
T.Boroson: 3
E.Lokas: 3
P.Hernández: 3
J.Kirk: 3
C.Baugh: 3
J.Heyl: 3
C.Pritchet: 3
A.Rujula: 3
A.Tennant: 3
D.Swartz: 3
M.Sulkanen: 3
S.O'Dell: 3
J.Muecket: 3
L.Amendola: 3
S.Gottloeber: 3
V.Mueller: 3
C.Favero: 3
G.Marconi: 3
P.Focardi: 3
M.Rauch: 3
A.Collier-Cameron: 3
M.O'Dell: 3
P.Panagi: 3
S.Sasaki: 3
D.Kazanas: 3
G.Setti: 3
J.Makino: 3
J.Greenberg: 3
P.Gerakines: 3
W.Schutte: 3
H.Tagoshi: 3
M.Shibata: 3
K.Jahn: 3
F.Paolis: 3
I.Wasserman: 3
J.Wang: 3
J.Loveday: 3
M.Calvani: 3
T.Zwitter: 3
J.Araújo: 3
J.Horvath: 3
J.Pacheco: 3
M.Cattani: 3
C.Rola: 3
G.Stasinska: 3
D.Ricci: 3
B.Wilkes: 3
M.Elvis: 3
R.Mcmahon: 3
I.G.C.Stewart: 3
R.Griffiths: 3
T.Shanks: 3
F.Rigaut: 3
G.Weigelt: 3
K.Hofmann: 3
D.Soares: 3
R.Carvalho: 3
R.Souza: 3
T.Silva: 3
A.Larsen: 3
N.Sanchez: 3
I.Szapudi: 3
M.Viskum: 3
S.Frandsen: 3
F.DePaolis: 3
D.Caldwell: 3
E.Arlandi: 3
R.Wyse: 3
D.Hanes: 3
J.Kavelaars: 3
T.Bridges: 3
W.Harris: 3
P.Dewdney: 3
R.Roger: 3
J.Perez-Mercader: 3
A.Sarmiento: 3
L.Carigi: 3
P.Colin: 3
A.Fey: 3
J.Russell: 3
N.Zacharias: 3
W.Simmons: 3
G.Fossati: 3
G.Knapp: 3
K.Young: 3
T.Phillips: 3
E.Robson: 3
J.Stevens: 3
S.Litchfield: 3
W.Gear: 3
R.Vio: 3
I.Gatley: 3
M.Shaw: 3
R.Probst: 3
C.Hunter: 3
E.Qian: 3
F.Grundahl: 3
K.Nilsson: 3
L.Festin: 3
E.Martinez-Gonzalez: 3
J.Gonzalez-Serrano: 3
L.Cayon: 3
N.Benitez: 3
J.McKinley: 3
J.Blades: 3
B.Sadoulet: 3
J.Madsen: 2
P.Kumar: 2
K.Freese: 2
C.Ma: 2
A.Ferrara: 2
J.Papaloizou: 2
X.Fan: 2
G.Shaviv: 2
G.Matt: 2
S.Grossman: 2
P.Pellegrini: 2
W.Freudling: 2
L.Widrow: 2
R.Henriksen: 2
A.Babul: 2
R.Taam: 2
S.Charlot: 2
W.Anderson: 2
R.Cohen: 2
S.Garrington: 2
V.Hughes: 2
R.Moessner: 2
A.Bouquet: 2
J.Verschaeve: 2
F.Cooperstock: 2
S.Bayin: 2
V.Faraoni: 2
E.Ellingson: 2
H.Yee: 2
R.Davis: 2
R.Kinzer: 2
X.Xia: 2
S.Myers: 2
G.Blake: 2
P.Hall: 2
J.Pardo: 2
V.Bujarrabal: 2
M.Nagasawa: 2
E.Blackman: 2
G.Field: 2
E.Mueller: 2
N.Gouda: 2
T.Konishi: 2
T.Tsuchiya: 2
A.Filippov: 2
M.Cavaglià: 2
V.Alfaro: 2
C.Tze: 2
H.He: 2
Z.Qiu: 2
M.Ressell: 2
D.Fabricant: 2
I.Dell'Antonio: 2
D.Heggie: 2
A.Raga: 2
W.Henney: 2
D.Saez: 2
P.Anninos: 2
R.Matzner: 2
R.Tuluie: 2
A.Brown: 2
E.Geus: 2
K.Croudace: 2
J.Ehlers: 2
S.Tremaine: 2
L.Pozzetti: 2
G.Veneziano: 2
H.Murayama: 2
S.Davidson: 2
J.Ellis: 2
N.Mavromatos: 2
J.Robertson: 2
R.Marson: 2
A.Weiß: 2
G.Rybicki: 2
F.Malbet: 2
J.Yu: 2
M.Shao: 2
D.Richstone: 2
M.Crone: 2
E.Jensen: 2
R.Mathieu: 2
J.Fry: 2
M.Rees: 2
P.Meszaros: 2
H.Toole: 2
J.Katz: 2
S.Unruh: 2
J.Yokoyama: 2
R.Durrer: 2
J.Wiseman: 2
D.Tatarski: 2
J.Moffat: 2
B.Link: 2
K.Riper: 2
R.Epstein: 2
H.Rocha-Pinto: 2
L.Arany-Prado: 2
W.Maciel: 2
S.Koranda: 2
M.Altaisky: 2
D.Luest: 2
S.Linder: 2
J.Goldberg: 2
M.Rudzsky: 2
D.Harari: 2
G.Surpi: 2
F.Nakamura: 2
T.Matsumoto: 2
A.Kashlinsky: 2
J.Laros: 2
J.Bland-Hawthorn: 2
A.Polnarev: 2
A.Vecchio: 2
H.Susa: 2
J.Shaham: 2
J.Mould: 2
T.Brainerd: 2
B.Bassett: 2
P.Joshi: 2
T.Singh: 2
E.Poppitz: 2
J.Bagger: 2
E.Ma: 2
H.Kikuchi: 2
E.Gonzalez: 2
J.Sanz: 2
B.Nath: 2
B.Paczyński: 2
E.Cohen: 2
F.Castelli: 2
F.Primas: 2
A.Brandimarti: 2
D.Molteni: 2
J.Goodman: 2
Q.Bo: 2
J.Peacock: 2
C.Fransson: 2
P.Lundqvist: 2
R.Chevalier: 2
J.Miller: 2
L.Rezzolla: 2
E.Salvador-Solé: 2
G.González-Casado: 2
G.Mamon: 2
Y.Qian: 2
D.Seckel: 2
K.Babu: 2
S.Barr: 2
G.Dvali: 2
Q.Shafi: 2
D.Austin: 2
N.Sánchez: 2
A.Wolter: 2
G.Perola: 2
R.Nesci: 2
D.Pfenniger: 2
F.Combes: 2
F.Governato: 2
D.Goldwirth: 2
E.Brocato: 2
V.Ripepi: 2
W.Goss: 2
C.Seitz: 2
B.Appodia: 2
G.Cirimele: 2
G.Fazio: 2
P.Eisenhardt: 2
L.Pulone: 2
N.Katz: 2
M.Milgrom: 2
R.Brada: 2
D.Malin: 2
K.Wakamatsu: 2
Y.Sofue: 2
H.Boehringer: 2
M.Fujimoto: 2
M.Usami: 2
R.Triay: 2
S.Rauzy: 2
J.Traschen: 2
Y.Shtanov: 2
H.Voelk: 2
L.Drury: 2
J.Barrow: 2
P.Parsons: 2
J.Gelb: 2
E.Kruegel: 2
R.Siebenmorgen: 2
R.Wagoner: 2
S.Lee: 2
H.Dahle: 2
P.Lilje: 2
C.Lissandrini: 2
M.Drinkwater: 2
R.Webster: 2
F.Walter: 2
N.Adams: 2
S.Wolk: 2
X.Luo: 2
E.Maoz: 2
J.Grindlay: 2
E.Kampen: 2
P.Katgert: 2
P.Theije: 2
R.Gonz'alez: 2
D.Vokrouhlicky: 2
V.Karas: 2
C.Han: 2
S.Kobayashi: 2
R.Schaeffer: 2
P.Hut: 2
F.Pearce: 2
H.Couchman: 2
M.Carlsson: 2
E.Molinari: 2
T.Ebisuzaki: 2
H.Ferguson: 2
S.Clancy: 2
H.Nachbagauer: 2
J.Houser: 2
D.McKay: 2
G.Frichter: 2
J.Ralston: 2
D.Soa: 2
H.Long: 2
T.Tran: 2
W.Lesame: 2
S.Rucinski: 2
G.Moretto: 2
M.Wang: 2
S.Persson: 2
A.Koter: 2
D.Schaerer: 2
W.Schmutz: 2
A.Johnson: 2
D.Crampton: 2
J.Hutchings: 2
A.Popolo: 2
S.Colafrancesco: 2
R.Nolthenius: 2
J.Willis: 2
T.Tachizawa: 2
T.Torii: 2
L.Masperi: 2
G.Raffelt: 2
H.Janka: 2
W.Keil: 2
C.Leung: 2
M.Hindmarsh: 2
B.Carter: 2
F.Summers: 2
P.Brieu: 2
F.Timmes: 2
S.Woosley: 2
T.Weaver: 2
J.Graham: 2
C.Grant: 2
D.Harris: 2
F.Murtagh: 2
R.Hanisch: 2
B.Kozlovsky: 2
R.Lingenfelter: 2
L.Lubin: 2
R.Mahadevan: 2
B.Mazur: 2
B.Garilli: 2
S.Andreon: 2
L.Ball: 2
C.Balkowksi: 2
R.Kraan-Korteweg: 2
T.Fairall: 2
G.Gelmini: 2
M.Malkan: 2
C.Carlson: 2
D.Roberts: 2
Gopal-Krishna: 2
J.Jones: 2
X.Zhuge: 2
A.Goldhaber: 2
M.Bucher: 2
E.Akhmedov: 2
S.Petcov: 2
E.Schmahl: 2
S.Nerney: 2
Z.Musielak: 2
D.Davis: 2
T.Beers: 2
D.Berg: 2
G.Wunner: 2
M.Kachelriess: 2
G.Bisnovatyi-Kogan: 2
M.Romanova: 2
R.Lovelace: 2
F.Hoyle: 2
G.Burbidge: 2
J.Narlikar: 2
B.Lukacs: 2
M.Prisznyak: 2
P.Levai: 2
E.Kim: 2
R.Rosner: 2
A.Etangs: 2
M.Deleuil: 2
M.Garching: 2
T.Suginohara: 2
Y.Inagaki: 2
C.Schmid: 2
H.Muller: 2
A.Sinibaldi: 2
J.Song: 2
M.Olesen: 1
R.Dettmar: 1
E.Woods: 1
A.Berera: 1
E.Szuszkiewicz: 1
J.Chiang: 1
A.Kocharyan: 1
V.Gurzadyan: 1
R.Weygaert: 1
R.Flores: 1
K.Subramanian: 1
T.Padmanabhan: 1
G.Kauffmann: 1
G.Blumenthal: 1
M.Srednicki: 1
M.Persic: 1
P.Salucci: 1
K.Mannheim: 1
R.Schlickeiser: 1
C.Lacey: 1
C.Cutler: 1
E.Flanagan: 1
J.Pullin: 1
R.Price: 1
J.Lopez: 1
S.Vadas: 1
C.Walker: 1
C.Wilson: 1
A.Hamilton: 1
M.Tagger: 1
T.Foglizzo: 1
M.Giersz: 1
D.Pogosayn: 1
P.Saha: 1
S.Pottasch: 1
M.Gasperini: 1
B.Hu: 1
S.Sinha: 1
P.Panda: 1
S.Mohanty: 1
L.Bergstrom: 1
A.Gill: 1
R.Brustein: 1
J.Dubinski: 1
K.Kuijken: 1
D.Hummer: 1
T.Hirai: 1
M.Sakellariadou: 1
G.Staudt: 1
H.Oberhummer: 1
D.Nunez: 1
H.Oliveira: 1
L.Ciotti: 1
S.Dutta: 1
H.Netzer: 1
T.Alexander: 1
F.Halzen: 1
J.Jacobsen: 1
E.Massó: 1
R.Toldrà: 1
M.Birkinshaw: 1
T.Pyne: 1
A.Speliotopoulos: 1
K.Ng: 1
J.Binney: 1
M.Susperregi: 1
M.Ceballos: 1
C.Deliyannis: 1
R.Malaney: 1
F.Vagnetti: 1
R.Spera: 1
G.Luppino: 1
I.Gioia: 1
A.Abrahams: 1
P.Sikivie: 1
H.Kim: 1
E.Waxman: 1
Cita: 1
D.Syer: 1
S.Chakrabarti: 1
A.Glasner: 1
G.Duncan: 1
P.Hughes: 1
H.Andersson: 1
U.Becciani: 1
I.Wanders: 1
C.Rosenzweig: 1
J.Bekenstein: 1
S.Nasser: 1
A.Smirnov: 1
A.Chamorro: 1
K.Virbhadra: 1
M.Sato: 1
S.Yahikozawa: 1
A.Balantekin: 1
F.Loreti: 1
D.Sasselov: 1
H.Sponholz: 1
Z.Zhou: 1
A.Bolatto: 1
E.Falco: 1
N.Shaviv: 1
K.Yamamoto: 1
R.Abraham: 1
F.Caputo: 1
S.Degl'Innocent: 1
A.Nusser: 1
E.Mielke: 1
F.Schunck: 1
H.Eggers: 1
P.Lipa: 1
S.Thomas: 1
A.Ignatiev: 1
G.Joshi: 1
D.Buote: 1
J.Tsai: 1
J.Hora: 1
W.Latter: 1
W.Bednarek: 1
I.Waga: 1
M.Beauchemin: 1
A.Gangui: 1
M.Montes: 1
E.Zweibel: 1
J.Rhoads: 1
C.Robinson: 1
F.Cordova: 1
S.Scully: 1
D.MacMinn: 1
J.Han: 1
S.Rudaz: 1
J.Garcia-Bellido: 1
G.Hazak: 1
R.Zamir: 1
D.Grasso: 1
H.Rubistein: 1
F.Takahara: 1
A.Heavens: 1
L.Piccirillo: 1
B.Bromley: 1
C.Will: 1
C.Jordan: 1
H.Pan: 1
C.Motch: 1
S.Sturner: 1
S.McGaugh: 1
B.Binggeli: 1
Y.Yoshii: 1
H.Bi: 1
P.Frampton: 1
T.Kephart: 1
N.Deruelle: 1
A.Zhitnitsky: 1
R.Stroynowski: 1
G.Starkman: 1
S.Abel: 1
S.Sarkar: 1
P.Langacker: 1
A.Thoul: 1
H.Schmidt: 1
C.Short: 1
J.Lester: 1
H.Kodama: 1
Y.Fujita: 1
D.KUNTH: 1
J.ROY: 1
S.Rhie: 1
E.Corbelli: 1
M.Lemoine: 1
E.Pierpaoli: 1
O.Heinrich: 1
J.Elbert: 1
P.Sommers: 1
M.Pettini: 1
A.Subramaniam: 1
R.Sagar: 1
H.Lee: 1
A.Megevand: 1
M.Gleiser: 1
A.Joshipura: 1
J.Valle: 1
A.Dolgov: 1
A.Martin: 1
R.Gregory: 1
A.Dunn: 1
R.Laflamme: 1
P.Laguna: 1
A.Taruya: 1
Y.Nambu: 1
A.Cavaliere: 1
N.Menci: 1
A.Yahil: 1
P.Mancinelli: 1
J.Friedman: 1
N.Stergioulas: 1
R.Stein: 1
J.Phillips: 1
T.Lazio: 1
A.Giovagnoli: 1
I.Schmidt: 1
P.Morley: 1
F.Eulderink: 1
C.Gronwall: 1
J.III: 1
B.Plez: 1
H.Cuevas: 1
I.Bonnell: 1
M.Bate: 1
S.Malhotra: 1
C.Dyer: 1
F.Marleau: 1
C.Xu: 1
V.Buat: 1
P.Andreani: 1
M.Jaroszynski: 1
W.Wenzel: 1
B.Campbell: 1
A.Macorra: 1
S.Lola: 1
A.Oliveira-Costa: 1
E.Kerins: 1
J.Vader: 1
P.Podsiadlowski: 1
H.Dehnen: 1
J.Cervantes-Cota: 1
M.Rajagopal: 1
P.Ciliegi: 1
P.Saracco: 1
F.Bosch: 1
J.Scalo: 1
M.Miesch: 1
E.Saar: 1
I.Suisalu: 1
L.Rodrigues-Williams: 1
M.Hawkins: 1
R.Rivers: 1
T.Evans: 1
R.Fabbri: 1
V.Natale: 1
P.Giommi: 1
P.Padovani: 1
E.Phinney: 1
J.Gunn: 1
I.Goldman: 1
T.Mazeh: 1
A.Llorente: 1
J.Hetrick: 1
W.Bock: 1
X.Siemens: 1
