B.Peterson: 175
K.Freeman: 161
P.Quinn: 161
D.Bennett: 160
K.Griest: 160
K.Cook: 159
A.Rodgers: 158
C.Alcock: 158
C.Stubbs: 158
M.Pratt: 158
R.Allsman: 158
S.Marshall: 158
T.Axelrod: 158
W.Sutherland: 141
J.Guern: 103
M.Lehner: 103
S.Perlmutter: 93
D.Welch: 73
M.Moniez: 70
R.Ansari: 70
M.Lachieze-Rey: 65
A.Vidal-Madjar: 63
R.Ferlet: 63
R.Ellis: 59
J.Guibert: 58
R.McMahon: 56
A.Milsztajn: 56
B.Laurent: 56
C.Gry: 56
C.Magneville: 56
E.Aubourg: 56
E.Lesquoy: 56
E.Maurice: 56
F.Cavalier: 56
F.Queinnec: 56
F.Tajahmady: 56
J.Beaulieu: 56
J.Rich: 56
L.Moscoso: 56
L.Prevot: 56
L.Vigroux: 56
M.Gros: 56
M.Spiro: 56
O.Moreau: 56
P.Bareyre: 56
P.Grison: 56
S.Brehin: 56
S.Zylberajch: 56
H.Park: 51
R.Terlevich: 50
A.Fabian: 50
D.Crampton: 49
M.Briggs: 47
O.Fevre: 45
A.Banday: 43
B.Boyle: 42
J.Bahcall: 41
G.Pendleton: 40
M.Irwin: 39
F.Hammer: 39
S.Lilly: 39
J.Huchra: 38
S.Cristiani: 37
K.Glazebrook: 37
W.Couch: 37
D.Fixsen: 37
E.Cheng: 37
W.Paciesas: 36
D.Hartmann: 36
D.Alves: 36
M.Matsuoka: 35
G.Smoot: 34
R.Preece: 32
C.Kouveliotou: 32
G.Fishman: 32
J.Hjorth: 32
S.Refsdal: 31
A.Jaunsen: 31
B.Pettersen: 31
M.Jablonski: 31
R.Stabell: 31
C.Bennett: 31
E.Waltman: 31
P.Lubin: 31
M.Vestergaard: 31
I.Shlosman: 30
C.Crawford: 30
A.Biviano: 30
C.Meegan: 29
J.Beckman: 29
H.Inoue: 29
J.Pritchard: 29
W.Tobin: 29
H.Ebeling: 29
L.Hernquist: 28
L.Moscardini: 28
K.Johnston: 28
R.Abraham: 28
A.Mazure: 28
A.Kaas: 28
A.Soerensen: 28
B.Thomsen: 28
E.Gullbring: 28
E.Laurikainen: 28
E.Valtaoja: 28
G.Gahm: 28
G.Olofsson: 28
H.Karttunen: 28
H.Lindgren: 28
J.Kotilainen: 28
J.Teuber: 28
K.Nilsson: 28
L.Festin: 28
L.Takalo: 28
O.Olsen: 28
P.Emanuelsen: 28
P.Maehoenen: 28
R.Florentin-Nielsen: 28
R.Oestensen: 28
T.Vianborg: 28
V.Piirola: 28
Jr.: 27
J.Kneib: 27
T.Krichbaum: 27
J.Mould: 27
I.Smail: 26
C.Reynolds: 26
P.Andreani: 25
S.Kirhakos: 25
K.Gorski: 25
A.Dressler: 25
O.Lahav: 25
D.Carter: 25
R.Schlickeiser: 25
M.Turner: 25
A.Goobar: 25
N.Bade: 25
M.Malkan: 25
R.Narayan: 24
S.Borgani: 24
J.Knapen: 24
H.Lamers: 24
R.Sharples: 24
A.Kim: 24
D.Schneider: 23
N.Sugiyama: 23
J.Greiner: 23
F.Ghigo: 23
H.Reuter: 23
K.Standke: 23
M.Pohl: 23
P.Reich: 23
R.Fiedler: 23
S.Britzen: 23
W.Reich: 23
W.Reach: 23
H.Böhringer: 23
F.Franca: 23
H.MacGillivray: 23
J.Ruhl: 23
M.Brock: 22
C.Collins: 22
R.Peletier: 22
K.Olive: 22
W.Freudling: 22
R.Griffiths: 22
J.Cepa: 22
C.Pennypacker: 22
G.Goldhaber: 22
H.Newberg: 22
I.Small: 22
J.Desai: 22
M.Kim: 22
P.Bunclark: 22
R.Muller: 22
T.Small: 22
K.Iwasawa: 22
L.Tresse: 22
C.Otani: 22
S.Warren: 21
E.Telles: 21
G.Fahlman: 21
J.Miralda-Escude: 21
C.Munoz-Tunon: 21
G.Tenorio-Tagle: 21
G.Giovannini: 21
L.Feretti: 21
A.Gemmo: 21
R.Vio: 21
K.Hurley: 21
E.Bakker: 21
J.Picat: 20
E.Wright: 20
A.Aragon-Salamanca: 20
L.Waters: 20
M.Plionis: 19
M.Abramowicz: 19
A.Klypin: 19
L.Guzzo: 19
N.Katz: 19
J.Ostriker: 19
A.Aparicio: 19
A.Diaz: 19
A.Varela: 19
C.Chiosi: 19
C.Gallart: 19
E.Perez: 19
E.Terlevich: 19
F.Garzon: 19
G.Bertelli: 19
H.Castaneda: 19
J.Rodriguez-Espinosa: 19
J.Vilchez: 19
M.Garcia-Vargas: 19
M.Mas-Hesse: 19
R.Gonzalez-Delgado: 19
E.Grebel: 19
K.Mannheim: 19
A.Burrows: 19
A.Liddle: 19
A.Becker: 19
D.Reiss: 19
C.Inman: 19
D.Cottingham: 19
J.Puchalla: 19
L.Page: 19
M.Kowitt: 19
R.Silverberg: 19
S.Meyer: 19
S.Driver: 19
B.Teegarden: 18
D.Band: 18
D.Palmer: 18
J.Matteson: 18
L.Ford: 18
E.Giallongo: 18
A.Naim: 18
M.Strauss: 18
L.Miller: 18
G.Soucail: 18
D.Schramm: 18
Y.Mellier: 18
D.Leisawitz: 18
E.Dwek: 18
F.Shuman: 18
J.Mather: 18
L.Rosen: 18
R.Eplee: 18
R.Shafer: 18
S.Read: 18
T.Hewagama: 18
T.Sodroski: 18
P.Coles: 18
D.Zaritsky: 18
W.Brandner: 18
R.Boyd: 18
U.Briel: 18
J.Marcaide: 18
L.Lara: 18
W.Cotton: 18
R.Windhorst: 18
G.Gilmore: 17
W.Sutherland.: 17
S.Savaglio: 17
S.Ryder: 17
H.Richer: 17
C.Hazard: 17
D.Neumann: 17
J.Kaluzny: 17
S.Matarrese: 17
D.Ryu: 17
A.Iovino: 17
B.Jannuzi: 17
M.Cappi: 17
Y.Tanaka: 17
G.Hasinger: 17
M.Davis: 16
D.Lyth: 16
A.Edge: 16
M.Pettini: 16
I.Yi: 16
R.Jong: 16
J.Tohline: 16
M.Storrie-Lombardi: 16
J.Einasto: 16
M.Einasto: 16
M.White: 16
F.Lucchin: 16
M.Boer: 16
L.Lubin: 16
K.Stanek: 16
P.Katgert: 16
R.Hartog: 16
A.Oemler: 16
R.Kirshner: 16
W.Harris: 15
W.Brandt: 15
X.Chen: 15
C.Heller: 15
R.Ibata: 15
R.Buta: 15
P.Gondolo: 15
T.Bedding: 15
P.Sikivie: 15
M.Bolte: 15
G.Wegner: 15
R.Mushotzky: 15
D.Grupe: 15
H.Thomas: 15
K.Beuermann: 15
G.Vettolani: 15
G.Fiorentini: 15
A.Boksenberg: 15
J.Reimann: 15
A.Savage: 15
C.Barbieri: 15
C.Gouiffes: 15
C.Lissandrini: 15
L.Bodini: 15
M.Lazzarin: 15
P.Goldschmidt: 15
R.Clowes: 15
G.Raimann: 15
R.Cen: 15
H.Kunieda: 15
T.Mihara: 15
W.Voges: 15
K.Hayashida: 15
J.Anderson: 15
S.Turyshev: 15
A.Fontana: 14
S.D'Odorico: 14
G.Veneziano: 14
M.Giovannini: 14
R.Bell: 14
R.Nichol: 14
A.Bouquet: 14
A.Melchior: 14
C.Coutures: 14
C.Ghesquière: 14
G.Coupinot: 14
J.Hecquet: 14
J.Kaplan: 14
M.Auriére: 14
P.Baillon: 14
Y.Giraud-Héraud: 14
J.Carr: 14
N.Tanvir: 14
V.Berezinsky: 14
V.Castellani: 14
T.Buchert: 14
F.III: 14
C.Winkler: 14
J.Ryan: 14
L.Hanlon: 14
M.Niel: 14
M.Sommer: 14
O.Williams: 14
R.Kippen: 14
V.Schönfelder: 14
S.Shectman: 14
J.Brainerd: 13
A.Bunker: 13
D.Hogg: 13
H.Fink: 13
M.Kamionkowski: 13
J.Lasota: 13
D.Christodoulou: 13
L.Jr.: 13
K.Sellgren: 13
S.Allen: 13
J.Silk: 13
A.Zijlstra: 13
W.Steffen: 13
R.Green: 13
A.Wehrle: 13
D.Saumon: 13
J.Lunine: 13
T.Guillot: 13
W.Hubbard: 13
J.Bergeron: 13
W.Sargent: 13
E.Turner: 13
C.Pryor: 13
C.Hagmann: 13
D.Kinion: 13
D.Moltz: 13
D.Tanner: 13
E.Daw: 13
F.Nezrick: 13
K.Bibber: 13
L.Kravchuk: 13
L.Rosenberg: 13
N.Golubev: 13
N.Sullivan: 13
W.Stoeffl: 13
D.Gerbal: 13
J.Hakkila: 13
D.Weinberg: 13
T.Williams: 13
A.Clapp: 13
A.Lange: 13
J.Gundersen: 13
J.Staren: 13
M.Devlin: 13
M.Lim: 13
N.Figueiredo: 13
P.Meinhold: 13
P.Richards: 13
S.Hanany: 13
S.Tanaka: 13
V.Hristov: 13
P.Biermann: 12
A.Evrard: 12
A.Franceschini: 12
L.Danese: 12
M.Gasperini: 12
D.Spergel: 12
G.Steigman: 12
J.Horvath: 12
J.Primack: 12
R.Schaefer: 12
L.Costa: 12
X.Barcons: 12
K.Fricke: 12
A.Loeb: 12
F.Timmes: 12
K.Postnov: 12
V.Lipunov: 12
M.Rauch: 12
I.Aretxaga: 12
J.Paradijs: 12
G.Chincarini: 12
W.Krzeminski: 12
C.Scharf: 12
J.Gott: 12
K.Nandra: 12
H.Bonnet: 12
E.Ostrander: 12
W.Colley: 12
C.Lobo: 12
E.Slezak: 12
F.Durret: 12
A.Filippenko: 12
Y.Yoshii: 12
D.Branch: 12
E.Baron: 12
E.Lau: 12
D.Tucker: 12
H.Lin: 12
H.Ungerechts: 12
M.Kerkwijk: 11
J.Hutchings: 11
T.Nakamura: 11
E.Martinez-Gonzalez: 11
R.Scherrer: 11
H.Vega: 11
E.Zuiderwijk: 11
G.Hinshaw: 11
J.Wambsganss: 11
V.Saar: 11
J.Frogel: 11
F.Ferraro: 11
B.Santiago: 11
M.Haynes: 11
R.Giovanelli: 11
S.Mollerach: 11
M.Prokhorov: 11
T.Shanks: 11
J.Bell: 11
S.Schindler: 11
A.Ozawa: 11
F.Chloupek: 11
I.Tanihata: 11
J.Kolata: 11
K.Kimura: 11
K.Yoshida: 11
M.Fujimaki: 11
S.Kubono: 11
T.Kobayashi: 11
Y.Watanabe: 11
E.Ellingson: 11
H.Yee: 11
P.Hall: 11
T.Venturi: 11
P.Viana: 11
A.Wolfe: 11
B.Savage: 11
D.P.Schneider: 11
D.Turnshek: 11
R.Weymann: 11
J.Henry: 11
D.VandenBerg: 11
G.Mandushev: 11
H.Bond: 11
J.Hesser: 11
P.Stetson: 11
J.Baldwin: 11
G.Hartig: 11
A.UDALSKI: 10
J.KALUZNY: 10
M.KUBIAK: 10
M.MATEO: 10
M.SZYMANSKI: 10
W.KRZEMINSKI: 10
B.Chaboyer: 10
J.Willick: 10
S.Djorgovski: 10
E.Colbert: 10
A.Starobinsky: 10
R.Brustein: 10
J.Sanz: 10
G.Vaucouleurs: 10
H.Jr.: 10
S.Bergh: 10
S.Raychaudhury: 10
H.Dejonghe: 10
K.Fisher: 10
H.Janka: 10
A.Kogut: 10
T.Kundic: 10
D.Terndrup: 10
F.Summers: 10
J.Tyson: 10
M.Ulmer: 10
H.Bohringer: 10
M.Colless: 10
T.Broadhurst: 10
S.Woosley: 10
J.Ellis: 10
D.Scott: 10
A.Zabludoff: 10
F.Bouchet: 10
D.Winter: 10
E.Tessier: 10
J.Beuzit: 10
J.Bouvier: 10
P.Shaver: 10
S.Grandi: 10
B.Ricci: 10
E.Vangioni-Flam: 10
B.Wills: 10
J.Graham: 10
W.Brinkmann: 10
A.Cowley: 10
P.Schmidtke: 10
T.McGrath: 10
E.Hu: 10
M.Kubiak: 10
M.Mateo: 10
M.Szymanski: 10
F.Carrera: 10
F.Castander: 10
H.Lehto: 10
I.Perez-Fournon: 10
J.Mittaz: 10
K.Mason: 10
R.Bower: 10
D.Koo: 10
M.Moles: 10
P.Focardi: 10
E.Perlman: 10
L.Jones: 10
P.Hauschildt: 10
J.Hoessel: 10
J.Alimi: 10
B.Woodgate: 10
J.Lowenthal: 10
M.Mazzolini: 10
P.Francis: 10
P.Moller: 10
T.Minezaki: 10
Y.Kobayashi: 10
F.Makino: 10
T.Kii: 10
W.Folz: 10
W.Hu: 9
S.White: 9
B.Schaefer: 9
P.Demarque: 9
F.Paolis: 9
G.Ingrosso: 9
G.Jungman: 9
D.Boyanovsky: 9
R.Holman: 9
B.Ratra: 9
L.Smith: 9
N.Gouda: 9
S.Torres: 9
G.Luppino: 9
I.Gioia: 9
J.Mücket: 9
R.Kates: 9
F.Halzen: 9
A.Linde: 9
L.Kaper: 9
H.Boehringer: 9
A.Smette: 9
D.Pelat: 9
E.Tago: 9
H.Ogelman: 9
M.Alpar: 9
U.Kiziloglu: 9
F.Mardirossian: 9
G.Giuricin: 9
M.Mezzetti: 9
D.Robinson: 9
C.Pritchet: 9
J.Webb: 9
G.Blumenthal: 9
F.Labini: 9
G.Clementini: 9
R.Merighi: 9
J.Borgne: 9
D.Kazanas: 9
S.Popov: 9
A.Gould: 9
E.Kolb: 9
M.Bailes: 9
D.Thomas: 9
M.Brotherton: 9
M.Liu: 9
P.Brunozzi: 9
M.Tegmark: 9
J.Ibanez: 9
G.Raffelt: 9
D.Schade: 9
A.Songaila: 9
L.Cowie: 9
J.Dyson: 9
J.Rhoads: 9
S.Malhotra: 9
U.Pen: 9
J.Horack: 9
F.Wolf: 9
N.Trams: 9
A.Holloway: 9
A.Pedlar: 9
D.Axon: 9
J.Gunn: 9
H.Herndl: 9
H.Oberhummer: 9
W.Balogh: 9
R.Carlberg: 9
W.Keel: 9
E.Branchini: 8
H.Kang: 8
T.Jones: 8
A.Dekel: 8
J.Krolik: 8
J.Cohen: 8
R.Blandford: 8
T.Banks: 8
T.Piran: 8
J.Frieman: 8
J.Garcia-Bellido: 8
R.Stompor: 8
G.Neugebauer: 8
S.Kulkarni: 8
E.Pino: 8
J.Araujo: 8
K.Nakao: 8
T.Chiba: 8
C.Clarke: 8
L.Cayon: 8
G.Fuller: 8
M.Persic: 8
P.Salucci: 8
A.Blanchard: 8
F.Rasio: 8
P.Mazzei: 8
H.Kjeldsen: 8
A.Treves: 8
W.Johnson: 8
G.Sigl: 8
J.Pacheco: 8
R.Hoffman: 8
R.Carballo: 8
C.Wilson: 8
S.Colafrancesco: 8
D.Hutsemekers: 8
E.Drom: 8
F.Courbin: 8
G.Meylan: 8
M.Remy: 8
O.Hainaut: 8
P.Magain: 8
L.Ozernoy: 8
R.Smith: 8
A.Robin: 8
D.Ojha: 8
F.Nakamura: 8
S.Gottloeber: 8
J.Rachen: 8
A.Weiss: 8
D.Woods: 8
S.Rawlings: 8
E.Davoust: 8
D.Clowe: 8
F.Pecci: 8
M.Bellazzini: 8
M.Lissia: 8
J.McClintock: 8
G.Mathez: 8
L.Waerbeke: 8
A.Szalay: 8
K.Ratnatunga: 8
S.Rauzy: 8
G.Schmidt: 8
P.Smith: 8
C.Waelkens: 8
A.Barth: 8
A.Shemi: 8
D.Maoz: 8
D.Wills: 8
E.Ofek: 8
F.Lockman: 8
A.Konopliv: 8
G.Schubert: 8
M.Bird: 8
S.Asmar: 8
T.Krisher: 8
W.Sjogren: 8
A.Ghez: 8
C.Skinner: 8
E.Keto: 8
J.Arens: 8
J.Jernigan: 8
M.Meixner: 8
R.Ball: 8
A.Porter: 8
P.Osmer: 8
I.George: 8
K.Leighly: 8
M.Dietrich: 8
R.Edelson: 8
G.Williger: 8
J.S: 8
T.Stanev: 7
L.Amendola: 7
D.Clements: 7
A.Singh: 7
T.Phillips: 7
J.Kirk: 7
P.Duffy: 7
A.Davis: 7
R.Brandenberger: 7
J.Yokoyama: 7
A.Bottino: 7
M.Roncadelli: 7
P.Jetzer: 7
H.Haubold: 7
S.McGaugh: 7
C.Mihos: 7
L.Stella: 7
R.Hunstead: 7
T.Shiromizu: 7
P.Steinhardt: 7
A.Campos: 7
S.Morris: 7
D.King: 7
J.Pringle: 7
K.Smith: 7
D.White: 7
P.Petitjean: 7
N.Sánchez: 7
J.Charlton: 7
E.Bertschinger: 7
M.Gramann: 7
O.Toomet: 7
P.Frisch: 7
P.Kumar: 7
T.Padmanabhan: 7
A.Nordlund: 7
C.Rosenthal: 7
G.Houdek: 7
J.Christensen-Dalsgaard: 7
M.Monteiro: 7
R.Trampedach: 7
L.Zampieri: 7
M.Colpi: 7
R.Turolla: 7
S.Zane: 7
T.Weaver: 7
S.Bonazzola: 7
E.Copeland: 7
N.Hata: 7
P.Eisenhardt: 7
L.Pietronero: 7
L.Widrow: 7
G.Lewis: 7
C.Frenk: 7
G.Gasperis: 7
N.Vittorio: 7
S.Mei: 7
J.Truran: 7
A.Burkert: 7
C.Tinney: 7
G.Steene: 7
L.Likkel: 7
M.Bobrowsky: 7
P.Hekkert: 7
E.Fenimore: 7
S.Maddox: 7
R.Marzke: 7
A.Kosowsky: 7
A.Albrecht: 7
A.Stebbins: 7
G.Efstathiou: 7
K.Maeda: 7
S.Bludman: 7
F.Caputo: 7
P.Cote: 7
R.Wyse: 7
C.Castaldini: 7
T.Vneturi: 7
H.Ferguson: 7
A.Teixeira: 7
J.Santos: 7
M.Reboucas: 7
A.Babul: 7
G.Squires: 7
N.Kaiser: 7
K.Krisciunas: 7
W.Forman: 7
M.Mohazzab: 7
M.Werner: 7
B.McBreen: 7
M.Delaney: 7
R.Conway: 7
R.Davis: 7
S.Garrington: 7
S.Unwin: 7
T.Muxlow: 7
L.Kofman: 7
F.Low: 7
H.Okuda: 7
H.Shibai: 7
K.Mochizuki: 7
T.Nakagawa: 7
T.Nishimura: 7
Y.Doi: 7
Y.Yui: 7
S.Mathur: 7
R.Rutledge: 7
W.Lewin: 7
S.Landy: 7
K.Nordtvedt: 7
M.Gross: 7
Y.Hashimoto: 7
K.Ebisawa: 7
C.O'Dea: 7
J.Gallimore: 7
J.Mulchaey: 7
M.Lehnert: 7
S.Baum: 7
S.Caganoff: 7
Z.Tsvetanov: 7
J.Truemper: 6
M.Geller: 6
E.Bunn: 6
J.Danziger: 6
R.Marel: 6
J.Katz: 6
P.Zeeuw: 6
G.Mamon: 6
V.Banchet: 6
S.Courteau: 6
J.Schombert: 6
K.Kuijken: 6
D.Nanopoulos: 6
M.Berkooz: 6
A.Larsen: 6
D.Pogosyan: 6
B.Dorman: 6
S.Ikeuchi: 6
P.Armitage: 6
R.Nolthenius: 6
A.Patnaik: 6
I.Browne: 6
I.Hook: 6
P.Wilkinson: 6
Y.Qian: 6
P.Molaro: 6
G.Reichert: 6
I.Glass: 6
J.Clavel: 6
M.Santos-Lleo: 6
P.Barr: 6
M.Ruffert: 6
O.Gerhard: 6
J.Learned: 6
K.Lande: 6
L.Wolfenstein: 6
R.Lanou: 6
R.Robertson: 6
E.Quataert: 6
A.Bayka: 6
A.Esendemir: 6
G.Ikis: 6
N.Ercan: 6
F.Matteucci: 6
A.Quillen: 6
A.Jr.: 6
B.Moore: 6
G.Lake: 6
D.Wands: 6
T.Vachaspati: 6
L.Randall: 6
B.Biagio: 6
E.Borra: 6
G.Bactivelane: 6
G.Moretto: 6
M.Ferrari: 6
M.Wang: 6
S.Mazzanti: 6
A.Fernandez-Soto: 6
I.Bonnell: 6
M.Hendry: 6
R.Pello: 6
M.Abney: 6
T.Pyne: 6
C.Dermer: 6
I.Walker: 6
A.Dolgov: 6
D.Coulson: 6
J.Magueijo: 6
P.Ferreira: 6
V.Zavlin: 6
Y.Shibanov: 6
E.Gates: 6
V.Kaspi: 6
A.Schwope: 6
D.Martino: 6
A.Doroshkevich: 6
C.Mackay: 6
R.Thomson: 6
B.Mazur: 6
P.Langacker: 6
T.Walker: 6
D.Montes: 6
E.Castro: 6
M.Cornide: 6
M.Fernandez-Figueroa: 6
R.Daly: 6
J.Bartlett: 6
J.Siebert: 6
S.Scully: 6
G.Boerner: 6
S.Trentini: 6
Q.Shafi: 6
D.O'Donoghue: 6
M.Harrop-Allin: 6
M.Roberts: 6
R.Crowe: 6
S.Degl'Innocenti: 6
M.Franx: 6
C.Jones: 6
M.West: 6
E.Calabresu: 6
A.Udalski: 6
F.Prada: 6
A.Connolly: 6
R.Rich: 6
A.Koter: 6
A.Maeder: 6
D.Schaerer: 6
W.Schmutz: 6
B.Fields: 6
H.Fujisaki: 6
K.Kumekawa: 6
M.Yamaguchi: 6
M.Yoshimura: 6
Gravel: 6
D.Helfand: 6
D.Frail: 6
M.Kawasaki: 6
T.Yanagida: 6
C.Tadhunter: 6
J.Meaburn: 6
P.Guhathakurta: 6
D.Merritt: 6
C.Done: 6
B.Vaughan: 6
M.Klis: 6
H.Scholl: 6
C.Quigg: 6
I.Sarcevic: 6
M.Reno: 6
R.Gandhi: 6
J.Christensen: 6
J.Oke: 6
M.Postman: 6
A.Tomita: 6
K.Nakanishi: 6
K.Ohta: 6
T.Takata: 6
T.Takeuchi: 6
T.Yamada: 6
A.Romer: 6
B.Holden: 6
D.Burke: 6
O.LeFevre: 6
W.Becker: 5
F.Occhionero: 5
G.Ellis: 5
P.Hewett: 5
C.Kochanek: 5
J.Dubinski: 5
F.Adams: 5
R.Watkins: 5
M.Rees: 5
F.Malbet: 5
T.Belloni: 5
K.Lipman: 5
J.Goodman: 5
Z.Frei: 5
A.Vilenkin: 5
T.Kibble: 5
D.Buote: 5
A.Provenzale: 5
G.Murante: 5
G.Yepes: 5
A.Mathai: 5
A.Hetem: 5
C.Souza: 5
T.Villela: 5
M.Shibata: 5
J.Miller: 5
M.Tosi: 5
P.Vauterin: 5
A.Yahil: 5
D.Schlegel: 5
J.Lombardi: 5
S.Shapiro: 5
T.Marsh: 5
G.Schaefer: 5
G.Zotti: 5
U.Lindner: 5
K.Ashman: 5
S.Zepf: 5
C.Norman: 5
A.Harding: 5
E.Brocato: 5
A.Gangui: 5
J.Allington-Smith: 5
G.Taylor: 5
G.Tofani: 5
L.Testi: 5
M.Felli: 5
T.Hunter: 5
E.Gourgoulhon: 5
M.Gleiser: 5
S.Sarkar: 5
G.Brown: 5
M.Dickinson: 5
C.Copi: 5
M.Birkinshaw: 5
M.Elvis: 5
R.Nemiroff: 5
J.Salzer: 5
J.Lehar: 5
S.Colombi: 5
C.Sterken: 5
G.Hammerschlag-Hensberge: 5
A.Frank: 5
V.Mueller: 5
S.Mohanty: 5
V.D'Odorico: 5
D.-Lee: 5
M.D'Attanasio: 5
G.Bono: 5
M.Marconi: 5
A.Malizia: 5
E.Zucca: 5
G.Zamorani: 5
R.Scaramella: 5
S.Bardelli: 5
N.Bahcall: 5
M.Pahre: 5
A.Furuzawa: 5
K.Yamashita: 5
M.Markevitch: 5
Y.Tawara: 5
A.Moorwood: 5
E.Valentijn: 5
S.Lee: 5
D.Barbosa: 5
T.Takahashi: 5
B.Rush: 5
N.Sakai: 5
Y.Hoffman: 5
D.Matsakis: 5
D.Fadda: 5
M.Girardi: 5
E.Carretta: 5
J.McCarthy: 5
R.Gratton: 5
S.Chakrabarti: 5
A.Manchado: 5
B.Canzian: 5
C.McKeith: 5
J.Lidsey: 5
T.Barreiro: 5
S.Campana: 5
M.Casse: 5
T.Bulik: 5
R.Riediger: 5
I.Csabai: 5
J.Munn: 5
R.Kron: 5
G.Mignola: 5
N.Fornengo: 5
S.Scopel: 5
G.Stewart: 5
I.Georgantopoulos: 5
O.Almaini: 5
A.Kinney: 5
C.Leitherer: 5
C.Robert: 5
D.Garnett: 5
G.Meurer: 5
T.Heckman: 5
K.McLeod: 5
A.Serna: 5
A.Gulliver: 5
H.Winckel: 5
P.Kernan: 5
A.Barger: 5
G.Chabrier: 5
G.Palumbo: 5
M.Prieto: 5
K.Weaver: 5
C.Loup: 5
F.Guglielmo: 5
J.Loon: 5
P.Whitelock: 5
D.Hudon: 5
B.Soifer: 5
L.Armus: 5
G.Pavlov: 5
H.Beer: 5
P.Sedyshev: 5
Y.Popov: 5
J.Perez: 5
T.Simon: 5
G.Richter: 5
P.Kroll: 5
R.Danner: 5
S.Komossa: 5
P.Lundqvist: 5
H.Shukla: 5
H.Toledo: 5
L.Staveley-Smith: 5
W.Walsh: 5
A.Zdziarski: 5
B.Phlips: 5
M.Gierlinski: 5
E.Wampler: 5
R.Carswell: 5
D.DeMartino: 5
J.Bregman: 4
R.Pildis: 4
K.Barzier: 4
R.Kayser: 4
R.Maartens: 4
A.Nusser: 4
Y.Sofue: 4
L.Toffolatti: 4
M.Bersanelli: 4
N.Mandolesi: 4
E.Qian: 4
M.Carollo: 4
T.Zeeuw: 4
M.Pinsonneault: 4
T.Hippel: 4
M.Hudson: 4
S.Faber: 4
A.Quadir: 4
B.Reipurth: 4
J.Brown: 4
N.Gray: 4
G.Bothun: 4
W.Blok: 4
K.Pounds: 4
O.Pantano: 4
M.Merrifield: 4
A.Melfo: 4
M.Morikawa: 4
A.Gonzalez-Ruiz: 4
D.Brahm: 4
F.Takakura: 4
V.Mukhanov: 4
J.Tsai: 4
C.Pethick: 4
V.Thorsson: 4
S.Lumsden: 4
P.Goldoni: 4
S.Mereghetti: 4
M.Elitzur: 4
A.Laix: 4
J.Peacock: 4
D.Heggie: 4
E.Zas: 4
R.Kallosh: 4
M.Prakash: 4
R.Weygaert: 4
E.Heuvel: 4
E.Ruymaekers: 4
G.DeZotti: 4
L.Granato: 4
V.Dhillon: 4
T.Miyaji: 4
F.Stel: 4
C.Ao: 4
P.Rosati: 4
R.Burg: 4
R.Ceca: 4
R.Giacconi: 4
F.Tektunali: 4
P.Monaco: 4
J.Bagla: 4
A.Meszaros: 4
P.Meszaros: 4
D.Wittman: 4
G.Bernstein: 4
P.Fischer: 4
M.Dine: 4
S.Thomas: 4
G.Moore: 4
S.Shenker: 4
L.Krauss: 4
G.Starkman: 4
R.Malaney: 4
P.Eggleton: 4
A.Bragaglia: 4
C.Maceroni: 4
I.Tkachev: 4
Y.Wang: 4
J.Bonnell: 4
J.Norris: 4
J.Zand: 4
V.Sahni: 4
Crézé: 4
M.Haywood: 4
O.Bienaymé: 4
C.Oliviera: 4
M.Haehnelt: 4
I.Waga: 4
C.Metzler: 4
S.Dodelson: 4
G.Gyuk: 4
D.Lai: 4
B.Stappers: 4
M.Bessell: 4
B.Czerny: 4
P.Zycki: 4
T.Contini: 4
H.Andernach: 4
C.Henkel: 4
E.Churchwell: 4
J.Whiteoak: 4
N.Langer: 4
Y.Chin: 4
A.Witzel: 4
J.Zensus: 4
S.Qian: 4
J.Muecket: 4
R.Fong: 4
P.Ruiz-Lapuente: 4
R.Canal: 4
A.Watson: 4
J.Lloyd-Evans: 4
J.Lacy: 4
A.Acker: 4
D.Hellinger: 4
R.Davé: 4
D.Hines: 4
A.Messina: 4
C.Bertoni: 4
E.Carretti: 4
F.Finelli: 4
G.Venturi: 4
K.Kanaya: 4
S.Kaya: 4
S.Sakai: 4
T.Yoshié: 4
Y.Iwasaki: 4
R.Foot: 4
R.Volkas: 4
T.Quinn: 4
K.Gebhardt: 4
J.Jones: 4
J.Hayes: 4
M.Baring: 4
T.Kenet: 4
F.Grundahl: 4
L.King: 4
M.Lacy: 4
S.Serjeant: 4
Y.Kim: 4
D.Lynden-Bell: 4
A.Comastri: 4
H.Falcke: 4
E.Recillas-Cruz: 4
L.Carrasco: 4
L.Spinoglio: 4
M.Montuori: 4
N.Kaloper: 4
R.Madden: 4
A.Moneti: 4
H.Zinnecker: 4
J.Alcala: 4
M.Kunkel: 4
A.Perez: 4
A.Vidaurre: 4
H.Sivak: 4
J.Bernabeu: 4
C.Gwinn: 4
T.Eubanks: 4
R.Durrer: 4
J.Retzlaff: 4
S.Gottlöber: 4
V.Müller: 4
T.Kim: 4
B.Fort: 4
M.Dantel-Fort: 4
A.Lyne: 4
E.Leitch: 4
D.Tosti: 4
F.Melchiorri: 4
M.Signore: 4
R.Maoli: 4
V.Ferrucci: 4
Z.Haiman: 4
A.Krzeminski: 4
D.Kelly: 4
J.Hora: 4
W.Latter: 4
J.Navarro: 4
J.Law-Green: 4
M.Neeser: 4
P.Leahy: 4
S.Eales: 4
E.Vishniac: 4
M.Trodden: 4
T.Brooke: 4
G.Novak: 4
J.Kovac: 4
M.Dragovan: 4
S.Platt: 4
C.O'Sullivan: 4
S.Plunkett: 4
D.Lamb: 4
R.Carvalho: 4
P.Anninos: 4
J.Schmalzing: 4
M.Kerscher: 4
J.Mihos: 4
B.Ali: 4
D.DePoy: 4
C.Cress: 4
M.Gregg: 4
R.Becker: 4
R.White: 4
T.Kolatt: 4
D.Verner: 4
G.Ferland: 4
H.Stockman: 4
R.Elston: 4
J.Miralles: 4
B.Corey: 4
E.Falco: 4
I.Shapiro: 4
R.Campbell: 4
T.Moroi: 4
M.Phillips: 4
P.Nugent: 4
B.Wilkes: 4
M.Lachièze-Rey: 4
A.Leonardi: 4
J.Rose: 4
J.Nieto: 4
P.Poulain: 4
R.Michard: 4
S.Andreon: 4
E.Vesperini: 4
A.Saha: 4
I.Reid: 4
C.Iglesias: 4
F.Rogers: 4
B.Ruiz: 4
J.Vandegriff: 4
M.Caffee: 4
R.Hofinger: 4
V.Efros: 4
A.Soltan: 4
R.Egger: 4
S.Snowden: 4
M.Creze: 4
O.Bienayme: 4
V.Mohan: 4
V.Kolokotronis: 4
J.Aly: 4
C.Boisson: 4
F.Engelmann: 4
V.Cayatte: 4
H.Smith: 4
V.Ponomarev: 4
V.Strelnitski: 4
S.Phillipps: 4
A.Abbas: 4
L.Paria: 4
M.Mustafa: 4
M.Steinmetz: 4
S.Pascarelle: 4
J.Heyl: 4
R.Braun: 4
A.Glassgold: 4
A.Tokunaga: 4
F.Shu: 4
J.Najita: 4
R.Cumming: 4
A.Clemente: 4
D.Trevese: 4
F.Vagnetti: 4
G.Natali: 4
C.Angelantonj: 3
M.Litterio: 3
D.Fabricant: 3
J.Mohr: 3
L.Fang: 3
A.Habe: 3
K.Wada: 3
J.Pelt: 3
T.Schramm: 3
G.Bodo: 3
G.Ghisellini: 3
B.Jain: 3
H.Mo: 3
C.Carollo: 3
J.Simmons: 3
D.Guenther: 3
P.Laguna: 3
R.Tuluie: 3
C.Kim: 3
J.Song: 3
H.Rix: 3
A.Dar: 3
N.Shaviv: 3
C.Bertout: 3
A.MacKinnon: 3
G.Beekman: 3
E.Schlegel: 3
R.Petre: 3
J.Hulst: 3
M.Zwaan: 3
K.Yamamoto: 3
M.Sasaki: 3
M.Bucher: 3
D.Harari: 3
B.Hufnagel: 3
M.Tripicco: 3
A.Wannstrom: 3
L.Brostrom: 3
P.Royen: 3
S.Mannervik: 3
K.Matthews: 3
C.Grillmair: 3
C.Musso: 3
G.Bignami: 3
P.Caraveo: 3
J.MacDonald.: 3
P.Thejll: 3
R.Jimenez: 3
U.Jorgensen: 3
A.Reisenegger: 3
L.Rezzolla: 3
Z.Ivezic: 3
J.Gonzalez-Serrano: 3
J.Martin-Mirones: 3
G.Skinner: 3
H.Pan: 3
K.Borozdin: 3
R.Sunyaev: 3
E.Stewart: 3
J.Mittelbrunn: 3
M.Medrano: 3
D.Linde: 3
L.Susskind: 3
T.Tatsumi: 3
M.Sarna: 3
P.Marks: 3
W.Keil,: 3
A.Sargent: 3
D.Koerner: 3
R.Wald: 3
O.Guseinov: 3
R.Blum: 3
L.Kuchinski: 3
E.Szuszkiewicz: 3
E.Salpeter: 3
A.Ferrara: 3
C.Moss: 3
H.Navarro: 3
J.Pesce: 3
M.Whittle: 3
C.Graziani: 3
L.Storrie-Lombardi: 3
G.Chanmugam: 3
K.New: 3
K.Jedamzik: 3
V.Testa: 3
M.Cattani: 3
D.Syer: 3
R.McClure: 3
R.Propris: 3
J.Novak: 3
M.Bocquet: 3
J.Borrill: 3
E.Masso: 3
R.Toldra: 3
K.Mahanthappa: 3
W.Kinney: 3
N.Turok: 3
D.Sasselov: 3
E.Waxman: 3
K.Sato: 3
T.Totani: 3
C.Tout: 3
O.Pols: 3
Z.Han: 3
I.Panchenko: 3
A.Tagliani: 3
D.Dallacasa: 3
B.Wiles: 3
Sofia: 3
C.Han: 3
Ph.Jetzer: 3
A.Melott: 3
I.Towner: 3
J.Engel: 3
M.Ressell: 3
W.Ormand: 3
T.Gherghetta: 3
M.Hattori: 3
V.Usov: 3
D.Page: 3
E.Cappellaro: 3
M.Turatto: 3
G.Bisnovatiy-Kogan: 3
G.Bjornsson: 3
I.Artemova: 3
I.Novikov: 3
M.Balbes: 3
C.Hill: 3
B.Nath: 3
L.Ciotti: 3
J.Loveday: 3
O.Straniero: 3
N.II: 3
S.Zhou: 3
J.Gorgas: 3
S.REY: 3
C.Porciani: 3
F.Ferrini: 3
B.Poutanen: 3
M.Begelman: 3
M.Sikora: 3
R.Svensson: 3
A.Read: 3
T.Ponman: 3
L.Piccirillo: 3
M.Limon: 3
S.Ali: 3
E.Guerra: 3
D.Roberts: 3
L.Yan: 3
S.Mao: 3
R.Elson: 3
Anna: 3
C.Bonoli: 3
Curir: 3
A.Sorensen: 3
P.Bhattacharjee: 3
G.Hau: 3
D.Hochberg: 3
J.Perez--Mercader: 3
R.Laflamme: 3
T.Goldman: 3
Y.Jing: 3
D.Eardley: 3
D.Kastor: 3
G.Horowitz: 3
J.Traschen: 3
H.Shinkai: 3
T.Tachizawa: 3
A.Boldyrev: 3
A.Kirpotin: 3
M.Rovkin: 3
P.Vorobyov: 3
M.Samal: 3
D.Seckel: 3
W.Keil: 3
W.Benz: 3
K.Luedeke: 3
C.Cacciari: 3
R.Williams: 3
R.Henriksen: 3
K.Freese: 3
A.Thoul: 3
M.Ejtehadi: 3
M.Khorrami: 3
R.Mansouri: 3
A.Bode: 3
A.Seyfried: 3
K.Schilling: 3
T.Lippert: 3
N.Ferrari: 3
L.Deutsch: 3
L.Sodre: 3
C.Köhler: 3
G.Hermann: 3
T.Kutter: 3
W.Hofmann: 3
E.Hivon: 3
E.Lokas: 3
R.Juszkiewicz: 3
C.Gehman: 3
M.Fatuzzo: 3
E.Martin: 3
M.Osorio: 3
R.Lopez: 3
R.Rebolo: 3
H.Li: 3
A.Britton: 3
C.Vegt: 3
L.Winter: 3
N.Zacharias: 3
A.Balantekin: 3
F.Loreti: 3
L.Hui: 3
M.Im: 3
M.Balucinska-Church: 3
M.Church: 3
M.Garcia: 3
P.Callanan: 3
P.Zhao: 3
V.Bruyne: 3
W.Zeilinger: 3
R.Dendy: 3
Y.Gallant: 3
M.Catelan: 3
G.Ganon: 3
N.Nakai: 3
C.Evans: 3
C.Philp: 3
P.Leonard: 3
A.Cochran: 3
H.Levison: 3
M.Duncan: 3
S.Stern: 3
A.Olech: 3
Alloin: 3
Bica: 3
Jablonka: 3
J.Marti: 3
J.Romero: 3
N.Kassim: 3
T.Cornwell: 3
W.Goss: 3
J.Shull: 3
D.Barret: 3
A.Heckler: 3
L.Titarchuk: 3
R.Triay: 3
R.Ross: 3
J.Wheeler: 3
P.Hoeflich: 3
S.Trammell: 3
N.Caldwell: 3
J.Gallego: 3
J.Zamorano: 3
M.Rego: 3
K.Korista: 3
T.Schoenmaker: 3
B.Tremblay: 3
A.Crotts: 3
J.Bechtold: 3
R.Duncan: 3
Y.Fang: 3
J.Gaalaas: 3
C.Popescu: 3
H.Elsaesser: 3
H.Hagen: 3
U.Hopp: 3
M.Pierre: 3
G.Karakatsanis: 3
P.Schiller: 3
R.Klaffl: 3
H.Wozniak: 3
S.Considere: 3
S.Cole: 3
A.Bijaoui: 3
E.Lega: 3
G.Mindlin: 3
J.Caaminos: 3
J.Nunez: 3
P.Boyd: 3
J.Pullin: 3
O.Nicasio: 3
R.Gleiser: 3
R.Price: 3
A.Phillips: 3
D.Forbes: 3
G.Illingworth: 3
R.O'Connell: 3
R.Rood: 3
E.Skillman: 3
G.Shields: 3
R.Jr.: 3
J.Perea: 3
M.Livio: 3
B.Partridge: 3
J.Marr: 3
T.Crawford: 3
L.Canel: 3
J.Oukbir: 3
P.Bristow: 3
G.Hall: 3
T.Prokopec: 3
B.Yanny: 3
M.Cassé: 3
A.Refregier: 3
H.Zhao: 3
A.Bruyn: 3
C.Carilli: 3
J.Chengalur: 3
H.Russ: 3
M.Kasai: 3
M.Morita: 3
A.Dey: 3
H.Spinrad: 3
H.Martel: 3
J.Owen: 3
J.Villumsen: 3
P.Shapiro: 3
A.Boothroyd: 3
A.Brukhanov: 3
D.Skulachev: 3
I.Strukov: 3
T.Konkina: 3
N.D'Cruz: 3
T.Gaisser: 2
D.Swartz: 2
P.Sutherland: 2
R.Harkness: 2
F.Cooperstock: 2
J.Overduin: 2
V.Faraoni: 2
F.Casoli: 2
M.Gerin: 2
D.Helene: 2
O.Lyon: 2
P.Georges: 2
W.Stoeger,: 2
G.Bryan: 2
S.Sigurdsson: 2
K.Lake: 2
A.Mahabal: 2
P.Prabhu: 2
G.Chen: 2
J.Hewitt: 2
L.Ball: 2
A.Yahalom: 2
S.Inagaki: 2
A.Newsam: 2
J.Willis: 2
D.Jones: 2
M.Contensou: 2
F.Stecker: 2
M.Astrophysik: 2
F.Walter: 2
J.Linsky: 2
L.Matthews: 2
G.Windelius: 2
R.Fairbridge: 2
J.Barrow: 2
P.Parsons: 2
A.Speliotopoulos: 2
M.Tavani: 2
T.Davidge: 2
D.Ricci: 2
G.Israel: 2
D.Munshi: 2
T.Souradeep: 2
T.Tanaka: 2
C.Gheller: 2
O.Gnedin: 2
E.Gaztañaga: 2
G.Dalton: 2
R.Croft: 2
H.Kurki-Suonio: 2
M.Laine: 2
A.Smirnov: 2
H.Athar: 2
J.Peltoniemi: 2
L.Perivolaropoulos: 2
A.Goldhaber: 2
N.Turok.: 2
N.Sanchez: 2
E.Cohen: 2
A.Sirlin: 2
A.Cimatti: 2
S.Alighieri: 2
G.Surpi: 2
B.Barbuy: 2
C.Batalha: 2
R.Schiavon: 2
J.Yu: 2
M.Shao: 2
J.Madsen: 2
A.Kravtsov: 2
B.Komberg: 2
V.Lukash: 2
S.Holland: 2
R.King: 2
S.Rucinski: 2
A.Fruchter: 2
C.Bailyn: 2
J.Bookbinder: 2
B.Kooiman: 2
J.Burns: 2
C.Balland: 2
B.Keszthelyi: 2
D.Goldwirth: 2
A.Brown: 2
W.Burton: 2
L.Pasinetti: 2
S.Covino: 2
S.Galletti: 2
J.Hibbard: 2
E.Harlaftis: 2
C.Moellenhoff: 2
M.Matthias: 2
D.Crabtree: 2
J.Brewer: 2
S.Ramírez: 2
D.Sullivan: 2
R.Dodd: 2
T.Brainerd: 2
E.Corbelli: 2
R.Sina: 2
J.Dalcanton: 2
M.Chiba: 2
H.Mueller: 2
R.Phillips: 2
V.Barger: 2
T.Kephart: 2
A.Drago: 2
M.Fiolhais: 2
U.Tambini: 2
N.Mavromatos: 2
M.Tarenghi: 2
S.Ettori: 2
S.Stanford: 2
J.Lauroesch: 2
J.Pando: 2
H.Spruit: 2
J.Papaloizou: 2
R.Stehle: 2
C.Canizares: 2
R.Epstein: 2
D.Berg: 2
G.Wunner: 2
R.Sang: 2
H.BI: 2
J.GE: 2
L.FANG: 2
S.Croom: 2
M.Nagashima: 2
T.Yano: 2
R.Taam: 2
M.Bartelmann: 2
B.Sathyaprakash: 2
T.Boller: 2
C.Baccigalupi: 2
D.Polarski: 2
C.Lousto: 2
M.Kachelriess: 2
H.Murayama: 2
M.Gaillard: 2
C.Costa: 2
C.Salles: 2
M.GasperinI: 2
S.Mineshige: 2
M.Milgrom: 2
C.Bird: 2
A.Lioure: 2
J.Marck: 2
A.Meiksin: 2
Y.Suto: 2
L.Bildsten: 2
S.Collin-Souffrin: 2
J.Collar: 2
A.Manrique: 2
E.Salvador-Sole: 2
C.Flynn: 2
J.Weingartner: 2
R.Wijers: 2
A.Braccesi: 2
M.Stiavelli: 2
A.Prasanna: 2
D.Elbaz: 2
M.Arnaud: 2
V.Ripepi: 2
R.Crittenden: 2
P.Crane: 2
J.Robinson: 2
R.Nishi: 2
Y.Kan-ya: 2
T.Weiler: 2
N.Cardiel: 2
V.Narayanan: 2
F.Cuisinier: 2
S.Gorny: 2
P.Casper: 2
B.Boisseau: 2
C.Barrabes: 2
W.Israel: 2
S.Suzuki: 2
Y.Sota: 2
R.Escribano: 2
E.Boldt: 2
K.Jahoda: 2
J.Geddes: 2
J.Valle: 2
S.Pastor: 2
B.G: 2
D.O'C: 2
V.J: 2
A.Egorov: 2
A.Studenikin: 2
G.Likhachev: 2
A.Mezhlumian: 2
T.Konishi: 2
T.Tsuchiya: 2
H.Suzuki: 2
H.Toki: 2
K.Sumiyoshi: 2
J.Grifols: 2
L.Cucurull: 2
R.Toldrà: 2
V.Dorman: 2
C.Bartolini: 2
L.Stanghellini: 2
R.Silvotti: 2
R.Wolstencroft: 2
K.Riper: 2
B.Fryxell: 2
P.Padovani: 2
T.Lehmann: 2
A.Conti: 2
D.Ellison: 2
F.Jones: 2
C.Motch: 2
D.Psaltis: 2
F.Lamb: 2
G.Miller: 2
C.Alard: 2
K.Patel: 2
L.Dursi: 2
X.Shi: 2
S.Molendi: 2
R.Valdarnini: 2
A.Ferrari: 2
S.Massaglia: 2
E.Shaya: 2
P.Peebles: 2
R.Tully: 2
P.White: 2
S.Abel: 2
A.Csoto: 2
B.Brown: 2
R.Sherr: 2
J.Trümper: 2
K.Babu: 2
S.Zaroubi: 2
D.Saez: 2
V.Quilis: 2
J.Puget: 2
R.Gispert: 2
M.Sakellariadou: 2
J.Monaghan: 2
J.Murray: 2
S.Maddison: 2
S.Rhie: 2
I.Horvath: 2
C.Dyer: 2
F.Marleau: 2
J.Palmer: 2
M.Redman: 2
T.Fukuyama: 2
T.Okamura: 2
Y.Kakigi: 2
D.McKay: 2
G.Frichter: 2
J.Ralston: 2
C.Xu: 2
G.Helou: 2
C.Oliveira: 2
D.Langlois: 2
M.Honma: 2
N.Arimoto: 2
R.Fernandes: 2
G.Wellman: 2
C.Stornaiolo: 2
G.Mangano: 2
G.Miele: 2
G.Dvali: 2
G.Senjanovic: 2
E.Shellard: 2
D.Lambert: 2
K.Venn: 2
M.Lemke: 2
A.Gautschy: 2
B.Freytag: 2
H.Ludwig: 2
P.Mahonen: 2
D.Molteni: 2
H.Sponholz: 2
A.Etangs: 2
I.Szapudi: 2
C.Churchill: 2
S.Linder: 2
L.Allamandola: 2
C.Chandler: 2
V.Sarajedini: 2
J.Gerssen: 2
R.Sari: 2
A.Parodi: 2
A.Olinto: 2
P.Coppi: 2
E.Jensen: 2
R.Mathieu: 2
R.Strom: 2
E.Sadler: 2
J.Binney: 2
P.Haensel: 2
D.Huterer: 2
P.Schechter: 2
H.Schmidt: 2
K.Jahn: 2
R.Schlichenmaier: 2
D.Downes: 2
P.Solomon: 2
S.Radford: 2
M.Norman: 2
Y.Zhang: 2
G.Tiede: 2
A.Cavaliere: 2
F.Governato: 2
P.Tozzi: 2
M.Rainer: 2
U.Bleyer: 2
J.Hameury: 2
J.Hure: 2
G.Bredthauer: 2
A.Gupta: 2
M.Unavane: 2
M.Schulte: 2
S.Shandarin: 2
M.Rozas: 2
A.Sarajedini: 2
P.McCulloch: 2
R.Norris: 2
S.Ellingsen: 2
I.Igumenshchev: 2
H.Witt: 2
T.Matsubara: 2
C.Steidel: 2
D.Hamilton: 2
P.Madau: 2
L.Nazarova: 2
M.Ward: 2
P.O'Brien: 2
M.Balcells: 2
R.Leonard: 2
R.Mahadevan: 2
J.Laros: 2
R.Klebesadel: 2
I.Sokolov: 2
J.Moffat: 2
C.Fryer: 2
M.Herant: 2
P.Boisse: 2
V.Brun: 2
J.Frieben: 2
M.Thomson: 2
K.Singh: 2
T.Mckay: 2
J.Holtzman: 2
B.Ryden: 2
J.Stocke: 2
S.Penton: 2
E.Roulet: 2
L.Drury: 2
W.Romanishin: 2
A.Mathieu: 2
X.Hui: 2
P.Thomas: 2
S.Kato: 2
A.Oliveira-Costa: 2
W.Stoeger: 2
P.Saracco: 2
T.Fridman: 2
M.Bate: 2
N.Price: 2
G.Mayer-Kress: 2
J.Best: 2
J.Annan: 2
J.Hargreaves: 2
S.Hall: 2
E.Olszewski: 2
T.Armandroff: 2
S.Hunsberger: 2
J.Centrella: 2
J.Houser: 2
S.Smith: 2
H.Salehi: 2
M.Jabbari: 2
A.Rebhan: 2
D.Schwarz: 2
H.Nachbagauer: 2
J.Ahonen: 2
K.Enqvist: 2
A.Megevand: 2
L.Masperi: 2
R.Fiore: 2
J.Solanes: 2
C.Mauche: 2
P.Vitello: 2
J.Gil: 2
M.Sendyk: 2
N.Wex: 2
D.Sijbring: 2
J.Kamphuis: 2
T.Albada: 2
A.Taylor: 2
B.Mann: 2
W.Saunders: 2
A.Buchalter: 2
D.Womble: 2
R.Lyons: 2
B.Hnatyk: 2
P.Blasi: 2
A.Mezzacappa: 2
K.Gendreau: 2
L.Chen: 2
C.Boisanger: 2
E.Dishoeck: 2
F.Helmich: 2
J.Narlikar: 2
R.Kantowski: 2
T.Vaughan: 2
J.Chieze: 2
S.Wallington: 2
I.Jorgensen: 2
P.Kjaergaard: 2
G.Marconi: 2
M.Castellani: 2
R.Buonanno: 2
R.Mohapatra: 2
Z.Berezhiani: 2
E.Kolbe: 2
K.Langanke: 2
P.Vogel: 2
G.Kauffmann: 2
X.Wu: 2
A.Guijosa: 2
A.Chen: 2
J.Dwyer: 2
P.Kaaret: 2
A.Broeils: 2
A.Champagne: 2
M.Arnould: 2
N.Mowlavi: 2
J.Perrin: 2
J.Sivan: 2
S.Darbon: 2
S.Durand: 2
D.Sciama: 2
H.El-Ad: 2
G.Cecil: 2
T.Smecker-Hane: 2
T.Statler: 2
P.Price: 2
S.Barwick: 2
J.Jacobsen: 2
M.Schwarzschild: 2
N.Evans: 2
C.Giovanardi: 2
S.Bianchi: 2
C.Baugh: 2
I.Semeniuk: 2
M.Nalezyty: 2
F.Camilo: 2
T.Damour: 2
H.Lee: 2
P.Bergeron: 2
W.Landsman: 2
I.Sackmann: 2
J.Bond: 2
W.Roberts: 2
E.Egami: 2
K.Ganga: 2
K.Virbhadra: 2
P.Joshi: 2
S.Jhingan: 2
K.Kokkotas: 2
N.Andersson: 2
Y.Kojima: 2
H.Umeda: 2
A.Halprin: 2
C.Leung: 2
J.Pantaleone: 2
K.Kainulainen: 2
A.Guth: 2
M.Soljacic: 2
A.Wandel: 1
I.Goldman: 1
P.Helbig: 1
G.Tozzi: 1
R.Stanga: 1
S.Leonard: 1
A.Berera: 1
H.Ueda: 1
I.Kolokolov: 1
P.Vorob'ev: 1
A.Woszczyna: 1
J.Sommeria: 1
P.Barge: 1
M.Salamon: 1
O.Jager: 1
K.Ng: 1
G.Kriss: 1
P.Pietrini: 1
M.Grinder: 1
F.Schoeniger: 1
Y.Sofue,: 1
D.Scialom: 1
G.Vitiello: 1
M.Blasone: 1
P.Pal: 1
S.Sengupta: 1
J.Lopez: 1
J.Mureika: 1
R.Mann: 1
A.Gilbert: 1
O.Bertolami: 1
G.Paturel: 1
H.Nella: 1
J.Felten: 1
M.Tagger: 1
T.Foglizzo: 1
G.Larsen: 1
W.Mathews: 1
G.Tanco: 1
J.Steiner: 1
D.Observatory: 1
A.S.: 1
O.Martinez: 1
A.Fabian,: 1
M.Wybo: 1
C.Giunti: 1
S.Bilenky: 1
R.Bartlett: 1
B.Aschenbach: 1
E.Mueller: 1
H.Velazquez: 1
D.Holz: 1
R.Ferrell: 1
B.Paczynski: 1
M.Jaroszynski: 1
R.Lingenfelter: 1
R.Ramaty: 1
B.Gibson: 1
C.Quillen: 1
E.Woods: 1
F.Bonifacio: 1
L.Gardiner: 1
M.Noguchi: 1
P.Schneider: 1
S.Seitz: 1
B.Dehner: 1
S.Kawaler: 1
S.Tremaine,: 1
K.Otmianowska-Mazur: 1
R.Leigh: 1
R.Rattazzi: 1
J.Feinberg: 1
Y.Peleg: 1
W.Haxton: 1
G.Bertin: 1
T.Toniazzo: 1
J.Miralda-Escudé: 1
P.Goudfrooij: 1
T.Jong: 1
E.BRANCHINI: 1
M.PLIONIS: 1
M.Thornley: 1
J.Grindlay: 1
M.Krockenberger: 1
D.MacMinn: 1
S.Kanbur: 1
P.Bode: 1
U.Alvensleben: 1
D.Earn: 1
J.Sellwood: 1
J.Bloom: 1
M.Böttcher: 1
G.Farrar: 1
M.Zaldarriaga: 1
M.Susperregi: 1
E.Vieira: 1
J.Ponz: 1
D.Whittet: 1
P.Gerakines: 1
L.Torres: 1
M.Dabrowski: 1
H.Cho: 1
R.Mueller: 1
D.Suematsu: 1
Y.Yamagishi: 1
G.Kane: 1
N.Benitez: 1
J.Bardeen: 1
Z.Fan: 1
S.Nazin: 1
A.Aguirre: 1
D.Kiselman: 1
Å.Nordlund: 1
H.Feldman: 1
E.Considere: 1
O.Doroshenko: 1
S.Kopeikin: 1
H.Dehnen: 1
J.Cervantes-Cota: 1
J.Shaham: 1
R.Pilla: 1
S.Bonometto: 1
S.Ghizzardi: 1
K.Chyzy: 1
S.Zieba: 1
A.Muslimov: 1
N.Terasawa: 1
F.Mazzitelli: 1
F.Spedalieri: 1
R.Schneider: 1
B.Allen: 1
A.Suerig: 1
J.Baacke: 1
S.Ghosh: 1
S.Rama: 1
M.Romaniello: 1
P.Nulsen: 1
S.Hannestad: 1
M.Robertis: 1
R.Pogge: 1
D.Melrose: 1
O.Buryak: 1
H.Ardavan: 1
J.Williams: 1
J.Heidt: 1
S.Wagner: 1
P.Puxley: 1
J.Liebert: 1
C.Urry: 1
A.Popolo: 1
M.Gambera: 1
C.Ma: 1
D.Eisenstein: 1
S.McNally: 1
C.Curry: 1
R.Pudritz: 1
A.Esin: 1
R.DiStefano: 1
J.Gao: 1
J.Liu: 1
B.Matthews: 1
R.Rutten: 1
M.Boettcher: 1
P.Johnson: 1
R.Protheroe: 1
S.Morel: 1
M.Fukugita: 1
K.Dimopoulos: 1
D.Ruffolo: 1
T.Khumlumlert: 1
A.Levinson: 1
M.Giersz: 1
B.McLeod: 1
M.Rieke: 1
G.Ross: 1
L.Wan: 1
V.Antonuccio-delogu: 1
G.Evrard: 1
A.Hamilton: 1
M.Culhane: 1
M.Davies: 1
C.Bruck: 1
W.Priester: 1
M.Chodorowski: 1
J.Gonzalez: 1
B.Wandelt: 1
N.Phillips: 1
H.Tadros: 1
H.Soleng: 1
Ø.Grøn: 1
A.Martin: 1
M.Higgins: 1
C.Walter: 1
V.Bistolas: 1
T: 1
D.Graff: 1
P.Dokkum: 1
T.Boutreux: 1
D.Semikoz: 1
C.Martins: 1
E.Carlson: 1
L.Tseng: 1
I.Koh: 1
J.Lee: 1
B.Carter: 1
C.Jarzynski: 1
G.Bertsch: 1
S.Cranmer: 1
S.Owocki: 1
D.Eichler: 1
Z.Zhou: 1
B.Schupp: 1
J.Bij: 1
M.Akritas: 1
P.Hakala: 1
B.Link: 1
C.Sousa: 1
V.Silveira: 1
C.Zhang: 1
J.Audouze: 1
A.Wallander: 1
J.Lima: 1
A.Lazarian: 1
J.Scalo: 1
B.Draine: 1
F.Bertoldi: 1
A.Dunn: 1
R.Webbink: 1
V.Kalogera: 1
M.Weil: 1
L.Williams: 1
P.Saha: 1
L.Semig: 1
F.Bernardeau: 1
K.Chamcham: 1
L.Blitz: 1
T.Helfer: 1
R.Fabbri: 1
V.Bujarrabal: 1
D.Tytler: 1
S.Burles: 1
J.Daugherty: 1
P.Sahu: 1
S.Chakrabarty: 1
R.Battye: 1
H.Baer: 1
M.Brhlik: 1
D.Novikov: 1
H.Jorgensen: 1
M.Treyer: 1
M.Platzoeder: 1
E.Liang: 1
P.Natarajan: 1
P.Wozniak: 1
R.Scoccimarro: 1
C.Yess: 1
S.Ida: 1
Y.Taguchi: 1
G.Rieke: 1
C.Aerts: 1
D.Neufeld: 1
W.Chen: 1
A.Ray: 1
F.Sutaria: 1
F.Haardt: 1
J.Soda: 1
Y.Fujiwara: 1
W.Pych: 1
F.Robijn: 1
D.Friedli: 1
R.Fux: 1
R.Metcalf: 1
R.Foster: 1
J.Shields: 1
R.Kennicutt: 1
A.Hosoya: 1
S.Kobayashi: 1
R.Caldwell: 1
H.Fritzsch: 1
Z.Xing: 1
P.Appleton: 1
V.Charmandaris: 1
J.Skibo: 1
J.Levin: 1
N.Cornish: 1
P.Bodenheimer: 1
S.Sethi: 1
G.Holder: 1
A.Brandenburg: 1
A.Vikhlinin: 1
S.Carroll: 1
A.Thakar: 1
J.Ehlers: 1
K.Cheng: 1
Z.Dai: 1
G.Rybicki: 1
K.Gunn: 1
S.Pellegrini: 1
M.Rajagopal: 1
R.Romani: 1
H.Rocha-Pinto: 1
W.Maciel: 1
T.Lee: 1
V.Petrosian: 1
L.Kiseleva: 1
R.Nelson: 1
S.Tremaine: 1
R.Oudmaijer: 1
D.Chernoff: 1
R.Moessner: 1
F.Pijpers: 1
M.Thompson: 1
A.Cerqueira: 1
C.Lacey: 1
A.Taruya: 1
Y.Nambu: 1
J.Laukenmann: 1
H.Elst: 1
P.Musgrave: 1
L.Bergstrom: 1
J.Chiang: 1
N.Murray: 1
D.Rodrigues: 1
A.Filippov: 1
A.Zhedanov: 1
R.Gonzalez: 1
R.Klessen: 1
P.Khare: 1
R.Srianand: 1
L.Bergström: 1
S.Åminneborg: 1
P.Giommi: 1
L.Hoek: 1
R.Sheth: 1
U.Berkeley: 1
R.Bautista: 1
S.Huang: 1
F.Thielemann: 1
W.Hix: 1
D.Terranova: 1
J.Jijina: 1
K.Miyahata: 1
D.Kennedy: 1
R.Strickland: 1
L.Binette: 1
M.Villar-Martin: 1
B.Leibundgut: 1
W.Vacca: 1
P.Hut: 1
E.Saar: 1
I.Suisalu: 1
E.Verdaguer: 1
G.Capone: 1
S.Esposito: 1
C.Hogan: 1
M.Rugers: 1
E.Gaztanaga: 1
B.Weiner: 1
M.Nowak: 1
H.Jongert: 1
C.Fransson: 1
S.Samurovic: 1
V.Celebonovic: 1
P.Green: 1
J.Gorkom: 1
S.Reddy: 1
R.Flores: 1
Q.Li: 1
H.Bhatt: 1
U.Gorti: 1
E.Molinari: 1
R.Smareglia: 1
M.Miller: 1
A.Wagenhuber: 1
P.Denissenkov: 1
L.Sparke: 1
G.Tormen: 1
V.Pariev: 1
Y.Istomin: 1
N.Grogin: 1
E.Cheb-Terrab: 1
H.Oliveira: 1
M.Campanelli: 1
A.Ferrera: 1
A.Riotto: 1
