B.Peterson: 220
W.Sutherland: 213
K.Freeman: 210
D.Bennett: 209
D.Alves: 208
A.Becker: 207
A.Rodgers: 207
C.Alcock: 207
K.Cook: 207
K.Griest: 207
M.Lehner: 207
M.Pratt: 207
P.Quinn: 207
R.Allsman: 207
S.Marshall: 207
T.Axelrod: 207
D.Welch: 191
C.Stubbs: 189
J.Guern: 187
R.McMahon: 184
R.Ellis: 179
K.Glazebrook: 161
M.Irwin: 156
B.Boyle: 154
W.Couch: 154
D.Carter: 151
C.Coutures: 150
M.Moniez: 150
R.Ansari: 150
I.Hook: 150
A.Filippenko: 147
C.Pennypacker: 147
A.Goobar: 142
A.Kim: 142
D.Groom: 142
G.Goldhaber: 142
I.Small: 142
J.Lee: 142
M.Kim: 142
P.Bunclark: 142
R.Pain: 142
S.Gabi: 142
S.Perlmutter: 142
D.Minniti: 126
J.Beaulieu: 124
H.Newberg: 123
M.Dopita: 123
T.Matheson: 123
S.Deustua: 119
A.Vidal-Madjar: 107
R.Ferlet: 107
A.Milsztajn: 105
B.Laurent: 105
C.Gry: 105
C.Magneville: 105
C.Renault: 105
E.Aubourg: 105
E.Lesquoy: 105
E.Maurice: 105
F.Cavalier: 105
F.Queinnec: 105
J.Guibert: 105
J.Kat: 105
J.Rich: 105
L.Moscoso: 105
L.Vigroux: 105
M.Gros: 105
M.Spiro: 105
O.Moreau: 105
P.Bareyre: 105
P.Grison: 105
S.Brehin: 105
S.Zylberajch: 105
G.Smoot: 101
J.Mould: 101
K.Gorski: 95
S.Faber: 88
B.Harmon: 84
S.Zhang: 84
G.Wegner: 81
A.Dressler: 80
J.Lovell: 80
P.McCulloch: 77
J.Reynolds: 77
A.Banday: 72
A.Tzioumis: 72
E.King: 72
D.Sasselov: 68
G.Hinshaw: 67
C.Bennett: 66
D.Jauncey: 66
T.Lauer: 65
F.Tajhmady: 64
L.Prévot: 64
M.Lachièze-Rey: 64
N.Delabrouille: 64
A.Kogut: 63
C.Grillmair: 63
M.Tavani: 63
R.Bohlin: 63
S.Ellingsen: 62
D.Jones: 62
E.Wright: 59
W.Paciesas: 59
E.Ajhar: 58
R.Preston: 58
R.O'Connell: 57
D.Richstone: 57
R.Gough: 57
C.Kouveliotou: 56
S.Neff: 56
H.Yee: 55
J.Paradijs: 55
A.Smith: 55
M.Roberts: 55
T.Stecher: 55
S.Malhotra: 54
P.Schechter: 54
M.Klis: 54
G.Soucail: 51
W.Hermsen: 51
J.Picat: 50
E.Ellingson: 49
R.Carlberg: 49
D.Scott: 48
Y.Byun: 48
K.Gebhardt: 48
J.Ruhl: 47
N.Suntzeff: 46
A.Bouquet: 45
A.Melchior: 45
G.Coupinot: 45
J.Hecquet: 45
J.Kaplan: 45
P.Baillon: 45
P.Gondolo: 45
Y.Du: 45
R.Kirshner: 45
L.Costa: 45
J.Hill: 45
J.Hewitt: 44
A.Fabian: 44
M.Lachieze-Rey: 44
J.Fernandez: 44
J.Bahcall: 43
W.Lewin: 43
M.Mateo: 43
N.Vogt: 43
J.Hester: 43
M.Sinclair: 43
C.Frenk: 42
D.Burstein: 42
S.Rhie: 42
C.Gaucherel: 42
L.Page: 41
D.Fixsen: 41
E.Cheng: 41
J.Chen: 41
B.Goldman: 41
B.Mansoux: 41
C.Afonso: 41
D.Hardin: 41
F.Bauer: 41
F.Couchot: 41
J.Glicenstein: 41
L.Prevot: 41
N.Palanque-Delabrouille: 41
O.Perdereau: 41
S.Char: 41
J.Greiner: 40
A.Oemler: 40
M.Finger: 40
G.Worthey: 40
R.Rubin: 40
S.Meyer: 39
G.Pooley: 39
W.Freudling: 39
D.Koo: 39
W.Waller: 39
R.Abraham: 38
R.Ferris: 38
K.Hurley: 37
G.Hasinger: 37
G.Helou: 37
C.Lynds: 36
C.Inman: 36
D.Cottingham: 36
J.Puchalla: 36
M.Kowitt: 36
R.Silverberg: 36
M.Haynes: 36
E.Falco: 36
J.Wheeler: 35
P.Stetson: 35
N.Gehrels: 35
H.Lin: 35
K.Mason: 35
Y.Chu: 35
R.Cornett: 35
D.Crampton: 34
M.Briggs: 34
M.Turner: 34
P.Lubin: 34
D.Schramm: 34
A.Davidsen: 34
D.Murphy: 34
M.Costa: 34
T.Ommen: 34
G.Miley: 34
G.Bernstein: 34
J.Mattox: 34
C.Bailyn: 34
C.Lineweaver: 33
D.Harmer: 33
D.Schneider: 33
M.Phillips: 33
I.Smail: 33
J.Hesser: 32
C.Meegan: 32
L.Fang: 32
W.Sargent: 32
P.Fischer: 32
E.Ford: 32
P.Kaaret: 32
R.Diehl: 32
H.Thronson: 32
K.Lo: 32
M.Werner: 32
N.Lu: 32
T.Cline: 31
J.Silk: 31
R.Griffiths: 31
J.Holtzman: 31
L.Hernquist: 31
S.Tremaine: 31
J.Thorstensen: 31
F.Ferraro: 31
R.Giovanelli: 31
M.Hamuy: 31
G.Fishman: 30
P.Hauschildt: 30
M.White: 30
C.Ghesquiere: 30
M.Auriere: 30
Y.Giraud-Heraud: 30
S.White: 30
J.Blakeslee: 30
J.Tonry: 30
R.Sharples: 30
H.Röttgering: 30
R.Fesen: 30
M.Norman: 29
F.Hammer: 29
H.Bond: 29
A.Lange: 29
P.Meinhold: 29
P.Richards: 29
S.Shectman: 29
D.Hunter: 29
E.O'Neil: 29
M.Davis: 29
V.Lipovetsky: 29
G.Illingworth: 29
J.Salzer: 29
Jr.: 29
J.Hjorth: 29
R.Barvainis: 29
R.Martin: 29
D.Tucker: 28
S.Landy: 28
G.Kriss: 28
W.Zheng: 28
H.Bloemen: 28
K.Bennett: 28
V.Schoenfelder: 28
W.Cui: 28
A.Klypin: 28
J.Swank: 28
O.Fevre: 27
S.Cristiani: 27
M.Devlin: 27
H.Boehringer: 27
F.Carrera: 27
C.Otani: 27
D.Crary: 27
F.Hooft: 27
Y.Izotov: 27
W.Brandt: 27
R.Nichol: 27
W.Johnson: 27
R.Ojik: 27
A.Jaunsen: 27
E.Baron: 26
A.Szalay: 26
J.Hutchings: 26
J.Kormendy: 26
B.Espey: 26
J.Krolik: 26
S.Borgani: 26
W.Chen: 26
A.Phillips: 26
C.Gronwall: 26
H.Inoue: 26
C.Carilli: 26
M.Bremer: 26
C.Beichman: 26
D.Hollenbach: 26
G.Stacey: 26
H.Dinerstein: 26
S.Lord: 26
C.Becker: 26
D.Mehlert: 26
D.Willmarth: 26
L.Sparke: 26
R.Barr: 26
S.Bus: 26
T.Hurt: 26
D.Verner: 25
R.Norris: 25
D.Lamb: 25
S.Lilly: 25
W.Brinkmann: 25
C.Wilson: 25
T.Turner: 25
F.Macchetto: 25
C.Reynolds: 25
J.Einasto: 25
R.Windhorst: 25
S.Morris: 25
R.Watson: 25
J.Ostriker: 24
L.Nyman: 24
P.Keegstra: 24
G.Fahlman: 24
S.Bergh: 24
G.Mignola: 24
Z.Tsvetanov: 24
X.Fan: 24
R.Sunyaev: 24
J.Primack: 24
L.Cowie: 24
S.Djorgovski: 24
A.Kemball: 24
D.Meier: 24
G.Nicolson: 24
J.Quick: 24
P.Edwards: 24
P.Harbison: 24
P.Jones: 24
R.Clay: 24
S.Tingay: 24
V.Migenes: 24
M.Lacy: 24
B.Vaughan: 24
B.Madore: 24
W.Freedman: 24
F.Haardt: 24
G.Ferland: 23
K.Korista: 23
R.Narayan: 23
A.Zdziarski: 23
E.Giallongo: 23
J.Truemper: 23
G.Luppino: 23
P.Andreani: 23
T.Shanks: 23
D.Meyer: 23
J.Mittaz: 23
M.Colless: 23
R.Mushotzky: 23
D.Forbes: 23
L.Jones: 23
R.Dijk: 23
K.Nandra: 23
C.Corsi: 23
F.Pecci: 23
R.Buonanno: 23
W.Purcell: 23
T.Smecker-Hane: 22
R.Cen: 22
D.Schade: 22
L.Tenorio: 22
W.Harris: 22
A.Fontana: 22
S.D'Odorico: 22
F.Allard: 22
D.Band: 22
S.Kawaler: 22
E.Groth: 22
T.Takahashi: 22
J.Grindlay: 22
D.Weinberg: 22
N.Katz: 22
F.Chen: 22
H.Guo: 22
H.Wu: 22
H.Yan: 22
J.Zhu: 22
T.Chiueh: 22
T.Lin: 22
W.Sun: 22
W.Tsay: 22
X.Zhou: 22
Y.Lu: 22
Z.Deng: 22
Z.Jiang: 22
Z.Zheng: 22
M.Limon: 22
B.Margon: 22
K.Cheng: 22
E.Morgan: 22
R.Fender: 22
G.Pendleton: 22
S.Barthelmy: 21
S.Savaglio: 21
J.Matteson: 21
R.Preece: 21
J.Rhoads: 21
A.Bottino: 21
R.Schlickeiser: 21
W.Reich: 21
M.Pahre: 21
J.Bechtold: 21
N.Panagia: 21
V.Castellani: 21
D.Maoz: 21
J.Huang: 21
W.Steffen: 21
K.Iwasawa: 21
J.Wambsganss: 21
C.Foltz: 21
E.Leibowitz: 21
J.Kaluzny: 20
M.Kubiak: 20
M.Szymanski: 20
Y.Zhang: 20
R.Wilson: 20
H.Rix: 20
M.Dragovan: 20
C.Steidel: 20
J.Rose: 20
P.Diamond: 20
R.Guzman: 20
R.White: 20
D.Kilkenny: 20
G.Clayton: 20
A.Songaila: 20
E.Hu: 20
T.Kato: 20
M.Matsuoka: 20
W.Zhang: 20
R.Boyd: 20
C.Gwinn: 20
T.Soffner: 20
R.Schommer: 20
J.Grove: 20
A.Rorabeck: 20
M.Ulmer: 20
D.Buren: 20
G.Cotter: 20
J.Baker: 20
K.Grainge: 20
M.Jones: 20
R.Saunders: 20
T.Haynes: 20
T.Vandehei: 20
D.Spergel: 19
P.Magdziarz: 19
P.Jackson: 19
X.Barcons: 19
N.Kaiser: 19
K.Ganga: 19
M.Dickinson: 19
K.Ratnatunga: 19
W.Baum: 19
A.Hillas: 19
A.Lamb: 19
A.Rovero: 19
C.Akerlof: 19
D.Carter-Lewis: 19
D.Fegan: 19
G.Mohanty: 19
G.Sembroski: 19
J.Gaidos: 19
J.Zweerink: 19
M.Cawley: 19
M.Chantell: 19
M.Schubnell: 19
S.Buckley: 19
S.Fennell: 19
T.Weekes: 19
V.Connaughton: 19
A.Edge: 19
D.Hogg: 19
N.Sugiyama: 19
M.Rees: 19
E.Turner: 19
A.Dekel: 19
R.III: 19
A.Goldwurm: 19
J.Knoedlseder: 19
U.Oberlack: 19
M.Miller: 19
C.Pritchet: 19
J.Oke: 19
A.Mazure: 19
A.Kniazev: 19
C.Loken: 19
J.Burns: 19
M.Plionis: 19
I.George: 19
D.Smith: 19
P.Sikivie: 19
T.Augusteijn: 19
S.Anderson: 19
A.Yamasaki: 19
E.Kambe: 19
H.Malasan: 19
M.Kato: 19
M.Roth: 19
M.Takeuti: 19
O.Hashimoto: 19
R.Ciardullo: 19
R.Stover: 19
S.Tamura: 19
T.Ishida: 19
T.Kuroda: 19
T.Ono: 19
W.Mitsch: 19
R.Jr.: 19
K.Ebisawa: 19
C.Phillips: 18
A.Khokhlov: 18
M.Kamionkowski: 18
C.Pryor: 18
P.Anninos: 18
G.Dall'Oglio: 18
L.Pizzo: 18
N.Whyborn: 18
P.Shaver: 18
R.Booth: 18
R.Lemke: 18
M.Pohl: 18
P.Reich: 18
H.Vega: 18
G.Raimann: 18
K.Krisciunas: 18
P.Felenbok: 18
G.Sigl: 18
R.Rich: 18
B.Rubin: 18
E.Martin: 18
A.Biviano: 18
J.Gardner: 18
M.Ledlow: 18
E.Smith: 18
K.Jahoda: 18
H.Butcher: 18
B.Jannuzi: 18
R.Remillard: 18
S.Wagner: 18
J.Parker: 18
A.Gould: 17
D.Wilkinson: 17
W.Colley: 17
P.Lundqvist: 17
B.Santiago: 17
S.Kirhakos: 17
A.Babul: 17
R.Hartman: 17
M.Page: 17
R.Carballo: 17
R.Blandford: 17
D.Neumann: 17
H.Oberhummer: 17
K.Olive: 17
Y.Wang: 17
E.Janot-Pacheco: 17
A.Vikhlinin: 17
S.Scopel: 17
A.Beasley: 17
A.Udalski: 17
W.Krzeminski: 17
K.Fricke: 17
A.Holloway: 17
T.Herter: 17
D.Helfand: 17
M.Malkan: 17
G.Bono: 17
M.Marconi: 17
R.Smith: 17
T.Dotani: 17
C.Hagmann: 17
D.Kinion: 17
D.Moltz: 17
D.Tanner: 17
E.Daw: 17
F.Nezrick: 17
H.Peng: 17
H.Xin: 17
J.Laveigne: 17
J.McBride: 17
K.Bibber: 17
L.Kravchuk: 17
L.Rosenberg: 17
N.Golubev: 17
N.Sullivan: 17
W.Stoeffl: 17
J.Baldwin: 17
R.Dufour: 17
D.Barret: 17
A.Guglielmetti: 17
A.Weber: 17
D.Cano-Ott: 17
D.Morrissey: 17
E.Roeckl: 17
J.Morford: 17
J.Szerypo: 17
K.Schmidt: 17
M.Balbes: 17
M.Hellström: 17
M.Hencheck: 17
M.Karny: 17
R.Collatz: 17
R.Kirchner: 17
Z.Hu: 17
Z.Janas: 17
D.Thompson: 17
A.Williams: 17
J.Caldwell: 17
J.Greenhill: 17
J.Menzies: 17
J.Pel: 17
K.Hill: 17
K.Pollard: 17
K.Sahu: 17
M.Albrow: 17
M.Zwaan: 17
P.Birch: 17
P.Sackett: 17
P.Vreeswijk: 17
R.Naber: 17
S.Kane: 17
P.Schneider: 16
H.Richer: 16
S.Cole: 16
T.Barlow: 16
X.Chen: 16
M.Pettini: 16
A.Readhead: 16
C.Lawrence: 16
M.Janssen: 16
M.Seiffert: 16
S.Gulkis: 16
S.Levin: 16
T.Gaier: 16
M.Tegmark: 16
R.Saglia: 16
J.Gundersen: 16
T.Mihara: 16
T.Yaqoob: 16
H.Couchman: 16
L.Ho: 16
R.Rebolo: 16
P.Martin: 16
G.Branduardi-Raymont: 16
I.McHardy: 16
S.Gottloeber: 16
J.Mather: 16
E.Verner: 16
H.Fink: 16
J.Poutanen: 16
D.Gerbal: 16
E.Slezak: 16
F.Durret: 16
A.Crotts: 16
B.Wilkes: 16
R.Avilés: 16
J.Maza: 16
M.Elvis: 16
Y.Ueda: 16
M.Fanelli: 16
C.Katz: 15
C.Moore: 15
D.Hartmann: 15
R.Brandenberger: 15
E.Bertschinger: 15
A.Treves: 15
W.Voges: 15
J.Cuillandre: 15
R.Davies: 15
H.Böhringer: 15
R.Kraan-Korteweg: 15
C.Fransson: 15
E.Shaya: 15
H.Kunieda: 15
E.Churazov: 15
R.Ramaty: 15
J.Ellis: 15
J.Ryan: 15
M.Einasto: 15
S.Pustilnik: 15
U.Lindner: 15
W.Collmar: 15
A.Bragaglia: 15
R.Gilmozzi: 15
M.Livio: 15
R.Ritis: 15
S.Capozziello: 15
D.Berk: 15
J.Quashnock: 15
D.Ryu: 15
Y.Qian: 15
F.Caputo: 15
M.Rauch: 15
R.Terlevich: 15
C.Ghesquière: 15
M.Aurière: 15
Y.Giraud-Héraud: 15
H.Andernach: 15
E.Kuulkers: 15
F.Lamb: 15
O.Lahav: 15
A.Melott: 15
C.Cacciari: 15
R.Foster: 15
R.Staubert: 14
D.Yakovlev: 14
R.Bell: 14
J.Gott: 14
X.Wu: 14
P.Giommi: 14
A.Renzini: 14
J.Blondin: 14
D.King: 14
R.Fosbury: 14
T.Kundic: 14
E.Wollack: 14
M.Giavalisco: 14
K.Makishima: 14
Y.Suto: 14
L.Stella: 14
H.Ebeling: 14
G.Baggley: 14
L.Wang: 14
D.Boyanovsky: 14
R.Holman: 14
J.Valle: 14
R.Williams: 14
T.Abel: 14
E.Romero-Colmenero: 14
J.Peacock: 14
F.Pearce: 14
P.Thomas: 14
A.Dyachkov: 14
B.Cordier: 14
E.Jourdain: 14
J.Roques: 14
M.Gilfanov: 14
M.Vargas: 14
N.Khavenson: 14
P.Laurent: 14
P.Mandrou: 14
S.Kuznetsov: 14
V.Borrel: 14
F.Weber: 14
S.Bonometto: 14
M.Prakash: 14
E.Troup: 14
M.Wieringa: 14
R.Wark: 14
S.Amy: 14
K.Stanek: 14
C.Rola: 14
L.Tresse: 14
O.Lopez-Cruz: 14
L.Infante: 14
T.Nakamura: 14
D.Womble: 14
A.Marino: 14
Y.Mellier: 14
A.Tielens: 14
C.O'Dell: 14
D.Walter: 14
S.Heathcote: 14
Z.Wen: 14
J.Bergeron: 14
R.Weymann: 14
H.Bradt: 14
R.Green: 14
P.Smith: 14
J.Arons: 14
J.Wink: 14
M.Kong: 14
B.Corey: 13
C.Trotter: 13
R.Rutledge: 13
W.Baumgartner: 13
W.Breugel: 13
G.Efstathiou: 13
M.Abramowicz: 13
I.Danziger: 13
S.Zepf: 13
T.Kolatt: 13
S.Degl'Innocenti: 13
G.Israel: 13
J.Huchra: 13
M.Geller: 13
T.Rauscher: 13
A.Mücke: 13
C.Fichtel: 13
C.Montigny: 13
D.Kniffen: 13
G.Kanbach: 13
H.Hasselwander: 13
M.Merck: 13
P.Michelson: 13
T.Willis: 13
J.Cohen: 13
E.Martinez-Gonzalez: 13
A.Blanchard: 13
A.Lagrange: 13
B.Foing: 13
C.Catala: 13
J.Baudrand: 13
J.Hearnshaw: 13
K.Ghosh: 13
L.Balona: 13
M.Dreux: 13
S.James: 13
T.Böhm: 13
W.Lawson: 13
M.Tashiro: 13
R.Petre: 13
S.Murakami: 13
T.Kii: 13
S.Charlot: 13
C.Schaab: 13
M.Weigel: 13
P.Ellis: 13
A.Liddle: 13
A.Wolfe: 13
M.Rowan-Robinson: 13
A.Connors: 13
A.Strong: 13
G.Lichti: 13
H.Steinle: 13
M.McConnell: 13
R.Much: 13
A.Kashlinsky: 13
S.Odenwald: 13
P.Molaro: 13
A.Clapp: 13
J.Staren: 13
M.Lim: 13
N.Figueiredo: 13
S.Hanany: 13
S.Tanaka: 13
V.Hristov: 13
E.Cappellaro: 13
M.Turatto: 13
J.Meaburn: 13
T.Plewa: 13
F.Marshall: 13
I.Lapidus: 13
J.Lochner: 13
M.Berger: 13
T.Strohmayer: 13
M.Britton: 13
M.Ojeda: 13
J.Kavelaars: 13
G.Sonneborn: 13
G.Ghisellini: 13
S.Burnell: 13
P.Backus: 13
W.Wilson: 13
H.Rottgering: 13
A.Nelson: 13
L.Kuiper: 13
D.Branch: 12
P.Nugent: 12
J.Miralda-Escude: 12
S.Holland: 12
G.Raffelt: 12
M.Tosi: 12
R.Hunstead: 12
R.Egger: 12
J.Bonnell: 12
J.Norris: 12
R.Nemiroff: 12
V.Berezinsky: 12
N.Jarosik: 12
R.Jimenez: 12
M.Im: 12
G.Fiorentini: 12
J.Truran: 12
H.Ferguson: 12
C.Collins: 12
S.Bonazzola: 12
J.Sanz: 12
H.Herndl: 12
S.Shandarin: 12
P.Petitjean: 12
G.Stewart: 12
I.Georgantopoulos: 12
D.Koester: 12
F.Hartwick: 12
J.Lattimer: 12
A.Sweigart: 12
H.Su: 12
Q.Gu: 12
S.Jordan: 12
K.Wu: 12
R.Kron: 12
S.Snowden: 12
J.Retzlaff: 12
S.Torres: 12
S.Chakrabarti: 12
C.Lobo: 12
A.Burrows: 12
D.Saumon: 12
J.Lunine: 12
M.Marley: 12
R.Freedman: 12
T.Guillot: 12
W.Hubbard: 12
C.Henkel: 12
Y.Chin: 12
M.Merrifield: 12
H.Janka: 12
C.Jones: 12
W.Forman: 12
M.Strauss: 12
G.Marmo: 12
V.Mank'o: 12
A.Fruchter: 12
S.Mathur: 12
R.Stompor: 12
D.Hanes: 12
A.Calder: 12
A.Mezzacappa: 12
A.Umar: 12
M.Guidry: 12
M.Strayer: 12
S.Bruenn: 12
S.Eales: 12
C.Honingh: 12
D.Hottgenroth: 12
G.Winnewisser: 12
J.McMullin: 12
J.Staguhn: 12
J.Stutzki: 12
K.Jacobs: 12
R.Schieder: 12
R.Simon: 12
S.Haas: 12
U.Graf: 12
W.Peters: 12
J.Offenberg: 12
O.Vilhu: 12
P.Durouchoux: 12
P.Wallyn: 12
A.Kosowsky: 11
A.Zijlstra: 11
I.Yi: 11
J.Kneib: 11
C.Baugh: 11
A.Klemola: 11
R.Hanson: 11
H.Falcke: 11
J.Siebert: 11
J.Tyson: 11
K.Adelberger: 11
R.Turolla: 11
S.Zane: 11
C.Kochanek: 11
P.Goudfrooij: 11
R.Fong: 11
R.Peletier: 11
G.Fuller: 11
D.Woods: 11
G.Squires: 11
E.Gourgoulhon: 11
A.Olinto: 11
F.Combes: 11
M.Olechowski: 11
S.Cassisi: 11
C.Flynn: 11
S.Zaroubi: 11
Y.Hoffman: 11
A.Stebbins: 11
S.Mereghetti: 11
P.Coppi: 11
J.Borgne: 11
D.Fadda: 11
G.Giuricin: 11
M.Mezzetti: 11
T.Piran: 11
G.Meylan: 11
M.Hilker: 11
M.Kissler-Patig: 11
R.Taam: 11
A.Umana: 11
C.Tello: 11
C.Witebsky: 11
G.Amici: 11
M.Bensadoun: 11
M.Bersanelli: 11
R.Casas: 11
T.Villela: 11
V.Canon: 11
S.McGaugh: 11
B.Ricci: 11
E.Brinks: 11
H.Zinnecker: 11
K.Hayashida: 11
Y.Tanaka: 11
A.Altamore: 11
K.Bickert: 11
R.Gonzalez-Riestra: 11
R.Luthardt: 11
R.Viotti: 11
T.Buchert: 11
P.Hewett: 11
P.Hintzen: 11
A.Comastri: 11
P.Green: 11
L.Moscardini: 11
L.Piccirillo: 11
R.Schaefer: 11
A.Boksenberg: 11
B.Savage: 11
D.Turnshek: 11
G.Hartig: 11
C.Flanagan: 11
D.Smits: 11
J.Gallego: 11
O.Fèvre: 11
F.Bernardeau: 11
F.Fiore: 11
J.Schachter: 11
A.Romer: 11
B.Holden: 11
R.Rothschild: 11
W.Focke: 11
W.Heindl: 11
M.Gierlinski: 11
D.Long: 11
K.Gloria: 11
L.Bergeron: 11
F.Governato: 11
Gravel: 11
A.Bunker: 11
S.Rawlings: 11
M.Greason: 11
M.Bartelmann: 10
B.Fields: 10
D.Vandenberg: 10
A.Patnaik: 10
R.Antonucci: 10
L.Ciotti: 10
L.Smith: 10
S.Matarrese: 10
T.Miyaji: 10
K.Lanzetta: 10
A.Linde: 10
E.Liang: 10
C.Copi: 10
Q.Parker: 10
G.Tagliaferri: 10
A.Ferrara: 10
L.Cayon: 10
H.Nunokawa: 10
E.Carretta: 10
F.Labini: 10
G.Paturel: 10
H.Nella: 10
L.Pietronero: 10
E.Puchnarewicz: 10
D.Currie: 10
D.Dowling: 10
S.McMillan: 10
M.Drinkwater: 10
C.Xu: 10
A.Celotti: 10
B.Teegarden: 10
D.Landis: 10
D.Malone: 10
D.Palmer: 10
H.Seifert: 10
N.Madden: 10
R.Owens: 10
N.Glendenning: 10
H.Quintana: 10
S.Kohle: 10
T.Richtler: 10
G.Gilmore: 10
M.Gregg: 10
J.Stadel: 10
B.Funk: 10
S.Gottl"ober: 10
J.Franco: 10
R.Mendez: 10
F.Chaffee: 10
P.Francis: 10
J.Grimes: 10
N.Schartel: 10
A.Laor: 10
D.Zaritsky: 10
K.Matsushita: 10
R.Davé: 10
M.Rupen: 10
C.Lidman: 10
D.Cole: 10
P.Blanco: 10
S.Severson: 10
A.Newsam: 10
G.Dalton: 10
A.Visser: 10
J.Sleath: 10
K.Isaak: 10
P.Werf: 10
T.Jenness: 10
J.Colberg: 10
R.Hutchings: 10
T.Jenkins: 10
R.Manchester: 10
M.Coe: 10
M.Strickman: 10
P.Ray: 10
V.Mueller: 10
I.Mirabel: 10
P.Duc: 10
S.Chaty: 10
A.Fisher: 9
J.Loon: 9
G.Mamon: 9
K.Mannheim: 9
S.Mollerach: 9
A.Riotto: 9
B.Dorman: 9
A.Meiksin: 9
S.Starrfield: 9
J.Scargle: 9
J.Lehar: 9
E.Vazquez-Semadeni: 9
C.Netterfield: 9
A.Otarola: 9
W.Hu: 9
R.Maartens: 9
N.Tanvir: 9
P.Krastev: 9
J.Gallagher: 9
R.Wyse: 9
K.Fisher: 9
K.Kratz: 9
I.Gonzalez-Serrano: 9
I.Perez-Fournon: 9
F.Bouchet: 9
E.Shellard: 9
R.Hofinger: 9
F.Palla: 9
M.Montuori: 9
D.DePoy: 9
D.Tytler: 9
P.Hut: 9
J.Sommer-Larsen: 9
S.Driver: 9
S.Phillipps: 9
N.Fornengo: 9
X.Liao: 9
S.Lee: 9
N.Bade: 9
S.Ghigna: 9
R.Becker: 9
R.Carvalho: 9
T.Bridges: 9
M.Hauser: 9
R.Protheroe: 9
M.Begelman: 9
J.Garcia-Bellido: 9
D.Molteni: 9
A.Cappi: 9
S.Maurogordato: 9
R.Elston: 9
F.Patat: 9
V.Lipunov: 9
A.Connolly: 9
J.Whiteoak: 9
T.Millar: 9
U.Hwang: 9
F.Mardirossian: 9
M.Girardi: 9
C.Sarazin: 9
M.Rozyczka: 9
Y.Sofue: 9
Y.Rephaeli: 9
S.Majewski: 9
J.Bartlett: 9
E.Perlman: 9
G.Fazio: 9
S.Eikenberry: 9
J.Black: 9
J.Ge: 9
R.Wainscoat: 9
L.Martinis: 9
D.Bowen: 9
J.Blades: 9
T.Ohashi: 9
L.Greenhill: 9
S.Sazonov: 9
A.Karle: 9
C.Spiering: 9
C.Wiebusch: 9
D.Pandel: 9
O.Streicher: 9
R.Wischnewski: 9
S.Cichos: 9
S.Hundertmark: 9
T.Mikolajski: 9
T.Thon: 9
C.Motch: 9
F.Haberl: 9
M.Pakull: 9
A.Lasenby: 9
A.Goldin: 9
S.Mineshige: 8
M.Maisack: 8
R.Kraft: 8
J.Binney: 8
A.Loeb: 8
E.Kolb: 8
B.Lanzoni: 8
W.Miller: 8
T.Stanev: 8
E.Lisi: 8
P.Padoan: 8
F.Thielemann: 8
M.Sakellariadou: 8
H.Mo: 8
Y.Jing: 8
M.Bolte: 8
C.Willmer: 8
J.Navarro: 8
P.Biermann: 8
J.Beckman: 8
B.Sanahuja: 8
P.Challis: 8
W.Zimdahl: 8
A.Rossi: 8
G.Tammann: 8
E.Pecontal: 8
M.Baring: 8
P.Coles: 8
D.Fargion: 8
M.Kawasaki: 8
J.Makino: 8
H.Uehara: 8
R.Nishi: 8
N.Prantzos: 8
G.Richter: 8
M.Osorio: 8
A.Pedlar: 8
D.McCammon: 8
W.Sanders: 8
D.Montes: 8
D.Jaffe: 8
F.Wesemael: 8
J.Holberg: 8
J.Liebert: 8
S.Ortolani: 8
K.Maeda: 8
J.Graham: 8
M.Rigler: 8
R.Splinter: 8
M.Prokhorov: 8
W.Brandner: 8
T.Jones: 8
M.Bellazzini: 8
H.Wagner: 8
J.Schmalzing: 8
M.Kerscher: 8
V.M"uller: 8
B.Fort: 8
J.Lequeux: 8
M.Honma: 8
O.Verkhodanov: 8
S.Trushkin: 8
T.Girard: 8
G.Parmeggiani: 8
L.Federici: 8
P.Madau: 8
L.Rodriguez: 8
P.Solomon: 8
R.Marzke: 8
P.Roche: 8
D.York: 8
A.Savage: 8
J.Condon: 8
R.Webster: 8
S.Ellison: 8
E.Bakker: 8
R.Neuhaeuser: 8
T.Kajino: 8
A.Soltan: 8
T.Kallman: 8
B.Femenia: 8
C.Guttierrez: 8
J.Nicholas: 8
N.Kachwala: 8
M.Bruni: 8
P.Bloser: 8
J.Hakkila: 8
J.Horack: 8
T.Quinn: 8
H.Krawczynski: 8
J.Fishman: 8
P.Butterworth: 8
C.Smith: 8
D.Kunth: 8
E.Poretti: 8
G.Mallen-Ornelas: 8
H.Flores: 8
A.Crider: 8
I.Smith: 8
J.Lowenthal: 8
S.Kim: 7
K.Nomoto: 7
C.Canizares: 7
A.Franceschini: 7
V.Eke: 7
F.Valdes: 7
J.Pier: 7
T.Kinman: 7
L.Lu: 7
G.Wilson: 7
G.Steigman: 7
G.Weigelt: 7
A.Schweitzer: 7
P.Freeman: 7
A.Fernandez-Soto: 7
A.Yahil: 7
V.Zavlin: 7
P.Meszaros: 7
P.Hoeflich: 7
J.Magueijo: 7
M.Birkinshaw: 7
K.Enqvist: 7
E.Jr.: 7
D.Grasso: 7
A.Broadbent: 7
A.Oates: 7
A.Ratcliffe: 7
F.Watson: 7
N.Gnedin: 7
R.Caldwell: 7
B.Smith: 7
R.Jr: 7
S.Schindler: 7
B.Ratra: 7
R.Pello: 7
B.Sur: 7
L.Hamel: 7
L.Lessard: 7
V.Zacek: 7
D.Lyth: 7
N.Neininger: 7
M.Hendry: 7
P.Kernan: 7
J.Schombert: 7
M.Arnaud: 7
H.Wozniak: 7
A.Sandage: 7
M.Federspiel: 7
J.Frogel: 7
M.Steinmetz: 7
U.Lisenfeld: 7
G.Bruzual: 7
I.Bombaci: 7
A.Barth: 7
A.Sternberg: 7
L.Storrie-Lombardi: 7
G.Stasinska: 7
B.Qin: 7
G.Pavlov: 7
G.Mathews: 7
T.Geballe: 7
N.Arimoto: 7
R.Pildis: 7
R.Coziol: 7
J.Mohr: 7
J.Lasota: 7
R.Pudritz: 7
F.Matteucci: 7
F.Rasio: 7
D.Wands: 7
S.Casertano: 7
B.Yanny: 7
S.Woosley: 7
P.Woudt: 7
C.Gouiffes: 7
M.Valle: 7
P.Mazzali: 7
S.Benetti: 7
K.Postnov: 7
S.Popov: 7
P.Guhathakurta: 7
K.Jedamzik: 7
G.Costa: 7
P.Seitzer: 7
A.Ugryumov: 7
S.Neizvestny: 7
T.Thuan: 7
J.Walsh: 7
G.Bryan: 7
J.Boulesteix: 7
G.Basri: 7
L.Moustakas: 7
G.Marcy: 7
F.Owen: 7
D.Gondek: 7
E.Gruber: 7
K.McNaron-Brown: 7
F.Schoeniger: 7
I.Kazes: 7
J.Dickey: 7
K.Wakamatsu: 7
T.Ichikawa: 7
Y.Tutui: 7
L.Zampieri: 7
D.Barbosa: 7
R.Mauersberger: 7
L.Ford: 7
G.Marconi: 7
S.Ransom: 7
B.Jacobsen: 7
J.Angel: 7
M.Lloyd-Hart: 7
N.Woolf: 7
P.Gray: 7
R.Fugate: 7
P.Remillard: 7
J.McDowell: 7
A.Levine: 7
J.Jernigan: 7
R.Shirey: 7
A.Pedlar.: 7
A.Thean: 7
C.Goudis: 7
C.Mundell: 7
P.Christopoulou: 7
G.Fabbiano: 7
L.Maraschi: 7
T.Belloni: 7
P.Lira: 7
G.Tucker: 7
H.Gush: 7
M.Halpern: 7
W.Towlson: 7
J.Dupin: 7
P.Tilloles: 7
R.Murowinski: 7
R.Wooff: 7
T.STecher: 7
W.Landsman: 7
I.Zehavi: 7
J.Kurfess: 7
T.McGlynn: 7
A.Cassatella: 7
W.Wamsteker: 7
M.Lemoine: 7
P.Scowen: 7
B.Phlips: 7
C.Done: 7
M.Low: 7
W.Keil: 7
R.Hjellming: 7
E.Davoust: 7
M.Nowak: 7
B.Paltrinieri: 7
D.Hamilton: 7
L.Titarchuk: 7
G.Bothun: 7
A.Loan: 7
S.Pellegrini: 7
G.Fossati: 7
E.Waltman: 7
M.Kusunose: 6
S.Seitz: 6
E.Oran: 6
G.Jungman: 6
E.Vangioni-Flam: 6
G.Starkman: 6
D.Merritt: 6
B.Barbuy: 6
I.Igumenshchev: 6
C.Churchill: 6
J.Charlton: 6
M.Orio: 6
R.Schwarz: 6
W.Dziembowski: 6
A.Watson: 6
D.Lehr: 6
R.Wagoner: 6
C.Tadhunter: 6
R.Morganti: 6
S.Alighieri: 6
E.Gates: 6
A.Pouquet: 6
T.Passot: 6
E.Salpeter: 6
G.Hoffman: 6
T.Roos: 6
A.Davis: 6
T.Prokopec: 6
L.Nobili: 6
F.Halzen: 6
V.Sarajedini: 6
M.Lissia: 6
E.Borra: 6
A.Weiss: 6
C.Cardall: 6
L.Martinet: 6
D.Pavon: 6
J.Triginer: 6
S.Petcov: 6
M.Gasperini: 6
E.Athanassoula: 6
U.Seljak: 6
S.Sarkar: 6
S.Burles: 6
A.Saha: 6
L.Labhardt: 6
R.Edelson: 6
A.Quillen: 6
A.Fruscione: 6
R.Ceca: 6
P.Christensen: 6
A.Lavagno: 6
G.Kaniadakis: 6
P.Quarati: 6
Y.Yoshii: 6
H.Kang: 6
A.Dar: 6
P.Jablonka: 6
C.Hazard: 6
R.Nolthenius: 6
H.Susa: 6
P.Haensel: 6
G.Zamorani: 6
U.Alvensleben: 6
M.Kerkwijk: 6
E.Egami: 6
M.Markevitch: 6
J.Dalcanton: 6
M.Ruffert: 6
C.Ratnam: 6
P.Bhattacharjee: 6
R.Cowsik: 6
R.Matsumoto: 6
P.Ferreira: 6
R.Svensson: 6
N.Roche: 6
O.Almaini: 6
I.Panchenko: 6
O.LeFevre: 6
R.Pelló: 6
T.Ebbels: 6
E.Magnier: 6
M.Bryce: 6
P.Boumis: 6
A.Magazzu: 6
L.Waerbeke: 6
R.Konoplich: 6
G.Vincent: 6
M.Hindmarsh: 6
A.Konopelko: 6
D.Petry: 6
S.Bradbury: 6
J.Bell: 6
G.Tenorio-Tagle: 6
R.Cid-Fernandes: 6
F.Nagase: 6
T.Kotani: 6
Y.Segawa: 6
E.Grebel: 6
J.Oukbir: 6
A.Singh: 6
A.Gubanov: 6
S.Scully: 6
W.Altena: 6
A.Jr.: 6
S.Hermit: 6
E.Deutsch: 6
A.Sornborger: 6
B.Fryxell: 6
K.Olson: 6
A.Bruyn: 6
R.Rengelink: 6
Y.Tang: 6
R.Downes: 6
P.Shopbell: 6
E.Schreier: 6
N.Junkes: 6
S.Doebereiner: 6
L.Kofman: 6
M.Lee: 6
K.Dennerl: 6
V.Antonuccio-Delogu: 6
G.Schwarz: 6
S.Shore: 6
J.Salgado: 6
J.Zahn: 6
S.Talon: 6
L.Waters: 6
O.Gerhard: 6
R.Ogley: 6
A.Serrano: 6
F.Zickgraf: 6
G.Tovmassian: 6
I.Thiering: 6
J.Krautter: 6
P.Kroll: 6
E.Rizza: 6
M.Bliton: 6
P.Gomez: 6
B.Czerny: 6
K.Ashman: 6
H.Lesch: 6
H.Awaki: 6
S.Ueno: 6
Y.Fukazawa: 6
S.Allen: 6
S.Sonego: 6
R.Cumming: 6
C.Baccigalupi: 6
F.Occhionero: 6
L.Amendola: 6
A.Raga: 6
L.Angelini: 6
N.White: 6
J.Perea: 6
M.Moles: 6
P.Focardi: 6
P.Katgert: 6
A.Poezd: 6
A.Shukurov: 6
C.Horellou: 6
D.Sokoloff: 6
E.Berkhuijsen: 6
M.Krause: 6
B.Boroson: 6
C.Clark: 6
J.Slavin: 6
R.McCray: 6
C.Vignali: 6
G.Palumbo: 6
M.Cappi: 6
R.Tuffs: 6
P.Kumar: 6
L.Kaper: 6
N.Patat: 6
R.Waters: 6
A.Weinberger: 6
B.Soifer: 6
G.Neugebauer: 6
K.Matthews: 6
L.Armus: 6
J.Moran: 6
R.Gruendl: 6
Y.Gao: 6
M.Gagnè: 6
R.Pallavicini: 6
S.Covino: 6
T.Fleming: 6
Y.Uchida: 6
C.Pollas: 6
D.Tsvetkov: 6
O.Bartunov: 6
R.Evans: 6
C.Uggla: 6
H.Elst: 6
K.Langanke: 6
P.Vogel: 6
W.Haxton: 6
R.Stencel: 6
D.Chakrabarty: 6
R.Spencer: 6
D.Welty: 6
K.Huang: 6
P.Khare: 6
R.Srianand: 6
S.Corbel: 6
T.Dame: 6
W.Mahoney: 6
A.Castro-Tirado: 6
M.Sauvage: 6
P.Callanan: 6
D.Hannikainen: 6
J.Huovelin: 6
P.Muhli: 6
M.Medvedev: 6
R.DenHartog: 6
A.Walker: 5
E.Waxman: 5
A.Deshpande: 5
M.Bibra: 5
D.VandenBerg: 5
B.Jun: 5
P.Zeeuw: 5
A.Gangui: 5
L.Danese: 5
P.Padovani: 5
A.Dey: 5
A.Mastichiadis: 5
J.Kirk: 5
E.Blackman: 5
D.Sáez: 5
H.Riffert: 5
J.Webb: 5
R.Carswell: 5
A.Cooke: 5
B.Farhat: 5
H.Williams: 5
Y.Shibanov: 5
D.Alburger: 5
J.Napolitano: 5
L.Braeckeleer: 5
S.Freedman: 5
A.Bressan: 5
C.Chiosi: 5
R.Tantalo: 5
E.Pino: 5
P.Olesen: 5
P.Natarajan: 5
W.Dixon: 5
Y.Fujita: 5
A.Ferguson: 5
U.Briel: 5
T.Theuns: 5
J.Knapen: 5
E.Vishniac: 5
A.Dolgov: 5
S.Pastor: 5
G.Veneziano: 5
H.Kim: 5
F.Castelli: 5
R.Gratton: 5
G.Chabrier: 5
M.Franx: 5
M.Zaldarriaga: 5
R.Mohapatra: 5
A.Harding: 5
S.Dodelson: 5
D.Heggie: 5
B.Sathyaprakash: 5
A.Burkert: 5
S.Fall: 5
T.Xie: 5
A.Muecke: 5
H.Ungerechts: 5
J.Miralles: 5
T.Matteo: 5
S.Chang: 5
T.Goldman: 5
A.Lanza: 5
R.Knorren: 5
A.Hamilton: 5
R.Somerville: 5
G.Wu: 5
T.Hawarden: 5
E.Fenimore: 5
J.Willick: 5
D.Reimers: 5
L.Wisotzki: 5
T.Koehler: 5
J.Hughes: 5
T.Matsubara: 5
D.Fabricant: 5
J.Frieben: 5
P.Cote: 5
P.Harvey: 5
B.Rush: 5
J.Gales: 5
R.Shafer: 5
W.Blok: 5
K.Jore: 5
K.Southwell: 5
P.Charles: 5
E.Bunn: 5
A.Fairall: 5
A.Salis: 5
S.Nazin: 5
M.Morikawa: 5
J.Grifols: 5
S.Kulkarni: 5
R.Dettmar: 5
C.Lemme: 5
M.Hunt: 5
S.Mahajan: 5
I.Morgan: 5
J.Davies: 5
J.Jones: 5
M.Disney: 5
L.Yan: 5
J.Adams: 5
E.Feigelson: 5
P.Ryan: 5
R.Kollgaard: 5
S.Laurent-Muehleisen: 5
A.Micol: 5
V.Titov: 5
J.Kristian: 5
J.Middleditch: 5
T.Ponman: 5
N.Guseva: 5
G.Canil: 5
G.Silvestro: 5
L.Origlia: 5
M.Busso: 5
M.Marengo: 5
P.Persi: 5
G.Börner: 5
U.Hopp: 5
E.Gotthelf: 5
J.Heyl: 5
B.Kozlovsky: 5
R.Lingenfelter: 5
A.Omont: 5
S.Guilloteau: 5
P.Bonifacio: 5
A.Oliveira-Costa: 5
B.Netterfield: 5
T.Fukuyama: 5
K.Chambers: 5
S.Koff: 5
D.Ward-Thompson: 5
J.Carlstrom: 5
O.Lay: 5
R.Hills: 5
G.Lemaitre: 5
G.Moretto: 5
G.Tremblay: 5
L.Girard: 5
M.Ferrari: 5
H.Netzer: 5
C.Scharf: 5
A.Heines: 5
A.Witzel: 5
K.Otterbein: 5
E.Dishoeck: 5
K.Sato: 5
B.Allen: 5
D.Cremonesi: 5
T.Murakami: 5
J.Martin-Pintado: 5
P.Höflich: 5
R.Stellingwerf: 5
A.Melchiorri: 5
N.Vittorio: 5
D.Ellison: 5
N.Benitez: 5
A.Furuzawa: 5
M.Bautz: 5
Y.Tawara: 5
D.Cormier: 5
M.Srednicki: 5
J.Dobaczewski: 5
M.Sharma: 5
P.Moeller: 5
N.Terasawa: 5
P.Mohr: 5
V.D'Odorico: 5
F.Franca: 5
F.Paolis: 5
G.Ingrosso: 5
D.Martin: 5
J.Pendleton: 5
C.Firmani: 5
V.Avila-Reese: 5
A.Panaitescu: 5
L.Wen: 5
P.Padovani.: 5
I.Gioia: 5
P.Teyssandier: 5
D.Kazanas: 5
E.Skillman: 5
D.Geisler: 5
K.Perrett: 5
S.Butterworth: 5
G.Eggum: 5
G.Lanzafame: 5
H.Sponholz: 5
A.Lyne: 5
F.Camilo: 5
J.Sandhu: 5
M.Bailes: 5
M.Tucci: 5
K.Reinsch: 5
P.Guillout: 5
W.Pietsch: 5
T.Mizuno: 5
B.Grossan: 5
R.Brissenden: 5
T.Sakao: 5
D.Burke: 5
T.Chiba: 5
E.Blok: 5
B.Moore: 5
G.Lake: 5
C.Akan: 5
C.Koen: 5
E.Rodriguez: 5
M.Bossi: 5
C.Canosa: 5
C.Robinson: 5
G.Longo: 5
R.Gal: 5
R.Scaramella: 5
F.Ghigo: 5
C.Maraston: 5
E.Covino: 5
J.Alcala: 5
M.Sterzik: 5
A.Fernandez: 5
C.Balkowski: 5
J.Guérin: 5
V.Cayatte: 5
E.Escalera: 5
B.Gaensler: 5
L.Staveley-Smith: 5
M.Kesteven: 5
A.Incicchitti: 5
F.Donato: 5
P.Belli: 5
M.Moscoso: 4
V.Ripepi: 4
A.Clocchiatti: 4
K.Maki: 4
S.Orito: 4
T.Mitsui: 4
B.Gaudi: 4
D.Buote: 4
E.Ostriker: 4
C.Seitz: 4
A.Cimatti: 4
H.Spinrad: 4
S.Maddox: 4
L.Kuchinski: 4
E.Masso: 4
P.Jetzer: 4
W.Bednarek: 4
J.Madsen: 4
C.Charbonnel: 4
O.Richard: 4
S.Vauclair: 4
F.Adams: 4
D.Alexander: 4
E.Held: 4
M.Freyberg: 4
D.Page: 4
G.Dvali: 4
M.Postman: 4
A.Brandenburg: 4
A.Albrecht: 4
H.Rubinstein: 4
Y.Kan-ya: 4
G.Bao: 4
C.Rite: 4
J.Suzuki: 4
M.Maia: 4
W.Vacca: 4
A.Jorissen: 4
R.Weygaert: 4
L.Gentet: 4
R.Corradi: 4
R.Croft: 4
B.Pagel: 4
J.MacDonald: 4
P.Thejll: 4
U.Jorgensen: 4
S.Pakvasa: 4
E.Copeland: 4
V.Semikoz: 4
A.Abada: 4
M.Gavela: 4
O.Pène: 4
A.Gabutti: 4
L.Stodolski: 4
S.Cooper: 4
S.Pokorski: 4
V.Efros: 4
W.Balogh: 4
J.Dyson: 4
M.Redman: 4
D.Thomas: 4
A.Aragon-Salamanca: 4
A.Heavens: 4
P.Helbig: 4
R.Kayser: 4
B.Draine: 4
M.Davies: 4
B.Jones: 4
D.Friedli: 4
M.Rieke: 4
P.Bratschi: 4
C.Hogan: 4
V.Sahni: 4
S.Bludman: 4
K.Leighly: 4
D.Finley: 4
J.Kruk: 4
N.Allard: 4
R.Kimble: 4
E.Roulet: 4
H.Voelk: 4
R.Scherrer: 4
Z.Protogeros: 4
J.Villumsen: 4
E.Holtmann: 4
A.Faraggi: 4
C.Coriano: 4
E.Stewart: 4
T.Yanagida: 4
T.Vachaspati: 4
J.Larwood: 4
J.Papaloizou: 4
M.Alonso: 4
M.Henriksen: 4
C.O'Dea: 4
E.Colbert: 4
J.Christensen: 4
J.Gallimore: 4
S.Baum: 4
C.Conselice: 4
W.Keel: 4
Q.Qu: 4
R.Battye: 4
B.Wolff: 4
K.Werner: 4
U.Muerset: 4
W.Schmutz: 4
J.Isern: 4
K.Sellgren: 4
R.Blum: 4
C.Fassnacht: 4
T.Kundić: 4
S.Courteau: 4
W.Goss: 4
A.Sarajedini: 4
B.Chaboyer: 4
L.Krauss: 4
P.Demarque: 4
B.Ziegler: 4
R.Bender: 4
B.Fuchs: 4
F.Iwamuro: 4
S.Oya: 4
T.Maihara: 4
G.Murante: 4
J.Bregman: 4
P.Saha: 4
A.Ribeiro: 4
H.Capelato: 4
R.Tanvir: 4
A.Illarionov: 4
L.Keller: 4
S.Pak: 4
R.Lovelace: 4
N.Sakai: 4
Y.Kim: 4
H.Negoro: 4
M.Takeuchi: 4
T.Manmoto: 4
D.Robinson: 4
T.Hippel: 4
J.Fletcher: 4
R.McClure: 4
N.Gouda: 4
P.Viana: 4
D.O'Donoghue: 4
D.Fox: 4
F.Verbunt: 4
E.Sandquist: 4
C.Benoist: 4
R.Schaeffer: 4
I.Shlosman: 4
P.Armitage: 4
K.Joshi: 4
C.Hill: 4
W.Sherwood: 4
D.Mello: 4
F.Menanteau: 4
A.Sedrakian: 4
D.Voskresensky: 4
A.Vilenkin: 4
T.Padmanabhan: 4
E.Mottola: 4
D.McKay: 4
G.Frichter: 4
J.Ralston: 4
R.Lavery: 4
N.Shaviv: 4
Y.Lespine: 4
M.Gorenstein: 4
R.Perley: 4
M.Schöller: 4
T.Lehmann: 4
M.Kurtz: 4
N.ELlman: 4
S.Points: 4
J.Laros: 4
R.Kippen: 4
D.Hutsemekers: 4
F.Courbin: 4
P.Magain: 4
C.Schmid: 4
D.Schwarz: 4
P.Widerin: 4
C.Garasi: 4
J.Pinkney: 4
C.Colome: 4
F.Low: 4
J.DiFrancesco: 4
M.Fort: 4
Y.Fort: 4
J.Kovac: 4
J.Peterson: 4
S.Platt: 4
C.Cress: 4
I.Reid: 4
I.Thompson: 4
B.Greenawalt: 4
R.Walterbos: 4
J.Lima: 4
V.Zanchin: 4
J.Gorkom: 4
J.Shull: 4
J.Stocke: 4
S.Larsson: 4
G.Xu: 4
F.Summers: 4
A.Baker: 4
G.Marchi: 4
R.Kulsrud: 4
A.Linn: 4
C.Buck: 4
J.Tinker: 4
C.Tsallis: 4
M.Rego-Monteiro: 4
S.Moehler: 4
U.Heber: 4
T.Hamilton: 4
L.Howell: 4
M.Braun: 4
S.Rakityansky: 4
S.Sofianos: 4
V.Belyaev: 4
S.Reddy: 4
T.Aldcroft: 4
L.Pasquini: 4
S.Wachter: 4
D.Patton: 4
I.Aretxaga: 4
M.Elitzur: 4
E.Barton: 4
M.Ramella: 4
A.Nakamichi: 4
M.Hatakeyama: 4
M.Miyoshi: 4
Z.Kuncic: 4
A.Layden: 4
C.Hanley: 4
S.Hawley: 4
M.Pierce: 4
M.Verheijen: 4
R.Tully: 4
N.Evans: 4
M.Haehnelt: 4
L.Hui: 4
G.Tessicini: 4
U.Munari: 4
E.Tolstoy: 4
S.Kaspi: 4
R.Telfer: 4
F.Mannucci: 4
S.Beckwith: 4
S.Veeraraghavan: 4
Y.Ishimaru: 4
G.Garcia-Segura: 4
N.Maza: 4
J.Gomez-Gonzalez: 4
N.II: 4
R.Plume: 4
L.Neuschaefer: 4
C.Wu: 4
D.Crenshaw: 4
R.Capuzzo-Dolcetta: 4
A.Campos: 4
N.Metcalfe: 4
A.Balbi: 4
G.Gasperis: 4
P.Bernardis: 4
E.Brown: 4
L.Bildsten: 4
D.Hellinger: 4
D.Galli: 4
E.Castro: 4
M.Cornide: 4
M.Fernandez-Figueroa: 4
R.Price: 4
R.Braun: 4
A.Refregier: 4
M.Sawicki: 4
S.Rubin: 4
X.Hernández: 4
M.Gambera: 4
V.Gurzadyan: 4
B.Gibson: 4
N.Caldwell: 4
D.Matsakis: 4
T.Eubanks: 4
T.Pyne: 4
E.Tago: 4
J.Jaaniste: 4
M.Yamada: 4
E.Salvador-Sole: 4
G.Gonzalez-Casado: 4
M.Montoya: 4
R.Dominguez-Tenreiro: 4
A.Aguirre: 4
M.Alises: 4
R.Kneissl: 4
C.Keeton: 4
G.Neto: 4
V.Pislar: 4
R.Wilhelm: 4
T.Beers: 4
J.Yokoyama: 4
K.Sembach: 4
M.Pinsonneault: 4
A.Broeils: 4
E.Ofek: 4
R.Cohen: 4
P.Englmaier: 4
J.Brown: 4
A.Engels: 4
H.Hagen: 4
R.Schild: 4
I.Shinkoda: 4
G.Ellis: 4
W.Lesame: 4
C.Mihos: 4
R.Ibata: 4
E.Terlevich: 4
J.Mas-Hesse: 4
P.Laguna: 4
J.Gomez: 4
A.Petrosian: 4
E.Coarer: 4
G.Comte: 4
A.Friaca: 4
D.Goncalves: 4
L.Jafelice: 4
R.Opher: 4
V.Jatenco-Pereira: 4
R.Barreiro: 4
T.Williams: 4
J.Eder: 4
C.Hwang: 4
S.Veilleux: 4
J.Timmer: 4
M.Koenig: 4
L.Molnar: 4
A.Marston: 4
C.Gruppioni: 4
H.Ruiter: 4
M.Lari: 4
P.Parma: 4
A.Bosma: 4
L.Rodríguez: 4
L.Rainville: 4
G.Bisnovatyi-Kogan: 3
G.Bjornsson: 3
I.Artemova: 3
I.Novikov: 3
C.Shepherd: 3
F.Barone: 3
G.Russo: 3
L.Milano: 3
G.Burbidge: 3
M.Casse: 3
R.Epstein: 3
N.Cornish: 3
W.Dehnen: 3
V.Bujarrabal: 3
A.Mateo: 3
H.Kjeldsen: 3
J.Reetz: 3
T.Bedding: 3
A.Esin: 3
C.Park: 3
III,: 3
A.Jaffe: 3
D.Terndrup: 3
A.Beloborodov: 3
K.Davidson: 3
K.Hofmann: 3
F.Stecker: 3
M.Salamon: 3
S.Vogt: 3
M.Kafatos: 3
P.Becker: 3
R.Schaefer,: 3
A.Silbergleit: 3
C.Perez: 3
J.Arnau: 3
H.Ruder: 3
T.Doerrer: 3
C.A.D.Silber: 3
G.Langston: 3
C.Carignan: 3
G.Meurer: 3
S.Beaulieu: 3
J.Ballesteros-Paredes: 3
A.Iorio: 3
E.Alfinito: 3
G.Vitiello: 3
M.Blasone: 3
F.Fagotto: 3
B.Garilli: 3
D.Bottini: 3
D.Carrasco: 3
E.Recillas: 3
R.Durrer: 3
M.Hobson: 3
H.Li: 3
J.Sellwood: 3
M.Erna: 3
C.Murali: 3
M.Weinberg: 3
H.Matsumoto: 3
K.Koyama: 3
T.Tsuru: 3
Y.Ishisaki: 3
Y.Ogasaka: 3
M.Fukugita: 3
J.Frieman: 3
M.Valluri: 3
D.Syer: 3
C.Costa: 3
C.Salles: 3
J.Bellandi: 3
A.Dewey: 3
A.Gower: 3
S.Ryneveld: 3
E.Bertin: 3
M.Dennefeld: 3
D.Pfenniger: 3
C.Gutierrez: 3
C.McKeith: 3
F.Prada: 3
J.Learned: 3
W.Simmons: 3
X.Tata: 3
C.Norman: 3
S.Oh: 3
G.Zotti: 3
P.Mazzei: 3
Z.Li: 3
C.Lousto: 3
T.Damour: 3
M.D'Attanasio: 3
T.Barreiro: 3
N.Tsamis: 3
R.Woodard: 3
F.Denef: 3
J.Raeymaekers: 3
U.Studer: 3
W.Troost: 3
A.Graham: 3
K.Kainulainen: 3
I.Baraffe: 3
A.Taylor: 3
B.Dehner: 3
J.Clemens: 3
M.O'Brien: 3
S.Sigurdsson: 3
M.Hattori: 3
K.Rakos: 3
V.Teplitz: 3
C.Lindsey: 3
D.Braun: 3
S.Jefferies: 3
Y.Fan: 3
M.Rugers: 3
N.Hata: 3
P.Langacker: 3
D.Valls-Gabaud: 3
P.Ruiz-Lapuente: 3
D.Davis: 3
K.Mighell: 3
M.Shara: 3
P.Alexander: 3
T.Wilding: 3
G.Moriarty-Schieven: 3
H.Lee: 3
E.Pierpaoli: 3
J.Halpern: 3
I.Tkachev: 3
D.Sciama: 3
E.Akhmedov: 3
C.Terquem: 3
R.Nelson: 3
Y.Funato: 3
Z.Shang: 3
A.Balantekin: 3
A.Kaminker: 3
F.Desert: 3
J.Puget: 3
N.Aghanim: 3
R.Gispert: 3
D.Lynden-Bell: 3
M.Ceballos: 3
A.Coc: 3
J.Jose: 3
M.Hernanz: 3
M.Ostrowski: 3
A.Georgakakis: 3
B.Mobasher: 3
N.Eaton: 3
D.Frail: 3
E.Giacani: 3
G.Dubner: 3
G.Vereshkov: 3
O.Lalaculich: 3
V.Burdyuzha: 3
Yu.Ponomarev: 3
A.Potekhin: 3
R.Wielen: 3
S.Frink: 3
S.Roeser: 3
C.Carollo: 3
J.Li: 3
J.Sanz-Forcada: 3
M.Fernández-Figueroa: 3
R.Lorente: 3
A.Popov: 3
J.Marck: 3
J.Luminet: 3
C.Quigg: 3
I.Sarcevic: 3
M.Reno: 3
R.Gandhi: 3
R.Brustein: 3
R.Sari: 3
R.Napiwotzki: 3
T.Rauch: 3
L.Binette: 3
M.Villar-Martin: 3
D.Crabtree: 3
D.Kaisler: 3
D.Coulson: 3
M.Sikora: 3
C.Tout: 3
S.Lubow: 3
J.Secker: 3
M.Sasaki: 3
T.Tanaka: 3
H.Meyer: 3
S.Westerhoff: 3
A.Vazdekis: 3
E.Casuso: 3
D.York,: 3
M.Liu: 3
G.Steene: 3
A.Gabrielli: 3
S.Thorsett: 3
Z.Arzoumanian: 3
J.Niemeyer: 3
G.Yepes: 3
R.Kates: 3
Z.Zhu: 3
J.Bagla: 3
K.Ing: 3
L.Bettencourt: 3
B.Carter,: 3
M.Trodden: 3
H.Kurki-Suonio: 3
V.Petrosian: 3
M.Takada-Hidai: 3
C.Giovanardi: 3
S.Bianchi: 3
C.Woodward: 3
G.Sloan: 3
C.Petit: 3
J.Rousseau: 3
B.Carrasco: 3
G.Fontaine: 3
P.Brassard: 3
S.Charpinet: 3
M.SubbaRao: 3
A.Batra: 3
A.Mukherjee: 3
D.Lohiya: 3
E.Zas: 3
K.Blundell: 3
S.Garrington: 3
L.Hartmann: 3
R.Popham: 3
S.Kenyon: 3
A.Burenkov: 3
A.Zasov: 3
O.Sil'chenko: 3
A.Frank: 3
G.Mellema: 3
C.Impey: 3
E.Hooper: 3
B.Cheng: 3
P.Chardonnet: 3
P.Salati: 3
R.Taillet: 3
G.Schaefer: 3
K.Takahashi: 3
H.Asada: 3
M.Shibata: 3
R.Bousso: 3
S.Hawking: 3
M.Granath: 3
D.Bomans: 3
J.Koornneef: 3
K.Boer: 3
G.Giovannini: 3
L.Feretti: 3
U.Danielsson: 3
N.Langer: 3
B.Burke: 3
D.Haarsma: 3
J.Lehár: 3
E.Gozzoli: 3
A.Ivanchik: 3
D.Varshalovich: 3
V.Panchuk: 3
M.Cassé: 3
A.Smette: 3
B.Theodore: 3
A.Naim: 3
H.Bohringer: 3
P.Bourner: 3
A.Lazarian: 3
S.Gelato: 3
G.Marani: 3
A.Dominguez: 3
J.G.: 3
J.Perez-Mercader: 3
C.Gualdi: 3
F.Buccella: 3
G.Miele: 3
S.Esposito: 3
M.Schmitt: 3
T.Falk: 3
H.Reeves: 3
F.Lucchin: 3
P.MacNeice: 3
G.Douglass: 3
G.Wycoff: 3
M.Zacharias: 3
N.Zacharias: 3
A.Wilson: 3
C.Simpson: 3
G.Bower: 3
A.Silber: 3
I.Bednarek: 3
R.Manka: 3
G.Romeo: 3
D.Katz: 3
M.Tricottet: 3
V.Banchet: 3
D.Harari: 3
V.Reshetnikov: 3
G.Rhee: 3
H.Beer: 3
Z.Haiman: 3
A.Vitores: 3
J.Zamorano: 3
M.Rego: 3
C.Jui: 3
H.Dai: 3
P.Sommers: 3
S.Yoshida: 3
A.Pagliaro: 3
S.Osmer: 3
H.Uibo: 3
J.Maalampi: 3
P.Keränen: 3
J.Deltorn: 3
E.Hivon: 3
S.Duck: 3
S.Rosen: 3
T.Marsh: 3
V.Dhillon: 3
C.Waelkens: 3
H.Winckel: 3
S.Staggs: 3
M.Orito: 3
E.Branchini: 3
T.Boroson: 3
L.Stanghellini: 3
B.Deiss: 3
R.Wielebinski: 3
P.Kronberg: 3
T.Ensslin: 3
D.Schaerer: 3
J.Pullin: 3
O.Nicasio: 3
R.Gleiser: 3
V.Mukhanov: 3
B.Carter: 3
A.Mathai: 3
H.Haubold: 3
K.Ogilvie: 3
R.Forsyth: 3
M.Bottorff: 3
M.Roncadelli: 3
T.Broadhurst: 3
A.Popolo: 3
L.Mundy: 3
P.Hofner: 3
S.Vogel: 3
T.Schoenmaker: 3
P.Laguna,: 3
K.Menten: 3
M.Reid: 3
T.Armandroff: 3
S.Trentini: 3
D.Downes: 3
J.Barrett: 3
S.Radford: 3
J.Horvath: 3
R.Romani: 3
M.Guainazzi: 3
M.Siino: 3
N.Seto: 3
M.Gray: 3
A.Valinia: 3
H.Martel: 3
P.Shapiro: 3
A.Cavaliere: 3
M.Crone: 3
S.Andreon: 3
A.Milone: 3
R.Schiavon: 3
S.Rossi: 3
I.Band: 3
M.Trzhaskovskaya: 3
J.Christensen-Dalsgaard: 3
S.Basu: 3
S.Colombi: 3
J.Dove: 3
J.Wilms: 3
V.Chernenkov: 3
D.Limagne: 3
G.Waysand: 3
J.Collar: 3
J.Centrella: 3
J.Romao: 3
E.Quataert: 3
C.Liu: 3
G.Vidali: 3
L.Shen: 3
V.Pirronello: 3
D.Garnett: 3
G.Shields: 3
J.Deharveng: 3
P.Boisse: 3
V.Brun: 3
A.Thakar: 3
B.Ryden: 3
K.Weis: 3
Z.Ivezic: 3
A.Ortolan: 3
E.Coccia: 3
M.Cerdonio: 3
S.Vitale: 3
J.Borissova: 3
M.Catelan: 3
N.Spassova: 3
A.Maeder: 3
G.Meynet: 3
I.Puerari: 3
D.Saxe: 3
A.Kinney: 3
H.Schmitt: 3
T.Storchi-Bergmann: 3
R.Lisio: 3
A.Hatzes: 3
R.Butler: 3
W.Cochran: 3
K.Nakao: 3
T.Harada: 3
A.Gonzalez: 3
N.Bissantz: 3
A.Unewisse: 3
H.Liang: 3
M.Pierre: 3
S.Molendi: 3
T.Deckers: 3
C.Lacey: 3
P.Maloney: 3
C.Matzner: 3
G.Ushomirsky: 3
A.Gal-Yam: 3
R.Hill: 3
S.Considere: 3
T.Contini: 3
M.Peña: 3
R.Barnéoud: 3
S.Demers: 3
S.Friedrich: 3
K.Banas: 3
L.Bronfman: 3
H.Russ: 3
M.Kasai: 3
M.Soffel: 3
F.Boulanger: 3
F.Varosi: 3
S.Digel: 3
V.Galinsky: 3
V.Shevchenko: 3
F.Hoyle: 2
J.Wang: 2
M.Isenberg: 2
J.Bruijne: 2
R.Marel: 2
F.Simien: 2
P.Heraudeau: 2
R.Mahadevan: 2
P.Sahu: 2
G.Granato: 2
E.Gaztanaga: 2
Z.Huang: 2
B.Bromley: 2
K.Chen: 2
B.Jegerlehner: 2
F.Neubig: 2
D.Dearborn: 2
A.Bartsch: 2
A.Tomita: 2
M.Saito: 2
Y.Tomita: 2
R.Chevalier: 2
P.Subramanian: 2
N.Toumbas: 2
M.Fullana: 2
R.Henriksen: 2
G.Piotto: 2
I.Saviane: 2
G.Gyuk: 2
A.Sarmiento: 2
G.Kochanski: 2
A.Mezhlumian: 2
D.Linde: 2
A.Guth: 2
L.Randall: 2
M.Soljacic: 2
A.Melfo: 2
G.Senjanovic: 2
W.Benz: 2
V.Debattista: 2
D.Matravers: 2
N.Humphreys: 2
E.Calabresu: 2
K.Freese: 2
K.Johnston: 2
L.Leone: 2
S.Hozumi: 2
T.Fujiwara: 2
D.Raine: 2
I.Cassidy: 2
T.Kitayama: 2
C.Leitherer: 2
P.Conti: 2
H.Boffin: 2
A.Kravtsov: 2
B.Komberg: 2
V.Lukash: 2
E.Battaner: 2
E.Florido: 2
J.Jimenez-Vicente: 2
C.Han: 2
B.Jain: 2
G.Benedict: 2
J.Kenney: 2
S.Park: 2
M.Abney: 2
M.Arnould: 2
N.Mowlavi: 2
R.Vilchez-Gomez: 2
D.Scialom: 2
N.Straumann: 2
R.Eggenschwiler: 2
L.Qiuyu: 2
J.Maharana: 2
C.Horowitz: 2
S.Schramm: 2
E.Owens: 2
K.O'Brien: 2
A.Garijo: 2
C.Garcia-Gomez: 2
M.Castellani: 2
T.Schramm: 2
P.Dokkum: 2
G.Lamer: 2
H.Brunner: 2
D.Bacon: 2
O.Gnedin: 2
D.Seckel: 2
T.Maindl: 2
V.Narayanan: 2
A.Nordlund: 2
H.Dejonghe: 2
J.Keohane: 2
L.Rudnick: 2
M.Anderson: 2
V.Carbone: 2
R.Araya: 2
T.Wiklind: 2
M.Salaris: 2
S.Ramírez: 2
Gopal-Krishna: 2
P.Wiita: 2
V.Kulkarni: 2
P.Eskridge: 2
B.Appodia: 2
D.Trevese: 2
G.Cirimele: 2
A.Possenti: 2
M.Colpi: 2
S.Lumsden: 2
N.Patel: 2
E.Almoznino: 2
N.Brosch: 2
G.Tormen: 2
A.Betz: 2
R.Boreiko: 2
A.Davies: 2
R.Pearson: 2
D.Lambas: 2
M.Abadi: 2
P.Tissera: 2
C.Burgard: 2
D.Ahluwalia: 2
S.Hannestad: 2
T.Moroi: 2
B.McKellar: 2
G.Jr.: 2
A.Green: 2
S.Mao: 2
H.Mause: 2
M.Boettcher: 2
T.Brown: 2
B.Klecker: 2
D.Ruffolo: 2
W.Dröge: 2
R.Cavallo: 2
D.Saez: 2
J.Ibanez: 2
V.Quilis: 2
J.Prochaska: 2
D.Caditz: 2
R.Sivron: 2
S.Tsuruta: 2
E.Sadler: 2
P.Duffy: 2
Y.Gallant: 2
F.Loreti: 2
J.Fetter: 2
R.Elson: 2
P.Colin: 2
P.Catelan: 2
F.Pacini: 2
M.Salvati: 2
R.Bandiera: 2
G.A.: 2
L.Pozzetti: 2
Y.Pei: 2
J.Bloom: 2
J.Zand: 2
A.Nusser: 2
I.Harrus: 2
A.Riess: 2
W.Press: 2
A.Evrard: 2
G.Bicknell: 2
P.McGregor: 2
M.Hanasz: 2
D.Baiko: 2
R.Lehoucq: 2
G.Ingelman: 2
M.Thunman: 2
D.Píriz: 2
J.Wudka: 2
M.Roy: 2
A.Milstein: 2
R.Shaisultanov: 2
V.Baier: 2
S.Johns: 2
W.Ballinger: 2
D.McLaughlin: 2
C.Pichon: 2
G.Vladilo: 2
C.Yess: 2
J.Weingartner: 2
C.Struck: 2
P.Appleton: 2
V.Charmandaris: 2
J.Hulst: 2
A.Rosen: 2
D.Kelson: 2
K.Yamammoto: 2
G.Wright: 2
J.Fukumoto: 2
K.Okoshi: 2
F.Timmes: 2
D.Nice: 2
J.Taylor: 2
R.Sayer: 2
D.Eisenstein: 2
G.Kauffmann: 2
W.Zurek: 2
R.Incerpi: 2
F.Ciacio: 2
W.Hillebrandt: 2
E.Turatto: 2
R.Barbon: 2
E.Carlson: 2
J.Brockway: 2
J.Ventura: 2
A.Buonanno: 2
C.Ungarelli: 2
M.Maggiore: 2
S.Habib: 2
T.Bhattacharya: 2
A.Masiero: 2
M.Yamaguchi: 2
P.Elmfors: 2
F.Vissani: 2
L.Covi: 2
A.Mioduszewski: 2
G.Duncan: 2
P.Hughes: 2
T.Lee: 2
R.Toldra: 2
P.Bergeron: 2
F.Bresolin: 2
R.Kennicutt: 2
A.Kull: 2
R.Treumann: 2
V.Katalinic: 2
D.Méra: 2
L.Segretain: 2
V.Shergin: 2
D.Fisher: 2
K.Kuijken: 2
I.Tregillis: 2
J.Irwin: 2
G.Invernizzi: 2
R.Battistoni: 2
A.Aiello: 2
L.Chiatti: 2
R.Supper: 2
B.Aschenbach: 2
J.Trümper: 2
J.Cliffe: 2
K.Shibata: 2
M.Hayashi: 2
J.Anderson: 2
R.Hellings: 2
S.Turyshev: 2
A.Efimov: 2
A.Shpitalnaya: 2
Y.Baurov: 2
T.Futamase: 2
A.Teixeira: 2
F.Paiva: 2
M.Rebouças: 2
C.Burgess: 2
D.Michaud: 2
J.Kim: 2
K.Choi: 2
G.Anderson: 2
A.Kusenko: 2
G.Segre: 2
H.Roemer: 2
M.Bordemann: 2
B.Hoek: 2
F.Honma: 2
S.Kato: 2
C.Moeller: 2
A.Finoguenov: 2
J.Miller: 2
R.Turolla,: 2
F.Bosch: 2
C.Hoopes: 2
G.Setti: 2
T.Girolamo: 2
V.Thorsson: 2
A.Rogava: 2
V.Berezhiani: 2
Y.Ng: 2
J.Kepner: 2
T.Liebscher: 2
T.X.Thuan: 2
M.Hurwitz: 2
C.Gehman: 2
R.Watkins: 2
L.Widrow: 2
J.Lepock: 2
P.Wesson: 2
D.Rawson: 2
J.Bailey: 2
G.Rupprecht: 2
B.Kuhlman: 2
D.Chernoff: 2
I.Wasserman: 2
G.Karakatsanis: 2
C.Madras: 2
S.Nayakshin: 2
A.Pomarol: 2
G.Giudice: 2
S.Dimopoulos: 2
N.Ferrari: 2
A.Pérez-Lorenzana: 2
A.Zepeda: 2
H.García-Compeán: 2
G.Burgio: 2
M.Baldo: 2
E.Praton: 2
M.McKee: 2
M.Webster: 2
H.El-Ad: 2
M.Biesiada: 2
R.Fernandes: 2
D.Strickland: 2
I.Stevens: 2
J.Rachen: 2
S.Folkes: 2
H.Domgorgen: 2
M.Dahlem: 2
J.Hayward: 2
V.Hagen-Thorn: 2
V.Yakovleva: 2
K.Roettiger: 2
K.Coble: 2
J.Collett: 2
S.Dutta: 2
B.Leibundgut: 2
H.Cuevas: 2
L.Jr.: 2
L.Morales-Rueda: 2
M.Still: 2
T.Konishi: 2
T.Tsuchiya: 2
B.Paczynski: 2
M.Kiraga: 2
J.Friedman: 2
N.Stergioulas: 2
S.Koranda: 2
H.Mutoh: 2
T.Hirai: 2
P.Predehl: 2
U.Becciani: 2
G.Yodh: 2
P.White: 2
G.Ross: 2
I.Goldman: 2
I.Mazzitelli: 2
V.Canuto: 2
N.Sánchez: 2
D.Lambert: 2
J.Sulentic: 2
M.Calvani: 2
P.Marziani: 2
T.Totani: 2
A.Kudlicki: 2
T.Gaisser: 2
P.Blasi: 2
V.Ptuskin: 2
E.Kampen: 2
R.Canal: 2
P.Durrell: 2
B.Carswell: 2
O.Jager: 2
S.Newell: 2
G.Field: 2
N.S'anchez: 2
C.Mauche: 2
Y.Lee: 2
D.Psaltis: 2
P.Gonthier: 2
H.Witt: 2
P.Zycki: 2
F.Jones: 2
C.Chiappini: 2
L.Abramo: 2
P.Peter: 2
L.Sidoli: 2
S.Campana: 2
T.Fukushige: 2
D.Feldkun: 2
L.Guzzo: 2
M.Tarenghi: 2
S.Ettori: 2
J.McClintock: 2
M.Treyer: 2
A.Doroshkevich: 2
S.Madsen: 2
A.Tomaney: 2
S.Kobayashi: 2
S.Sasaki: 2
M.Scodeggio: 2
H.Vedel: 2
U.Hellsten: 2
J.Bond: 2
L.Blitz: 2
T.Helfer: 2
G.Tanco: 2
M.Rajagopal: 2
E.M"uller: 2
B.Liu: 2
F.Liu: 2
G.Xie: 2
M.Moshir: 2
Y.Zhu: 2
P.Tozzi: 2
J.Newmark: 2
J.Benensohn: 2
J.Goussard: 2
J.Zdunik: 2
B.Nath: 2
M.Barstow: 2
M.Burleigh: 2
P.Dobbie: 2
X.Zhuge: 2
B.Hanlon: 2
G.Joshi: 2
S.Brumby: 2
M.Houdashelt: 2
T.Bulik: 2
F.Carrera.: 2
F.Zimmer: 2
G.Birk: 2
G.Jacoby: 2
J.Feldmeier: 2
R.Ciardullo,: 2
A.Parmar: 2
M.Rampp: 2
A.Miroshnichenko: 2
N.Kylafis: 2
S.Campana,: 2
R.Hoffman: 2
P.Henning: 2
M.Percival: 2
Z.Zou: 2
L.Petersen: 2
P.Gammelgaard: 2
T.Christensen: 2
M.Krockenberger: 2
R.Noyes: 2
W.Huchtmeier: 2
A.Retter: 2
G.Rosenfeld: 2
T.Mazeh: 2
Y.Krymolowski: 2
E.Wampler: 2
D.Pavón: 2
R.Häfner: 2
A.Kurpiewski: 2
J.Kuraszkiewicz: 2
A.Giazotto: 2
J.Matias: 2
A.Gruzinov: 2
R.Sudan: 2
S.Cowley: 2
F.Rouleau: 2
R.Stognienko: 2
T.Henning: 2
I.Antoniadis: 2
P.Mazur: 2
G.Rocha: 2
S.Hancock: 2
A.Starobinsky: 2
D.Polarski: 2
J.Lesgourgues: 2
C.Greiner: 2
K.Schertler: 2
M.Thoma: 2
A.Abbas: 2
S.Abbas: 2
L.Barrientos: 2
J.Blanco-Pillado: 2
R.Vázquez: 2
T.Heim: 2
S.Komossa: 2
D.Harris: 2
J.Biretta: 2
W.Junor: 2
I.Pardo: 2
J.Gorgas: 2
N.Cardiel: 2
S.Sridhar: 2
J.Rehm: 2
J.Pringle: 2
D.Kirkman: 2
P.Miocchi: 2
A.Ray: 2
F.Sutaria: 2
J.Sheikh: 2
A.Shemi: 2
C.Ionescu-Zanetti: 2
E.Agol: 2
O.Blaes: 2
J.Brodie: 2
I.Shapiro: 2
M.Mayor: 2
J.Wall: 2
F.Atrio-Barandela: 2
J.M"ucket: 2
K.Nollett: 2
X.Hua: 2
A.Venkatesan: 2
K.Kohri: 2
P.Hall: 2
C.Ho: 2
C.Yang: 2
V.Kahlilov: 2
R.Matzner: 2
T.Prabhu: 1
Y.Mayya: 1
C.Frost: 1
J.Lattanzio: 1
M.Persic: 1
P.Salucci: 1
I.O'Brien: 1
L.Drury: 1
B.Link: 1
B.Tremblay: 1
L.Singh: 1
C.Gammie: 1
G.Larsen: 1
M.Fatuzzo: 1
C.Graziani: 1
D.Kiselman: 1
M.Carlsson: 1
M.Higgins: 1
D.Terranova: 1
B.Geiger: 1
M.Vogeley: 1
E.Montanari: 1
P.Fortini: 1
C.Cutler: 1
L.Lindblom: 1
S.Raychaudhury: 1
W.Saslaw: 1
G.Laughlin: 1
A.Ulmer: 1
L.Lubin: 1
A.Bykov: 1
A.Khokkhlov: 1
G.Jaczko: 1
B.Wandelt: 1
E.Emsellem: 1
R.Cabanac: 1
D.Graff: 1
R.Scoccimarro: 1
M.Christiansen: 1
H.BI: 1
L.FANG: 1
A.Diaferio: 1
M.Balcells: 1
A.Donea: 1
J.Kmetko: 1
P.Mannheim: 1
T.Albada: 1
C.Carlson: 1
E.Lowenstein: 1
C.Dermer: 1
S.Sturner: 1
R.Sheth: 1
C.Chevalier: 1
S.Ilovaisky: 1
P.Avelino: 1
A.Yates: 1
J.Robinson: 1
R.Juszkiewicz: 1
N.Bahcall: 1
A.Chamorro: 1
K.Virbhadra: 1
A.Larsen: 1
F.Hehl: 1
Y.Obukhov: 1
E.Mielke: 1
F.Schunck: 1
G.Esposito-Farese: 1
A.Mayo: 1
J.Bekenstein: 1
C.Martins: 1
M.Gleiser: 1
R.Haas: 1
K.Tamvakis: 1
M.Guelin: 1
S.Kanbur: 1
H.Tadros: 1
K.Rauch: 1
S.Dodds: 1
F.Bertoldi: 1
S.Junqueira: 1
M.Pons-Borderia: 1
V.Martinez: 1
A.Mathieu: 1
G.McLaughlin: 1
P.Vauterin: 1
A.Prasanna: 1
M.Hoare: 1
P.Puxley: 1
E.Gawiser: 1
A.Kandus: 1
E.Calzetta: 1
M.Kutschera: 1
S.Kubis: 1
C.Rodrigo-Blanco: 1
J.Pérez-Mercader: 1
B.Xie: 1
F.Ma: 1
R.Conversano: 1
S.Gwyn: 1
K.Forster: 1
J.Owen: 1
J.Yngvason: 1
K.Johnsen: 1
G.Kane: 1
J.Wells: 1
S.Khlebnikov: 1
A.Nicolaidis: 1
A.Taramopoulos: 1
B.Paczyński: 1
G.Shaviv: 1
R.Jayawardhana: 1
B.Poggianti: 1
G.Barbaro: 1
M.Dubin: 1
R.Soberman: 1
E.Bradford: 1
D.Hoard: 1
A.Buchalter: 1
H.Sol: 1
T.Foglizzo: 1
D.Moffett: 1
T.Hankins: 1
T.Chou: 1
M.Giovannini: 1
S.Suzuki: 1
Y.Ignat'ev: 1
P.Saffin: 1
A.Zhitnitsky: 1
C.Vaz: 1
L.Witten: 1
M.Akritas: 1
M.Bershady: 1
R.Spurzem: 1
S.Aarseth: 1
P.Johnson: 1
H.Zhao: 1
T.Yano: 1
Y.Shchekinov: 1
M.Birkel: 1
J.Hudon: 1
G.Lewis: 1
L.Williams: 1
F.Marleau: 1
D.Folini: 1
R.Walder: 1
G.Kovacs: 1
J.Jurcsik: 1
C.Heller: 1
M.Romanova: 1
P.Ciliegi: 1
T.Maccacaro: 1
J.Carvalho: 1
P.Macedo: 1
J.Gomez-Gomar: 1
T.Kephart: 1
T.Weiler: 1
B.Wills: 1
M.Brotherton: 1
A.Laix: 1
L.Allen: 1
S.Samurovic: 1
V.Celebonovic: 1
S.Bhavsar: 1
S.Winitzki: 1
D.White: 1
A.Heckler: 1
I.Murakami: 1
N.Sanchez: 1
J.Levin: 1
S.Shvartsman: 1
V.Davidovsky: 1
N.Antunes: 1
A.Bray: 1
J.Filipe: 1
C.Schubert: 1
S.Adler: 1
R.Easther: 1
T.Shiromizu: 1
J.Pando: 1
L.Simard: 1
X.Martin: 1
J.Bezecourt: 1
E.Lokas: 1
M.Chodorowski: 1
Y.Pavlenko: 1
G.Parente: 1
I.Meiksin: 1
K.Pounds: 1
G.Boerner: 1
J.Wood: 1
T.Shahbaz: 1
D.Clayton: 1
D.Munshi: 1
K.Bakker: 1
K.Oohara: 1
T.Namamura: 1
J.Beacom: 1
T.Jong: 1
H.Vankov: 1
K.Imamura: 1
C.Pethick: 1
S.Morgan: 1
B.Stern: 1
C.Musso: 1
P.Goldoni: 1
N.Bilic: 1
R.Viollier: 1
G.Bertelli: 1
I.Grivell: 1
G.Davies: 1
M.Efroimsky: 1
G.Anupama: 1
P.Palmer: 1
H.Butner: 1
J.Barrow: 1
P.Parsons: 1
M.Laine: 1
D.Bazeia: 1
J.Morris: 1
J.Cordes: 1
T.Lazio: 1
K.Levenfish: 1
I.Dell'Antonio: 1
G.Baym: 1
V.Kalogera: 1
K.Asano: 1
P.Kraus: 1
V.Karas: 1
M.Nagashima: 1
J.Bednarz: 1
Z.Ivezic,: 1
A.Brown: 1
W.Verschueren: 1
V.Bezchastnov: 1
A.Stirling: 1
M.Loewenstein: 1
R.Bouwens: 1
S.Grossman: 1
J.Spyromilio: 1
M.Forestini: 1
Q.Wang: 1
T.Ye: 1
T.Porter: 1
T.Alexander: 1
G.Wunner: 1
M.Kachelriess: 1
K.Taniguchi: 1
O.Morell: 1
D.Lazzati: 1
A.Howard: 1
J.Ehlers: 1
H.Papathanassiou: 1
S.Warren: 1
K.Iida: 1
M.Sincell: 1
P.Marcum: 1
M.Holman: 1
P.Wiegert: 1
F.Sori: 1
M.Edmunds: 1
M.Schultheis: 1
A.Peimbert: 1
E.Jenkins: 1
G.Walther: 1
P.Sturrock: 1
E.Audit: 1
J.Alimi: 1
T.Kodama: 1
L.Masperi: 1
Z.Loska: 1
D.Markovic: 1
A.Cillis: 1
A.Romanowsky: 1
J.Faraudo: 1
R.Dominguez-Cascante: 1
A.Wiseman: 1
D.Lai: 1
A.Taruya: 1
Y.Nambu: 1
J.Garriga: 1
G.Wilk: 1
Z.Wlodarczyk: 1
H.Lehto: 1
H.Ritter: 1
J.Hameury: 1
K.Dimopoulos: 1
M.Groenewegen: 1
D.Koranyi: 1
E.Corbelli: 1
S.Schneider: 1
D.Kennedy: 1
E.Brocato: 1
D.Egret: 1
E.Telles: 1
A.Iovino: 1
P.Hickson: 1
J.Ferguson: 1
J.Pryadko: 1
B.Gladman: 1
E.Pignatelli: 1
G.Galletta: 1
C.Clarke: 1
J.Jr.: 1
F.Aharonian: 1
G.Smith: 1
T.Strobel: 1
P.Dubath: 1
I.Yadigaroglu: 1
J.Orosz: 1
M.Bucher: 1
G.Siemieniec-Oziȩbło: 1
D.Abrams: 1
L.Brown: 1
R.Sawyer: 1
D.Fraix-Burnet: 1
V.Despringre: 1
B.Gustafsson: 1
N.Ryde: 1
M.Jensen: 1
L.Wolfenstein: 1
G.Kribs: 1
I.Rothstein: 1
P.Kostaedt: 1
E.Burbidge: 1
M.Mendez: 1
P.Biltzinger: 1
P.Boschan: 1
E.Guerra: 1
R.Daly: 1
M.McCaughrean: 1
H.Bi: 1
D.Pogosyan: 1
A.Koter: 1
M.Hudson: 1
A.Blanchard,: 1
C.Mulliss: 1
K.Gordon: 1
F.Melia: 1
R.Jong: 1
J.Bullock: 1
R.Méndez: 1
W.Jaffe: 1
H.Dottori: 1
S.Desch: 1
W.Roberge: 1
J.Pacheco: 1
M.Spaans,: 1
J.Dupuis: 1
S.Vennes: 1
P.Pinto: 1
R.Eastman: 1
U.Pen: 1
V.Mendez: 1
H.Jahreiss: 1
E.Moran: 1
M.Lehnert: 1
J.Houser: 1
C.Santos: 1
R.Gregory: 1
A.Acker: 1
D.Langlois: 1
M.Nagasawa: 1
M.Chiaberge: 1
J.Dame: 1
B.McNamara: 1
L.Mantegazza: 1
J.Touma: 1
D.Tripathy: 1
S.Mishra: 1
M.Hazen: 1
A.Fuente: 1
J.Wadsley: 1
R.Bower: 1
A.King: 1
U.Kolb: 1
N.Menci: 1
J.Kirk,: 1
U.Gieseler: 1
L.Danly: 1
R.Benjamin: 1
E.Fomalont: 1
K.Windhorst: 1
N.Devereux: 1
S.Hameed: 1
M.Kunz: 1
J.Peitz: 1
S.Appl: 1
R.Girard: 1
G.Henri: 1
P.Petrucci: 1
N.Turok: 1
P.Goldreich: 1
A.Ioannisian: 1
A.Kuznetsov: 1
N.Mikheev: 1
Q.Shafi: 1
