A.Rodgers: 534
M.Catanese: 352
F.Frontera: 337
J.Buckley: 337
A.Hillas: 335
D.Carter-Lewis: 335
D.Fegan: 335
F.Krennrich: 335
G.Sembroski: 335
J.Finley: 335
J.Gaidos: 335
M.Cawley: 335
R.Lamb: 335
Y.Matsubara: 322
T.Weekes: 311
F.Samuelson: 296
H.Rose: 296
J.McEnery: 296
J.Quinn: 296
R.Lessard: 296
R.Srinivasan: 296
P.Boyle: 275
G.Mohanty: 271
J.Zweerink: 270
Y.Muraki: 269
Y.Mizumoto: 266
B.Peterson: 259
W.Sutherland: 257
K.Freeman: 255
M.Roberts: 249
P.Quinn: 249
L.Piro: 246
A.Burdett: 245
C.Masterson: 245
C.Alcock: 243
K.Griest: 243
M.Feroci: 243
C.Stubbs: 242
K.Cook: 242
A.Becker: 238
D.Alves: 238
D.Bennett: 238
R.Allsman: 238
S.Marshall: 238
T.Axelrod: 238
T.Yoshida: 236
D.Minniti: 234
P.Edwards: 234
E.Costa: 230
L.Nicastro: 228
E.Palazzi: 226
M.Pratt: 221
M.Mori: 220
M.Lehner: 219
G.Fontaine: 217
J.Gordo: 216
A.Masaike: 213
A.Suzuki: 213
G.Rowell: 213
G.Thornton: 213
H.Muraishi: 213
J.Patterson: 213
K.Nishijima: 213
K.Sakurazawa: 213
R.Susukita: 213
S.Dazeley: 213
S.Ogio: 213
S.Yanagita: 213
T.Hara: 213
T.Kifune: 213
T.Konishi: 213
T.Naito: 213
T.Sako: 213
T.Tamura: 213
T.Tanimori: 213
T.Yoshikoshi: 213
D.Fiume: 211
C.Renault: 204
D.Welch: 201
D.Smith: 193
T.Vandehei: 186
Y.Hayami: 183
R.Kita: 182
R.Suzuki: 182
S.Kamei: 182
I.Grenier: 181
C.Meynadier: 180
H.Cabot: 180
P.Fleury: 180
A.Parmar: 180
P.Goret: 179
M.Orlandini: 178
K.Hurley: 177
A.Tomaney: 177
J.Heise: 176
A.Barrau: 175
A.Djannati-Atai: 175
B.Degrange: 175
B.Fabre: 175
C.Ghesquiere: 175
C.Gouiffes: 175
D.Dumora: 175
E.Pare: 175
G.Debiais: 175
J.Dezalay: 175
J.Quebert: 175
J.Tavernet: 175
J.Vrana: 175
K.Ragan: 175
L.Chounet: 175
L.Iacoucci: 175
L.Rob: 175
M.Punch: 175
M.Rivoal: 175
P.Espigat: 175
P.Schovanek: 175
R.Bazer-Bachi: 175
R.George: 175
S.Bohec: 175
T.Palfrey: 175
Y.Pons: 175
E.Pian: 171
S.Bradbury: 171
J.Paradijs: 170
C.Kouveliotou: 152
G.Cusumano: 148
I.Bond: 147
G.Fishman: 144
F.Fiore: 143
P.Stetson: 141
S.Molendi: 134
A.Filippenko: 133
M.Tavani: 129
A.Treves: 124
C.Meegan: 124
S.Biller: 124
L.Maraschi: 123
A.Breslin: 122
R.Ellis: 112
J.Zand: 112
S.Kabe: 109
P.Moriarty: 109
D.Band: 107
C.Akerlof: 106
A.Comastri: 105
P.Grandi: 105
F.Munz: 105
I.Mallet: 105
J.Hesser: 103
W.Sargent: 102
R.Abraham: 101
M.Guainazzi: 100
C.Urry: 99
M.Klis: 98
V.Connaughton: 98
D.Sullivan: 97
J.Huchra: 97
A.Castro-Tirado: 97
S.Zhang: 95
T.Takahashi: 95
T.Cline: 93
J.Muller: 93
Y.Matsuoka: 92
N.Gehrels: 90
R.McMahon: 89
G.Ghisellini: 89
T.Gull: 89
R.Smith: 88
E.Kuulkers: 87
B.Vaughan: 86
D.Hartmann: 85
S.Giarrusso: 84
J.Grindlay: 84
S.Swordy: 81
A.Owens: 81
B.Dorman: 80
D.Schade: 80
G.Efstathiou: 79
P.Kaaret: 79
H.Pedersen: 79
H.Yee: 79
A.Celotti: 79
J.Hoessel: 79
J.Mould: 79
D.Reiss: 77
R.Carlberg: 77
D.Lindler: 77
J.Nishimura: 76
L.Amati: 76
W.Paciesas: 75
D.Muller: 75
A.Fruchter: 74
A.Fabian: 73
C.Grillmair: 73
D.Ferguson: 73
P.Butterworth: 73
S.Barthelmy: 73
J.Hutchings: 73
G.Stirpe: 73
M.Cappi: 72
J.Liebert: 72
E.Ellingson: 72
S.Morris: 72
H.Lin: 72
G.Zamorani: 72
I.Reid: 71
P.Smith: 71
B.Woodgate: 71
G.Illingworth: 70
R.Rich: 70
R.Becker: 70
W.Lewin: 70
J.Pesce: 70
I.Malet: 70
P.Munz: 70
P.Giommi: 69
A.Smith: 69
T.Nakamura: 69
D.Kieda: 69
G.Matt: 68
T.Smecker-Hane: 68
W.Brandt: 68
C.Pritchet: 68
R.Griffiths: 68
P.Gorham: 68
G.Zavattini: 68
C.Frenk: 67
M.Mendez: 67
B.Carter: 66
R.Hill: 66
M.Gregg: 65
M.Reid: 65
E.Ables: 65
E.Parker: 65
H.Park: 65
L.Ott: 65
R.Bionta: 65
L.Hernquist: 64
S.White: 64
R.Bohlin: 64
R.Ong: 64
T.Oosterbroek: 64
H.Ford: 64
M.Cinti: 64
M.Sasaki: 63
C.Wilson: 63
L.Bassani: 63
W.Landsman: 61
M.Ulmer: 61
W.Hermsen: 61
D.Maoz: 61
A.Layden: 61
J.Guern: 61
M.Phillips: 61
N.Suntzeff: 61
B.Harmon: 60
B.Boyle: 60
H.Sato: 60
A.Dey: 60
J.Oke: 60
E.Loh: 60
A.Retter: 59
W.Purcell: 59
M.Schubnell: 59
A.Rorabeck: 59
M.Miyamoto: 58
R.Dodd: 58
J.Graham: 58
F.Hartwick: 58
M.Gilfanov: 58
M.Teshima: 58
A.Hall: 58
C.Collins: 57
M.Sekiguchi: 57
W.Johnson: 57
R.Sunyaev: 57
N.Silbermann: 57
R.Butler: 57
K.Bennett: 57
D.Weinberg: 56
A.Heller: 56
A.Kitamura: 56
J.Hearnshaw: 56
J.Jugaku: 56
M.Honda: 56
M.Yoshizawa: 56
O.Kovo: 56
P.Kilmartin: 56
P.Yock: 56
S.Beaulieu: 56
S.Kaspi: 56
T.Banks: 56
T.Love: 56
T.Yanagisawa: 56
W.Allen: 56
Y.Watase: 56
R.Kollgaard: 56
S.Piraino: 56
F.Lamb: 55
S.Yoshida: 55
C.Robinson: 54
T.Mineo: 54
J.Halpern: 54
F.Pearce: 54
D.Psaltis: 54
J.Gardner: 54
M.Mignoli: 54
R.Scaramella: 54
D.Buckley: 54
L.Chiappetti: 53
G.Piotto: 53
R.Mushotzky: 53
A.Shiomi: 53
D.Nishikawa: 53
E.Kusano: 53
F.Ishikawa: 53
F.Kajino: 53
H.Hirasawa: 53
H.Kitamura: 53
H.Lafoux: 53
H.Ohoka: 53
H.Shimodaira: 53
H.Yoshii: 53
I.Tsushima: 53
K.Hibino: 53
K.Honda: 53
K.Kuramochi: 53
K.Kurata: 53
K.Mizutani: 53
K.Sakumoto: 53
M.Chikawa: 53
M.Nagano: 53
M.Nishizawa: 53
M.Ohnishi: 53
M.Sakata: 53
M.Sasano: 53
N.Hayashida: 53
N.Hotta: 53
N.Inoue: 53
N.Ito: 53
N.Kawasumi: 53
N.Sakaki: 53
P.Sokolsky: 53
S.Aiso: 53
S.Kawakami: 53
S.Taylor: 53
T.Kashiwagi: 53
T.Matsuyama: 53
T.Ouchi: 53
T.Sugiyama: 53
T.Yamamoto: 53
T.Yuda: 53
To.Saito: 53
Y.Hayashi: 53
Y.Kawasaki: 53
Y.Uchihori: 53
Y.Yamamoto: 53
N.Porter: 53
S.Heap: 53
R.Bender: 52
K.Glazebrook: 52
F.Hasenbalg: 52
G.Pendleton: 52
M.Vargas: 52
J.Rose: 52
N.Katz: 51
J.Colberg: 51
M.Wood: 51
E.Churazov: 51
P.Groot: 51
T.Galama: 51
S.Sordo: 51
I.Hook: 50
E.Jourdain: 50
A.Jenkins: 50
L.Antonelli: 50
W.Sparks: 50
G.Williams: 50
G.Tagliaferri: 50
T.Kii: 49
R.Kennicutt: 49
A.Gattone: 49
J.Collar: 49
J.Hester: 49
P.Whitelock: 49
V.Schoenfelder: 49
M.Lacy: 48
G.Palumbo: 48
G.Wegner: 48
J.Holtzman: 48
I.George: 48
T.Tumer: 48
D.Crampton: 48
G.Chincarini: 48
A.Goldwurm: 48
P.Laurent: 48
L.Wells: 48
M.Hamuy: 48
G.Wirth: 47
S.Perlmutter: 47
S.Hughes: 47
R.Blandford: 47
J.Peacock: 47
R.Wijnands: 47
R.Jager: 47
M.Livio: 47
F.Macchetto: 47
L.Ferrarese: 47
S.Faber: 46
M.Krockenberger: 46
A.Blanchard: 46
P.Garnavich: 46
A.Segreto: 46
S.Djorgovski: 45
A.Goobar: 45
A.Kim: 45
C.Pennypacker: 45
D.Groom: 45
G.Goldhaber: 45
M.Kim: 45
R.Pain: 45
D.Maccagni: 45
A.Dyachkov: 45
J.Roques: 45
N.Khavenson: 45
B.Madore: 45
W.Freedman: 45
R.Kirshner: 45
J.Ryan: 45
A.Matteuzzi: 44
G.Perola: 44
H.Couchman: 44
C.Shepherd: 44
L.Guzzo: 44
K.Sahu: 44
A.Saha: 44
D.Rawson: 44
L.Macri: 44
M.Han: 44
P.Harding: 44
R.Phelps: 44
S.Sakai: 44
R.Schommer: 44
P.Martinez: 44
G.Pizzichini: 44
M.Kaiser: 44
S.Kraemer: 44
J.Cohen: 43
M.Irwin: 43
W.Couch: 43
T.Stecher: 43
D.Abriola: 43
H.Huck: 43
A.Vidal-Madjar: 43
R.Ferlet: 43
I.Smail: 43
K.Jahoda: 43
B.Wilkes: 43
H.Bloemen: 43
S.Nussinov: 43
S.Rawlings: 42
F.Pecci: 42
A.Bressan: 42
W.Harris: 42
J.Knapp: 42
C.Raiteri: 42
E.Massaro: 42
G.Francesco: 42
M.Villata: 42
A.Santangelo: 42
H.Farach: 42
K.Zioutas: 42
R.Creswick: 42
G.Williger: 42
E.Leibowitz: 42
R.Kimble: 42
J.Clemens: 42
B.Sacco: 41
M.Barstow: 41
T.Belloni: 41
W.Holzapfel: 41
K.Young: 41
M.Briggs: 41
G.Fazio: 41
A.Bruyn: 41
P.Padovani: 41
S.Thorsett: 41
K.Horne: 40
R.Nelson: 40
T.Brown: 40
H.Bond: 40
A.Marscher: 40
T.Prince: 40
P.Gravel: 40
D.Sasselov: 40
E.Zucca: 40
G.Vettolani: 40
M.Ramella: 40
G.Madejski: 40
A.Watson: 40
A.Coletta: 40
M.Rapisarda: 40
I.King: 39
G.Fiorentini: 39
R.Petre: 39
A.Nelson: 39
P.Thomas: 39
M.Bolte: 39
A.Marconi: 39
A.Barth: 39
B.Dingus: 39
F.Seward: 39
G.Gillanders: 39
M.Kertzman: 39
M.Lang: 39
M.Urban: 39
P.Slane: 39
S.Matz: 39
T.McKay: 39
M.Valle: 39
R.Green: 39
J.Webb: 39
A.Bruvold: 39
A.Grauer: 39
A.Kanaan: 39
A.Nitta: 39
B.Ashoka: 39
B.Hine: 39
B.Warner: 39
C.Claver: 39
C.Hansen: 39
D.Kurtz: 39
D.Wickramasinghe: 39
D.Winget: 39
E.Meistas: 39
G.Vauclair: 39
J.Dixson: 39
J.Krzesinski: 39
J.Provencal: 39
J.Solheim: 39
K.Yanagida: 39
M.Chevreton: 39
N.Dolez: 39
N.Marar: 39
O.Giovannini: 39
P.Bradley: 39
P.Moskalik: 39
R.Nather: 39
S.Kawaler: 39
S.Kepler: 39
S.Kleinman: 39
S.Seetha: 39
T.Augusteijn: 39
T.Watson: 39
A.Starobinsky: 38
E.Ford: 38
A.Renzini: 38
D.Hogg: 38
L.Bildsten: 38
F.Carrera: 38
J.Baldwin: 38
J.Gorosabel: 38
P.Seitzer: 38
S.Maran: 38
D.Tucker: 37
J.Shull: 37
R.O'Connell: 37
S.Neff: 37
T.Shanks: 37
A.Burrows: 37
W.Hubbard: 37
G.Stewart: 37
J.Tonry: 37
M.Balogh: 37
O.Almaini: 37
G.Hasinger: 37
M.Fanelli: 37
J.Learned: 37
J.Beaulieu: 37
K.Lanzetta: 37
W.Cui: 36
A.Schwope: 36
A.Tzioumis: 36
H.Ferguson: 36
R.Rood: 36
A.Tomasch: 36
C.Bower: 36
C.Chaput: 36
D.Lowder: 36
E.Schneider: 36
E.Torbet: 36
G.Nolfo: 36
G.Tarle: 36
J.Beatty: 36
J.Musser: 36
S.Barwick: 36
S.Coutu: 36
S.McKee: 36
S.Nutter: 36
A.Cappi: 36
C.Balkowski: 36
D.Proust: 36
H.MacGillivray: 36
R.Merighi: 36
S.Maurogordato: 36
V.Cayatte: 36
H.Marshall: 36
S.Penton: 36
P.Lundqvist: 36
A.Morales: 36
F.Avignone: 36
H.Miley: 36
J.Morales: 36
J.Reeves: 36
J.Villar: 36
R.Brodzinski: 36
E.Puchnarewicz: 36
R.Gilliland: 36
I.Browne: 36
P.Wilkinson: 36
J.Grady: 36
J.Loiacono: 36
J.Hjorth: 35
R.Narayan: 35
M.Dopita: 35
E.Falco: 35
A.Gould: 35
D.Saumon: 35
J.Lunine: 35
R.Freedman: 35
M.Finger: 35
M.Tornikoski: 35
S.Wolk: 35
N.Collins: 35
P.Challis: 35
D.Barret: 35
R.McCray: 35
A.Riess: 35
M.Sawicki: 35
C.Burrows: 35
D.Crisp: 35
G.Ballester: 35
J.Clarke: 35
J.Trauger: 35
J.Westphal: 35
K.Stapelfeldt: 35
P.Scowen: 35
R.Evans: 35
P.Hakala: 35
C.Sosin: 34
H.Matsumoto: 34
K.Leighly: 34
R.Nichol: 34
H.Richer: 34
R.Bell: 34
A.Lange: 34
P.Ade: 34
P.Mauskopf: 34
S.Church: 34
M.Mateo: 34
K.Mason: 34
A.Magalhaes: 34
C.Rodrigues: 34
R.Sambruna: 34
X.Barcons: 34
L.Petro: 34
W.Heindl: 34
D.Macomb: 34
B.Schmidt: 34
R.Wurtz: 34
G.Nicolson: 34
L.Bergeron: 34
R.Lucas: 34
R.Rebolo: 33
J.McClintock: 33
J.Poutanen: 33
C.Dermer: 33
U.Hopp: 33
P.Popowski: 33
E.Hooper: 33
A.Readhead: 33
W.Zhang: 33
P.Guhathakurta: 33
A.Danks: 33
L.Ho: 33
G.Fossati: 33
A.Jaunsen: 33
P.Blanco: 33
J.Timothy: 33
T.Beck: 33
T.Broadhurst: 33
H.Badran: 33
T.Hall: 33
J.Einasto: 32
V.Müller: 32
D.Kelson: 32
D.Koo: 32
L.Jones: 32
C.Chiosi: 32
A.Crotts: 32
N.Sugiyama: 32
J.Moran: 32
T.Guillot: 32
A.Dressler: 32
R.Preece: 32
J.Kaluzny: 32
T.Pearson: 32
M.Salvati: 32
D.Marsden: 32
R.Rothschild: 32
A.Clocchiatti: 32
B.Leibundgut: 32
J.Spyromilio: 32
R.Ivison: 32
R.Schilizzi: 32
M.Bremer: 32
P.Muhli: 32
C.Otani: 31
M.Tegmark: 31
M.Haynes: 31
F.Ferraro: 31
N.Panagia: 31
O.Fevre: 31
A.Pereyra: 31
A.Schutte: 31
C.Palma: 31
D.Kilkenny: 31
E.Covino: 31
F.Marang: 31
F.Wyk: 31
H.Aller: 31
J.Walt: 31
L.Knee: 31
M.Kedziora-Chudczer: 31
M.Kunkel: 31
M.Sitko: 31
V.Margoniner: 31
Y.Kim: 31
F.Favata: 31
G.Malaguti: 31
F.Kakimoto: 31
S.Oda: 31
T.Matsuoka: 31
T.Ohsaki: 31
S.Baum: 31
C.Bowers: 31
J.Silk: 30
D.Scott: 30
F.Combes: 30
J.III: 30
M.Marley: 30
R.Giovanelli: 30
R.Buonanno: 30
D.Chakrabarty: 30
I.Korel: 30
J.Ballet: 30
L.Bouchet: 30
S.Kuznetsov: 30
V.Borrel: 30
M.Maccarone: 30
J.Hibbard: 30
W.Collmar: 30
A.Davies: 30
A.Silva: 30
A.Sonnenschein: 30
A.Spadafora: 30
B.Cabrera: 30
B.Dougherty: 30
B.Sadoulet: 30
B.Young: 30
D.Akerib: 30
D.Bauer: 30
D.Caldwell: 30
E.Haller: 30
J.Jochum: 30
K.Irwin: 30
M.Penn: 30
P.Brink: 30
P.Jr: 30
R.Clarke: 30
R.Gaitskell: 30
R.Ross: 30
R.Schnee: 30
S.Golwala: 30
S.Nam: 30
S.Yellin: 30
T.Perera: 30
T.Shutt: 30
V.Kuzminov: 30
V.Novikov: 30
W.Knowlton: 30
W.Stockwell: 30
P.Frisch: 29
S.Gottlöber: 29
S.Maddox: 29
K.Nomoto: 29
S.Mereghetti: 29
A.Lasenby: 29
I.Georgantopoulos: 29
D.Koh: 29
R.Wilson: 29
M.Rowan-Robinson: 29
A.Franceschini: 29
Y.Mellier: 29
D.Frail: 29
A.Okada: 29
A.Yamaguchi: 29
D.O'Connor: 29
H.Bradner: 29
J.Bolesta: 29
J.Clem: 29
J.George: 29
J.Hauptman: 29
K.Mauritz: 29
M.Jaworski: 29
M.Webster: 29
P.Grieder: 29
P.Minkowski: 29
R.March: 29
R.Wilkes: 29
S.Dye: 29
S.Kondo: 29
S.Matsuno: 29
S.Uehara: 29
T.Hayashino: 29
T.Kitamura: 29
T.Matsumoto: 29
T.Narita: 29
U.Camerini: 29
V.Peterson: 29
V.Stenger: 29
Y.Ohashi: 29
P.Bloser: 29
A.Milsztajn: 29
B.Laurent: 29
C.Coutures: 29
C.Gry.: 29
C.Magneville: 29
E.Aubourg: 29
E.Lesquoy: 29
E.Maurice: 29
F.Cavalier: 29
F.Queinnec: 29
J.Kat: 29
J.Rich: 29
L.Moscoso: 29
L.Prévot: 29
L.Vigroux: 29
M.Gros: 29
M.Lachièze-Rey: 29
M.Moniez: 29
M.Spiro: 29
N.Delabrouille: 29
P.Bareyre: 29
R.Ansari: 29
S.Brehin: 29
S.Zylberajch: 29
J.Bussons~Gordo: 29
T.Weeke: 29
F.Haardt: 29
N.Walton: 29
A.Sweigart: 29
A.Walker: 29
D.Rehner: 29
E.Siciliano: 29
F.Baganoff: 29
J.Elias: 29
J.Maza: 29
J.Roth: 29
L.Gonzalez: 29
M.Navarrete: 29
N.Tyson: 29
P.Lira: 29
P.Ugarte: 29
R.Aviles: 29
T.Williams: 29
A.Perez: 29
C.Fransson: 29
M.Einasto: 28
T.Barlow: 28
L.Stella: 28
S.Borgani: 28
A.Szalay: 28
B.Burke: 28
S.Nair: 28
A.Oemler: 28
K.Iwasawa: 28
L.Danese: 28
K.Nandra: 28
A.Brown: 28
D.Gruber: 28
M.Pelling: 28
G.Sonneborn: 28
P.Plait: 28
P.Wood: 28
C.Fassnacht: 28
D.Patton: 28
F.Hammer: 28
S.Eales: 27
A.King: 27
T.Wilbanks: 27
W.Wamsteker: 27
H.Fink: 27
K.Stanek: 27
G.Luppino: 27
K.Harris: 27
B.Gibson: 27
H.Chen: 27
C.Guerard: 27
D.Jauncey: 27
J.Reynolds: 27
L.Tresse: 27
D.Marlow: 27
N.Jackson: 27
A.Broeils: 27
C.Wolf: 27
H.Kristen: 27
J.Espinosa: 27
L.Monaldi: 27
M.Andersen: 27
M.Naeslund: 27
M.Wold: 27
R.Fockenbrock: 27
R.Ostensen: 27
T.Grav: 27
J.Blom: 27
J.Stacy: 27
O.Williams: 27
C.Perola: 27
G.Sobrito: 27
I.Glass: 27
L.Costamante: 27
L.Lanteri: 27
M.Cavallone: 27
H.Andernach: 26
G.Dalton: 26
T.Courvoisier: 26
D.Carter: 26
B.Holden: 26
P.Zeeuw: 26
J.Walsh: 26
J.Zweerink.: 26
E.Colombo: 26
M.West: 26
A.Rovero: 26
B.Rubin: 26
R.Knop: 26
D.Jiang: 26
V.Saar: 25
M.Colless: 25
H.Inoue: 25
D.Crenshaw: 25
A.Romer: 25
R.Sharples: 25
J.Stauffer: 25
M.Montuori: 25
G.Lake: 25
F.Thielemann: 25
E.Phinney: 25
J.Swank: 25
B.Ratra: 25
K.Sellgren: 25
D.Gregorio: 25
P.Schechter: 25
T.Dotani: 25
W.Voges: 25
R.Fosbury: 25
S.Tremaine: 25
A.Wilson: 25
G.Granato: 25
M.Dickinson: 25
B.Schaefer: 25
J.Hill: 25
G.Miley: 25
G.Israel: 25
P.Ruiz-Lapuente: 25
R.Remillard: 24
K.Beuermann: 24
Y.Fukazawa: 24
J.Dunlop: 24
F.Labini: 24
R.Kraan-Korteweg: 24
J.Lee: 24
S.Shapiro: 24
E.Gotthelf: 24
C.Hogan: 24
J.Fowler: 24
L.Fortson: 24
S.Myers: 24
L.Silva: 24
T.Lauer: 24
F.Marshall: 24
G.Worthey: 24
C.Sharp: 24
D.Sudarsky: 24
R.Saglia: 24
R.Maiolino: 24
N.Masetti: 24
C.Lidman: 24
P.Soffitta: 24
A.Turner: 24
F.Bresolin: 24
C.Vignali: 23
S.Savaglio: 23
H.Newberg: 23
I.Small: 23
P.Bunclark: 23
S.Gabi: 23
T.Matheson: 23
R.Fender: 23
A.Klypin: 23
J.Lowenthal: 23
T.Geballe: 23
Jr.: 23
B.Lee: 23
A.Oliveira-Costa: 23
C.Gutierrez: 23
K.Ganga: 23
J.Raymond: 23
A.Blair: 23
J.Kurfess: 23
G.Fahlman: 23
K.Green: 23
M.Chantell: 23
J.Matteson: 23
D.Richstone: 23
V.Springel: 23
S.Degl'Innocenti: 23
R.Falomo: 23
I.Mirabel: 23
K.O'Brien: 23
Z.Tsvetanov: 23
X.Hong: 23
A.Yamamoto: 23
B.Kimbell: 23
H.Matsunaga: 23
I.Ueda: 23
J.Mitchell: 23
J.Ormes: 23
J.Suzuki: 23
K.Anraku: 23
K.Tanaka: 23
K.Yoshimura: 23
M.Imori: 23
M.Motoki: 23
M.Nozaki: 23
M.Otoba: 23
N.Yajima: 23
R.Streitmatter: 23
S.Orito: 23
T.Saeki: 23
T.Sanuki: 23
T.Yamagami: 23
Y.Makida: 23
J.Brinchmann: 23
S.Lilly: 23
A.Zijlstra: 22
Y.Yoshii: 22
K.Koyama: 22
J.Gallego: 22
R.Guzman: 22
T.Yaqoob: 22
K.Makishima: 22
T.Ohashi: 22
J.Linsky: 22
H.Ebeling: 22
J.Ostriker: 22
Y.Chu: 22
M.Merrifield: 22
D.Spergel: 22
M.Boer: 22
M.Matsuoka: 22
A.Mazure: 22
D.Fixsen: 22
E.Morgan: 22
I.Hubeny: 22
M.Schmidt: 22
A.Basu: 22
L.Baskett: 22
F.Mantovani: 22
G.Aldering: 22
P.Nugent: 22
S.Deustua: 22
S.Fabbro: 22
T.Tsujimoto: 21
J.Primack: 21
D.Forbes: 21
G.Taylor: 21
V.Castellani: 21
L.Knox: 21
R.Antonucci: 21
S.Andreon: 21
A.Fletcher: 21
J.Lehar: 21
S.Conner: 21
M.Eracleous: 21
J.Greiner: 21
J.Kneib: 21
M.Pettini: 21
J.Makino: 21
R.Noyes: 21
S.Cristiani: 21
T.Turner: 21
J.Truemper: 21
J.Marti: 21
S.Howell: 21
A.Guarnieri: 21
A.Piccioni: 21
C.Bartolini: 21
J.Lambert: 21
M.Keane: 21
D.Meier: 21
D.Murphy: 21
E.King: 21
J.Lovell: 21
M.Costa: 21
M.Sinclair: 21
P.McCulloch: 21
R.Ferris: 21
R.Gough: 21
S.Liang: 21
S.Tingay: 21
T.Ommen: 21
T.Wan: 21
Z.Shen: 21
R.Giacconi: 21
D.Ricci: 20
C.Bailyn: 20
D.Hughes: 20
A.Loeb: 20
A.Davidsen: 20
J.Valle: 20
M.Malkan: 20
R.Hutchings: 20
M.Lemoine: 20
W.Chen: 20
J.Bland-Hawthorn: 20
C.McKee: 20
W.Blair: 20
M.Maisack: 20
M.Pohl: 20
A.Newsam: 20
I.McHardy: 20
J.Kormendy: 20
J.Magorrian: 20
K.Gebhardt: 20
R.Carvalho: 20
A.Udalski: 20
M.Kubiak: 20
M.Szymanski: 20
F.Hamann: 20
P.Demarque: 20
D.Terndrup: 20
D.Petry: 20
C.Shrader: 20
G.Hermann: 20
W.Hofmann: 20
K.Pollard: 20
W.Lawson: 20
W.Yu: 20
F.Haberl: 20
E.Tago: 19
P.Hut: 19
D.Ryu: 19
R.Fesen: 19
M.McCollough: 19
A.Kogut: 19
L.Lu: 19
X.Wu: 19
S.Campana: 19
A.Phillips: 19
D.Boyanovsky: 19
H.Vega: 19
R.Holman: 19
D.Thompson: 19
G.Kanbach: 19
N.Pirzkal: 19
D.Jones: 19
C.Corsi: 19
R.Staubert: 19
K.Weiler: 19
R.Sramek: 19
S.Dyk: 19
T.Storchi-Bergmann: 19
M.Lattanzi: 19
J.Ralston: 19
E.Giallongo: 19
R.Silverberg: 19
L.Piccirillo: 19
C.Kochanek: 19
D.Rouan: 19
W.Pietsch: 19
P.Mazzei: 19
D.Steeghs: 19
R.Carballo: 19
A.Diercks: 19
C.Krebs: 19
M.Clampin: 19
S.Yi: 19
T.Lanz: 19
R.Schild: 19
D.Ellithorpe: 19
D.Ficenec: 19
M.DuVernois: 19
T.Piran: 18
J.Ge: 18
M.Vietri: 18
R.Terlevich: 18
T.Tsuru: 18
B.Ziegler: 18
M.Franx: 18
H.Ezawa: 18
T.Murakami: 18
L.Pietronero: 18
R.Svensson: 18
E.Davoust: 18
L.Fang: 18
P.Jetzer: 18
R.Cen: 18
C.Henkel: 18
R.Shah: 18
M.Strauss: 18
I.Shapiro: 18
M.Davis: 18
C.Pryor: 18
J.Isern: 18
C.Covault: 18
T.Tripp: 18
H.Tran: 18
J.Grove: 18
T.Shahbaz: 18
S.Zaggia: 18
T.Ponman: 18
S.McMillan: 18
F.Makino: 18
K.Sasaki: 18
M.Tashiro: 18
R.Fujimoto: 18
E.Burbidge: 18
R.Cohen: 18
V.Junkkarinen: 18
J.Hollis: 18
J.Offenberg: 18
J.Parker: 18
M.Greason: 18
P.Chen: 18
R.Cornett: 18
R.Parise: 18
W.Waller: 18
J.Hughes: 18
M.Coe: 18
E.Poretti: 18
J.Malzac: 18
K.Ebisawa: 18
A.D'Alessandro: 18
A.Fubini: 18
C.Arpesella: 18
C.Broggini: 18
C.Gustavino: 18
C.Rolfs: 18
D.Zahnow: 18
E.Bellotti: 18
F.Strieder: 18
G.Gervino: 18
H.Trautvetter: 18
M.Junker: 18
P.Corvisiero: 18
P.Prati: 18
S.Zavatarelli: 18
U.Greife: 18
W.Rodney: 18
P.Diamond: 18
A.Solorzano: 18
D.DiGregorio: 18
H.Thomas: 18
M.Still: 18
L.Kuiper: 18
M.McConnell: 18
P.Goldoni: 18
J.Gallagher: 18
L.Feretti: 18
K.Lo: 18
A.Cole: 18
M.Geha: 18
J.Hakkila: 18
A.Solórzano: 18
C.Guérard: 18
T.Jones: 17
M.Turner: 17
L.Moscardini: 17
R.Wijers: 17
M.Hernanz: 17
J.Mather: 17
G.Gilmore: 17
H.Nunokawa: 17
M.Yun: 17
N.Arimoto: 17
J.Krolik: 17
T.Buchert: 17
S.Hancock: 17
Y.Rephaeli: 17
A.Borione: 17
B.Fick: 17
B.Newport: 17
D.Nitz: 17
D.Sinclair: 17
J.Cronin: 17
J.Matthews: 17
J.Velde: 17
M.Glasmacher: 17
S.Oser: 17
J.Kommers: 17
M.Capaccioli: 17
D.Allan: 17
G.Branduardi-Raymont: 17
H.Lehto: 17
J.Quenby: 17
A.Bhattacharyya: 17
P.Szkody: 17
F.Courbin: 17
N.Roche: 17
E.Carretta: 17
R.Gratton: 17
P.Charles: 17
D.Schneider: 17
J.Gunn: 17
M.Begelman: 17
A.Sillanpaeae: 17
L.Takalo: 17
A.Heavens: 17
C.Montigny: 17
G.Rauterberg: 17
C.Koehler: 17
M.Hess: 17
T.Vanderhei: 17
J.Homan: 17
M.Pinsonneault: 17
A.Micol: 17
E.Malumuth: 17
E.Tolstoy: 17
J.Sandoval: 17
C.Sykes: 17
D.Womble: 17
A.Boggess: 17
C.Pun: 17
H.Moos: 17
T.Bedding: 16
J.Barrow: 16
J.Papaloizou: 16
K.Mantel: 16
P.O'Brien: 16
P.Padoan: 16
D.Burke: 16
S.Phinney: 16
G.Cook: 16
M.Scheel: 16
S.Teukolsky: 16
T.Baumgarte: 16
S.Cassisi: 16
S.Mao: 16
A.Zdziarski: 16
M.Gross: 16
R.Marel: 16
P.Biermann: 16
J.Brodie: 16
F.Weber: 16
T.Muxlow: 16
H.Spinrad: 16
C.Motch: 16
P.Molaro: 16
W.Freudling: 16
R.Pello: 16
A.Aparicio: 16
A.Melott: 16
E.Hivon: 16
G.Bower: 16
A.Fontana: 16
K.Matthews: 16
C.Beichman: 16
J.Bally: 16
A.Orr: 16
S.Benetti: 16
R.Genzel: 16
K.Mannheim: 16
C.Steidel: 16
D.Hollenbach: 16
L.Rodriguez: 16
A.Daum: 16
F.Takahara: 16
A.Cooray: 16
R.Schwarz: 16
J.Stadel: 16
T.Quinn: 16
R.Kippen: 16
F.Rigaut: 16
A.Sternberg: 16
R.Marzke: 16
A.Liddle: 15
R.Croft: 15
K.Iwamoto: 15
N.Nakasato: 15
M.Rees: 15
J.Orosz: 15
K.Yamashita: 15
N.Vogt: 15
A.Connolly: 15
J.Keohane: 15
S.Basu: 15
S.Sigurdsson: 15
A.Esin: 15
J.Christensen-Dalsgaard: 15
A.Rao: 15
D.Bomans: 15
W.Duschl: 15
R.Davies: 15
M.Fischer: 15
B.Soifer: 15
P.Kahabka: 15
A.Siemiginowska: 15
M.Elvis: 15
B.Jannuzi: 15
R.Hartman: 15
J.Salzer: 15
T.Strohmayer: 15
M.Cohen: 15
P.Hauschildt: 15
O.Vilhu: 15
B.Novikov: 15
L.Armus: 15
D.Axon: 15
G.Kriss: 15
J.Stevens: 15
A.Sarajedini: 15
F.Montagni: 15
G.Latini: 15
G.Tosti: 15
L.Treves: 15
M.Fiorucci: 15
M.Maesano: 15
R.Nesci: 15
S.Bosio: 15
F.Durret: 15
G.Zotti: 15
J.Bruijne: 15
R.Hoogerwerf: 15
A.Fernandez-Soto: 15
A.Ortiz-Gil: 15
L.Portinari: 15
M.Perryman: 15
F.Zickgraf: 15
J.Krautter: 15
C.Guidorzi: 15
L.Bruca: 15
P.Collina: 15
M.Lim: 15
A.Alberdi: 15
A.Whitney: 15
C.Trigilio: 15
E.Ros: 15
J.Guirado: 15
J.Marcaide: 15
M.Perez-Torres: 15
R.Preston: 15
E.Fitzpatrick: 15
I.Chulkov: 15
J.Shields: 15
G.Vedrenne: 15
I.Tserenin: 15
M.Revnivtsev: 15
N.Kuleshova: 15
A.Boattini: 15
A.Paola: 15
F.Pedichini: 15
G.Gandolfi: 15
S.Lord: 15
D.Hunter: 15
M.Werner: 15
E.Jenkins: 15
R.Fanti: 15
P.Ubertini: 15
F.Verbunt: 14
E.Martin: 14
C.Maccarone: 14
H.Awaki: 14
V.Lipunov: 14
M.Garcia: 14
S.Ueno: 14
A.Wolfe: 14
F.Paolis: 14
G.Ingrosso: 14
C.Scharf: 14
R.White: 14
H.Kang: 14
P.Martini: 14
Y.Taniguchi: 14
G.Bertelli: 14
J.Schmalzing: 14
S.Holland: 14
R.Watson: 14
E.Egami: 14
C.Cacciari: 14
B.Aschenbach: 14
N.Levenson: 14
R.Egger: 14
R.Klein: 14
R.Pisarski: 14
S.Kahn: 14
S.Snowden: 14
W.Busser: 14
X.Hua: 14
L.Costa: 14
R.Vermeulen: 14
N.White: 14
G.Frichter: 14
J.Pacheco: 14
M.Bartelmann: 14
S.D'Odorico: 14
D.Calzetti: 14
A.Kinney: 14
R.Elson: 14
N.Kishimoto: 14
H.Falcke: 14
M.Kissler-Patig: 14
J.Kaastra: 14
J.Vink: 14
F.Nicastro: 14
J.Mattei: 14
D.Meyer: 14
M.Giavalisco: 14
E.Harlaftis: 14
J.Telting: 14
L.Hanlon: 14
R.Rutten: 14
R.Strom: 14
A.Metzner: 14
D.Ciardi: 14
M.Cropper: 14
M.Sirk: 14
H.Tadros: 14
F.Governato: 14
N.Thatte: 14
W.Gear: 14
A.Raga: 14
R.Burg: 14
K.Gunn: 14
S.Malhotra: 14
C.Joseph: 14
J.Valenti: 14
R.Robinson: 14
A.Dasgupta: 14
A.Krishnamurthi: 14
B.Laaksonen: 14
D.Backman: 14
D.Dahari: 14
J.Seeds: 14
K.Beisser: 14
L.Marschall: 14
R.Anand: 14
T.Ramseyer: 14
A.Lefebvre: 14
C.Angulo: 14
E.Virassamyna"iken: 14
F.Hammache: 14
G.Bogaert: 14
G.Coc: 14
J.Chemin: 14
J.Kiener: 14
J.Scheurer: 14
J.Thibaud: 14
L.Brillard: 14
M.Hussonnois: 14
M.Jacotin: 14
P.Aguer: 14
S.Barhoumi: 14
R.Sari: 13
J.Miralda-Escude: 13
S.Bowyer: 13
S.Zwart: 13
U.Hellsten: 13
C.Sarazin: 13
R.Lopez: 13
K.Postnov: 13
T.Wiklind: 13
R.Arsenault: 13
K.Chen: 13
A.Ptak: 13
S.Mineshige: 13
A.Songaila: 13
E.Hu: 13
J.Gizis: 13
L.Cowie: 13
M.Pahre: 13
R.Brandenberger: 13
W.Hu: 13
B.Moore: 13
M.Balucinska-Church: 13
M.Church: 13
D.Helfand: 13
Y.Suto: 13
G.Isaak: 13
R.New: 13
W.Chaplin: 13
Y.Elsworth: 13
H.Rix: 13
B.Paul: 13
P.Agrawal: 13
S.Gottloeber: 13
U.Seljak: 13
P.Meszaros: 13
C.Gottlieb: 13
M.McCarthy: 13
M.Travers: 13
P.Thaddeus: 13
S.Mathur: 13
S.Rucinski: 13
R.Windhorst: 13
B.Jain: 13
B.Jones: 13
J.Baker: 13
J.Borgne: 13
R.Tavakol: 13
D.Cormier: 13
M.Baring: 13
G.Clementini: 13
C.Reynolds: 13
S.Kulkarni: 13
C.Loup: 13
J.Loon: 13
L.Waters: 13
N.Trams: 13
W.Krzeminski: 13
E.Kennelly: 13
P.Nisenson: 13
S.Horner: 13
S.Korzennik: 13
K.Sato: 13
W.Breugel: 13
R.Tantalo: 13
L.Campusano: 13
F.Bouchet: 13
B.Paltrinieri: 13
G.Strobel: 13
H.Netzer: 13
V.Sokolov: 13
J.Fabregat: 13
A.Capetti: 13
D.Clements: 13
Z.Kollath: 13
N.Kassim: 13
A.Barger: 13
P.Coles: 13
D.Leonard: 13
A.Loan: 13
O.Lahav: 13
T.Phillips: 13
G.Helou: 13
G.Stacey: 13
H.Dinerstein: 13
H.Jr.: 13
N.Lu: 13
R.Rubin: 13
A.Klotz: 13
A.Leroy: 13
C.Peignot: 13
C.Pollas: 13
G.Calvet: 13
J.Atteia: 13
J.Eysseric: 13
M.Boër: 13
M.Bringer: 13
M.Meissonier: 13
P.Sanchez: 13
R.Malina: 13
C.Sauerland: 13
G.Puehlhofer: 13
H.Lampeitl: 13
M.Boerst: 13
M.Panter: 13
M.Samorski: 13
N.Bulian: 13
W.Stamm: 13
N.Brosch: 12
J.Wilson: 12
H.Honda: 12
H.Kubo: 12
K.Kikuchi: 12
M.Hirayama: 12
Y.Ikebe: 12
Y.Ishisaki: 12
M.Prokhorov: 12
M.Hudson: 12
F.Ryde: 12
M.Roncadelli: 12
J.Skibo: 12
E.Turner: 12
M.Kamionkowski: 12
D.Horner: 12
E.Perlman: 12
R.Foster: 12
J.Bond: 12
R.Barvainis: 12
B.Ricci: 12
A.Olmo: 12
J.Perea: 12
L.Verdes-Montenegro: 12
M.Girardi: 12
E.Kolb: 12
G.Ibata: 12
G.Mandushev: 12
N.Ivanans: 12
M.Mouchet: 12
C.Schaab: 12
M.Weigel: 12
M.Hashimoto: 12
K.Mitsuda: 12
S.Matarrese: 12
A.Riotto: 12
M.Scodeggio: 12
D.Dixon: 12
G.Gyuk: 12
R.Coziol: 12
C.Foltz: 12
A.Nordlund: 12
D.Kazanas: 12
R.Bachiller: 12
M.Strickman: 12
P.Kretschmar: 12
D.Navascues: 12
A.Burenkov: 12
M.Kerscher: 12
E.Slezak: 12
E.Shellard: 12
R.Caldwell: 12
P.Natarajan: 12
G.Meylan: 12
J.Dove: 12
J.Blakeslee: 12
M.Norman: 12
M.Markevitch: 12
H.Chan: 12
J.Bordes: 12
J.Faridani: 12
J.Pfaudler: 12
S.Tsou: 12
A.Strong: 12
Y.Kubo: 12
B.Batz: 12
N.Epchtein: 12
S.Guilloteau: 12
S.Arnouts: 12
G.Mamon: 12
B.Guiderdoni: 12
I.Steele: 12
G.Paubert: 12
H.Teraesranta: 12
M.Hillas: 12
R.Geckeler: 12
S.Katajainen: 12
D.Lin: 12
J.Chiu: 12
M.Stollberg: 12
G.Bignami: 12
P.Caraveo: 12
G.Carraro: 12
S.Levshakov: 12
W.Kegel: 12
K.Boer: 12
P.Callanan: 12
A.Cimatti: 12
L.Greggio: 12
J.Sollerman: 12
A.Noriega-Crespo: 12
A.Calder: 12
A.Mezzacappa: 12
A.Umar: 12
J.Blondin: 12
M.Guidry: 12
M.Strayer: 12
S.Bruenn: 12
A.Bean: 12
C.Allen: 12
D.Besson: 12
D.McKay: 12
D.Seckel: 12
G.Spiczak: 12
I.Kravchenko: 12
S.Kotov: 12
S.Seunarine: 12
T.Miller: 12
F.Garzon: 12
M.Rieke: 12
C.Castelli: 12
F.Mazzoleni: 12
G.Rosa: 12
M.Ghigo: 12
O.Citterio: 12
P.Conconi: 12
R.Willingale: 12
W.Brauninger: 12
W.Burkert: 12
R.Mallozzi: 12
G.Mallen-Ornelas: 12
C.Boyer: 12
D.Salmon: 12
J.Fletcher: 12
J.Stilburn: 12
J.Thomas: 12
J.Veran: 12
O.Lai: 12
P.Gigan: 12
P.Jagourel: 12
A.Canavezes: 12
O.Keeble: 12
S.Oliver: 12
W.Saunders: 12
H.Lee: 11
J.McCarthy: 11
C.Impey: 11
C.Prieto: 11
R.Jimenez: 11
T.Contini: 11
U.Kolb: 11
J.Puget: 11
R.Schlickeiser: 11
M.Salaris: 11
D.Alloin: 11
Y.Ng: 11
B.Poggianti: 11
L.Moustakas: 11
S.Dodelson: 11
Q.Parker: 11
L.Greenhill: 11
E.Martinez-Gonzalez: 11
D.Stern: 11
N.Turok: 11
J.Gonzalez: 11
D.Vandenberg: 11
R.McClure: 11
S.Bergh: 11
V.Berezinsky: 11
G.Ferland: 11
K.Korista: 11
S.Chaty: 11
D.Fox: 11
M.Hattori: 11
M.Kawasaki: 11
J.Alimi: 11
D.Hoard: 11
K.Blundell: 11
S.Odewahn: 11
M.Sikora: 11
J.Wheeler: 11
A.Laor: 11
F.Melia: 11
E.Baron: 11
K.Olive: 11
C.Ma: 11
E.Mazets: 11
M.Terekhov: 11
R.Aptekar: 11
S.Golenetskii: 11
M.Groenewegen: 11
E.Friel: 11
P.Myers: 11
P.Belloni: 11
V.Lapparent: 11
E.Dishoeck: 11
E.Cappellaro: 11
F.Patat: 11
I.Danziger: 11
M.Turatto: 11
S.Stanford: 11
P.Crane: 11
A.Blaauw: 11
J.Lub: 11
G.Allen: 11
R.Lingenfelter: 11
V.Dhillon: 11
R.Mignani: 11
W.Forman: 11
P.Schilke: 11
R.Carswell: 11
C.Hellier: 11
K.Mukai: 11
A.Blain: 11
R.Hynes: 11
B.Frye: 11
F.Cabrera-Guera: 11
I.Perez-Fournon: 11
J.Mittaz: 11
M.Page: 11
R.Ciardullo: 11
C.Adami: 11
C.Lobo: 11
C.Carilli: 11
D.Grupe: 11
J.Yates: 11
J.Hayes: 11
K.C.Sahu: 11
R.Shaw: 11
W.Cotton: 11
P.Ray: 11
G.Vacanti: 11
S.Landy: 11
U.Klein: 11
C.Wuensche: 11
J.Childers: 11
J.Staren: 11
M.Seiffert: 11
N.Figueiredo: 11
P.Lubin: 11
P.Meinhold: 11
T.Gaier: 11
T.Villela: 11
G.Lichti: 11
H.Steinle: 11
A.Moorwood: 11
D.Kunze: 11
D.Lutz: 11
D.Rigopoulou: 11
E.Sturm: 11
H.Spoon: 11
L.Tacconi: 11
L.Tacconi-Garman: 11
S.Allen: 10
A.Hamilton: 10
M.Loewenstein: 10
C.Terquem: 10
R.Audano: 10
E.Brocato: 10
P.Serlemitsos: 10
F.Briggs: 10
R.Diehl: 10
V.Semikoz: 10
G.Pavlov: 10
R.Durrer: 10
S.Cole: 10
L.Titarchuk: 10
L.Carrasco: 10
M.Fernandez-Figueroa: 10
E.Athanassoula: 10
P.Poulain: 10
C.Netterfield: 10
E.Wollack: 10
L.Page: 10
M.Devlin: 10
A.Jones: 10
A.Huss: 10
J.Osborne: 10
G.Rocha: 10
M.Longair: 10
P.Best: 10
B.Savage: 10
D.Kunth: 10
C.Torres: 10
R.Reza: 10
M.Low: 10
C.Baffa: 10
E.Giani: 10
F.Lisi: 10
F.Mannucci: 10
G.Marcucci: 10
L.Hunt: 10
L.Vanzi: 10
M.Sozzi: 10
S.Gennari: 10
V.Biliotti: 10
D.Akimov: 10
V.Kuzichev: 10
V.Morgunov: 10
V.Solovov: 10
B.Wakker: 10
R.Teyssier: 10
P.Magain: 10
R.Hunstead: 10
P.Morel: 10
S.Starrfield: 10
C.Leitherer: 10
G.Meurer: 10
M.Lehnert: 10
D.Fadda: 10
M.Hendry: 10
D.Ellison: 10
G.Steigman: 10
G.Mellema: 10
Y.Dabrowski: 10
A.Olech: 10
D.Eisenstein: 10
S.Sarkar: 10
V.D'Odorico: 10
A.Goldin: 10
C.Inman: 10
D.Cottingham: 10
E.Cheng: 10
J.Puchalla: 10
J.Ruhl: 10
M.Kowitt: 10
S.Meyer: 10
E.Fenimore: 10
D.Dale: 10
E.Hardy: 10
J.Bloom: 10
P.Schneider: 10
S.Seitz: 10
G.Smoot: 10
D.Burstein: 10
T.Matsubara: 10
W.Goss: 10
R.Ceca: 10
S.Zharikov: 10
A.Tomita: 10
V.Teplitz: 10
A.Evans: 10
G.Voit: 10
R.Sood: 10
B.Boroson: 10
F.Cheng: 10
S.Vrtilek: 10
M.Rauch: 10
J.Zhao: 10
I.Gioia: 10
J.Bleeker: 10
J.Buchler: 10
H.Mo: 10
H.Altan: 10
N.Yahata: 10
K.Adelberger: 10
M.Kellogg: 10
M.Gierlinski: 10
K.Long: 10
J.Mermilliod: 10
M.Rupen: 10
E.Covas: 10
C.Haswell: 10
G.Lewis: 10
A.Buchmann: 10
N.Yamasaki: 10
A.Connors: 10
C.Winkler: 10
M.Varendorff: 10
E.Archibald: 10
I.Robson: 10
W.Holland: 10
R.Doyon: 10
G.Giovannini: 10
L.King: 10
L.Koopmans: 10
A.Incicchitti: 10
C.Bacci: 10
C.Dai: 10
D.Prosperi: 10
F.Montecchia: 10
H.Kuang: 10
J.Ma: 10
L.Ding: 10
P.Belli: 10
R.Bernabei: 10
W.Nicolantonio: 10
L.Sidoli: 10
Y.Hashimoto: 10
R.Morganti: 10
J.Dolan: 10
S.Hulbert: 10
N.Scoville: 9
G.Bothun: 9
M.Osorio: 9
T.Tanaka: 9
J.Miller: 9
K.Matsushita: 9
M.White: 9
G.Bisnovatyi-Kogan: 9
J.Lucey: 9
J.Steel: 9
S.Zharykov: 9
V.Kurt: 9
A.Edge: 9
C.Crawford: 9
H.Boehringer: 9
H.Wozniak: 9
R.Spencer: 9
H.Ritter: 9
J.Frank: 9
M.Gambera: 9
H.Oberhummer: 9
M.Hindmarsh: 9
R.Brunner: 9
C.Townes: 9
D.Nishimoto: 9
E.Lipman: 9
J.Monnier: 9
M.Bester: 9
M.Johnson: 9
P.Kervin: 9
P.Tuthill: 9
W.Danchi: 9
B.Garilli: 9
K.Fricke: 9
J.Laros: 9
V.Mukhanov: 9
A.Rossi: 9
H.Böhringer: 9
B.Paltrinieri,: 9
D.Burgarella: 9
M.Laget: 9
C.Done: 9
A.Zych: 9
L.Cheng: 9
R.Pina: 9
R.Puetter: 9
W.Wheaton: 9
R.Protheroe: 9
M.Bershady: 9
G.Marconi: 9
S.Zepf: 9
C.Baugh: 9
T.Boller: 9
P.Ogle: 9
R.Goodrich: 9
E.Bica: 9
H.Dottori: 9
G.Sigl: 9
S.Points: 9
P.Teuben: 9
M.Pierre: 9
F.Jablonski: 9
T.Heckman: 9
I.Baraffe: 9
A.Stebbins: 9
F.Stecker: 9
T.Sterling: 9
G.Jung: 9
J.Tueller,: 9
R.Kinzer: 9
J.Knapen: 9
T.Murayama: 9
C.Keeton: 9
J.Wilms: 9
P.Hoeflich: 9
P.Anninos: 9
B.Santiago: 9
D.Bowen: 9
D.Martin: 9
H.Hartmann: 9
R.Battye: 9
T.Takeuchi: 9
J.Mas-Hesse: 9
J.Cordes: 9
J.Larkin: 9
M.Juvela: 9
E.Liang: 9
A.Trotter: 9
D.VandenBerg: 9
G.Rutledge: 9
C.Cesarsky: 9
D.Elbaz: 9
H.Aussel: 9
M.Ward: 9
J.Bezecourt: 9
H.Lesch: 9
D.Leisawitz: 9
J.Weiland: 9
K.Jensen: 9
M.Hauser: 9
R.Shafer: 9
S.Brodd: 9
T.Kelsall: 9
K.Ohta: 9
V.Gurzadyan: 9
P.Magdziarz: 9
H.Butcher: 9
A.Gomez: 9
C.Turon: 9
F.Crifo: 9
J.Kovalevsky: 9
N.Robichon: 9
Y.Lebreton: 9
E.Lorenz: 9
M.Ledlow: 9
A.Etchegoyen: 9
A.Ferrero: 9
A.Filevich: 9
D.Ravignani: 9
J.Martino: 9
J.Niello: 9
M.Mostafa: 9
P.Bauleo: 9
A.Jorissen: 9
J.Binney: 9
P.Coppi: 9
A.Brandenburg: 9
A.Tworkowski: 9
A.Yahil: 9
J.Kemp: 9
K.Menten: 9
D.Geisler: 9
M.Reboucas: 9
M.Hawkins: 9
A.Gabriel: 9
G.Grec: 9
J.Charra: 9
J.Robillot: 9
P.Boumier: 9
R.Garcia: 9
R.Ulrich: 9
S.Turck-Chieze: 9
T.Cortes: 9
T.Foglizzo: 9
I.Lehmann: 9
J.MacKenty: 9
F.Hooft: 9
J.Tomsick: 9
A.Fitzsimmons: 9
D.Pollacco: 9
G.Cremonese: 9
G.Tozzi: 9
H.Boehnhardt: 9
H.Rauer: 9
J.Crovisier: 9
J.Licandro: 9
M.Fulle: 9
R.West: 9
L.Deng: 9
E.Battaner: 9
M.Lopez-Corredoira: 9
P.Hammersley: 9
T.Mahoney: 9
X.Calbet: 9
A.Rots: 9
L.Peterson: 9
W.Steffen: 9
A.Polatidis: 9
D.Henstock: 9
D.Thakkar: 9
W.Xu: 9
C.Hergenrother: 9
D.Moraru: 9
E.Tollestrup: 9
S.Willner: 9
R.Somerville: 9
D.Martino: 9
F.Giovannelli: 9
S.VandenBergh: 9
G.Neto: 8
P.Cote: 8
N.Tanvir: 8
J.Beckman: 8
R.Peletier: 8
A.Frank: 8
D.Sprayberry: 8
W.Burton: 8
P.Ferreira: 8
K.Deal: 8
M.Sahi: 8
I.Marquez: 8
P.Dokkum: 8
G.Laughlin: 8
A.Quillen: 8
J.Lasota: 8
B.Stern: 8
S.Larsson: 8
A.Linde: 8
M.Umemura: 8
A.Kravtsov: 8
C.Carollo: 8
U.Becciani: 8
V.Antonuccio-Delogu: 8
J.Bahcall: 8
C.Gronwall: 8
L.Williams: 8
W.Colley: 8
S.Serjeant: 8
J.Mattox: 8
R.Mukherjee: 8
I.Moskalenko: 8
I.Aretxaga: 8
J.Schou: 8
M.Thompson: 8
S.Tomczyk: 8
A.Jaffe: 8
K.Singh: 8
D.Montes: 8
P.Haensel: 8
M.Zaldarriaga: 8
Y.Zhang: 8
J.Heidt: 8
A.Kovács: 8
R.Peng: 8
T.Kuiper: 8
T.Velusamy: 8
W.Langer: 8
R.Johnson: 8
M.Arnaud: 8
M.Steinmetz: 8
R.Mochkovitch: 8
J.Grunsfeld: 8
J.Wang: 8
L.Pasquini: 8
J.Navarro: 8
R.Manchester: 8
P.Cox: 8
E.Cohen: 8
J.Katz: 8
G.Pooley: 8
T.Futamase: 8
B.Margon: 8
E.Deutsch: 8
P.Fischer: 8
T.Yanagida: 8
A.Singh: 8
M.Srednicki: 8
C.Carignan: 8
S.Cote: 8
T.Stanev: 8
L.Lubin: 8
T.Kundic: 8
D.Roberts: 8
G.Chabrier: 8
G.Cecil: 8
F.Allard: 8
D.Groote: 8
D.Reimers: 8
L.Wisotzki: 8
B.Allen: 8
U.Pen: 8
P.Hall: 8
A.Weiss: 8
E.Vazquez-Semadeni: 8
J.Lombardi: 8
D.Hamilton: 8
P.Nolan: 8
H.Rottgering: 8
G.Neugebauer: 8
K.Kawara: 8
A.Heger: 8
N.Langer: 8
L.Angelini: 8
S.Yi,: 8
S.Lumsden: 8
L.Waerbeke: 8
W.Dziembowski: 8
R.Mauersberger: 8
A.Taylor: 8
P.Henning: 8
J.Annis: 8
J.Cuillandre: 8
J.Miralles: 8
I.Musella: 8
Y.Sofue: 8
D.Lorenzetti: 8
D.Mancini: 8
E.Cascone: 8
F.Cortecchia: 8
F.Piche': 8
F.Vitali: 8
I.Parry: 8
A.Crider: 8
D.Munshi: 8
X.Luri: 8
A.Preite-Martinez: 8
A.Cohen: 8
G.Giuricin: 8
J.Butcher: 8
K.Hayashida: 8
R.Warwick: 8
M.Plionis: 8
O.Blaes: 8
J.Norris: 8
S.Kumar: 8
C.Jones: 8
D.Kranich: 8
J.Knoedlseder: 8
P.Ballmoos: 8
U.Oberlack: 8
S.Udry: 8
P.Steinhardt: 8
J.Hu: 8
M.Catelan: 8
A.Dekel: 8
J.Canto: 8
P.Thomasson: 8
M.Geffert: 8
L.Li: 8
B.Jacobsen: 8
J.Angel: 8
M.Lloyd-Hart: 8
P.McGuire: 8
T.Martinez: 8
T.Roberts: 8
W.McLeod: 8
A.Koratkar: 8
J.Chapman: 8
P.Hekkert: 8
S.Ryder: 8
G.Vladilo: 8
R.Mendez: 8
J.Whiteoak: 8
R.Meulen: 8
R.Much: 8
V.Sch"onfelder: 8
B.Jun: 8
G.Dubner: 8
K.Borkowski: 8
L.Rudnick: 8
A.Rosenberg: 8
I.Saviane: 8
C.Benn: 8
J.Gonzalez-Serrano: 8
M.Vigotti: 8
S.Sanchez: 8
D.MacDonald: 8
L.Wayne: 8
P.Hink: 8
G.Maccarone: 8
R.Schulz: 8
E.Erickson: 8
E.Young: 8
G.Schneider: 8
M.McCaughrean: 8
R.Thompson: 8
S.Stolovy: 8
G.Ushomirsky: 8
S.Bardelli: 8
A.Bunker: 8
M.Stark: 8
K.Reinsch: 8
M.Pakull: 8
P.Guillout: 8
P.Predehl: 8
E.Trussoni: 8
F.Vagnetti: 8
G.Bodo: 8
P.Parma: 8
S.Massaglia: 8
B.Ramsey: 8
C.Hailey: 8
F.Harrison: 8
G.Skinner: 8
M.Weisskopf: 8
D.McLaughlin: 7
E.Almoznino: 7
T.Sasseen: 7
M.Bellazzini: 7
A.Ferrara: 7
D.Gerbal: 7
G.Fuller: 7
G.Hinshaw: 7
D.Friedli: 7
L.Martinet: 7
H.Martel: 7
J.Dubinski: 7
S.Paltani: 7
I.Novikov: 7
G.Mathews: 7
M.Kukula: 7
E.Gaztanaga: 7
B.Bromley: 7
T.Boroson: 7
A.Khokhlov: 7
R.Stefano: 7
D.Tytler: 7
T.Rauscher: 7
R.Opher: 7
R.Perna: 7
A.Metevier: 7
R.Pildis: 7
J.Truran: 7
A.Vilenkin: 7
A.Masiero: 7
D.Kennedy: 7
O.Gnedin: 7
L.Krauss: 7
J.Stone: 7
N.Cretton: 7
E.Castro: 7
J.Sanz-Forcada: 7
K.Kuijken: 7
D.Tomasi: 7
I.Urteaga: 7
R.Hoyland: 7
P.Wozniak: 7
K.Weis: 7
J.Garriga: 7
D.Osgood: 7
J.Sanz: 7
L.Vassilevskaya: 7
N.Mikheev: 7
M.Shaposhnikov: 7
R.Edelson: 7
J.Newman: 7
J.Gorgas: 7
N.Cardiel: 7
M.Hurwitz: 7
S.Trager: 7
N.Vittorio: 7
V.Kaspi: 7
S.Colafrancesco: 7
E.Leitch: 7
L.Ford: 7
B.Roukema: 7
A.Evrard: 7
R.Allen: 7
R.Downes: 7
S.Anderson: 7
R.Guzmán: 7
B.Gustafsson: 7
D.Lambert: 7
A.Peele: 7
R.Mahadevan: 7
H.Kjeldsen: 7
A.Shafter: 7
J.Wood: 7
K.Misselt: 7
R.Baptista: 7
A.Reid: 7
S.Colombi: 7
G.Henri: 7
B.Milliard: 7
J.Deharveng: 7
C.Willott: 7
C.Gallart: 7
A.Hatzes: 7
B.Nodland: 7
A.Olinto: 7
S.Jha: 7
I.Yi: 7
B.Balick: 7
P.Hofner: 7
F.Rasio: 7
T.Small: 7
G.Rhee: 7
M.Brotherton: 7
G.Schwarz: 7
S.Shore: 7
M.Limon: 7
A.Nusser: 7
T.Abel: 7
C.Han: 7
R.Perley: 7
S.Woosley: 7
S.Shandarin: 7
X.Zhu: 7
W.Keel: 7
J.Ellis: 7
C.Popescu: 7
U.Lammers: 7
F.Brachwitz: 7
D.Typhene: 7
E.Copet: 7
L.Cambresy: 7
S.Kimeswenger: 7
T.Bertre: 7
G.Blake: 7
H.Langevelde: 7
M.Hogerheijde: 7
M.Saito: 7
E.Feigelson: 7
S.Laurent-Muehleisen: 7
F.Legrand: 7
P.Rodriguez-Pascual: 7
B.Chaboyer: 7
G.Hau: 7
H.Matsuo: 7
R.Zylka: 7
T.Richtler: 7
C.Jui: 7
M.Cassidy: 7
P.Sommers: 7
G.Micela: 7
L.Simard: 7
Y.Copin: 7
L.The: 7
M.Leising: 7
J.Nevalainen: 7
Ph.Durouchoux: 7
E.Bowers: 7
M.Harrop-Allin: 7
P.Pinto: 7
W.Meikle: 7
L.Infante: 7
G.Bruzual: 7
P.Stein: 7
D.Pfenniger: 7
D.Maino: 7
G.Amici: 7
M.Bensadoun: 7
M.Bersanelli: 7
P.Platania: 7
S.Levin: 7
M.Nowak: 7
R.Jain: 7
P.Eisenhardt: 7
A.Serrano: 7
G.Tovmassian: 7
I.Thiering: 7
P.Kroll: 7
J.Borissova: 7
N.Spassova: 7
Q.Cheng: 7
R.Norris: 7
B.Wills: 7
D.Wills: 7
J.Miralda-Escudé: 7
T.Minezaki: 7
Y.Kobayashi: 7
S.Bloom: 7
T.Oosterloo: 7
M.Arnaboldi: 7
M.Guerrero: 7
R.Kudritzki: 7
J.Irwin: 7
U.Lindner: 7
Y.Chin: 7
A.Magazzu: 7
G.Basri: 7
M.Cossburn: 7
R.Jameson: 7
S.Hodgkin: 7
P.Rosati: 7
J.Provost: 7
H.Wu: 7
V.Dhawan: 7
W.Zheng: 7
S.Shectman: 7
J.Carlstrom: 7
G.Hartig: 7
L.Dressel: 7
R.Harms: 7
Y.Pei: 7
J.Paredes: 7
A.Manrique: 7
E.Salvador-Sole: 7
J.Solanes: 7
E.Salerno: 7
L.Padrielli: 7
M.Bondi: 7
W.Junor: 7
E.Gerard: 7
R.Bandyopadhyay: 7
R.Wagner: 7
A.Kaniovsky: 7
J.Englhauser: 7
V.Borkus: 7
V.Efremov: 7
J.Davies: 7
T.Kerr: 7
A.Bazzano: 7
L.Natalucci: 7
M.Cocchi: 7
A.Lyne: 7
A.Wolszczan,: 7
D.Nice: 7
F.Camilo: 7
I.Stairs: 7
J.Taylor: 7
Z.Arzoumanian: 7
F.Low: 7
H.Okuda: 7
H.Shibai: 7
K.Mochizuki: 7
T.Nakagawa: 7
T.Nishimura: 7
Y.Doi: 7
Y.Yui: 7
S.Komossa: 6
S.Radford: 6
C.Mihos: 6
A.Witt: 6
J.Barton: 6
J.Robertson: 6
O.Luhe: 6
R.Marson: 6
M.Geller: 6
J.Bechtold: 6
R.Dave: 6
H.Saio: 6
I.Hachisu: 6
T.Shigeyama: 6
T.Young: 6
J.Larwood: 6
G.Raimondo: 6
F.Adams: 6
J.Hameury: 6
J.Jose: 6
E.Sorar: 6
W.Driel: 6
B.Barbuy: 6
S.Newell: 6
F.Timmes: 6
C.Walker: 6
A.Kusenko: 6
X.Chen: 6
J.Gelb: 6
K.Gopinath: 6
I.Szapudi: 6
Q.Wang: 6
T.Miyaji: 6
L.Bergstrom: 6
J.Magueijo: 6
F.Wyrowski: 6
N.Evans: 6
R.Pogge: 6
A.Lazarian: 6
L.Hui: 6
N.Gnedin: 6
S.Burles: 6
B.Hermann: 6
N.Schartel: 6
A.Wehrle: 6
Y.Ueda: 6
A.Ratcliffe: 6
T.Kahniashvili: 6
J.Martin: 6
J.Peltoniemi: 6
M.Joyce: 6
H.Hippelein: 6
D.Schaerer: 6
M.Grenon: 6
M.Boettcher: 6
N.Benitez: 6
D.Lamb: 6
G.Iannicola: 6
L.Pulone: 6
M.Castellani: 6
C.Lacey: 6
B.Stappers: 6
J.Sandhu: 6
M.Bailes: 6
N.D'Amico: 6
T.Forveille: 6
M.Lee: 6
R.Rutledge: 6
J.Henry: 6
R.Maartens: 6
T.Thuan: 6
G.Bernstein: 6
B.Sanahuja: 6
T.Ebbels: 6
S.Tripathy: 6
H.Antia: 6
D.Churakov: 6
G.Smirnov: 6
K.Enqvist: 6
J.Huovelin: 6
Y.Soong: 6
H.Wagner: 6
J.CHIEZE: 6
J.Frieman: 6
A.Harding: 6
G.Tanco: 6
J.Mulchaey: 6
K.Freese: 6
T.Chiba: 6
J.Mohr: 6
E.Gates: 6
D.Neufeld: 6
A.Bragaglia: 6
T.Marsh: 6
A.Green: 6
E.Bertschinger: 6
D.Galli: 6
J.Martinez: 6
L.Herrera: 6
M.Tanaka: 6
G.Mangano: 6
G.Miele: 6
A.Ivanov: 6
M.Faber: 6
N.Troitskaya: 6
S.Nayakshin: 6
A.Sills: 6
J.Roy: 6
M.Abramowicz: 6
C.Vanderriest: 6
H.Schmitt: 6
C.Gammie: 6
V.Eke: 6
A.Amici: 6
Y.Jing: 6
A.Furduev: 6
A.Mironovich: 6
I.Zheleznykh: 6
L.Dedenko: 6
V.Svet: 6
Y.Karlik: 6
N.Glendenning: 6
L.Mundy: 6
A.Kembhavi: 6
D.Chernoff: 6
O.Sil'chenko: 6
M.Bavdaz: 6
A.Kruszewski: 6
E.Bertin: 6
G.Mathez: 6
Y.Fujita: 6
F.Brighenti: 6
W.Mathews: 6
A.Burkert: 6
A.Schroeder: 6
D.Morgan: 6
D.Rosenbaum: 6
E.Herrin: 6
J.Broderick: 6
M.Sher: 6
T.Krisher: 6
F.Leeuwen: 6
M.Donahue: 6
F.Matteucci: 6
M.Tosi: 6
E.Mueller: 6
J.Scalo: 6
G.Longo: 6
A.Cowley: 6
P.Schmidtke: 6
J.Dennett-Thorpe: 6
M.Kusunose: 6
G.Starkman: 6
R.Schaeffer: 6
J.Stocke: 6
P.Mazzali: 6
K.Kwitter: 6
R.Henry: 6
T.Lazio: 6
A.Dupree: 6
R.Poole: 6
R~.Remillard: 6
C.Doran: 6
D.Campbell-Wilson: 6
P.Durouchoux: 6
S.Corbel: 6
A.Albrecht: 6
J.Robinson: 6
T.Beckert: 6
P.Osmer: 6
J.Sulentic: 6
M.Bietenholz: 6
S.Yamada: 6
M.Goupil: 6
G.Quast: 6
J.Gregorio-Hetem: 6
J.Lepine: 6
G.Costa: 6
J.Yokoyama: 6
R.Hjellming: 6
R.Kroeger: 6
S.Eikenberry: 6
H.R"ottgering: 6
D.Langlois: 6
K.Yoshida: 6
D.Garnett: 6
P.Avelino: 6
F.Lucchin: 6
I.Sarcevic: 6
J.Braun: 6
P.Zycki: 6
F.Owen: 6
A.Pagliaro-: 6
J.Colin: 6
J.Schmidt: 6
M.Altmann: 6
M.Odenkirchen: 6
Y.Sanchez: 6
G.Jacoby: 6
R.Bartlett: 6
S.Alighieri: 6
A.Gray: 6
J.Roden: 6
P.Stolorz: 6
R.Gal: 6
T.Manmoto: 6
M.MacCallum: 6
F.III: 6
A.Faessler: 6
G.Wagner: 6
C.Clement: 6
R.Hilditch: 6
M.Ruderman: 6
C.Korendyke: 6
G.Noci: 6
J.Kohl: 6
R.O'Neal: 6
R.Woo: 6
S.Fineschi: 6
S.Habbal: 6
N.Observatory: 6
G.Bicknell: 6
E.Minty: 6
J.Fried: 6
P.Véron: 6
P.Werf: 6
J.Secker: 6
A.Kopylov: 6
E.Palazzi.: 6
P.Petitjean: 6
S.Blinnikov: 6
H.Xu: 6
R.Kron: 6
M.Drinkwater: 6
V.Flambaum: 6
A.Richards: 6
A.Robinson: 6
D.Nadeau: 6
S.Laine: 6
M.Ashley: 6
S.Pightling: 6
A.Biviano: 6
D.Mehlert: 6
L.Kedziora-Chudczer: 6
M.Walker: 6
M.Wieringa: 6
C.Casares: 6
J.Rasilla: 6
M.Herrera: 6
M.Taoro: 6
P.Marigo: 6
P.Lilje: 6
C.Larsen: 6
K.Boothby: 6
C.Porcel: 6
J.Jimenez-Vicente: 6
P.North: 6
D.Martins: 6
P.Montegriffo: 6
E.Brown: 6
G.Griffin: 6
G.Tucker: 6
H.Nguyen: 6
J.Peterson: 6
B.Gaensicke: 6
E.Sion: 6
M.Huang: 6
M.Unavane: 6
T.Ray: 6
P.Hewett: 6
K.Nakamura: 6
G.Massone: 6
V.Makarov: 6
C.Park: 6
B.Murphy: 6
G.Drukier: 6
H.Cohn: 6
P.Lugger: 6
R.Berrington: 6
S.Slavin: 6
C.Burigana: 6
F.Gómez: 6
L.Toffolatti: 6
M.Tricottet: 6
V.Banchet: 6
D.Crary: 6
A.Nicolaidis: 6
B.Anoushirvani: 6
D.Enström: 6
J.Hansson: 6
P.Ökvist: 6
S.Ekelin: 6
S.Fredriksson: 6
H.Tomida: 6
D.Dultzin-Hacyan: 6
P.Marziani: 6
J.Brainerd: 6
W.Henze: 6
J.Horack: 6
M.Pons-Borderia: 6
R.Trasarti-Battistoni: 6
R.Valdarnini: 6
V.Martinez: 6
R.Kotak: 6
L.David: 6
R.Donnelly: 6
J.Goodman: 5
D.Hanes: 5
G.Harris: 5
T.Bridges: 5
J.Kim: 5
L.Formiggini: 5
M.Lampton: 5
E.Idesawa: 5
C.Wu: 5
M.Leventhal: 5
M.Kachelriess: 5
F.Miniati: 5
P.Shapiro: 5
J.Horvath: 5
A.Lavagno: 5
G.Kaniadakis: 5
P.Quarati: 5
R.Capuzzo-Dolcetta: 5
A.Cool: 5
M.Zwaan: 5
S.Considere: 5
M.Giard: 5
R.Moessner: 5
C.Freiburghaus: 5
F.Rembges: 5
H.Schatz: 5
M.Wiescher: 5
B.Binggeli: 5
D.York: 5
A.Sornborger: 5
A.Smirnov: 5
F.Aharonian: 5
B.Smith: 5
M.Miller: 5
G.Quinlan: 5
P.Maloney: 5
E.Recillas: 5
G.Sangalli: 5
M.Carollo: 5
B.Miller: 5
C.McLeod: 5
R.Augarde: 5
Z.Zhu: 5
W.Kinney: 5
R.Fong: 5
F.Atrio-Barandela: 5
A.Gvozdev: 5
Q.Liu: 5
T.Davidge: 5
T.Matteo: 5
A.Aragon-Salamanca: 5
B.Mobasher: 5
P.Mazzotta: 5
M.Hardcastle: 5
P.Alexander: 5
G.Schmidt: 5
K.Bjorkman: 5
E.Kendziorra: 5
T.Hamana: 5
Y.Shioya: 5
V.Zavlin: 5
T.Naylor: 5
P.Sreekumar: 5
D.Schramm: 5
M.Smith: 5
J.Bregman: 5
G.Raffelt: 5
T.Chang: 5
P.Katgert: 5
S.Balachandran: 5
E.Garcia-Berro: 5
I.Dominguez: 5
H.Bohringer: 5
L.Lemonon: 5
D.Branch: 5
K.Hatano: 5
J.Fry: 5
R.Scoccimarro: 5
A.Babul: 5
C.Pichon: 5
R.Cannon: 5
S.Driver: 5
S.Phillipps: 5
B.Giuseppe: 5
M.Marcella: 5
M.Bell: 5
P.Feldman: 5
B.Czerny: 5
L.Drury: 5
E.Blackman: 5
T.Passot: 5
B.Bassett: 5
E.Baltz: 5
L.Kofman: 5
K.Takahashi: 5
T.Totani: 5
P.Ramanamurthy: 5
W.Tompkins: 5
M.Guillot: 5
F.Bertola: 5
M.Fukugita: 5
J.Ferguson: 5
J.Chiang: 5
S.Covino: 5
D.O'Donoghue: 5
R.Popham: 5
B.Fort: 5
M.Metzger: 5
J.Wardle: 5
M.Ruiz: 5
K.Jaeger: 5
K.Nilsson: 5
T.Pursimo: 5
J.Lattanzio: 5
S.Huettemeister: 5
S.Pei: 5
S.Popov: 5
E.Beaver: 5
R.Lyons: 5
G.Berthomieu: 5
R.Splinter: 5
D.Sanders: 5
D.Buckely: 5
P.Reig: 5
T.Hippel: 5
C.Mueller: 5
H.Brunner: 5
H.Riffert: 5
P.Friedrich: 5
T.Doerrer: 5
S.Kitamoto: 5
D.Chappell: 5
L.Ozernoy: 5
D.Syer: 5
M.Haehnelt: 5
D.Zaritsky: 5
C.Koen: 5
D.Alwis: 5
F.Breuer: 5
H.Haupt: 5
X.Montes: 5
Y.Mayya: 5
F.Ringwald: 5
G.Dvali: 5
D.Mardones: 5
D.Wilner: 5
G.Garay: 5
M.Tafalla: 5
B.Rocca-Volmerange: 5
E.Pino: 5
J.Buell: 5
G.Petitpas: 5
J.Gomez-Gomar: 5
S.Sciortino: 5
J.Oukbir: 5
N.Brickhouse: 5
R.Mewe: 5
R.Pallavicini: 5
D.Bhattacharya: 5
E.Escalera: 5
F.Mardirossian: 5
M.Mezzetti: 5
Z.Kuncic: 5
A.Challinor: 5
W.Vacca: 5
S.Koehler: 5
F.Palla: 5
A.Hajian: 5
W.Erickson: 5
A.Aragón-Salamanca: 5
I.Tanaka: 5
T.Kodama: 5
T.Yamada: 5
P.Saha: 5
W.Hillebrandt: 5
H.Matsuhara: 5
J.Bock: 5
M.Kawada: 5
Y.Fukui: 5
Y.Yonekura: 5
A.Konopelko: 5
H.Elsaesser: 5
K.Birkle: 5
P.Rafanelli: 5
J.Bagla: 5
A.Ribeiro: 5
E.Goldberg: 5
S.Eck: 5
K.Forster: 5
R.Alvarez: 5
W.Jaffe: 5
M.Cirkovic: 5
S.Samurovic: 5
N.Cornish: 5
C.Shelton: 5
D.McCarthy: 5
D.Sandler: 5
J.Burge: 5
R.Angel: 5
R.Sadat: 5
N.Lund: 5
O.Terekhov: 5
S.Brandt: 5
S.Sazonov: 5
D.Haarsma: 5
I.Avruch: 5
D.Benford: 5
M.Gerin: 5
B.Szabelska: 5
D.Sobczynska: 5
J.Szabelski: 5
T.Wibig: 5
M.Meyer: 5
S.Beckwith: 5
J.Hashiba: 5
T.Zhu: 5
L.Miller: 5
G.Reichert: 5
R.Elston: 5
W.Brandner: 5
S.Nagataki: 5
Barbara: 5
E.Sung: 5
H.Kim: 5
M.Chun: 5
S.Ryden: 5
A.Piatti: 5
J.Clariá: 5
J.Jr.: 5
M.Sincell: 5
P.Bonifacio: 5
T.Jr.: 5
A.Kuznetsov: 5
H.Murayama: 5
T.Moroi: 5
G.Erbacci: 5
R.Ansaloni: 5
J.Herold: 5
J.Muñoz: 5
M.Centurion: 5
M.Rabban: 5
K.Sembach: 5
M.Wegner: 5
R.E.: 5
L.Schroder: 5
C.Bhat: 5
B.Haron: 5
O.Gerhard: 5
U.Alvensleben: 5
D.Tiphène: 5
G.Simon: 5
R.Klessen: 5
C.Young: 5
G.Schade: 5
H.Patton: 5
G.Pietrzynski: 5
K.Zebrun: 5
A.Rivers: 5
H.Wang: 5
J.Chen: 5
J.Yan: 5
J.Yang: 5
M.Wang: 5
F.Franca: 5
I.Heyer: 5
M.Romaniello: 5
M.Stiavelli: 5
S.Gonzaga: 5
X.Cao: 5
G.Galaz: 5
C.Matzner: 5
P.Schroeder: 5
V.Hilliard: 5
H.Tovmassian: 5
J.Stepanian: 5
J.Valdes: 5
L.Erastova: 5
V.Chavushyan: 5
D.Lennon: 5
J.Reetz: 5
L.Yan: 5
T.Gehren: 5
E.Grove: 5
G.Weigelt: 5
K.Hofmann: 5
M.Wittkowski: 5
Y.Balega: 5
S.Ghigna: 5
G.Machabeli: 5
I.Nanobashvili: 5
J.Siebert: 5
W.Brinkmann: 5
T.Neukirch: 5
E.Shaya: 5
J.Bonnell: 5
G.Zech: 5
K.Mack: 5
L.Sijbring: 5
D.Lis: 5
D.Mehringer: 5
J.Keene: 5
J.Kooi: 5
D.Haglin: 5
R.Roiger: 5
A.Raig: 5
G.Gonzalez-Casado: 5
C.Theis: 5
G.Hensler: 5
D.Harris: 5
L.Pentericci: 5
B.Espey: 5
A.Cameron: 5
H.Schulz: 4
B.Friedmann: 4
F.Cuisinier: 4
R.Buser: 4
T.Lejeune: 4
D.Law-Green: 4
G.Cotter: 4
B.Cobo: 4
R.Flores: 4
I.Wasserman: 4
T.Loredo: 4
D.Fabricant: 4
C.Gheller: 4
O.Pantano: 4
J.Garcia-Bellido: 4
U.Wichoski: 4
H.Jerjen: 4
J.Pando: 4
Y.Wang: 4
M.Colpi: 4
Z.Haiman: 4
R.Gregory: 4
E.Flanagan: 4
S.Carroll: 4
S.Inagaki: 4
D.Berk: 4
J.Quashnock: 4
M.Sakellariadou: 4
J.Rhoads: 4
T.Vachaspati: 4
S.Chakrabarti: 4
M.Ozaki: 4
K.Roettiger: 4
R.Simcoe: 4
F.Caputo: 4
G.Bono: 4
M.Marconi: 4
R.Incerpi: 4
C.Smith: 4
J.Eckmann: 4
T.Zeeuw: 4
W.Roberge: 4
D.Yakovlev: 4
S.McGaugh: 4
N.II: 4
B.Paczynski: 4
M.Joner: 4
A.Stockton: 4
T.Souradeep: 4
R.Grijs: 4
L.Cayon: 4
S.Mollerach: 4
D.Figer: 4
P.Conti: 4
R.Blum: 4
T.Ramond: 4
A.Henriques: 4
L.Mendes: 4
R.Moorhouse: 4
E.Bunn: 4
J.Levin: 4
L.Abramo: 4
S.Petcov: 4
A.Lanza: 4
S.Schindler: 4
S.Pedraz: 4
D.Bandyopadhyay: 4
S.Chakrabarty: 4
S.Pal: 4
K.Meisenheimer: 4
M.Neeser: 4
S.Veilleux: 4
W.Dixon: 4
W.Bednarek: 4
J.Aparicio: 4
P.Bergeron: 4
H.Röttgering: 4
M.Isenberg: 4
A.Ulmer: 4
D.Clarke: 4
C.Clarke: 4
M.Oey: 4
J.Theurer: 4
P.Ulmschneider: 4
P.Huggins: 4
T.Herbig: 4
N.Drake: 4
D.Chung: 4
G.Farrar: 4
B.Barbuy,,: 4
I.F.: 4
S.Ortolan: 4
J.Tyson: 4
M.Montes: 4
V.Karas: 4
U.Kiziloglu: 4
K.Tran: 4
D.White: 4
P.Catelan: 4
B.Thomsen: 4
V.Brun: 4
G.Kauffmann: 4
J.Arnold: 4
R.Lovelace: 4
H.Heiselberg: 4
J.Gribbin: 4
S.Goodwin: 4
S.Castro: 4
C.Filippina: 4
C.Santi: 4
C.Vittorio: 4
K.Asai: 4
C.Liu: 4
G.Vidali: 4
L.Shen: 4
O.Biham: 4
V.Pirronello: 4
J.Meyer: 4
E.Kokubo: 4
Y.Funato: 4
R.Neuhaeuser: 4
R.Spurzem: 4
P.Madau: 4
A.Prisco: 4
J.Hernandez-Pastora: 4
P.Gondolo: 4
S.Esposito: 4
A.Coil: 4
D.Shepherd: 4
E.Churchwell: 4
K.Gordon: 4
M.Sumner: 4
K.Shimasaku: 4
D.Heggie: 4
J.Dalcanton: 4
A.Luca: 4
G.Gispert: 4
N.Aghanim: 4
F.Castander: 4
R.Bower: 4
J.Owen: 4
P.Salati: 4
P.Fosalba: 4
A.Vikhlinin: 4
Z.Ivezic: 4
J.Zdunik: 4
B.Yanny: 4
C.Soubiran: 4
N.Ralite: 4
P.Francois: 4
O.Bienaymé: 4
A.Garijo: 4
C.Garcia-Gomez: 4
J.Sommer-Larsen: 4
D.Davis: 4
E.Chentsov: 4
V.Klochkova: 4
V.Panchuk: 4
P.Petrucci: 4
I.Asaoka: 4
I.Harrus: 4
N.Hata: 4
J.Heyl: 4
C.Codella: 4
P.Benson: 4
R.Welser: 4
N.Bahcall: 4
X.Fan: 4
P.Andreani: 4
D.Welty: 4
G.Zank: 4
H.Pauls: 4
K.Gayley: 4
G.Rauw: 4
M.Heydari-Malayeri: 4
O.Esslinger: 4
P.Magain.: 4
A.Iovino: 4
P.Saracco: 4
B.Komberg: 4
C.Lineweaver: 4
D.Barbosa: 4
G.Lagache: 4
M.Feast: 4
W.Lee: 4
A.Gabrielli: 4
M.Rozyczka: 4
T.Plewa: 4
L.Cominsky: 4
K.Fisher: 4
S.Grandi: 4
D.Goldberg: 4
J.Villumsen: 4
H.Zhao: 4
F.Nagase: 4
H.Janka: 4
T.Nakano: 4
I.Thompson: 4
J.Harris: 4
J.Weisheit: 4
M.Kunz: 4
W.Dehnen: 4
A.Gilbert: 4
M.SubbaRao: 4
R.Moderski: 4
A.Bridle: 4
J.Leahy: 4
P.Scheuer: 4
R.Laing: 4
Y.Tutui: 4
P.Ullio: 4
Q.Shafi: 4
I.Smith: 4
C.Gwinn: 4
X.Zheng: 4
F.Bernardeau: 4
V.Pislar: 4
J.Munoz: 4
U.Hwang: 4
F.Arenou: 4
L.Lindegren: 4
P.Durrell: 4
S.Woodworth: 4
T.Webb: 4
J.Bartlett: 4
A.Kawai: 4
D.Sugimoto: 4
M.Taiji: 4
T.Fukushige: 4
F.Vrba: 4
F.Walter: 4
R.Mathieu: 4
R.Neuhauser: 4
L.Aguilar: 4
C.Churchill: 4
H.AbdelSalam: 4
M.Federspiel: 4
N.Guseva: 4
Y.Izotov: 4
C.Walmsley: 4
B.Raubenheimer: 4
T.Deckers: 4
A.Yoshisato: 4
M.Morikawa: 4
A.Frass: 4
J.Burns: 4
J.Pinkney: 4
P.Gomez: 4
M.Gomez: 4
P.Fouque: 4
W.Gieren: 4
J.Casares: 4
A.Bradley: 4
H.Liu: 4
M.Yamaguchi: 4
B.Pernier: 4
M.Mayor: 4
M.Vogeley: 4
D.Barthes: 4
M.Mennessier: 4
S.Linden: 4
P.Premadi: 4
R.Matzner: 4
C.Flynn: 4
C.O'Dea: 4
C.Moore: 4
J.Hewitt: 4
A.Meszaros: 4
I.Horvath: 4
L.Balazs: 4
Z.Bagoly: 4
S.Sasaki: 4
B.Qin: 4
M.Chu: 4
H.Black: 4
John: 4
H.Quintana: 4
M.Way: 4
K.Kellogg: 4
R.Pearson: 4
A.Eldar: 4
Y.Sigad: 4
B.Wallace: 4
H.Zhang: 4
S.Tanaka: 4
H.Roettgering: 4
R.Rood,: 4
E.Kim: 4
G.Fasano: 4
A.Stephens: 4
F.Yusef-Zadeh: 4
E.Ajhar: 4
M.Postman: 4
N.Antunes: 4
I.Obukhovsky: 4
K.Itonaga: 4
E.Rokutanda: 4
G.Michalek: 4
M.Ostrowski: 4
O.Observatory: 4
M.Turler: 4
J.Retzlaff: 4
V.Mueller: 4
L.Kay: 4
M.Honma: 4
R.Bouwens: 4
E.Grebel: 4
F.Eisenhauer: 4
L.Amendola: 4
A.Smette: 4
C.Hazard: 4
A.Poncet: 4
V.Kuzmin: 4
B.McKernan: 4
K.Yamamoto: 4
J.Munn: 4
S.Majewski: 4
T.Ensslin: 4
J.Drew: 4
J.Storey: 4
L.Allen: 4
M.Burton: 4
E.Valtaoja: 4
H.Terasranta: 4
A.Zasov: 4
V.McIntyre: 4
W.Walsh: 4
L.Lara: 4
T.Venturi: 4
W.Kluzniak: 4
J.Mori: 4
K.Shimizu: 4
K.Yazaki: 4
T.Sakai: 4
V.Ivanov: 4
E.Waltman: 4
F.Ghigo: 4
D.Xiong: 4
C.Frost: 4
M.Forestini: 4
L.Gizon: 4
M.Rabello-Soares: 4
T.Appourchaux: 4
P.Goudfrooij: 4
D.Mihalas: 4
M.Gehmeyr: 4
G.Tarlé: 4
N.Schwadron: 4
D.Simons: 4
G.Knapp: 4
J.Cardelli: 4
A.Yonehara: 4
J.Fukue: 4
E.Schmahl: 4
J.Lemen: 4
J.Zhang: 4
M.Kundu: 4
N.Gopalswamy: 4
S.Croom: 4
J.Salmonson: 4
G.Holder: 4
M.Marx-Zimmer: 4
T.Millar: 4
D.Sedrakian: 4
N.Caldwell: 4
V.Chitnis: 4
D.Proga: 4
G.Beskin: 4
E.Sadler: 4
D.Lazzati: 4
S.Murray: 4
E.Gourgoulhon: 4
S.Bonazzola: 4
L.Pasquali: 4
M.Reno: 4
A.Marston: 4
C.Heisler: 4
M.Bransford: 4
P.Appleton: 4
O.Bartunov: 4
R.Eastman: 4
V.Popolitov: 4
A.Habe: 4
A.Omont: 4
S.Dieters: 4
P.Ho: 4
L.Grego: 4
M.Joy: 4
B.Femenia: 4
S.Reynolds: 4
E.Copeland: 4
J.Gott: 4
C.Destri: 4
J.Salgado: 4
H.Arp: 4
J.Wei: 4
F.Carrier: 4
J.Carquillat: 4
N.Ginestet: 4
D.Nanopoulos: 4
G.Amelino-Camelia: 4
N.Mavromatos: 4
A.Andersen: 4
F.Nicolaisen: 4
K.Glejbol: 4
P.Sorensen: 4
U.Jorgensen: 4
A.Bosh: 4
J.Elliot: 4
L.Young: 4
M.Shure: 4
F.Kupka: 4
N.Audard: 4
W.Weiss: 4
J.Chen.: 4
J.Zhu: 4
N.Metcalfe: 4
G.Blumenthal: 4
R.Wechsler: 4
D.Jaffe: 4
L.Johansson: 4
R.Booth: 4
S.Pak: 4
A.Murray: 4
E.Robson: 4
J.Hough: 4
R.Nartallo: 4
C.Simpson: 4
G.Rieke: 4
S.Inoue: 4
C.Davis: 4
J.Eislöffel: 4
M.Micono: 4
M.Shetrone: 4
B.Elmegreen: 4
R.Kelley: 4
T.Swank: 4
C.Pope: 4
H.Lu: 4
M.Duff: 4
P.Hoxha: 4
R.Martinez-Acosta: 4
A.Baudry: 4
F.Bash: 4
M.Kaufman: 4
N.Brouillet: 4
W.Cochran: 4
K.Nakanishi: 4
M.Calvani: 4
T.Zwitter: 4
K.Lum: 4
R.Manandhar: 4
M.Gonzalez-Garcia: 4
O.Peres: 4
D.Monakhov: 4
S.Rakityansky: 4
S.Sofianos: 4
V.Belyaev: 4
W.Sandhas: 4
A.Sargent: 3
S.Aalto: 3
B.Meyer: 3
J.Bennett: 3
J.Engel: 3
R.Surman: 3
L.Kiseleva: 3
P.Eggleton: 3
R.Marcos: 3
S.Aarseth: 3
A.Ramaprakash: 3
A.Sen: 3
R.Gupta: 3
S.Tandon: 3
I.Grivell: 3
A.Diaferio: 3
A.Vazdekis: 3
E.Casuso: 3
E.Ergma: 3
J.Gaalaas: 3
J.Chengalur: 3
E.Szuszkiewicz: 3
I.Val'tts: 3
S.Kalenskii: 3
V.Golubev: 3
V.Slysh: 3
H.Verhagen: 3
G.McLaughlin: 3
S.Mengel: 3
Y.Chen: 3
G.Bjoernsson: 3
I.Artemova: 3
J.Caillault: 3
M.Gagne: 3
W.Zurek: 3
E.Crete: 3
F.Scoupe: 3
C.Tout: 3
A.Westphal: 3
D.Snowden-Ifft: 3
A.Pagliaro: 3
R.Canal: 3
E.Waxman: 3
H.Meyer: 3
J.Lauroesch: 3
C.Horowitz: 3
R.Scherrer: 3
I.Tkachev: 3
A.Csoto: 3
R.Pichler: 3
S.Moszkowski: 3
T.Fukuyama: 3
T.Okamura: 3
A.Potekhin: 3
T.Kitayama: 3
H.Witt: 3
J.Muecket: 3
J.Carrasco: 3
A.Laix: 3
J.Edsjo: 3
B.Nath: 3
M.Chiba: 3
W.Focke: 3
P.Kumar: 3
F.Rovetti: 3
R.Manchanda: 3
A.Dominguez: 3
A.Gardini: 3
E.Gregersen: 3
M.Choi: 3
S.Zhou: 3
J.Bonnet-Bidaud: 3
N.Somov: 3
T.Somova: 3
B.Carrasco: 3
R.Pilla: 3
F.Halzen: 3
D.Downes: 3
P.Solomon: 3
Y.Gao: 3
G.Canalizo: 3
P.Green: 3
T.Aldcroft: 3
A.Lawrence: 3
G.Hébrard: 3
R.: 3
D.Montanino: 3
E.Lisi: 3
M.Maris: 3
D.Neumann: 3
N.Robba: 3
E.García--Berro: 3
S.Considère: 3
G.Meynet: 3
R.Vio: 3
W.Ting-gui: 3
A.Dalgarno: 3
D.Verner: 3
M.Spaans: 3
P.Miocchi: 3
J.Riley: 3
E.Gunzig: 3
N.Loiseau: 3
N.Verkhodanova: 3
O.Verkhodanov: 3
B.Yudin: 3
M.Somers: 3
M.D'Onofrio: 3
N.Caon: 3
K.Braun: 3
S.Raychaudhury: 3
A.Ambastha: 3
F.Hill: 3
A.Panaitescu: 3
J.Houck: 3
K.Tomisaka: 3
R.Chevalier: 3
M.Cornide: 3
R.Castro: 3
D.Dicus: 3
P.Elmfors: 3
A.Dolgov: 3
S.Kasuya: 3
M.Asplund: 3
N.Rao: 3
A.Fuente: 3
J.Martin-Pintado: 3
P.Planesas: 3
P.Vicente: 3
M.Regan: 3
E.Kampen: 3
L.Hartmann: 3
S.Boughn: 3
V.Pariev: 3
A.Ryzhov: 3
A.Melkonian: 3
G.Lipunova: 3
T.Gaisser: 3
C.Gneiding: 3
J.Braga: 3
M.Pereira: 3
D.Gautier: 3
C.Dantas: 3
H.Capelato: 3
A.Fisher: 3
G.J.: 3
V.Piirola: 3
A.Baykal: 3
J.Deltorn: 3
A.Alpar: 3
A.Esendemir: 3
M.Alev: 3
S.Ettori: 3
N.Sabalisck: 3
V.Jatenco-Pereira: 3
C.Peng: 3
D.King: 3
L.Smith: 3
P.Eskridge: 3
P.Udomprasert: 3
L.Studies: 3
M.Hammergren: 3
W.Baum: 3
E.Salpeter: 3
B.Fryxell: 3
K.Olson: 3
S.Faisse: 3
T.Koehler: 3
V.Usov: 3
A.Berlind: 3
M.Salamon: 3
J.Prochaska: 3
I.Panchenko: 3
C.Bennett: 3
A.Salis: 3
D.Fargion: 3
D.Depoy: 3
I.Gatley: 3
T.Kim: 3
A.Provenzale: 3
E.Spiegel: 3
G.Murante: 3
R.Thieberger: 3
A.Misch: 3
M.Kurster: 3
S.Vogt: 3
I.Semeniuk: 3
M.Nalezyty: 3
T.Kwast: 3
S.Engineer: 3
T.Padmanabhan: 3
G.Moorey: 3
H.Liang: 3
J.Dickey: 3
R.Ekers: 3
D.Schwarz: 3
T.Bulik: 3
E.Vishniac: 3
S.Kenyon: 3
M.Sterzik: 3
S.Frink: 3
S.Roeser: 3
K.Southwell: 3
V.Fiorentino: 3
G.Dudziak: 3
F.Ciacio: 3
G.Galletta: 3
A.Pizzella: 3
E.Corsini: 3
J.Vega: 3
C.Breuck: 3
P.Tozzi: 3
D.Alexander: 3
E.Quataert: 3
E.Calzetta: 3
N.Comins: 3
P.Shorey: 3
T.Zeltwanger: 3
R.Schaefer: 3
S.Ali: 3
L.Jeannin: 3
A.Lagrange: 3
D.Mouillet: 3
J.Frogel: 3
K.McNaron-Brown: 3
M.Doi: 3
S.Okamura: 3
W.Kawasaki: 3
D.Valls-Gabaud: 3
G.Li: 3
S.Lee: 3
D.Merritt: 3
T.Weaver: 3
S.Terebey: 3
Y.Cao: 3
A.Menshchikov: 3
R.Szczerba: 3
A.Marsher: 3
X.Shi: 3
A.Gangui: 3
P.Greene: 3
T.Prokopec: 3
M.Schmitt: 3
T.Falk: 3
K.Strobel: 3
B.Acharya: 3
M.Krishnaswamy: 3
P.Bhat: 3
P.Vishwanath: 3
C.Fryer: 3
V.Petrosian: 3
A.Atoyan: 3
M.Claussen: 3
R.Gaume: 3
W.Huchtmeier: 3
A.Meiksin: 3
T.Usui: 3
S.Ruphy: 3
J.Lequeux: 3
C.Chiappini: 3
J.Cenarro: 3
Y.Qian: 3
D.Schönberner: 3
F.Herwig: 3
M.Eid: 3
T.Blöcker: 3
P.Kernan: 3
B.Sams: 3
J.Schachter: 3
K.McLeod: 3
T.Brainerd: 3
N.Gor'kavyi: 3
T.Taidakova: 3
A.Levinson: 3
K.Thornton: 3
M.Gaudlitz: 3
T.Kolatt: 3
S.Zane: 3
A.Blecha: 3
P.Bratschi: 3
S.Miyama: 3
T.Umebayashi: 3
Y.Aikawa: 3
E.Berezhko: 3
G.Krymsky: 3
L.Ksenofontov: 3
V.Yelshin: 3
A.Quirrenbach: 3
J.Donas: 3
M.Treyer: 3
A.Baker: 3
J.Thorstensen: 3
R.Saffer: 3
W.Rolleston: 3
C.Martins: 3
R.Keel: 3
J.Storm: 3
G.Lazarides: 3
N.Vlachos: 3
A.Sozzetti: 3
A.Spagna: 3
S.Casertano: 3
H.Vedel: 3
R.Nolthenius: 3
A.Maggio: 3
G.Peres: 3
C.Sneden: 3
A.Rujula: 3
M.Hobson: 3
T.Serre: 3
A.Zamboni: 3
A.Offer: 3
S.Bharadwaj: 3
M.Hilker: 3
C.Winge: 3
B.Ryden: 3
N.Trentham: 3
B.Edvardsson: 3
J.Tomkin: 3
A.Ray: 3
F.Sutaria: 3
H.Suzuki: 3
K.Sumiyoshi: 3
A.Tielens: 3
A.Michalitsianos: 3
J.Hintzen: 3
L.Chiang: 3
B.Ballinger: 3
P.Denissenkov: 3
J.Charlton: 3
M.Bruni: 3
C.Brocksopp: 3
P.Brassard: 3
S.Charpinet: 3
F.Bonjour: 3
J.Stewart: 3
M.Anderson: 3
L.Covi: 3
M.Medvedev: 3
V.Galinsky: 3
V.Shevchenko: 3
M.Ulrich: 3
J.Zmuidzinas: 3
B.Mann: 3
K.Thorne: 3
J.Pichlmeier: 3
T.MacFarland: 3
C.Porciani: 3
B.Hansen: 3
R.Buchler: 3
J.Will: 3
J.Swain: 3
L.Anchordoqui: 3
L.Epele: 3
M.Dova: 3
S.Wagner: 3
J.Kennefick: 3
G.Kruse: 3
J.Pringle: 3
G.Morrison: 3
J.Bullock: 3
Q.Peng: 3
J.Feldmeiern: 3
R.Hes: 3
C.Bailer-Jones: 3
P.Hodge: 3
P.Peebles: 3
A.Muslimov: 3
M.Robberto: 3
T.Herbst: 3
L.Cao: 3
Q.Li: 3
Y.Zhao: 3
C.Phillips: 3
D.Rayner: 3
S.Ellingsen: 3
D.Zhang: 3
H.Stone: 3
R.Goldstein: 3
T.Powers: 3
C.Hellaby: 3
G.Ellis: 3
N.Mustapha: 3
F.Paiva: 3
G.Hall: 3
R.Mohapatra: 3
N.Kaloper: 3
A.Berezin: 3
S.Kopylov: 3
T.Maccacaro: 3
E.Chereul: 3
M.Crézé: 3
I.Igumenshchev: 3
E.Kolaczyk: 3
J.Samimi: 3
R.Sutherland: 3
E.Pierpaoli: 3
A.Raychaudhuri: 3
K.Kar: 3
S.Goswami: 3
S.Chitre: 3
A.Krabbe: 3
F.Lebrun,: 3
H.V.Capelato: 3
A.Doroshkevich: 3
S.Madsen: 3
S.Phelps: 3
K.Ashman: 3
J.Fierro: 3
P.Michelson: 3
K.Bohm: 3
C.Escobar: 3
R.Vázquez: 3
F.Alberts: 3
M.Heemskerk: 3
A.Buchalter: 3
A.Baleisis: 3
J.Wall: 3
M.Birkinshaw: 3
A.Bosma: 3
J.Rachen: 3
C.Wheeler: 3
J.Spyromillio: 3
R.Harkness: 3
A.Sedrakian: 3
E.Korpela: 3
P.Felenbok: 3
A.Jr.: 3
V.Zanchin: 3
W.Craig: 3
E.Schnapka: 3
J.Feng: 3
V.Kolokotronis: 3
G.Dubus: 3
T.Walker: 3
V.Narayanan: 3
M.Gutierrez: 3
A.Natta: 3
E.Florido: 3
D.Polarski: 3
J.Lesgourgues: 3
A.Polnarev: 3
B.Keating: 3
J.Steinberger: 3
P.Timbie: 3
B.Boer: 3
T.Berghoefer: 3
J.Guibert: 3
G.Bryan: 3
A.Carraminana: 3
K.Brazier: 3
O.Reimer: 3
G.Jeske: 3
M.Louarn: 3
M.Tallon: 3
N.Hubin: 3
R.Foy: 3
U.Sofia: 3
M.Lissia: 3
F.Bertoldi: 3
M.Dennefeld: 3
J.Gomez: 3
R.Williams: 3
C.Tao: 3
G.Gerbier: 3
J.Mallet: 3
L.Mosca: 3
C.Ikuta: 3
H.Dalhed: 3
M.Greiner: 3
P.Lipa: 3
D.Vecchies: 3
G.Gussie: 3
K.Menou: 3
A.Paolantonio: 3
A.Piersimoni: 3
V.Ripepi: 3
M.Graham: 3
P.Newman: 3
R.Clowes: 3
T.Armandroff: 3
M.O'Brien: 3
M.Giannuzzo: 3
C.Norman: 3
T.Corbard: 3
B.Maffei: 3
L.Yungelson: 3
S.Frandsen: 3
T.Dall: 3
M.Sanchez-Saavedra: 3
A.Bottino: 3
F.Donato: 3
N.Fornengo: 3
S.Scopel: 3
N.Tsamis: 3
R.Woodard: 3
J.Anderson: 3
J.Billawala: 3
D.Stinebring: 3
N.McClure-Griffiths: 3
S.Johnston: 3
C.Brogan: 3
R.Crutcher: 3
T.Troland: 3
M.Kasai: 3
X.Xia: 3
Z.Deng: 3
Z.Zou: 3
E.Vorobyov: 3
V.Korchagin: 3
A.Vallenari: 3
U.Mebold: 3
E.Oliva: 3
M.Harding: 3
F.Natali: 3
M.Ehle: 3
R.Beck: 3
D.Ilic: 3
J.Petrovic: 3
J.You: 3
A.Thorolfsson: 3
E.Gudmundsson: 3
J.Yngvason: 3
O.Rognvaldsson: 3
G.Squires: 3
H.Hoekstra: 3
S.Kim: 3
G.Dahmen: 3
T.Wilson: 3
E.Lee: 3
E.Colbert: 3
H.Nella: 3
A.Kubota: 3
H.Tang: 3
L.McLerran: 3
S.Jeon: 3
E.Bakker: 3
S.Hunter: 3
M.Giersz: 3
J.Feldmeier: 3
S.Ruphy,: 3
W.Press: 3
C.Valotto: 3
D.Lambas: 3
M.Abadi: 3
M.Merchan: 3
O.Chedia: 3
W.Bonin: 3
F.Wang: 3
A.Petrosian: 3
E.Nikoghossian: 3
D.Mao: 3
D.Wang: 3
J.Gómez-Gomar: 3
J.José: 3
A.Holloway: 3
A.Pedlar: 3
C.Mundell: 3
J.Gallimore: 3
H.Dahle: 3
N.Kaiser: 3
S.Gwyn: 3
A.Teixeira: 3
J.Aman: 3
J.Fonseca-Neto: 3
T.Asaka: 3
H.Huber: 3
T.Kawaguchi: 3
J.Wu: 3
B.Chen: 3
C.Jordi: 3
J.Torra: 3
J.Jones: 3
J.Schwartzenberg: 3
A.Refregier: 3
C.Cress: 3
D.Westpfahl: 3
L.Zee: 3
D.Cohen: 3
J.Cassinelli: 3
M.Zoccali: 3
E.Humphreys: 3
M.Gray: 3
R.Barreiro: 3
G.Skupniewicz: 3
K.Otmianowska-Mazur: 3
A.Ahearn: 3
L.Duva: 3
C.Greiner: 3
K.Schertler: 3
M.Thoma: 3
P.Sahu: 3
J.Borsenberger: 3
G.Marani: 3
R.Nemiroff: 3
J.Palous: 3
S.Ehlerova: 3
M.Dragovan: 3
T.Beers: 3
R.Walter: 3
E.Vangioni-Flam: 3
J.Audouze: 3
M.Casse: 3
A.Yoshida: 3
L.Nazarova: 3
P.Gondhalekar: 3
S.Kohle,: 3
R.Misra: 3
B.Corey: 3
C.Katz: 3
Y.Yoshida: 3
E.Neilsen: 3
A.Cumming: 3
C.Cutler: 3
E.Gruber: 3
F.Gronwald: 3
H.Lichtenegger: 3
R.Puntigam: 3
P.Tinyakov: 3
A.Thomas: 3
K.Saito: 3
K.Tsushima: 3
S.Wright: 3
C.Tadhunter: 2
M.Villar-Martin: 2
N.Clark: 2
C.Wilke: 2
G.Wunner: 2
R.Braun: 2
L.Rubio: 2
M.Collados: 2
J.Bueno: 2
E.Telles: 2
J.Melnick: 2
E.Emsellem: 2
A.Banday: 2
H.Li: 2
B.Link: 2
R.Epstein: 2
P.Andre: 2
R.Henriksen: 2
S.Bontemps: 2
S.Weinberg: 2
M.Haarlem: 2
M.Burleigh: 2
T.Fleming: 2
M.Allen: 2
A.Maller: 2
R.Dave': 2
T.Simon: 2
N.Gouda: 2
T.Pickering: 2
J.Hure: 2
B.Sokolov: 2
H.Fagundes: 2
M.Warren: 2
C.Cardall: 2
A.Coc: 2
P.Singh: 2
R.Schiavon: 2
E.Brinks: 2
P.Kroupa: 2
A.Kashlinsky: 2
S.Odenwald: 2
R.Wyse: 2
M.Thornley: 2
A.Yates: 2
G.Lozano: 2
T.Kibble: 2
G.Segre: 2
T.Pyne: 2
M.Takizawa: 2
Y.Kakigi: 2
V.Reshetnikov: 2
R.Lavery: 2
C.Cheung: 2
S.Fall: 2
V.Kulkarni: 2
A.Maciolek-Niedzwiecki: 2
C.Struck: 2
J.Hora: 2
A.Mastichiadis: 2
N.Kylafis: 2
E.Spillar: 2
H.Dyck: 2
Y.Ohyama: 2
E.Borra: 2
C.Martin: 2
S.Hannestad: 2
J.Gerssen: 2
G.Barbaro: 2
P.Strittmatter: 2
A.Kaminker: 2
C.Bertout: 2
O.Regev: 2
Y.Ultchin: 2
M.Park: 2
Y.Yakushige: 2
K.J"ager: 2
E.Zas: 2
D.Pogosyan: 2
J.Herrnstein: 2
M.Verheijen: 2
R.Tully: 2
A.Shanks: 2
R.Ouyed: 2
R.Pudritz: 2
L.Perivolaropoulos: 2
M.Axenides: 2
R.Toldra: 2
A.Davis: 2
M.Trodden: 2
S.Davis: 2
D.Sciama: 2
E.Akhmedov: 2
A.Kull: 2
R.Treumann: 2
E.Heuvel: 2
G.Soberman: 2
A.Berera: 2
P.Jelinsky: 2
G.Rajasekaran: 2
M.Narayan: 2
R.Sinha: 2
Q.Luo: 2
W.Schmutz: 2
J.Martin-Mirones: 2
S.Hong: 2
P.Muciaccia: 2
P.Natoli: 2
A.Laio: 2
A.Tartaglia: 2
G.Rizzi: 2
A.Rosen: 2
P.Hardee: 2
M.Cuntz: 2
H.Levison: 2
M.Duncan: 2
J.Wadsley: 2
S.Sethi: 2
A.Nesteruk: 2
P.Safier: 2
S.Stahler: 2
M.Sauvage: 2
P.Lagage: 2
F.Moreno-Insertis: 2
K.Petrovay: 2
T.Ogawa: 2
P.Francis: 2
I.Waga: 2
A.Wandel: 2
G.Domokos: 2
S.Kovesi-Domokos: 2
A.Brignole: 2
F.Feruglio: 2
F.Zwirner: 2
D.Semikoz: 2
S.Hansen: 2
J.Timmer: 2
M.König: 2
S.Vogel: 2
A.Naim: 2
K.Ratnatunga: 2
J.Touma: 2
L.Binette: 2
E.Audit: 2
R.Crittenden: 2
A.Beresnyak: 2
Y.Istomin: 2
S.Sohy: 2
W.Kalkofen: 2
J.Kepner: 2
Dinh-V-Trung: 2
Nguyen-Q-Rieu: 2
G.Pelletier: 2
J.Becquaert: 2
A.Bijaoui: 2
K.Cheng: 2
Z.Dai: 2
Y.Eriguchi: 2
A.Gurevich: 2
K.Zybin: 2
S.Kanbur: 2
D.Graff: 2
D.Lai: 2
A.Gubanov: 2
O.Slee: 2
M.Birkel: 2
P.Gonthier: 2
G.Brunetti: 2
G.Setti: 2
R.Gruenwald: 2
S.Viegas: 2
E.Avera: 2
I.Karachentsev: 2
B.Sinha: 2
J.Alam: 2
S.Raha: 2
C.Moran: 2
C.Schmid: 2
P.Widerin: 2
C.Graziani: 2
R.Slawinski: 2
M.Forbes: 2
A.Pouquet: 2
G.Mendell: 2
J.Ipser: 2
L.Lindblom: 2
G.Ross: 2
J.Adams: 2
K.Kiers: 2
S.Balberg: 2
A.Dar: 2
N.Shaviv: 2
S.Kobayashi: 2
C.Chevalier: 2
S.Ilovaisky: 2
A.Goncalves: 2
M.Veron-Cetty: 2
P.Veron: 2
S.Ikeuchi: 2
P.Laguna: 2
A.Cavaliere,: 2
N.Menci: 2
H.Rocha-Pinto: 2
W.Maciel: 2
A.Plastino: 2
D.Torres: 2
H.Vucetich: 2
A.Beloborodov: 2
A.Venkatesan: 2
J.Dunlop,: 2
G.Tiede: 2
S.Scully: 2
J.Orloff: 2
P.Chardonnet: 2
E.Elizalde: 2
M.Suginohara: 2
T.Suginohara: 2
K.Kohri: 2
A.Fairall: 2
P.Woudt: 2
H.Rubinstein: 2
L.Bergström: 2
D.Gondek: 2
B.Jungwiert: 2
E.Mottola: 2
I.Antoniadis: 2
P.Mazur: 2
P.Theije: 2
R.Slijkhuis: 2
L.Looney: 2
W.Welch: 2
B.Robbason: 2
Y.Wadadekar: 2
K.Pedersen: 2
A.Kosowsky: 2
A.Miller: 2
E.Lada: 2
W.Li: 2
D.Kelly: 2
J.Lacy: 2
S.Beck: 2
F.Hehl: 2
V.Korotky: 2
Y.Obukhov: 2
J.Provos: 2
P.Kimoto: 2
J.Friedman: 2
C.Boehm: 2
P.Peter: 2
B.Greene: 2
T.Roos: 2
N.Auerbach: 2
N.Giai: 2
O.Vorov: 2
V.Vlasyuk: 2
H.Elsässer: 2
C.Rola: 2
E.Terlevich: 2
V.Kalogera: 2
D.Messinger: 2
D.Whittet: 2
J.Fukumoto: 2
K.Okoshi: 2
G.Vasisht: 2
L.Verde: 2
D.Devine: 2
K.Yu: 2
M.Bate: 2
P.Bodenheimer: 2
G.Wasserburg: 2
P.Vogel: 2
M.Santos-Lleo: 2
R.Taam: 2
C.Brocca: 2
D.Bettoni: 2
J.Kuraszkiewicz: 2
Z.Loska: 2
L.Song: 2
M.Wu: 2
A.A.Goodman: 2
A.Whiting: 2
E.Abdalla: 2
R.Mohayaee: 2
G.Savonije: 2
A.Odell: 2
J.Schombert: 2
K.Rakos: 2
R.Turolla: 2
I.Yadigaroglu: 2
R.Romani: 2
J.Braatz: 2
K.Wilhelm: 2
M.Carlsson: 2
P.Judge: 2
H.Mause: 2
E.Skillman: 2
H.Kobulnicky: 2
R.Fernandes: 2
D.Molteni: 2
G.Lanzafame: 2
T.Rengarajan: 2
G.Burley: 2
G.Walker: 2
S.Chapman: 2
L.Ciotti: 2
K.Jedamzik: 2
K.Kratz: 2
L.Masperi: 2
D.Kalligas: 2
D.Santiago: 2
R.Wagoner: 2
A.Feinstein: 2
J.Ibáñez: 2
R.Lazkoz: 2
A.Zhuk: 2
U.Guenther: 2
G.Fogli: 2
M.Perelstein: 2
Z.Bern: 2
C.Lee: 2
G.Brown: 2
M.Fioc: 2
C.Sagan: 2
A.Turbiner: 2
J.Lopez: 2
P.Hess: 2
J.Kenney: 2
S.Jogee: 2
P.Kruit: 2
P.Yecko: 2
D.Malin: 2
M.Weil: 2
S.Glashow: 2
F.Villante: 2
M.Moretti: 2
G.Boerner: 2
J.Niemeyer: 2
P.Milne: 2
M.Harris: 2
D.Buote: 2
D.Ushakov: 2
I.Mitrofanov: 2
M.Litvak: 2
K.Deeley: 2
A.Marom: 2
J.MacGibbon: 2
J.Hulst: 2
R.Sancisi: 2
R.Swaters: 2
I.Ferreras: 2
G.Soucail: 2
F.Roueff: 2
R.Taillet: 2
E.Corbelli: 2
I.Márquez: 2
M.Moles: 2
K.Oganessyan: 2
J.Sheikh: 2
A.Kandus: 2
F.Mazzitelli: 2
C.Tinney: 2
X.Delfosse: 2
N.Ardeljan: 2
S.Moiseenko: 2
H.Boffin: 2
H.Yukawa: 2
T.Matsuda: 2
G.Burgio: 2
I.Bombaci: 2
M.Baldo: 2
J.Starck: 2
V.Agapitou: 2
S.Ransom: 2
P.Jain: 2
R.Schoenmakers: 2
H.Reuter: 2
C.Lousto: 2
M.Campanelli: 2
J.Uzan: 2
N.Deruelle: 2
S.Mukohyama: 2
S.King: 2
J.Rembielinski: 2
K.Smolinski: 2
P.Caban: 2
K.Babu: 2
E.Westphal: 2
H.Davoudiasl: 2
K.Rajagopal: 2
C.Burgess: 2
D.Michaud: 2
P.Bamert: 2
R.III: 2
J.Felten: 2
I.Jiang: 2
S.Dutta: 2
F.Bosch: 2
B.Fuchs: 2
R.Metcalf: 2
L.Nolan: 2
S.Markoff: 2
A.Beardmore: 2
V.Celebonovic: 2
R.Cavallo: 2
M.Herter: 2
A.Petters: 2
H.Hirashita: 2
H.Kamaya: 2
A.Zabludoff: 2
P.Armitage: 2
S.Lizano: 2
T.Landecker: 2
R.Schmidt: 2
R.Webster: 2
A.Yakovlev: 2
V.Bezchastnov: 2
O.Kovo-Kariti: 2
C.Giovanardi: 2
S.Ferrara: 2
H.Kurokawa: 2
T.Ishii: 2
L.Pozzetti: 2
L.Koch-Miramond: 2
M.Auriere: 2
M.Crone: 2
R.Schulte-Ladbeck: 2
M.Opher: 2
W.Chiu: 2
E.Montanari: 2
M.Calura: 2
P.Fortini: 2
L.Bettencourt: 2
I.Aref'eva: 2
I.Volovich: 2
L.Accardi: 2
M.Giovannini: 2
J.Cline: 2
K.Kainulainen: 2
K.Ng: 2
G.Vincent: 2
G.Huey: 2
I.Zlatev: 2
B.Hauck: 2
D.Ballereau: 2
J.Chauville: 2
I.Cagnoni: 2
A.Illarionov: 2
L.Wang: 2
A.Sandage: 2
G.Tammann: 2
P.Jean: 2
L.Viverit: 2
P.Pizzochero: 2
R.Broglia: 2
R.Cumming: 2
A.Bianchini: 2
J.Plummer: 2
B.Keszthelyi: 2
P.Frampton: 2
D.Priou: 2
A.Cerqueira: 2
M.Herant: 2
S.Moehler: 2
U.Heber: 2
S.Leon: 2
T.Menon: 2
B.Anthony-Twarog: 2
B.Twarog: 2
R.Riediger: 2
J.Higdon: 2
R.Rand: 2
T.Shimizu: 2
J.Fynbo: 2
P.Moller: 2
S.Warren: 2
D.Mello: 2
S.Junqueira: 2
J.Chieze: 2
A.Reynolds: 2
M.Kouwenhoven: 2
I.Lapshov: 2
J.Perez-Mercader: 2
D.Worrall: 2
G.Busfield: 2
R.Oudmaijer: 2
I.Puerari: 2
A.Clegg: 2
A.Fey: 2
B.Wiebel-Sooth: 2
S.Kappadath: 2
A.Harrison: 2
I.Coulson: 2
J.Edelstein: 2
B.Matthews: 2
C.Noce: 2
F.Felice: 2
G.Preti: 2
E.Cuoco: 2
G.Curci: 2
M.Beccaria: 2
A.Abbas: 2
S.Abbas: 2
S.Mohanty: 2
G.Burdman: 2
R.Gandhi: 2
J.Flanagan: 2
S.Pakvasa: 2
D.Thomas: 2
B.Mele: 2
D.Guenther: 2
M.Wardle: 2
J.Caldwell: 2
A.Martinelli: 2
M.Thierbach: 2
R.Wielebinski: 2
C.Willmer: 2
M.Maia: 2
A.Pradhan: 2
J.Garcia-Ruiz: 2
C.Kaiser: 2
J.Lattimer: 2
M.Prakash: 2
S.Reddy: 2
O.Jager: 2
M.Jura: 2
C.Firmani: 2
V.Avila-Reese: 2
X.Hernández: 2
M.Kunzli: 2
R.Olling: 2
B.Rudak: 2
J.Dyks: 2
R.Stevens: 2
L.Leinson: 2
S.Randich: 2
G.Zharkov: 2
G.Miller: 2
D.Finkbeiner: 2
D.Schlegel: 2
M.Hiesgen: 2
P.Brosche: 2
W.Benz: 2
E.Kerins: 2
T.Dimeo: 2
N.Makino: 2
J.Delabrouille: 2
K.Górski: 2
M.Filippi: 2
M.Govender: 2
S.Maharaj: 2
J.Marck: 2
J.Frieben: 2
P.Marronetti: 2
I.Vilja: 2
P.Bhattacharjee: 2
P.Khare: 2
M.Arnould: 2
N.Mowlavi: 2
S.Goriely: 2
M.Morita: 2
L.Hoffman: 2
C.Balland: 2
D.Trevese: 2
J.Kotilainen: 2
R.Scarpa: 2
H.Fukuda: 2
K.Wada: 2
K.Gendreau: 2
D.Kim: 2
G.Fabbiano: 2
G.Mackie: 2
A.Nisikawa: 2
N.Isibasi: 2
M.Rampp: 2
M.Ruffert: 2
D.Kaellander: 2
J.Hultman: 2
B.Salasnich: 2
I.Garcia-Ruiz: 2
J.Dubinski.: 2
N.Lloyd: 2
K.Uchida: 2
B.Pagel: 2
D.Husfeld: 2
G.Shields: 2
L.Wobus: 2
M.Hanasz: 2
B.Grossan: 2
K.Roth: 2
C.McKeith: 2
F.Prada: 2
H.Washimi: 2
S.Shibata: 2
J.Cowan: 2
W.Wenzel: 2
J.Deaton: 2
A.Chernenko: 2
M.Koenig: 2
B.Gaensler: 2
J.Goussard: 2
D.Wands: 2
S.Pastor: 2
I.Kogan: 2
C.Patzold: 2
J.Baacke: 2
K.Heitmann: 2
P.Romano: 2
K.Schindler: 2
T.Wiegelmann: 2
J.Ulvestad: 2
J.Wrobel: 2
J.Scargle: 2
H.Schmidt: 2
K.Jahn: 2
R.Schlichenmaier: 2
E.Pier: 2
K.Weaver: 2
M.Wise: 2
S.Pascarelle: 2
H.Izumiura: 2
S.Deguchi: 2
T.Fujii: 2
J.Loveday: 2
N.Sakai: 2
G.Birk: 2
E.Agol: 2
C.Charbonnel: 2
G.Wallerstein: 2
J.Brown: 2
G.Tormen: 2
C.Kozma: 2
C.Jacobs: 2
J.Fanselow: 2
O.Sovers: 2
J.K"oppen: 2
E.Pointecouteau: 2
P.Silva: 2
R.Barbon: 2
U.Munari: 2
G.Yepes: 2
S.Gottlober: 2
N.Itoh: 2
S.Nozawa: 2
Y.Kohyama: 2
D.Pisano: 2
E.Wilcots: 2
E.Ramirez: 2
H.Wendker: 2
K.Molthagen: 2
N.Bade: 2
C.Lia: 2
K.Mighell: 2
R.French: 2
I.Lapidus: 2
E.Malec: 2
N.Murchadha: 2
T.Chmaj: 2
F.Finelli: 2
G.Vacca: 2
G.Venturi: 2
O.Miranda: 2
K.Whisnant: 2
T.Weiler: 2
V.Barger: 2
L.Hall: 2
F.Baier: 1
S.Oh: 1
A.Graham: 1
M.Balcells: 1
M.Weinberg: 1
S.Nikolaev: 1
W.Kley: 1
S.Nazin: 1
L.Petersen: 1
P.Gammelgaard: 1
J.Cohn: 1
M.Bucher: 1
J.Huang: 1
L.Vignola: 1
A.Tesseri: 1
T.Yano: 1
H.Noh: 1
J.Hwang: 1
Z.Protogeros: 1
S.Prins: 1
M.Giroux: 1
M.Ruszkowski: 1
M.Gonzalez: 1
L.Nelson: 1
D.Kirkman: 1
J.Gutierrez: 1
C.Acerbi: 1
S.Westerhoff: 1
D.Clayton: 1
C.Santos: 1
J.Piekarewicz: 1
A.Kopajev: 1
Y.Baurov: 1
S.Khlebnikov: 1
B.Novosyadlyj: 1
Y.Chornij: 1
C.Ho: 1
H.Chang: 1
R.Kates: 1
Y.Ishimaru: 1
N.Sechaud: 1
O.Bienayme: 1
I.Jorgensen: 1
M.Rugers: 1
G.Heinzelmann: 1
A.Gruzinov: 1
S.Vine: 1
J.Collett: 1
D.Heyrovsky: 1
C.Markwardt: 1
H.Ogelman: 1
D.Gough: 1
M.Brüggen: 1
H.Jones: 1
T.Tsuji: 1
G.Moretto: 1
J.Madsen: 1
A.Lewin: 1
H.El-Ad: 1
A.Miniati: 1
M.Ricotti: 1
R.Kim: 1
D.Reichart: 1
R.Duncan: 1
Y.Fang: 1
J.Shaham: 1
M.Georganopoulos: 1
C.Maceroni: 1
C.Mauche: 1
D.Burrows: 1
Z.Guo: 1
S.Davidson: 1
D.Arnett: 1
G.Bazán: 1
R.Balasubramanian: 1
S.Dhurandhar: 1
L.Grishchuk: 1
J.Rosner: 1
J.Wilkerson: 1
E.Masso: 1
D.Dean: 1
M.Ressell: 1
G.Senjanović: 1
C.Barnes: 1
D.Krivitsky: 1
V.Kontorovich: 1
D.Beauchamp: 1
E.Hardy,: 1
M.Persic: 1
P.Salucci: 1
M.Kutschera: 1
S.Kubis: 1
E.Woods: 1
X.Vilenkin: 1
G.Collins: 1
B.Ciardi: 1
I.Mirabel,: 1
A.Drago: 1
U.Tambini: 1
S.Trushkin: 1
E.Stengler-Larrea: 1
O.Bischof: 1
B.Mathiesen: 1
V.Silveira: 1
J.Tohline: 1
K.New: 1
M.Dovciak: 1
R.Zalaletdinov: 1
D.Scialom: 1
W.Repko: 1
T.Tikkanen: 1
D.Martinez-Delgado: 1
R.Ibata: 1
S.Sridhar: 1
H.Bi: 1
N.Sotnikova: 1
E.Maoz: 1
K.Bekarian: 1
P.Knight: 1
L.Sparke: 1
W.Maciejewski: 1
T.Theuns: 1
M.Dabrowski: 1
S.Madden: 1
S.Charlot: 1
M.Smolsky: 1
D.Drozdova: 1
J.Gerritsen: 1
R.Bottema: 1
A.Gonzalez: 1
G.Baym: 1
K.Dolag: 1
G.Bertin: 1
M.Lombardi: 1
A.Serna: 1
S.Arthur: 1
W.Henney: 1
E.Gausmann: 1
G.Field: 1
W.Blok: 1
M.Dubin: 1
R.Soberman: 1
J.Ballesteros-Paredes: 1
M.Sodemann: 1
C.Einsel: 1
E.Bougleux: 1
J.Alexander: 1
L.Brown: 1
R.Sawyer: 1
C.Tsagas: 1
P.Brady: 1
F.Schunck: 1
R.Konoplich: 1
Y.Golubkov: 1
J.Ahonen: 1
N.Weiss: 1
H.Casini: 1
R.Montemayor: 1
R.Dilao: 1
R.Schiappa: 1
A.Gal: 1
U.Lisenfeld: 1
K.Miyahata: 1
E.Pignatelli: 1
A.Kurpiewski: 1
M.Jaroszynski: 1
D.Gomez: 1
P.Dmitruk: 1
O.Uza: 1
A.Wolszczan: 1
D.Méra: 1
M.Grana: 1
E.Vesperini: 1
V.Hubeny: 1
M.C.Begelman: 1
T.Fridman: 1
J.Blades: 1
M.Sahu: 1
E.Moran: 1
P.Wiegert: 1
C.Yess: 1
L.Clampitt: 1
H.Haubold: 1
J.Bergeron: 1
P.Guillemin: 1
S.Ramirez: 1
S.Ridgway: 1
A.Boothroyd: 1
V.Sarajedini: 1
D.Christodoulou: 1
K.Iida: 1
E.Ardi: 1
C.Dudley: 1
C.Wynn-Williams: 1
N.Stergioulas: 1
Y.Kojima: 1
H.Minakata: 1
P.Langacker: 1
N.Tancredi: 1
E.Weinberg: 1
S.Sahu: 1
L.Driel-Gesztelyi: 1
L.Girard: 1
C.Siguenza: 1
P.Gonzalez-Diaz: 1
E.Chiang: 1
P.Goldreich: 1
A.Dobado: 1
A.Maroto: 1
P.Roche: 1
J.Pryadko: 1
M.Christiansen: 1
F.Hernandez: 1
J.Alvarez-Muñiz: 1
N.Arav: 1
E.Bloom: 1
J.Wells: 1
H.Seemann: 1
H.Schlattl: 1
N.Renaud: 1
B.Piner: 1
K.Kingham: 1
H.Feldman: 1
R.Watkins: 1
M.Putten: 1
J.Turner: 1
M.Yildiz: 1
N.Kiziloglu: 1
M.Prieto: 1
O.Tornkvist: 1
J.Vernet: 1
F.Sylos-Labini: 1
G.Silva: 1
S.Morsink: 1
P.Krastev: 1
R.Foot: 1
R.Volkas: 1
A.Meza: 1
N.Zamorano: 1
C.Copi: 1
B.Geiger: 1
D.DePoy: 1
K.Lee: 1
K.Fukasaku: 1
T.Fujita: 1
Z.Serre: 1
A.Kerstein: 1
E.Scannapieco: 1
E.Guerra: 1
R.Daly: 1
D.Woods: 1
E.Kolokotronis: 1
G.Magris: 1
S.Doty: 1
R.Gangadhara: 1
S.Hatton: 1
S.Silich: 1
S.Repin: 1
S.Rauzy: 1
V.Bistolas: 1
Y.Hoffman: 1
P.Winkler: 1
F.Musazzi: 1
F.Pablos: 1
J.Cepa: 1
S.Heinz: 1
C.Hoopes: 1
R.Walterbos: 1
S.Courteau: 1
J.Araujo: 1
E.Seaquist: 1
S.Talon: 1
N.Seto: 1
D.Konenkov: 1
A.Levine: 1
A.Pallavicini: 1
A.Parravano: 1
C.Pech: 1
J.Triginer: 1
D.Lyth: 1
J.Sanderson: 1
M.Gai: 1
A.Everett: 1
D.Majmudar: 1
J.Applegate: 1
T.Chou: 1
C.Benesh: 1
D.Holz: 1
R.Wald: 1
P.Shopbell: 1
B.Ragot: 1
J.Kirk: 1
E.Hog: 1
J.Baum: 1
G.Leyshon: 1
R.Coker: 1
F.Hadrovic: 1
C.Essex: 1
P.Kornreich: 1
J.Eilek: 1
D.Raboud: 1
J.Trümper: 1
W.Becker: 1
H.Jahreiss: 1
A.Romanowsky: 1
J.Lima: 1
R.Webbink: 1
A.Edery: 1
M.Paranjape: 1
R.Corbet: 1
R.Hook: 1
G.Qiao: 1
W.Lin: 1
P.Viana: 1
T.Zannias: 1
I.Cho: 1
P.Shellard: 1
S.Sonego: 1
K.Chou: 1
Y.Wu: 1
R.Hempfling: 1
T.Han: 1
P.Moulatsiotis: 1
S.Lin: 1
N.Rupen: 1
W.Keil: 1
A.Caccianiga: 1
P.Goldschmidt: 1
J.Liske: 1
D.Harari: 1
G.Surpi: 1
M.Valluri: 1
S.Faïsse: 1
T.Rector: 1
I.Murakami: 1
C.Taylor: 1
M.Hanson: 1
C.Murali: 1
A.Dobrzycki: 1
L.Matthews: 1
L.Ben-Jaffel: 1
O.Puyoo: 1
X.Hernandez: 1
P.Ciliegi: 1
T.Maccacaro,: 1
D.Saez: 1
V.Quilis: 1
V.Rubakov: 1
J.Parriott: 1
J.Howk: 1
L.Widrow: 1
J.Carvalho: 1
G.Boynton: 1
U.Torkelsson: 1
M.Garrett: 1
S.Garrington: 1
P.Barmby: 1
M.Gómez-Flechoso: 1
R.Domínguez-Tenreiro: 1
R.Tilanus: 1
C.Piero: 1
D.Maria: 1
A.Taruya: 1
Y.Nambu: 1
S.Liberati: 1
M.Bastero-Gil: 1
R.Bousso: 1
S.Hawking: 1
N.Barnea: 1
C.Canizares: 1
A.D'Ercole: 1
G.Liu: 1
F.Ergma: 1
W.Altena: 1
J.Sellwood: 1
V.Debattista: 1
M.Mulrooney: 1
P.Hickson: 1
S.Prunet: 1
M.Bautista: 1
E.Choi: 1
C.Wiegert: 1
I.Sakelliou: 1
G.Trinchieri: 1
W.Hayes: 1
G.Lemson: 1
P.Valageas: 1
B.Draine: 1
P.Sackett: 1
B.Plez: 1
S.Winitzki: 1
D.Vokrouhlicky: 1
K.Brooks: 1
M.Chernyakova: 1
H.Kuntschner: 1
K.Gorski: 1
M.Roos: 1
S.Harun-or-Rashid: 1
Z.Huang: 1
H.Duerbeck: 1
E.Dwek: 1
D.Frayer: 1
E.Frail: 1
B.Ingalls: 1
K.Rauch: 1
S.Feltzing: 1
A.Burkert,: 1
C.Metzler: 1
N.Safizadeh: 1
M.: 1
T.Downes: 1
R.Anderson: 1
T.Statler: 1
K.Nozari: 1
R.Mansouri: 1
H.Oliveira: 1
R.Ramos: 1
J.Peitz: 1
S.Appl: 1
A.Kinkhabwala: 1
J.Estrada: 1
C.Panagiotakopoulos: 1
N.Tetradis: 1
K.Kunze: 1
P.Maxted: 1
R.Scalzo: 1
K.Belle: 1
S.Das: 1
C.Beisbart: 1
M.Corcoran: 1
T.Emonet: 1
S.Torres: 1
M.Nagashima: 1
O.Kurth: 1
G.Rybicki: 1
E.Blok: 1
J.Mikolajewska: 1
K.Belczynski: 1
L.Drissen: 1
M.Shara: 1
E.Gruen: 1
M.Landgraf: 1
A.Kopf: 1
A.Koekemoer: 1
N.Kanekar: 1
U.Briel: 1
H.Sol: 1
C.Lonsdale: 1
H.Spruit: 1
F.Mirabel: 1
P.Duc: 1
G.Anderson: 1
A.Sansom: 1
R.Proctor: 1
E.Komatsu: 1
M.Takada: 1
P.Martens: 1
K.Maeda: 1
R.Easther: 1
K.Kokkotas: 1
N.Andersson: 1
R.Brustein: 1
R.Madden: 1
D.Trilling: 1
M.Romano: 1
R.Lieu: 1
A.Szomoru: 1
C.Hsu: 1
I.Owsianik: 1
J.Conway: 1
K.Subramanian: 1
M.Wilkinson: 1
W.Evans: 1
M.Mond: 1
A.Thampan: 1
B.Datta: 1
P.Observatory: 1
G.Ogilvie: 1
C.Cox: 1
K.Uryu: 1
M.Forcada-Miro: 1
B.Brown: 1
J.Torrejon: 1
C.Alard: 1
R.Lupton: 1
A.Chokshi: 1
G.Anupama: 1
A.Cavaliere: 1
V.Vittorini: 1
A.Dorodnitsyn: 1
A.Cillis: 1
S.Sciutto: 1
D.Wei: 1
T.Lu: 1
T.Damour: 1
M.Tytgat: 1
E.Alvarez: 1
P.Meessen: 1
