F.Frontera: 330
E.Palazzi: 269
J.Paradijs: 258
B.Peterson: 255
C.Kouveliotou: 237
L.Piro: 220
A.Filippenko: 205
L.Costa: 195
E.Pian: 194
J.Huchra: 192
R.Hook: 189
P.Stetson: 183
B.Leibundgut: 177
E.Costa: 173
L.Nicastro: 162
K.Freeman: 161
T.Galama: 159
C.Lidman: 159
M.Feroci: 159
J.Mould: 158
M.Scodeggio: 158
C.Benoist: 156
B.Gibson: 154
A.Rodgers: 154
J.Heise: 152
D.Smith: 151
G.Matt: 149
M.Guainazzi: 149
A.Parmar: 148
J.Graham: 147
M.Nonino: 147
L.Olsen: 146
A.Wicenec: 144
E.Deul: 144
T.Erben: 144
B.Boyle: 144
I.Hook: 142
J.Zand: 140
J.Hoessel: 139
A.Fruchter: 136
W.Freedman: 135
J.Greiner: 134
W.Sutherland: 134
N.Suntzeff: 132
R.Slijkhuis: 131
G.Illingworth: 130
K.Cook: 130
A.Becker: 130
D.Bennett: 130
M.Roberts: 128
D.Minniti: 128
R.McMahon: 127
M.Dickinson: 127
C.Stubbs: 127
P.Groot: 126
Y.Matsubara: 126
D.Alves: 126
B.Madore: 125
K.Griest: 125
R.Smith: 124
A.Tomaney: 123
C.Alcock: 123
M.Lehner: 123
M.Pratt: 123
P.Quinn: 123
S.Marshall: 123
T.Vandehei: 123
K.Nomoto: 122
A.Fabian: 122
R.Phelps: 122
R.Kirshner: 121
M.Guarnieri: 121
S.Sakai: 120
G.Chincarini: 120
L.Guzzo: 120
C.Collins: 119
M.Han: 118
N.Silbermann: 118
S.Hughes: 118
S.Zaggia: 117
F.Fiore: 114
M.Mignoli: 114
A.Franceschini: 113
G.Zamorani: 113
G.Stirpe: 112
B.Fabre: 112
C.Meynadier: 112
D.Dumora: 112
G.Debiais: 112
I.Malet: 112
J.Dezalay: 112
J.Vrana: 112
K.Ragan: 112
L.Rob: 112
M.Punch: 112
P.Espigat: 112
P.Fleury: 112
R.Bazer-Bachi: 112
D.Fiume: 110
M.Phillips: 109
I.Prandoni: 107
J.Gonzalez: 107
H.Ford: 106
P.Edwards: 106
C.Cesarsky: 106
P.Mazzali: 105
R.Allsman: 105
T.Axelrod: 105
M.Ramella: 104
L.Ferrarese: 104
P.Vreeswijk: 104
T.Matheson: 104
J.Holder: 103
D.Welch: 103
J.Puget: 103
C.Robinson: 103
G.Vettolani: 102
H.MacGillivray: 102
C.Ghesquiere: 102
P.Harding: 101
K.Hurley: 100
M.Klis: 99
M.Tavani: 99
G.Miley: 99
A.Blanchard: 96
P.Garnavich: 96
B.Schmidt: 96
T.Yoshida: 95
R.Fender: 95
E.Bertin: 95
K.Iwamoto: 95
G.Ghisellini: 95
R.Kennicutt: 94
P.Challis: 94
T.Nakamura: 94
K.Sahu: 93
N.Panagia: 92
A.Cappi: 92
S.Molendi: 91
T.Tamura: 91
A.Saha: 91
J.Quinn: 91
A.Castro-Tirado: 91
L.Bassani: 90
R.Wijers: 90
I.Grenier: 90
P.Goret: 90
J.Bahcall: 89
L.Danese: 88
N.Tanvir: 88
S.Kulkarni: 88
S.Maurogordato: 88
F.Kakimoto: 88
M.Cappi: 87
Jr.: 87
M.Rowan-Robinson: 87
E.Zucca: 87
A.Barrau: 86
A.Djannati-Atai: 86
B.Degrange: 86
C.Gouiffes: 86
C.Renault: 86
E.Pare: 86
F.Munz: 86
G.Fontaine: 86
H.Cabot: 86
J.Quebert: 86
J.Tavernet: 86
L.Chounet: 86
L.Iacoucci: 86
M.Rivoal: 86
R.George: 86
S.Bohec: 86
T.Palfrey: 86
Y.Pons: 86
N.Masetti: 86
R.Ellis: 85
R.Scaramella: 85
J.Patterson: 84
M.Orlandini: 84
D.Elbaz: 84
A.Kim: 84
L.Antonelli: 83
W.Couch: 82
R.Wichmann: 82
S.Oliver: 82
V.Cayatte: 81
H.Umeda: 81
D.Proust: 80
M.Sawicki: 79
K.Horne: 79
A.Comastri: 79
K.Turver: 79
T.McComb: 79
A.Riess: 78
D.Maccagni: 78
D.Frail: 78
P.Giommi: 77
R.Butler: 77
M.Irwin: 77
M.Palatka: 77
P.Schovanek: 77
R.Blandford: 76
G.Palumbo: 76
H.Wu: 76
Z.Zou: 76
A.Santangelo: 76
R.Mendez: 76
C.Balkowski: 76
R.Merighi: 76
S.Xue: 76
F.Patat: 76
W.Gear: 76
E.Sadler: 75
F.Krennrich: 75
S.Biller: 75
W.Voges: 75
H.Ferguson: 74
S.Zhang: 74
M.Mori: 74
R.Strom: 74
A.Hillas: 74
D.Carter-Lewis: 74
D.Fegan: 74
F.Samuelson: 74
G.Sembroski: 74
H.Rose: 74
J.Buckley: 74
J.Gaidos: 74
J.McEnery: 74
R.Lamb: 74
R.Lessard: 74
T.Weekes: 74
K.Orford: 74
P.Chadwick: 74
S.Rayner: 74
S.Shaw: 74
E.Waltman: 74
J.Bloom: 73
L.Maraschi: 73
T.Augusteijn: 73
A.Kawachi: 72
A.Masaike: 72
A.Suzuki: 72
G.Rowell: 72
G.Thornton: 72
H.Muraishi: 72
K.Nishijima: 72
K.Sakurazawa: 72
R.Kita: 72
R.Susukita: 72
R.Suzuki: 72
S.Dazeley: 72
S.Kamei: 72
S.Oda: 72
S.Ogio: 72
S.Yanagita: 72
T.Hara: 72
T.Kifune: 72
T.Konishi: 72
T.Matsuoka: 72
T.Sako: 72
T.Tanimori: 72
T.Yoshikoshi: 72
Y.Hayami: 72
Y.Mizumoto: 72
Y.Muraki: 72
W.Reach: 72
R.Schommer: 71
F.Bresolin: 71
H.Newberg: 70
J.Tonry: 70
S.Moseley: 70
H.Boehnhardt: 70
J.Brewer: 70
O.Hainaut: 70
V.Doublier: 70
K.Lanzetta: 69
A.Lawrence: 69
E.Dwek: 69
A.Diercks: 69
D.Lemke: 69
A.Moorwood: 69
M.Bremer: 68
S.Djorgovski: 68
C.Hogan: 67
D.Hamilton: 67
A.Morales: 66
J.Morales: 66
J.Villar: 66
R.Remillard: 66
M.Elvis: 66
S.Kane: 66
J.Spyromilio: 65
E.Wright: 65
R.Ivison: 65
H.Yee: 64
R.Mushotzky: 64
A.Owens: 64
N.Walton: 64
B.Schaefer: 64
G.Cocco: 63
R.Pogge: 63
H.Aussel: 63
T.Oosterbroek: 63
M.Hanner: 63
E.Grün: 63
H.Krüger: 63
A.Bruyn: 62
J.Kneib: 62
A.Treves: 62
P.Nugent: 62
S.Perlmutter: 62
D.Reiss: 62
R.Gilliland: 62
S.Yoshida: 61
I.Danziger: 61
A.Dressler: 60
P.Salucci: 60
G.Pooley: 60
J.Mather: 60
C.Urry: 60
A.Orr: 60
M.Rieke: 59
A.Yahil: 59
P.Ruiz-Lapuente: 59
M.Sasaki: 59
A.Clocchiatti: 59
R.Genzel: 59
D.Crampton: 58
S.Scopel: 58
B.Wilkes: 58
S.Jha: 58
A.Goobar: 58
C.Pennypacker: 58
D.Groom: 58
G.Aldering: 58
G.Goldhaber: 58
M.Kim: 58
R.Knop: 58
R.Pain: 58
S.Deustua: 58
S.Fabbro: 58
F.Matteucci: 57
D.Kelson: 57
W.Brandt: 57
R.Ekers: 57
R.Manchester: 57
B.Harmon: 57
A.Tzioumis: 56
L.Hunt: 56
K.Iwasawa: 56
J.Osborne: 56
L.Vigroux: 56
J.Maza: 56
D.Schneider: 56
D.Burstein: 56
W.Lewin: 55
J.Dunlop: 55
T.Cline: 55
N.Odegard: 55
C.Tinney: 55
M.Hauser: 55
J.Silk: 54
M.Kamionkowski: 54
J.Reynolds: 54
S.White: 54
J.Gorosabel: 54
R.Arendt: 54
A.Blain: 54
D.Nishikawa: 54
E.Kusano: 54
H.Kitamura: 54
H.Ohoka: 54
H.Yoshii: 54
I.Tsushima: 54
K.Honda: 54
K.Kadota: 54
K.Kamata: 54
K.Murakami: 54
K.Shinozaki: 54
M.Nagano: 54
M.Takeda: 54
M.Teshima: 54
N.Hayashida: 54
N.Inoue: 54
N.Kawasumi: 54
N.Sakaki: 54
N.Souma: 54
R.Torii: 54
S.Kawaguchi: 54
T.Yamamoto: 54
Y.Kawasaki: 54
Y.Uchihori: 54
H.Spinrad: 53
M.Dietrich: 53
J.Weiland: 53
R.Silverberg: 53
T.Kelsall: 53
L.Ho: 53
L.Hernquist: 52
P.Shaver: 52
E.Cappellaro: 52
M.Turatto: 52
S.Eales: 52
P.Grandi: 52
F.Desert: 52
G.Perola: 52
A.Breslin: 52
C.Masterson: 52
M.Catanese: 52
M.Cawley: 52
P.Moriarty: 52
R.Wijnands: 51
R.Goodrich: 51
M.Persic: 51
A.Fernandez-Soto: 51
R.Gonzalez: 51
F.III: 51
A.Dey: 51
J.Peacock: 51
R.Hill: 51
A.Burdett: 51
G.Mohanty: 51
P.Sackett: 51
R.Naber: 51
A.Tabary: 51
C.Gregory: 51
E.Beyer: 51
F.Toussenel: 51
G.Descotes: 51
G.Morinaud: 51
H.Delchini: 51
J.Denance: 51
J.Gilly: 51
J.Gouillaud: 51
J.Mols: 51
L.Kalt: 51
M.Cerutti: 51
P.Freitas: 51
R.Morano: 51
D.Clements: 51
M.Livio: 50
D.Stern: 50
R.Windhorst: 50
J.Muller: 50
I.Wanders: 50
T.Belloni: 50
W.Freudling: 50
F.Bouchet: 50
J.Lee: 50
K.Leighly: 50
G.Hasinger: 50
R.Maiolino: 50
W.Paciesas: 50
J.Halpern: 49
I.Browne: 49
P.Wilkinson: 49
W.Breugel: 49
M.Malkan: 49
G.Madejski: 49
A.Turner: 49
L.Macri: 49
A.Williams: 49
J.Caldwell: 49
J.Menzies: 49
K.Pollard: 49
M.Albrow: 49
R.Martin: 49
D.Leonard: 49
A.Evans: 48
H.Lin: 48
L.Koopmans: 48
R.Wagner: 48
J.Beaulieu: 48
C.Prosser: 48
J.Wei: 48
E.Kuulkers: 47
D.Weinberg: 47
H.Rottgering: 47
J.Cohen: 47
Y.Ueda: 47
C.Done: 47
C.Frenk: 47
S.Phillipps: 47
X.Fan: 47
S.Baum: 47
B.Savage: 47
J.Greenhill: 47
D.Macchetto: 46
N.Jackson: 46
K.Bischoff: 46
G.Malaguti: 46
M.Drinkwater: 46
A.Lasenby: 46
A.Biviano: 46
L.Staveley-Smith: 46
G.Tagliaferri: 46
M.Mateo: 46
N.Katz: 45
F.Hartwick: 45
R.Rothschild: 45
Y.Sato: 45
P.Skelton: 45
L.Chiappetti: 45
M.Pettini: 45
S.Dieters: 45
R.Weymann: 45
D.Patton: 45
J.Hesser: 45
S.Morris: 45
M.Briggs: 45
H.Pedersen: 45
F.Tavecchio: 45
P.Blanco: 44
W.Forman: 44
D.Hogg: 44
A.Gattone: 44
C.Guerard: 44
D.Abriola: 44
D.Gregorio: 44
F.Hasenbalg: 44
H.Farach: 44
H.Huck: 44
H.Miley: 44
J.Collar: 44
R.Brodzinski: 44
J.Swank: 44
D.Marlow: 44
S.Kaspi: 44
G.Goldring: 44
K.Langanke: 44
J.Hutchings: 44
J.Oke: 44
E.Malozzi: 44
M.Begam: 44
M.Kippen: 44
P.Ianna: 44
P.Wildt: 44
R.Cannon: 44
R.Stathakis: 44
T.Koshut: 44
I.Smith: 44
T.Jenness: 44
A.Barth: 44
J.Heidt: 44
H.Böhringer: 44
M.Mendez: 43
A.Gruzinov: 43
J.Grindlay: 43
R.Rebolo: 43
S.Thorsett: 43
T.Takahashi: 43
K.Matthews: 43
G.Efstathiou: 43
P.Magain: 43
E.Ellingson: 43
K.Adelberger: 43
F.Vrba: 43
D.Sanders: 43
B.Altieri: 43
L.Metcalfe: 43
W.Cui: 43
A.Drake: 43
S.Schindler: 43
A.Dean: 42
A.Spizzichino: 42
S.Mariani: 42
Y.Rephaeli: 42
W.Kollatschny: 42
X.Xia: 42
Z.Deng: 42
W.Rhode: 42
R.Watson: 42
P.McCulloch: 42
T.Young: 42
D.Hartmann: 42
S.Turck-Chieze: 42
M.McCollough: 42
R.Morganti: 41
A.Lyne: 41
S.Grandi: 41
F.Thielemann: 41
J.Hunley: 41
R.Bertram: 41
I.Roberts: 41
N.Dipper: 41
T.Kendall: 41
K.Kubodera: 41
R.O'Connell: 41
I.McHardy: 41
W.Haxton: 41
L.Amati: 41
A.Salinas: 41
A.Solorzano: 41
E.Garcia: 41
J.Puimedon: 41
M.Sarsa: 41
W.Sargent: 40
R.Sawyer: 40
A.Wilson: 40
I.Smail: 40
E.Churazov: 40
K.Long: 40
T.Shanks: 40
D.Hughes: 40
B.Funk: 40
B.Wiebel-Sooth: 40
H.Meyer: 40
N.Magnussen: 40
S.Burles: 40
B.Schulz: 40
K.Leech: 40
E.Brinks: 40
V.Pandharipande: 40
T.Shoppa: 40
W.Heindl: 40
A.Burenkov: 40
C.Wolf: 40
B.Gustafson: 40
B.Lindblad: 40
C.Polanskey: 40
D.Linkert: 40
G.Linkert: 40
G.Morfill: 40
G.Schwehm: 40
H.Fechtig: 40
H.Zook: 40
I.Mann: 40
J.Kissel: 40
J.McDonnell: 40
M.Baguhl: 40
M.Horányi: 40
R.Srama: 40
S.Dermott: 40
T.Naito: 39
P.Teerikorpi: 39
M.Maccarone: 39
A.Celotti: 39
S.Serjeant: 39
M.Putman: 39
P.Madau: 39
S.Mereghetti: 39
P.Berlind: 39
R.Carlberg: 39
T.Dotani: 39
M.Gai: 39
R.Robertson: 39
M.Metzger: 39
P.Papaderos: 39
F.Ghigo: 39
R.Hjellming: 39
R.Sunyaev: 38
L.Petro: 38
M.Mutchler: 38
M.Moriya: 38
S.Gunji: 38
S.Hara: 38
S.D'Odorico: 38
L.King: 38
B.Wills: 38
F.Courbin: 38
R.Shafer: 38
H.Netzer: 38
M.Stiavelli: 38
A.Balantekin: 38
A.Champagne: 38
C.Duba: 38
C.Gould: 38
C.Johnson: 38
C.Rolfs: 38
E.Adelberger: 38
E.Henley: 38
E.Swanson: 38
F.Cecil: 38
G.Bogaert: 38
J.Wilkerson: 38
K.Heeger: 38
K.Snover: 38
L.Braeckeleer: 38
L.Brown: 38
L.Buchmann: 38
N.Shaviv: 38
P.Parker: 38
R.Kavanagh: 38
R.Tribble: 38
S.Austin: 38
S.Elliott: 38
S.Freedman: 38
S.Koonin: 38
T.Motobayashi: 38
A.Edge: 38
F.Hammer: 38
R.Price: 38
F.Lamb: 37
C.Carilli: 37
T.Broadhurst: 37
T.Strohmayer: 37
A.Marconi: 37
R.Schilizzi: 37
M.Gilfanov: 37
M.Haynes: 37
M.Pahre: 37
M.Gladders: 37
E.Martin: 37
J.Hjorth: 37
F.Bertola: 37
D.Silva: 37
S.Savaglio: 37
M.Longair: 37
M.Andersen: 37
J.Gallagher: 37
B.Koribalski: 37
D.Crenshaw: 37
S.Lilly: 37
E.Robson: 37
R.Webster: 37
P.Schuecker: 37
E.Becklin: 36
R.Thompson: 36
S.Cristiani: 36
K.Jahoda: 36
C.Baugh: 36
V.Chechetkin: 36
M.Tegmark: 36
C.Jones: 36
I.Mirabel: 36
J.Moran: 36
P.Wozniak: 36
F.Aharonian: 36
M.Delaney: 36
F.Nicastro: 36
S.Neff: 36
T.Stecher: 36
T.Maccacaro: 36
D.Leisawitz: 36
M.Dominik: 36
W.Holland: 36
A.Shapovalova: 36
B.Nelson: 36
E.Giannuzzo: 36
E.Sergeeva: 36
F.Cheng: 36
J.Peters: 36
N.Bochkarev: 36
S.Sergeev: 36
S.Tokarz: 36
V.Pronik: 36
Y.Malkov: 36
D.Neumann: 36
R.Cruddace: 36
K.Ohta: 35
M.Strauss: 35
M.Hobson: 35
G.Gilmore: 35
K.Makishima: 35
E.Liang: 35
M.Sauvage: 35
J.Wilms: 35
R.Davies: 35
A.Starobinsky: 35
D.Tytler: 35
R.Ferris: 35
R.Gough: 35
A.Jaunsen: 35
C.Impey: 35
P.Schovaneck: 35
M.Postman: 35
F.Haardt: 35
R.Abraham: 35
S.Bardelli: 35
X.Luri: 35
M.Dadina: 35
K.Hill: 35
P.Vermaak: 35
G.Wegner: 35
A.Akhperjanian: 35
A.Lindner: 35
A.Moralejo: 35
A.Roehring: 35
C.Prosch: 35
D.Horns: 35
D.Petry: 35
D.Schmele: 35
E.Lorenz: 35
G.Heinzelmann: 35
G.Rauterberg: 35
H.Gebauer: 35
H.Kornmayer: 35
H.Krawczynski: 35
J.Barrio: 35
J.Beteta: 35
J.Contreras: 35
J.Cortina: 35
J.Prahl: 35
L.Padilla: 35
M.Samorski: 35
M.Willmer: 35
R.Mirzoyan: 35
R.Plaga: 35
T.Deckers: 35
V.Fonseca: 35
V.Sahakian: 35
W.Stamm: 35
W.Wittek: 35
P.Henning: 35
R.Haynes: 35
A.Omont: 35
A.Gould: 34
T.Tsuru: 34
T.Boller: 34
D.Marsden: 34
M.Begelman: 34
L.Stella: 34
Y.Taniguchi: 34
A.Renzini: 34
M.Finger: 34
J.Gunn: 34
M.Matsuoka: 34
A.Segreto: 34
R.Griffiths: 34
D.Schade: 34
C.Gruppioni: 34
G.Giovannini: 34
C.Fransson: 34
A.Attard: 34
C.Burns: 34
T.Clarke: 34
F.Désert: 34
J.Bergeron: 33
M.Rupen: 33
R.Bender: 33
S.Dyk: 33
R.Rutten: 33
D.Spergel: 33
P.Charles: 33
P.Petitjean: 33
S.Rawlings: 33
J.J.: 33
M.Giavalisco: 33
I.George: 33
T.Turner: 33
R.Rengelink: 33
R.Covarrubias: 33
B.Guiderdoni: 33
C.Fassnacht: 33
A.Smith: 33
R.Bohlin: 33
A.Green: 33
R.Green: 33
T.Oosterloo: 33
K.Lyons: 33
E.Falco: 32
J.Stauffer: 32
O.Lahav: 32
K.Beuermann: 32
M.Szymanski: 32
K.Nandra: 32
K.Okumura: 32
D.Turnshek: 32
G.Soucail: 32
J.Clavel: 32
C.Moore: 32
Z.Zheng: 32
G.Smoot: 32
Y.Pei: 32
A.Readhead: 32
S.Myers: 32
T.Pearson: 32
B.Zuckerman: 32
R.Chevalier: 32
B.Vaughan: 31
P.Padovani: 31
W.Goss: 31
G.Paturel: 31
Y.Baryshev: 31
C.Reynolds: 31
Q.Parker: 31
P.Diamond: 31
E.Corsini: 31
R.Staubert: 31
P.Pellegrini: 31
A.Udalski: 31
G.Pietrzynski: 31
K.Zebrun: 31
M.Kubiak: 31
C.Leitherer: 31
E.Morgan: 31
P.Knezek: 31
S.Ryder: 31
W.Wamsteker: 31
R.Kippen: 31
J.Stevens: 31
J.Pel: 31
L.Feretti: 31
G.Lagache: 31
N.Nunes: 31
P.Castro: 31
R.Quimby: 31
G.Schneider: 30
V.Kaspi: 30
P.Cox: 30
A.Jessner: 30
R.Wielebinski: 30
R.Fosbury: 30
S.Cole: 30
D.Lin: 30
M.Brotherton: 30
J.Baker: 30
V.Charmandaris: 30
R.Ibata: 30
R.Terlevich: 30
J.Beltran: 30
Y.Tanaka: 30
A.Jones: 30
D.Fixsen: 30
G.Fossati: 30
A.Gomez: 30
M.Fanelli: 30
A.Wolfe: 30
D.Gruber: 30
H.Andernach: 30
S.Faber: 30
R.Cen: 30
P.Goldschmidt: 30
J.Einasto: 30
S.Rhie: 30
G.Pendleton: 30
C.McCarthy: 30
R.Webb: 30
N.Scoville: 29
G.Hartig: 29
A.Cimatti: 29
J.Siebert: 29
F.Camilo: 29
R.Brunner: 29
I.Gioia: 29
M.Turner: 29
O.Kuznetsov: 29
S.Campana: 29
F.Castander: 29
M.Davis: 29
J.Bond: 29
D.Jauncey: 29
E.King: 29
J.Lovell: 29
C.Pritchet: 29
J.Webb: 29
F.Marshall: 29
C.O'Dea: 29
C.Carollo: 29
G.Kraemer: 29
I.Appenzeller: 29
J.Barnstedt: 29
M.Grewing: 29
M.Revnivtsev: 29
G.Cusumano: 29
J.Bernard: 29
L.Doyle: 29
E.Tago: 29
M.Einasto: 29
D.Band: 29
D.Malin: 29
A.Crider: 29
A.Mioduszewski: 29
S.Trushkin: 29
I.Bond: 29
J.Bussons-Gordo: 29
P.Boyle: 29
R.Srinivasan: 29
S.Bradbury: 29
T.Hall: 29
V.Vassiliev: 29
A.Jaffe: 28
A.Barger: 28
F.Combes: 28
D.Psaltis: 28
E.Martinez-Gonzalez: 28
G.Theureau: 28
R.Croft: 28
M.Colpi: 28
A.Danks: 28
E.Giallongo: 28
D.Palmer: 28
S.Odewahn: 28
J.Davies: 28
Y.Fukazawa: 28
L.Lu: 28
H.Aller: 28
M.Aller: 28
C.Steidel: 28
Z.Shen: 28
M.Sahu: 28
P.McCarthy: 28
F.Pearce: 28
H.Couchman: 28
E.Skillman: 28
B.Rocca-Volmerange: 28
P.Ciliegi: 28
H.Freudenreich: 28
W.Xu: 28
T.Shigeyama: 28
P.Hakala: 28
H.Dole: 28
S.Pascarelle: 28
A.Connolly: 27
M.Akiyama: 27
M.Sakano: 27
T.Yamada: 27
K.Zioutas: 27
A.Oscoz: 27
J.Kommers: 27
Y.Ikebe: 27
A.Golden: 27
A.Shearer: 27
S.Neizvestny: 27
R.Ciardullo: 27
G.White: 27
M.Geller: 27
D.Schaerer: 27
R.Tilanus: 27
G.Wirth: 27
T.Venturi: 27
P.Thomas: 27
B.Jannuzi: 27
A.Zdziarski: 27
B.Soifer: 27
G.Neugebauer: 27
M.Kesteven: 27
A.Walker: 27
H.Su: 27
Z.Shang: 27
J.Finley: 27
W.Sparks: 27
H.Jerjen: 27
J.Karr: 27
M.Casey: 27
S.Mochnacki: 27
S.Poirier: 27
D.Womble: 27
D.Axon: 26
J.Miralles: 26
S.Alighieri: 26
R.Saglia: 26
K.Kratz: 26
D.Alloin: 26
R.Ramaty: 26
W.Brinkmann: 26
S.Madden: 26
G.Lewis: 26
L.Bildsten: 26
B.Gaensicke: 26
F.Franca: 26
J.Primack: 26
T.Bridges: 26
A.Mazure: 26
D.Jiang: 26
M.Sinclair: 26
M.Bailes: 26
A.Cordier: 26
B.Giebels: 26
B.Merkel: 26
C.Ghesquière: 26
E.Paré: 26
H.Bergeret: 26
J.Procureur: 26
J.Québert: 26
M.Naurois: 26
N.Herault: 26
P.Eschstruth: 26
S.Benetti: 26
R.Lucas: 26
G.Stacey: 26
T.Smecker-Hane: 26
H.Boffin: 26
J.Colberg: 26
J.Jones: 26
L.Lara: 26
J.Lamarre: 26
T.Suzuki: 26
R.Giovanelli: 26
G.Moriarty-Schieven: 26
S.Casertano: 26
T.Treu: 26
A.Moiseev: 26
D.Hines: 25
M.Cohen: 25
G.Kriss: 25
M.Kramer: 25
A.Szalay: 25
M.Eracleous: 25
A.Liolios: 25
A.Ortiz: 25
C.Aalseth: 25
D.Nikas: 25
E.Savvidis: 25
L.Walckiers: 25
M.Hasinoff: 25
P.Sievers: 25
R.Creswick: 25
S.Nussinov: 25
L.Bottinelli: 25
L.Gouguenheim: 25
T.Ohashi: 25
A.Bunker: 25
D.Neufeld: 25
T.Thuan: 25
P.Hacking: 25
T.Heckman: 25
C.Sneden: 25
H.Rix: 25
G.Tovmassian: 25
P.Szkody: 25
D.Lutz: 25
S.Tummey: 25
T.Yaqoob: 25
F.Figueras: 25
J.Torra: 25
M.Bolte: 25
A.Boksenberg: 25
G.Fahlman: 25
F.Ma: 25
D.Bersier: 25
M.Smith: 25
A.Wright: 25
D.Barnes: 25
F.Stootman: 25
G.Banks: 25
I.Stewart: 25
M.Disney: 25
R.Bhatal: 25
R.Vaile: 25
V.Kilborn: 25
G.Xie: 25
J.Fan: 25
Y.Copin: 25
A.Knebe: 25
J.Ormes: 25
K.Sebo: 25
S.McQueen: 25
F.Low: 24
D.Lorimer: 24
G.Fiorentini: 24
B.Mobasher: 24
R.Wade: 24
M.Mouchet: 24
W.Zhang: 24
S.Mao: 24
E.Scannapieco: 24
A.Fontana: 24
J.Bartlett: 24
J.Krolik: 24
M.Gregg: 24
P.Gallais: 24
R.Somerville: 24
C.Adami: 24
J.Cowan: 24
M.Kawasaki: 24
C.Lacey: 24
J.Lehar: 24
M.Nowak: 24
X.Barcons: 24
D.Lamb: 24
J.Clark: 24
I.Georgantopoulos: 24
R.Gispert: 24
B.McKernan: 24
R.Becker: 24
T.Bloecker: 24
M.Hamuy: 24
D.Rawson: 24
H.Yan: 24
J.Chen: 24
J.Zhu: 24
L.Deng: 24
W.Lin: 24
W.Sun: 24
X.Zhou: 24
Y.Byun: 24
Y.Li: 24
Z.Jiang: 24
K.Boer: 24
P.Richter: 24
R.Lin: 24
F.Atrio-Barandela: 24
V.M"uller: 24
M.Salvati: 23
H.Tran: 23
H.Falcke: 23
T.Quinn: 23
D.Yvon: 23
D.Ricci: 23
A.Capetti: 23
A.Boselli: 23
T.Piran: 23
A.Riotto: 23
N.Gehrels: 23
P.Smith: 23
L.Waters: 23
M.Tashiro: 23
E.Ford: 23
W.Chen: 23
B.Breen: 23
C.Keeton: 23
J.Starck: 23
A.Koratkar: 23
A.Ptak: 23
C.Smith: 23
R.Edelson: 23
M.Kissler-Patig: 23
L.Kofman: 23
J.Pesce: 23
D.Mkrtichian: 23
S.Kirhakos: 23
J.Walsh: 23
K.Johnston: 23
E.Olszewski: 23
A.Pizzella: 23
M.Giard: 23
N.Coron: 23
P.Lanoix: 23
A.Pisani: 23
R.Rutledge: 23
H.Terasranta: 23
D.Scott: 23
K.Nilsson: 23
A.Yamamoto: 23
H.Matsumoto: 23
H.Matsunaga: 23
I.Ueda: 23
J.Mitchell: 23
J.Nishimura: 23
J.Suzuki: 23
K.Anraku: 23
K.Tanaka: 23
K.Yoshimura: 23
M.Imori: 23
M.Motoki: 23
M.Nozaki: 23
N.Yajima: 23
R.Golden: 23
R.Streitmatter: 23
S.Orito: 23
T.Saeki: 23
T.Sanuki: 23
T.Yamagami: 23
Y.Makida: 23
I.Lehmann: 23
M.Carson: 23
G.Mallen-Ornelas: 23
M.Brodwin: 23
R.McNaughton: 23
A.Henden: 23
D.Herranz: 23
H.Korhonen: 23
H.Roser: 23
I.Ilyin: 23
J.Fried: 23
M.Zapatero-Osorio: 23
R.Duemmler: 23
S.Kemp: 23
V.Ortega: 23
D.Chakrabarty: 22
M.Villar-Martin: 22
R.Pello: 22
K.Xilouris: 22
N.D'Amico: 22
R.Lopez: 22
M.Yagi: 22
A.Juillard: 22
B.Chambon: 22
C.Goldbach: 22
C.Pastor: 22
D.Drain: 22
D.L'Hote: 22
G.Chardin: 22
G.Nollez: 22
I.Berkes: 22
L.Berge: 22
L.Dumoulin: 22
L.Miramonti: 22
L.Mosca: 22
M.Chapellier: 22
M.Jesus: 22
P.Charvin: 22
P.Pari: 22
P.Stefano: 22
R.Tourbot: 22
S.Marnieros: 22
S.Pecourt: 22
X.Navick: 22
S.Udry: 22
J.Lunine: 22
B.McLeod: 22
C.Grillmair: 22
B.Teegarden: 22
K.Mukai: 22
D.Barret: 22
V.Neustroev: 22
J.Findley: 22
J.Gordo: 22
Zweerink: 22
K.Koyama: 22
P.Amram: 22
W.Cotton: 22
A.Potekhin: 22
C.Henkel: 22
D.Meier: 22
D.Murphy: 22
G.Nicolson: 22
M.Costa: 22
S.Liang: 22
S.Tingay: 22
T.Ommen: 22
T.Wan: 22
X.Hong: 22
S.Garrington: 22
A.Siemiginowska: 22
A.Piatti: 22
B.Stappers: 22
C.Peng: 22
A.Piemonte: 22
D.Mello: 22
S.Piraino: 22
S.Inoue: 22
J.Delabrouille: 22
T.Bedding: 22
J.Wheeler: 22
L.Miller: 22
M.Wright: 22
R.Sood: 22
R.Ceca: 22
T.Takeuchi: 22
S.Carroll: 22
J.Kaplan: 22
D.Helfand: 22
J.Dove: 22
L.Bergeron: 22
P.Goudfrooij: 22
R.Lovelace: 22
J.Reeves: 22
A.Schwope: 22
D.Gonzalez: 22
I.Irastorza: 22
S.Cebrian: 22
J.Guern: 22
A.Burrows: 21
F.Governato: 21
I.Snellen: 21
K.Olive: 21
A.Boyarchuk: 21
D.Bisikalo: 21
E.Baron: 21
Y.Zhang: 21
A.Oliveira-Costa: 21
B.Gaudi: 21
A.Dekel: 21
R.Stone: 21
K.Kawara: 21
G.Meylan: 21
C.Kochanek: 21
P.Kroll: 21
A.Strong: 21
J.Lasota: 21
A.Smette: 21
J.Quashnock: 21
H.Kubo: 21
M.Ward: 21
R.Kraan-Korteweg: 21
A.Cooray: 21
S.Bowyer: 21
S.Grenier: 21
H.Richer: 21
N.Iyomoto: 21
L.Cram: 21
P.Gondolo: 21
D.Wilkinson: 21
R.Williams: 21
A.Klypin: 21
G.Adam: 21
M.Trifoglio: 21
N.Zhang: 21
R.Fesen: 21
L.Cowie: 20
S.Wagner: 20
C.Tadhunter: 20
S.Tremaine: 20
G.Lake: 20
J.Stadel: 20
I.Hubeny: 20
W.Harris: 20
C.Ledoux: 20
F.Macchetto: 20
M.Mayor: 20
W.Benz: 20
H.Oberhummer: 20
B.Pfeiffer: 20
P.Caraveo: 20
T.Kodama: 20
M.Osorio: 20
S.Hodgkin: 20
J.Bland-Hawthorn: 20
V.Plokhotnichenko: 20
D.Martino: 20
R.Barcaroli: 20
I.Thompson: 20
C.Luginbuhl: 20
B.McBreen: 20
J.Sollerman: 20
S.Howell: 20
G.Reichert: 20
I.Baraffe: 20
S.Barthelmy: 20
G.Williger: 20
T.Lauer: 20
W.Dixon: 20
J.Dickinson: 20
K.Tindale: 20
M.Robertshaw: 20
P.Armstrong: 20
P.Cottle: 20
S.Hilton: 20
W.Hogg: 20
L.Storrie-Lombardi: 20
A.Whitworth: 20
P.North: 20
M.Mennessier: 20
A.Kusakin: 20
T.MacFarland: 20
E.Gawiser: 20
R.Marzke: 20
P.Hodge: 20
R.Spencer: 20
P.Barr: 20
H.Flores: 20
M.Werner: 20
L.Page: 20
P.Goldoni: 20
H.Widmann: 20
K.Werner: 20
M.Goelz: 20
W.Gringel: 20
A.Rorabeck: 20
J.Lightfoot: 20
M.Landgraf: 20
C.Meegan: 20
G.Fishman: 20
R.Riemann: 20
A.Basu: 20
E.Mazets: 20
P.Butterworth: 20
S.Golenetskii: 20
M.Boer: 20
P.Rosati: 20
J.Zensus: 19
R.Sambruna: 19
Z.Tsvetanov: 19
M.Miller: 19
N.Lu: 19
R.Baptista: 19
J.Thorstensen: 19
T.Shahbaz: 19
C.Sarazin: 19
J.King: 19
G.Bernstein: 19
P.Biermann: 19
G.Bower: 19
L.Boirin: 19
L.Pentericci: 19
A.Bazzano: 19
L.Natalucci: 19
M.Cocchi: 19
P.Ubertini: 19
G.Israel: 19
J.Salzer: 19
D.Reichart: 19
J.Telting: 19
M.Centurion: 19
J.Lequeux: 19
S.Maddox: 19
P.Andreani: 19
A.Zijlstra: 19
J.Pons: 19
J.Ibanez: 19
G.Zavattini: 19
A.Fiorani: 19
D.Richstone: 19
M.Hattori: 19
C.Willmer: 19
L.Testi: 19
I.Burud: 19
R.Ostensen: 19
R.Stabell: 19
S.Refsdal: 19
S.Johnston: 19
M.Yun: 19
D.Ciardi: 19
J.Krautter: 19
P.Mason: 19
D.Koerner: 19
N.Brosch: 19
H.Mandel: 19
N.Kappelmann: 19
R.Norris: 19
C.Willott: 19
F.Allard: 19
M.Balucinska-Church: 19
M.Church: 19
B.Dorman: 19
P.Felenbok: 19
A.Clocchiattia: 19
V.Malanushenko: 19
K.Weaver: 19
J.Kerp: 19
L.Armus: 19
E.Ajhar: 19
M.Colless: 19
T.Herbig: 19
J.Poutanen: 19
M.Cropper: 19
C.Césarsky: 19
O.Fèvre: 19
M.Moss: 19
P.Durouchoux: 19
S.Corbel: 19
C.Leinert: 19
C.M.Lisse: 19
D.Osip: 19
H.Böhnhardt: 19
H.Campins: 19
H.Keller: 19
I.Heinrichsen: 19
J.Crovisier: 19
M.Müller: 19
M.Solc: 19
M.Stickel: 19
P.Lamy: 19
R.Knacke: 19
S.Peschke: 19
T.Brooke: 19
T.Müller: 19
M.Rees: 18
D.Lambert: 18
H.Vega: 18
I.Csabai: 18
M.SubbaRao: 18
P.Mazzei: 18
S.Gwyn: 18
N.Kashikawa: 18
R.Jimenez: 18
G.Luppino: 18
H.Lesch: 18
R.Nelson: 18
J.Ellis: 18
C.Hellier: 18
R.Antonucci: 18
G.Gloeckler: 18
J.Geiss: 18
J.Barrow: 18
J.Huang: 18
W.Saunders: 18
C.Wilson: 18
R.Stein: 18
S.Anderson: 18
I.Steele: 18
A.Vidal-Madjar: 18
R.Ferlet: 18
H.R"ottgering: 18
P.Best: 18
W.Burton: 18
B.Gaensler: 18
D.Ryu: 18
L.Greggio: 18
J.Font: 18
A.Fairall: 18
F.Ferraro: 18
M.Hurwitz: 18
N.Lund: 18
S.Croom: 18
H.Bond: 18
A.Hopkins: 18
K.Mack: 18
E.Vangioni-Flam: 18
E.Jourdain: 18
J.Burns: 18
D.DePoy: 18
R.Svensson: 18
O.Fevre: 18
S.Paltani: 18
T.Courvoisier: 18
S.Chapman: 18
A.Coletta: 18
G.Pizzichini: 18
D.Kurtz: 18
C.Cunningham: 18
R.McCray: 18
J.Fischer: 18
J.Truemper: 18
R.Hunstead: 17
D.Engels: 17
A.Aragon-Salamanca: 17
P.Bloser: 17
W.Pietsch: 17
K.Otterbein: 17
Y.Gao: 17
J.Papaloizou: 17
C.Hagmann: 17
P.Sikivie: 17
S.Matarrese: 17
T.Rauscher: 17
F.Durret: 17
J.Olive: 17
F.Favata: 17
S.Driver: 17
T.Alexander: 17
A.Liddle: 17
T.Murayama: 17
R.Nichol: 17
E.Bugaev: 17
R.Cutri: 17
A.Kopylov: 17
M.Kaufman: 17
T.O'Brien: 17
E.Turner: 17
F.Yusef-Zadeh: 17
H.Quintana: 17
A.Aparicio: 17
R.Narayan: 17
G.Bruzual: 17
L.Hanlon: 17
O.Wucknitz: 17
E.Gotthelf: 17
M.Freyberg: 17
A.Cole: 17
J.Wambsganss: 17
W.Holzapfel: 17
A.Wolter: 17
N.Francis: 17
A.Jenkins: 17
H.Teplitz: 17
R.Carvalho: 17
D.VandenBerg: 17
P.Lubin: 17
R.Weiss: 17
R.Doyon: 17
A.Tomita: 17
A.Fruscione: 17
I.Papadakis: 17
R.Wielen: 17
A.Miller: 17
M.Devlin: 17
T.Beers: 17
M.Marley: 17
G.Wieczorek: 17
A.Ahumada: 17
A.Guerra: 17
B.Pritzl: 17
J.Claria: 17
J.Perez: 17
M.Acevedo: 17
M.Navarrete: 17
P.Winkler: 17
S.Miller: 17
T.Harrison: 17
B.Smith: 17
N.Dinshaw: 16
M.Boettcher: 16
G.Chabrier: 16
A.Babul: 16
A.Eckart: 16
T.Forveille: 16
D.Fabricant: 16
S.Vercellone: 16
M.Franx: 16
N.Brynildsen: 16
O.Kjeldseth-Moe: 16
P.Maltby: 16
N.Benitez: 16
A.Wolszczan: 16
M.Hardcastle: 16
M.Hanski: 16
D.Backer: 16
E.Brocato: 16
V.Castellani: 16
H.Boehringer: 16
S.Unger: 16
M.Davies: 16
R.Elson: 16
B.Frye: 16
C.Benn: 16
C.Mackey: 16
S.Smartt: 16
B.Yanny: 16
M.Cullum: 16
N.Arimoto: 16
J.Isern: 16
C.Charbonnel: 16
A.Witzel: 16
T.Krichbaum: 16
F.Israel: 16
M.Harwit: 16
T.Yanagida: 16
S.Stanford: 16
T.Prince: 16
C.Han: 16
J.Kormendy: 16
M.Redfern: 16
R.Lupton: 16
M.Capaccioli: 16
S.Sethi: 16
O.Almaini: 16
S.Sordo: 16
J.Vernet: 16
N.Sugiyama: 16
J.Kirkpatrick: 16
L.Wang: 16
F.Makino: 16
P.Jonker: 16
R.Carswell: 16
D.Kazanas: 16
P.Gravel: 16
R.White: 16
G.Risaliti: 16
P.Werf: 16
T.Richtler: 16
R.Bouwens: 16
R.Dave': 16
A.Blecha: 16
M.Lainela: 16
M.Tornikoski: 16
M.Turler: 16
M.Ulrich: 16
P.Bouchet: 16
B.Blacker: 16
D.Demello: 16
J.Mackenty: 16
P.Feldman: 16
R.Campbell: 16
R.Gomer: 16
R.Redman: 16
J.Bai: 16
Y.Qin: 16
H.Chen: 16
O.Laurent: 16
A.Esin: 16
L.Takalo: 16
T.Pursimo: 16
F.Barrientos: 16
M.Ruetalo-Pacheco: 16
W.Barkhouse: 16
J.McTiernan: 16
A.Bouquet: 16
A.Melchior: 16
C.Coutures: 16
G.Coupinot: 16
J.Hecquet: 16
J.Picat: 16
M.Auriere: 16
M.Moniez: 16
P.Baillon: 16
R.Ansari: 16
Y.Du: 16
Y.Giraud-Heraud: 16
E.Hu: 15
B.Elmegreen: 15
K.Wu: 15
C.Chiosi: 15
K.Menten: 15
O.Gerhard: 15
M.Pinsonneault: 15
D.Kinion: 15
D.Moltz: 15
D.Tanner: 15
E.Daw: 15
F.Nezrick: 15
H.Peng: 15
J.LaVeigne: 15
J.Powell: 15
K.Bibber: 15
L.Rosenberg: 15
N.Golubev: 15
N.Sullivan: 15
W.Stoeffl: 15
S.Shapiro: 15
A.Campos: 15
T.Storchi-Bergmann: 15
I.Tkachev: 15
E.Kolb: 15
R.Brandenberger: 15
H.Seifert: 15
A.Smale: 15
N.White: 15
B.Santiago: 15
J.Grove: 15
E.Terlevich: 15
G.Longo: 15
M.Norman: 15
Y.Takahashi: 15
D.Geisler: 15
S.Sarkar: 15
D.Garnett: 15
W.Hu: 15
G.Dubus: 15
J.Magueijo: 15
R.Wyse: 15
K.Gorski: 15
D.Latham: 15
E.Carretta: 15
H.Awaki: 15
R.Durrer: 15
P.Katgert: 15
M.Kellogg: 15
K.Ratnatunga: 15
A.Bhattal: 15
S.Watkins: 15
P.Monaco: 15
T.Ryabchikova: 15
K.Krisciunas: 15
E.Tolstoy: 15
R.Dohm-Palmer: 15
U.Klein: 15
J.Bock: 15
C.Lonsdale: 15
P.Rodriguez-Pascual: 15
F.Herwig: 15
M.Wieringa: 15
M.Casse: 15
S.Degl'Innocenti: 15
A.Ramaprakash: 15
T.Jones: 15
C.Dettbarn: 15
D.MacDonald: 15
D.Pierce: 15
D.Schwartz: 15
C.Oliveira: 15
A.Dyachkov: 15
A.Goldwurm: 15
I.Tserenin: 15
J.Paul: 15
J.Roques: 15
L.Bouchet: 15
M.Vargas: 15
N.Khavenson: 15
N.Kuleshova: 15
V.Borrel: 15
S.Laurent-Muehleisen: 15
A.Guarnieri: 15
A.Piccioni: 15
C.Bartolini: 15
E.Thommes: 15
S.Larsen: 15
T.Seitz: 15
D.Valls-Gabaud: 15
L.Ferrerase: 15
P.Woods: 15
M.Busso: 15
R.Gallino: 15
P.Fiume: 15
M.Schmidt: 15
G.Vacanti: 15
P.Kalberla: 15
S.Phengchamnan: 15
W.Hermsen: 15
J.Annis: 15
A.Melott: 14
E.Perlman: 14
B.Gustafsson: 14
S.Arnouts: 14
A.Ferrara: 14
G.Fuller: 14
R.Sharples: 14
R.Noyes: 14
A.Hoensbroech: 14
D.Worrall: 14
G.Gavazzi: 14
C.Terquem: 14
D.Fischer: 14
S.Hanany: 14
W.Hubbard: 14
Y.Wang: 14
J.Valle: 14
P.Hauschildt: 14
M.Hashimoto: 14
S.Woosley: 14
L.Angelini: 14
A.Vikhlinin: 14
M.Lacy: 14
E.Shellard: 14
S.Allen: 14
W.Johnson: 14
D.Kunth: 14
L.Greenhill: 14
E.Bica: 14
E.Spiegel: 14
A.Kraus: 14
A.Lobanov: 14
K.Pottschmidt: 14
S.Zharikov: 14
V.Sokolov: 14
M.Spaans: 14
P.Kaaret: 14
G.Hebrard: 14
C.Haswell: 14
R.Hynes: 14
D.Shupe: 14
F.Fang: 14
E.Phinney: 14
J.Hameury: 14
K.Menou: 14
M.Kurtz: 14
W.Brandner: 14
J.Boulesteix: 14
S.Mathur: 14
F.Donato: 14
N.Fornengo: 14
M.Leventhal: 14
L.Fang: 14
J.Sandhu: 14
M.Toscano: 14
J.Braatz: 14
G.Giuricin: 14
A.Cowley: 14
P.Schmidtke: 14
H.Hippelein: 14
G.Knapp: 14
Z.Ivezic: 14
N.Piskunov: 14
C.Bailyn: 14
J.Robinson: 14
M.Balogh: 14
C.Crawford: 14
J.Ulvestad: 14
R.Bower: 14
R.Falomo: 14
T.Matsuda: 14
A.Stirling: 14
D.McKay: 14
T.Muxlow: 14
J.Orosz: 14
P.Hewett: 14
L.Silva: 14
A.Stanford: 14
H.Nella: 14
R.Garnier: 14
A.Macchiavelli: 14
E.Norman: 14
F.Stephens: 14
I.Goldman: 14
I.Lee: 14
K.Nishiizumi: 14
L.Schroeder: 14
M.Deleplanque: 14
M.Dragowsky: 14
M.Isaac: 14
P.Fallon: 14
R.Clark: 14
R.Larimer: 14
R.MacLeod: 14
Y.Chan: 14
E.Totten: 14
A.Efstathiou: 14
R.Mann: 14
S.Covino: 14
S.Kraemer: 14
S.Rabien: 14
T.Ott: 14
W.Hackenberg: 14
F.Owen: 14
M.Khlopov: 14
R.Konoplich: 14
S.Vogt: 14
G.Basri: 14
R.Buonanno: 14
K.Gebhardt: 14
L.Dunne: 14
M.Zwaan: 14
P.Birch: 14
F.Nagase: 14
S.Cao: 14
A.Fillippenko: 14
C.Pun: 14
E.Michael: 14
K.Borkowski: 14
A.Kravtsov: 14
D.Finkbeiner: 14
G.Raimondo: 14
T.Mineo: 14
H.Inoue: 14
M.Romanova: 14
F.Hooft: 14
A: 14
A.Pellizzoni: 14
A.Perrino: 14
A.Vacchi: 14
G.Barbiellini: 14
Morselli: 14
P.Picozza: 14
P.Schiavon: 14
S.Pippo: 14
S.Severoni: 14
P.Lowrance: 14
R.Meier: 14
R.Terrile: 14
M.Luhman: 13
K.Kellermann: 13
A.Laor: 13
M.Allen: 13
W.Hillebrandt: 13
G.Fasano: 13
A.Oemler: 13
W.Tucker: 13
C.Churchill: 13
G.Carraro: 13
D.Harris: 13
C.Waelkens: 13
G.Bertelli: 13
F.Labini: 13
B.Ricci: 13
K.Weiler: 13
M.Montes: 13
J.Wall: 13
A.Burkert: 13
A.Robinson: 13
E.Schreier: 13
S.Okamura: 13
B.Dawson: 13
E.Battaner: 13
K.Maeda: 13
H.Nunokawa: 13
A.Linde: 13
A.Patnaik: 13
I.Marquez: 13
R.Fusco-Femiano: 13
J.Yokoyama: 13
A.Weiss: 13
A.Galvin: 13
B.Klecker: 13
D.Hovestadt: 13
F.Gliem: 13
F.Ipavich: 13
H.Grunwaldt: 13
M.Aellig: 13
M.Hilchenbach: 13
P.Bochsler: 13
P.Wurz: 13
R.Kallenbach: 13
S.Hefti: 13
H.Xu: 13
K.Kikuchi: 13
R.Mignani: 13
R.Saunders: 13
E.Deutsch: 13
D.Tran: 13
J.Beckman: 13
W.Zeilinger: 13
J.Lattimer: 13
M.Prakash: 13
S.Reddy: 13
E.Egami: 13
G.Melnick: 13
C.Bennett: 13
J.Bouvier: 13
C.Shrader: 13
F.Mannucci: 13
K.McLeod: 13
I.Moskalenko: 13
V.Schoenfelder: 13
M.Kessler: 13
J.Homan: 13
L.Titarchuk: 13
R.Slijkhus: 13
C.Rite: 13
M.Maia: 13
O.Chaves: 13
S.Lipari: 13
G.Marconi: 13
G.Stewart: 13
K.Gunn: 13
W.Oegerle: 13
G.Meynet: 13
D.Eisenstein: 13
P.Kretschmar: 13
H.Kjeldsen: 13
S.Frandsen: 13
D.Forbes: 13
G.Weigelt: 13
S.Basu: 13
S.Roeser: 13
R.Nishi: 13
A.Devlen: 13
A.Ozturk: 13
C.Ibanoglu: 13
J.Percy: 13
M.Akan: 13
M.Paparo: 13
R.Pekunlu: 13
S.Thompson: 13
V.Burnashev: 13
V.Koval: 13
X.Delfosse: 13
G.Tenorio-Tagle: 13
M.Lee: 13
B.Whitmore: 13
H.Tadros: 13
G.Fazio: 13
L.Nyman: 13
A.Ray: 13
M.Ressler: 13
C.Phillips: 13
E.Troup: 13
K.Wellington: 13
S.Byleveld: 13
S.Ellingsen: 13
E.Fulton: 13
J.Schneider: 13
A.Koekemoer: 13
J.Audouze: 13
J.Funes: 13
S.Beaulieu: 13
C.Wu: 13
J.Greaves: 13
W.Dent: 13
P.Shopbell: 13
Q.Gu: 13
K.Lo: 13
C.Gerardy: 13
D.Kirkman: 13
G.Gomez: 13
J.Miralda-Escude': 13
J.Phillips: 13
J.Wright: 13
S.Liu: 13
S.Lord: 13
A.Efstahiou: 13
R.G.Mann: 13
J.Magorrian: 13
D.Frederiks: 13
J.Trombka: 13
R.Aptekar: 13
R.Gold: 13
V.Il'Inskii: 13
D.Guarnieri: 13
L.Jones: 12
C.Dermer: 12
M.Prokhorov: 12
N.Killeen: 12
F.Takahara: 12
V.Brun: 12
P.Brekke: 12
S.Haugan: 12
P.Nisenson: 12
T.Brown: 12
I.Wasserman: 12
B.Moore: 12
C.Knigge: 12
G.Kauffmann: 12
D.Soderblom: 12
D.Novikov: 12
J.Willick: 12
H.Schmitt: 12
A.Watson: 12
G.Ellis: 12
H.Kim: 12
K.Gordon: 12
Y.Mellier: 12
M.Salaris: 12
E.Feigelson: 12
M.Coe: 12
G.Rocha: 12
C.Fryer: 12
B.Holden: 12
P.Tozzi: 12
A.Doroshenko: 12
A.Klabukov: 12
A.Panfilov: 12
G.Domogatsky: 12
I.Belolaptikov: 12
I.Sokalski: 12
L.Bezrukov: 12
L.Kuzmichev: 12
N.Budnev: 12
S.Klimushin: 12
Y.Parfenov: 12
Z.Djilkibaev: 12
L.Burderi: 12
L.Knox: 12
T.Contini: 12
H.Dai: 12
H.Kaneda: 12
J.Carlstrom: 12
C.Lobo: 12
S.Reynolds: 12
D.Polarski: 12
T.Geballe: 12
K.Watanabe: 12
Y.Ohyama: 12
P.Avelino: 12
K.O'Brien: 12
D.Frayer: 12
C.Xu: 12
J.Clasen: 12
K.Fricke: 12
T.Marsh: 12
C.Rosenthal: 12
J.Christensen-Dalsgaard: 12
R.Trampedach: 12
I.Schmoldt: 12
H.Spoon: 12
F.Boulanger: 12
D.Hurley-Keller: 12
S.Juraszek: 12
C.Breuck: 12
A.Bottino: 12
M.Jones: 12
S.Warren: 12
M.Remy: 12
X.Hua: 12
L.Lubin: 12
P.Molaro: 12
P.Serlemitsos: 12
K.Asai: 12
J.McClintock: 12
J.Brodie: 12
E.Smith: 12
K.Mitchell: 12
T.Sodroski: 12
G.Ferland: 12
D.Downes: 12
E.Pointecouteau: 12
F.Pajot: 12
G.Serra: 12
I.Ristorcelli: 12
J.Torre: 12
S.Church: 12
C.Petit: 12
I.Vauglin: 12
J.Rousseau: 12
M.Marthinet: 12
N.Durand: 12
S.Stern: 12
J.Kaluzny: 12
A.Whipple: 12
B.McArthur: 12
D.Story: 12
E.Nelan: 12
G.Benedict: 12
L.Fredrick: 12
L.Wasserman: 12
O.Franz: 12
P.Hemenway: 12
P.Shelus: 12
R.Duncombe: 12
W.Altena: 12
W.Jefferys: 12
T.Lu: 12
Z.Dai: 12
B.Oetiker: 12
C.Afonso: 12
E.Dunham: 12
E.Palaiologou: 12
J.Jenkins: 12
P.Zakharova: 12
T.Deeg: 12
V.Kozhevnikov: 12
Z.Ninkov: 12
V.Barger: 12
V.Müller: 12
J.Casares: 12
J.Kim: 12
M.Lissia: 12
L.Wisotzki: 12
P.Uttley: 12
H.Jahreiss: 12
G.Ramsay: 12
B.Netterfield: 12
R.Preece: 12
A.Sternberg: 12
D.Naylor: 12
J.Murphy: 12
M.Griffin: 12
P.Ade: 12
W.Duncan: 12
U.Hopp: 12
D.Schlegel: 12
S.Courteau: 12
E.Hooper: 12
N.Yahata: 12
N.Drory: 12
R.Kollgaard: 12
P.Appleton: 12
L.Lémonon: 12
R.Pelló: 12
P.Theije: 12
C.Gallart: 12
K.Mitsuda: 12
A.Sillanpää: 12
A.Temirova: 12
N.Soboleva: 12
O.Verhodanov: 12
O.Zhelenkova: 12
Y.Parijskij: 12
A.Balbi: 12
L.Moustakas: 12
M.Dopita: 11
M.Panter: 11
W.Hofmann: 11
S.Shandarin: 11
J.Zhao: 11
M.Groenewegen: 11
R.Oudmaijer: 11
L.David: 11
P.Jetzer: 11
S.Zwart: 11
P.Dokkum: 11
T.Narita: 11
W.Kawasaki: 11
G.Cotter: 11
T.Haynes: 11
J.Cordes: 11
J.Bonnet-Bidaud: 11
A.Weinberger: 11
H.Kunieda: 11
K.Misaki: 11
Y.Terashima: 11
E.Sandquist: 11
G.Borner: 11
A.Rots: 11
A.Somer: 11
D.Macomb: 11
N.Kawai: 11
Y.Saito: 11
P.Francis: 11
J.Holtzman: 11
T.Tanaka: 11
A.Nakamichi: 11
M.Morikawa: 11
T.Kurokawa: 11
Y.Sota: 11
T.Stanev: 11
G.Clayton: 11
A.Goncalves: 11
M.Veron-Cetty: 11
P.Veron: 11
R.Maartens: 11
I.Negueruela: 11
P.Roche: 11
T.Phillips: 11
S.Sigurdsson: 11
A.Bressan: 11
M.Kukula: 11
E.Gaztanaga: 11
P.Duc: 11
A.Magazzu: 11
M.Rauch: 11
A.Rao: 11
P.Maloney: 11
J.Shull: 11
D.Carter: 11
H.Bohringer: 11
J.Simmons: 11
G.Bryan: 11
L.Ozernoy: 11
F.Weber: 11
K.Shimasaku: 11
N.Yasuda: 11
W.Lee: 11
S.Cassisi: 11
B.Nath: 11
J.Charlton: 11
D.Duncan: 11
L.Rebull: 11
V.Beckmann: 11
R.Diehl: 11
K.Ashman: 11
S.Zepf: 11
G.Marchi: 11
G.Granato: 11
L.Pulone: 11
D.Branch: 11
P.Helbig: 11
C.Tout: 11
S.Borgani: 11
C.Raiteri: 11
M.Villata.: 11
A.Shlyapnikov: 11
S.Guziy: 11
G.Veneziano: 11
W.Yuan: 11
A.Fleischer: 11
J.Winters: 11
R.Osterbart: 11
Y.Balega: 11
C.Shepherd: 11
E.Colbert: 11
R.Scarpa: 11
P.Osmer: 11
J.Surace: 11
D.Kieda: 11
E.Loh: 11
J.Elbert: 11
J.Smith: 11
M.Huang: 11
M.Luo: 11
P.Sokolsky: 11
P.Sommers: 11
S.Ko: 11
S.Thomas: 11
G.Meurer: 11
R.Delgado: 11
D.Montes: 11
R.Cayrel: 11
B.Franz: 11
M.Honma: 11
F.Crawford: 11
A.Evrard: 11
M.Trewhella: 11
H.Hirashita: 11
E.Fitzpatrick: 11
T.Weiler: 11
C.Struck: 11
M.Cappellari: 11
K.Nakanishi: 11
H.Marshall: 11
D.Fadda: 11
H.Lenhardt: 11
H.Schwan: 11
A.Prestwich: 11
R.Gratton: 11
A.Benoit: 11
A.Sirbi: 11
B.Lefloch: 11
P.Marcillac: 11
S.Gaertner: 11
S.Colgate: 11
R.Schwarz: 11
R.Sutherland: 11
C.Dowell: 11
D.Lis: 11
E.Serabyn: 11
J.Johnson: 11
L.Fullton: 11
R.Bell: 11
S.Bergh: 11
G.Mallén-Ornelas: 11
L.Barrientos: 11
O.Straniero: 11
O.Richard: 11
A.Piersimoni: 11
D.Buckley: 11
C.Teodoro: 11
E.Branchini: 11
O.Keeble: 11
Y.Dabrowski: 11
D.Block: 11
H.Smith: 11
J.Colbert: 11
L.Spinoglio: 11
P.Clegg: 11
S.Satyapal: 11
R.McMahan: 11
F.Pompilio: 11
F.Tamburelli: 11
A.Yoshida: 11
M.Ando: 11
P.Li: 11
T.Murakami: 11
M.Bottcher: 11
G.Hennessy: 11
J.Munn: 11
L.Kuiper: 11
L.Mundy: 11
B.Stobie: 10
H.Epps: 10
C.Engelbracht: 10
K.Postnov: 10
R.Schaeffer: 10
P.Ogle: 10
L.Pietronero: 10
P.Coles: 10
A.Taylor: 10
E.Gourgoulhon: 10
P.Alexander: 10
M.Birkinshaw: 10
R.Opher: 10
N.Kaiser: 10
J.Patience: 10
R.Taam: 10
T.Kunzl: 10
P.Meszaros: 10
J.Jimenez-Vicente: 10
R.Hanson: 10
T.Guillot: 10
H.Janka: 10
J.Levin: 10
J.Aufdenberg: 10
J.Kaastra: 10
D.Barbosa: 10
U.Kolb: 10
S.Komossa: 10
N.Bhat: 10
Y.Gupta: 10
C.Beskin: 10
R.Redfern: 10
S.Harfst: 10
B.Draine: 10
J.Herrnstein: 10
M.Schultheis: 10
M.Sekiguchi: 10
Barbara: 10
Dong-Jin: 10
E.Sung: 10
M.Chun: 10
S.Ryden: 10
S.Prunet: 10
J.Pier: 10
R.Lieu: 10
J.Makino: 10
S.Dodelson: 10
T.Ensslin: 10
C.O'Sullivan: 10
G.Beskin: 10
M.Colhoun: 10
F.Chaffee: 10
R.Fanti: 10
A.King: 10
A.Serrano: 10
F.Zickgraf: 10
I.Thiering: 10
A.Refregier: 10
K.Matsushita: 10
L.Colina: 10
B.Fields: 10
E.Richards: 10
D.Nanopoulos: 10
A.Heller: 10
E.Almoznino: 10
D.Pogosyan: 10
L.Lemonon: 10
M.Pierre: 10
M.Bershady: 10
F.Pecci: 10
A.Maeder: 10
N.Mowlavi: 10
M.Dour: 10
M.Douspis: 10
J.Edelstein: 10
I.Baldry: 10
M.Viskum: 10
R.Warwick: 10
P.Bonifacio: 10
K.Mason: 10
D.Pollacco: 10
W.Zheng: 10
R.Cornett: 10
N.Loaring: 10
L.Haffner: 10
R.Reynolds: 10
S.Tufte: 10
G.Rieke: 10
A.Roy: 10
K.Okada: 10
M.Meyer: 10
G.Taylor: 10
K.Korista: 10
D.Berk: 10
D.Cole: 10
J.Rhoads: 10
S.Klose: 10
B.Fuchs: 10
H.Susa: 10
H.Uehara: 10
P.Eisenhardt: 10
M.Lemoine: 10
J.Bullock: 10
J.Higdon: 10
M.Peimbert: 10
F.Harrison: 10
Y.Sofue: 10
Y.Tutui: 10
D.Fox: 10
R.Guerriero: 10
N.Trentham: 10
J.Anderson: 10
T.Kolatt: 10
J.Koornneef: 10
J.Rose: 10
E.Puchnarewicz: 10
G.Stripe: 10
C.Perrier: 10
M.Baring: 10
Y.Chu: 10
H.Butner: 10
H.Walker: 10
S.Heap: 10
X.Zhang: 10
D.Saumon: 10
E.Sturm: 10
L.Ji: 10
M.Lugaro: 10
S.Vrielmann: 10
M.Harrop-Allin: 10
P.Cinzano: 10
J.Goldader: 10
M.Alonso: 10
T.Ishii: 10
R.Foster: 10
I.Tijera: 10
J.Bezecourt: 10
J.Borgne: 10
T.Ebbels: 10
D.Nadeau: 10
J.Kataoka: 10
J.Mattox: 10
P.Sreekumar: 10
R.Hartman: 10
B.Wakker: 10
A.Matteuzzi: 10
D.Yakovlev: 10
A.Willis: 10
C.Martin: 10
R.Viezzer: 10
D.Tucker: 10
P.Frisch: 10
T.Rimmele: 9
T.Barlow: 9
J.Drew: 9
R.Harms: 9
J.Heyl: 9
J.Frogel: 9
P.Teuben: 9
F.Villante: 9
F.Paolis: 9
G.Ingrosso: 9
M.Roncadelli: 9
E.Bakker: 9
J.Deharveng: 9
M.Montuori: 9
B.Wilhite: 9
H.Feldman: 9
B.Edvardsson: 9
A.Levine: 9
H.Zimmermann: 9
A.Jorissen: 9
U.Alvensleben: 9
M.Treyer: 9
J.Araujo: 9
J.Horvath: 9
T.Damour: 9
P.Moller: 9
R.Porcas: 9
N.Madden: 9
P.Kurczynski: 9
R.Pehl: 9
C.Boisson: 9
R.Protheroe: 9
S.Collier: 9
J.Bregman: 9
S.Bridle: 9
M.Kerkwijk: 9
G.Moriondo: 9
N.Bade: 9
A.Nelson: 9
M.Pierce: 9
J.Mas-Hesse: 9
M.Magliocchetti: 9
T.Smith: 9
R.Coziol: 9
A.Provenzale: 9
G.Steigman: 9
I.Coleman: 9
K.Blundell: 9
A.Monet: 9
C.Dahn: 9
D.Monet: 9
H.Guetter: 9
H.Harris: 9
R.Walker: 9
V.Narayanan: 9
P.Hut: 9
A.Hornstrup: 9
B.McNamara: 9
J.Storey: 9
B.Allen: 9
J.Wu: 9
N.Bahcall: 9
D.Queloz: 9
D.Burgarella: 9
P.Barthel: 9
Q.Wang: 9
D.Dallacasa: 9
E.Szuszkiewicz: 9
F.Briggs: 9
A.Leonard: 9
T.Theuns: 9
A.Loeb: 9
A.Vilenkin: 9
V.Berezinsky: 9
I.Shapiro: 9
M.Tosi: 9
M.Weigel: 9
L.Toffolatti: 9
P.Steinhardt: 9
C.Dupraz: 9
D.Cesarsky: 9
F.Viallefond: 9
O.Boulade: 9
I.Glass: 9
C.Lawrence: 9
Y.Eriguchi: 9
I.Szapudi: 9
J.Raymond: 9
T.Dall: 9
M.Cirkovic: 9
S.Samurovic: 9
G.Qiao: 9
J.Fukue: 9
M.Umemura: 9
R.Juszkiewicz: 9
J.Wang: 9
G.Squires: 9
D.Lambas: 9
S.Rosswog: 9
H.Murayama: 9
C.Leach: 9
A.Domingo: 9
C.Jordi: 9
E.Masana: 9
F.Blasi: 9
F.Kupka: 9
V.Khokhlova: 9
G.Mathys: 9
A.Khokhlov: 9
L.Mantegazza: 9
C.Lada: 9
T.Plewa: 9
E.Hoeg: 9
F.Mignard: 9
L.Lindegren: 9
M.Lattanzi: 9
M.Perryman: 9
A.Diaferio: 9
T.Matteo: 9
A.Schoenmakers: 9
H.Laan: 9
T.Tripp: 9
P.Hall: 9
P.Ho: 9
A.Iovino: 9
P.Solomon: 9
S.Lopez: 9
A.Marscher: 9
D.Rigopoulou: 9
G.Sigl: 9
Y.Huang: 9
S.Jordan: 9
M.White: 9
M.Wise: 9
M.Ledlow: 9
J.Lesgourgues: 9
K.Whisnant: 9
S.Pakvasa: 9
S.Nagataki: 9
D.Balam: 9
E.Jr: 9
P.Muhli: 9
D.Lazzati: 9
R.Johnson: 9
C.Taylor: 9
A.Brandenburg: 9
E.Covas: 9
R.Tavakol: 9
N.Collins: 9
R.Ohl: 9
N.Caldwell: 9
A.Abergel: 9
K.Li: 9
C.Vignali: 9
K.Sembach: 9
N.Hastings: 9
R.Saxton: 9
A.Cool: 9
H.Cohn: 9
P.Lugger: 9
E.Oliva: 9
D.Woods: 9
R.Giacconi: 9
Z.R.: 9
M.Tagger: 9
A.Miyazaki: 9
F.Sato: 9
M.Tsuboi: 9
T.Hasegawa: 9
T.Oka: 9
D.Crary: 9
H.Dall'Oglio: 9
H.Liang: 9
L.Martinis: 9
L.Pizzo: 9
N.Whyborn: 9
P.Lemke: 9
R.Booth: 9
A.Carraminana: 9
A.Kaminker: 9
J.Marcaide: 9
M.Nishiuchi: 9
Y.Maeda: 9
P.DeZeeuw: 9
N.Arav: 8
H.Lee: 8
V.Sahni: 8
A.Athanasopoulos: 8
J.Seiradakis: 8
S.McGaugh: 8
X.Shi: 8
S.Levshakov: 8
B.Poggianti: 8
S.Rappoport: 8
H.Winckel: 8
D.Fisher: 8
M.Claussen: 8
J.Woo: 8
R.Sramek: 8
I.Reid: 8
X.Chen: 8
P.Zycki: 8
R.Viollier: 8
C.Cress: 8
C.Porciani: 8
J.Gardner: 8
L.Zampieri: 8
R.Fernandes: 8
G.Raffelt: 8
T.Falk: 8
R.Holman: 8
B.Fort: 8
E.Xanthopoulos: 8
R.Turolla: 8
M.Loewenstein: 8
N.Itoh: 8
S.Nozawa: 8
Y.Kohyama: 8
L.Grego: 8
K.Stanek: 8
A.Mazumdar: 8
L.Zee: 8
B.Margon: 8
M.Yoshida: 8
J.Kenney: 8
J.Bechtold: 8
R.Elston: 8
A.Nicolaidis: 8
D.Enstrom: 8
J.Hansson: 8
S.Ekelin: 8
S.Fredriksson: 8
A.Lazarian: 8
R.Kroeger: 8
M.Giroux: 8
Y.Suto: 8
T.Souradeep: 8
D.Fargion: 8
E.Garcia-Berro: 8
S.Torres: 8
J.Rachen: 8
A.Koter: 8
D.Beintema: 8
F.Molster: 8
J.Bouwman: 8
S.Pottasch: 8
T.Graauw: 8
T.Jong: 8
P.Yecko: 8
F.Haberl: 8
I.Bonnell: 8
M.Reboucas: 8
D.Chung: 8
V.Naumov: 8
P.Vogel: 8
A.Abbas: 8
V.Flambaum: 8
R.Mauersberger: 8
G.Jacoby: 8
M.Hernanz: 8
H.Lamers: 8
G.Piotto: 8
I.Saviane: 8
E.Harlaftis: 8
E.Miyata: 8
H.Tsunemi: 8
N.Douglas: 8
J.Middleditch: 8
R.Sari: 8
P.Ferreira: 8
S.Brown: 8
A.Friaca: 8
W.Landsman: 8
F.Palla: 8
B.Wandelt: 8
E.Hivon: 8
J.Ostriker: 8
T.Miyaji: 8
F.Bosch: 8
A.Heavens: 8
J.Edsjo: 8
P.Woudt: 8
A.Mezzacappa: 8
S.Bruenn: 8
C.Packham: 8
J.Hough: 8
N.Caon: 8
S.Young: 8
A.Ivanchik: 8
D.Varshalovich: 8
J.Baldwin: 8
J.Dupuis: 8
O.Siegmund: 8
P.Jelinsky: 8
R.Bristol: 8
T.Sasseen: 8
D.Shepherd: 8
N.Renaud: 8
S.Kenyon: 8
F.Mardirossian: 8
M.Girardi: 8
A.Sweigart: 8
M.Catelan: 8
V.Milosevic-Zdjelar: 8
D.Thompson: 8
S.Brandt: 8
S.Mineshige: 8
R.Caldwell: 8
P.Armitage: 8
N.Grogin: 8
N.Stergioulas: 8
H.Holweger: 8
D.Katz: 8
N.Dorokhov: 8
H.Mo: 8
F.Musaev: 8
A.Frank: 8
M.Ishida: 8
E.Gerth: 8
Y.Glagolevskij: 8
N.Evans: 8
P.Anninos: 8
M.Yamaguchi: 8
D.Calzetti: 8
A.Heras: 8
A.Salama: 8
P.Claes: 8
W.Maciejewski: 8
B.Miller: 8
J.Lotz: 8
A.Sarajedini: 8
E.Bell: 8
D.Reimers: 8
G.Helou: 8
M.Ashby: 8
F.Melia: 8
L.The: 8
S.Bloom: 8
R.Wechsler: 8
H.Ludwig: 8
T.Tsujimoto: 8
W.Krzeminski: 8
K.Kar: 8
R.Wark: 8
D.Koester: 8
E.Moore: 8
S.Yamada: 8
K.Sato: 8
A.Sakharov: 8
P.Colin: 8
C.Yuan: 8
D.Elmegreen: 8
L.Montenegro: 8
M.Klaric: 8
M.Thomasson: 8
A.Kosovichev: 8
J.Reiter: 8
J.Schou: 8
Å.Nordlund: 8
P.Quarati: 8
F.Sutaria: 8
K.Glazebrook: 8
M.Hendry: 8
L.Infante: 8
M.Hilker: 8
T.Abel: 8
G.Marcy: 8
J.Ponder: 8
M.Tripicco: 8
M.Lehnert: 8
D.Wills: 8
O.Miranda: 8
G.Clementini: 8
D.Zurek: 8
A.Tworkowski: 8
A.Baker: 8
H.Bushouse: 8
K.Borne: 8
B.Binggeli: 8
A.Gimenez: 8
D.Bradstreet: 8
E.Guinan: 8
F.Maloney: 8
I.Ribas: 8
J.Pritchard: 8
L.DeWarf: 8
P.Maurone: 8
C.Thompson: 8
R.Duncan: 8
A.Benson: 8
D.Pierini: 8
E.Belsole: 8
C.Munoz-Tunon: 8
K.Omukai: 8
M.Sarzi: 8
E.Dishoeck: 8
M.Hogerheijde: 8
C.Rité: 8
Christopher: 8
M.Bernardi: 8
N.Willmer: 8
J.Wadsley: 8
C.Gelino: 8
D.Stephens: 8
R.Freedman: 8
W.Dappen: 8
E.Salvador-Sole: 8
C.Hummel: 8
S.Britzen: 8
G.Walker: 8
C.Carpenter: 8
R.Grashius: 8
R.Perley: 8
J.Howk: 8
H.Shibai: 8
A.Dayal: 8
B.Hrivnak: 8
C.Skinner: 8
J.Hora: 8
L.Deutsch: 8
M.Meixner: 8
T.Ueta: 8
W.Hoffmann: 8
J.Perrin: 7
J.Sivan: 7
S.Darbon: 7
J.Stone: 7
B.Sathyaprakash: 7
J.Truran: 7
L.Tacconi: 7
M.Asplund: 7
Y.Efremov: 7
C.Simpson: 7
J.Beuzit: 7
L.Girardi: 7
I.Ferreras: 7
S.Bonazzola: 7
V.Faraoni: 7
O.Doroshenko: 7
I.Waddington: 7
B.Connell: 7
E.Salpeter: 7
G.Hoffman: 7
J.Henry: 7
C.Jackson: 7
A.Ghez: 7
T.Hippel: 7
A.Pamyatnykh: 7
J.Carquillat: 7
N.Ginestet: 7
P.Catelan: 7
T.Ponman: 7
E.Groth: 7
E.O'Neil: 7
R.Light: 7
R.Lynds: 7
W.Baum: 7
M.Trodden: 7
R.Woodard: 7
C.Lousto: 7
M.Campanelli: 7
A.Kusenko: 7
M.Gonzalez-Garcia: 7
O.Peres: 7
D.Boyanovsky: 7
C.Porcel: 7
E.Blackman: 7
M.Merrifield: 7
A.Harding: 7
A.Blaauw: 7
C.Maccarone: 7
C.Perola: 7
R.Dickens: 7
M.Wardle: 7
N.Menci: 7
H.Ezawa: 7
A.Romer: 7
D.Burke: 7
M.Ulmer: 7
J.Pringle: 7
D.Gerbal: 7
A.Cavaliere: 7
E.Fenimore: 7
D.Bhattacharya: 7
S.Veilleux: 7
S.Fall: 7
C.Anderson: 7
C.Mulliss: 7
J.Drilling: 7
M.Hanson: 7
S.Andreon: 7
P.Amico: 7
C.Gammie: 7
A.Stark: 7
C.Walker: 7
G.Sironi: 7
J.Peterson: 7
L.Krauss: 7
W.Welch: 7
C.Gutierrez: 7
S.Hancock: 7
A.Teixeira: 7
S.Sinegovsky: 7
T.Sinegovskaya: 7
M.Doi: 7
Y.Komiyama: 7
R.Neri: 7
S.Garcia-Burillo: 7
J.Monnier: 7
W.Danchi: 7
J.Feldmeier: 7
H.Matuzawa: 7
K.Morikawa: 7
K.Yamashita: 7
I.Lapidus: 7
A.Boesgaard: 7
C.Deliyannis: 7
F.Primas: 7
L.Hobbs: 7
S.Ryan: 7
U.Seljak: 7
C.Baffa: 7
F.Lisi: 7
L.Vanzi: 7
R.Stanga: 7
S.Migliorini: 7
E.Wishnow: 7
J.Carr: 7
J.Najita: 7
M.Abrams: 7
E.Lisi: 7
L.Cordis: 7
P.Nass: 7
C.Otani: 7
D.Dixon: 7
E.Kolaczyk: 7
G.Kanbach: 7
H.Mayer-Hasselwander: 7
J.Samimi: 7
U.Lisenfeld: 7
J.Garriga: 7
P.Blasi: 7
P.Scowen: 7
C.Corson: 7
E.Bergin: 7
M.Barlow: 7
J.Pullin: 7
K.Enqvist: 7
A.Berera: 7
S.Esposito: 7
J.Salgado: 7
J.Miralda-Escude: 7
L.Bergstrom: 7
A.Parsons: 7
J.Naya: 7
J.Tueller: 7
L.Bartlett: 7
A.Blair: 7
C.Lee: 7
A.Challinor: 7
A.Poglitsch: 7
C.Townes: 7
F.Herrmann: 7
N.Geis: 7
T.Nikola: 7
W.Boschin: 7
P.Guhathakurta: 7
Y.Hoffman: 7
L.Origlia: 7
J.Murray: 7
F.Carrera: 7
J.Mittaz: 7
M.Page: 7
A.Fassia: 7
W.Meikle: 7
M.Gasperini: 7
M.Sakellariadou: 7
V.Sabas: 7
E.Janiashvili: 7
J.Lominadze: 7
K.Kuratov: 7
S.Mukhamednazarov: 7
V.Kornilov: 7
V.Dhillon: 7
J.Provost: 7
D.White: 7
E.Poretti: 7
A.Ferguson: 7
D.Main: 7
C.Pryor: 7
B.Bromley: 7
I.Savanov: 7
G.Hildebrandt: 7
G.Scholz: 7
M.Strickman: 7
Z.Haiman: 7
M.Machacek: 7
F.Verbunt: 7
M.Blanton: 7
L.Pasquini: 7
B.Koralesky: 7
B.Dirsch: 7
R.Allen: 7
G.Hensler: 7
D.Cox: 7
C.Kramer: 7
S.Radford: 7
A.Kinney: 7
G.Burki: 7
M.Yamada: 7
B.Meyer: 7
F.Casoli: 7
M.Sazhin: 7
M.Arnaboldi: 7
M.Matthias: 7
R.Kudritzki: 7
J.Morse: 7
J.Schachter: 7
B.Freytag: 7
M.Steffen: 7
H.Okuda: 7
H.Bloemen: 7
R.Klein: 7
T.Chiba: 7
A.Quirrenbach: 7
H.Holstenberg: 7
M.Kasper: 7
X.Wu: 7
J.Blades: 7
D.Lyth: 7
A.Olech: 7
A.Fisher: 7
K.Hatano: 7
D.Rouan: 7
E.Gendron: 7
F.Rigaut: 7
O.Lai: 7
R.Arsenault: 7
M.Gim: 7
R.Bandyopadhyay: 7
S.Hong: 7
B.Batz: 7
D.Tiphene: 7
E.Copet: 7
J.Borsenberger: 7
L.Cambresy: 7
N.Epchtein: 7
P.Fouque: 7
S.Kimeswenger: 7
N.Christlieb: 7
A.Newsam: 7
S.Antiochos: 7
S.Cote: 7
M.Paradijs: 7
D.Bond: 7
B.Czerny: 7
A.Meiksin: 7
H.Stockman: 7
J.Offenberg: 7
M.Nieto-Santisteban: 7
R.Hanisch: 7
R.Sengupta: 7
S.Stallcup: 7
R.Barkana: 7
R.Peletier: 7
D.Elizondo: 7
G.Yepes: 7
R.Kates: 7
S.Laine: 7
L.Rodriguez: 7
S.Wen: 7
I.Fournon: 7
T.Mihara: 7
J.Teuber: 7
F.Caputo: 7
M.Marconi: 7
J.McDowell: 7
R.Kraft: 7
M.Markevitch: 7
R.Nemiroff: 7
A.Romeo: 7
E.Elizalde: 7
J.Barriga: 7
R.DiStefano: 7
G.Shields: 7
R.Dufour: 7
S.Torres-Peimbert: 7
L.Campusano: 7
M.Cossburn: 7
R.Jameson: 7
C.Heerlein: 7
T.Li: 7
C.Doran: 7
E.Hardy: 7
B.Theodore: 7
O.Witasse: 7
M.Kaspar: 7
S.Anders: 7
S.Hippler: 7
C.Flynn: 7
A.Schwarzenberg-Czerny: 7
G.Schmidt: 7
E.Kendziorra: 7
I.Kreykenbohm: 7
J.Pietz: 7
R.Egger: 7
U.Mebold: 7
J.Matteson: 7
G.Iannicola: 7
J.Borissova: 7
N.Spassova: 7
H.Nguyen: 7
E.Massaro: 7
D.Schoenberner: 7
A.Natta: 7
H.Brunner: 7
Th.Boller: 7
A.Ugryumov: 7
F.Tesch: 7
J.Hu: 7
C.Gwinn: 7
C.Winge: 7
M.Britton: 7
D.Frederics: 7
P.O'Brien: 7
P.Conti: 7
E.Valtaoja: 7
A.Eldar: 7
B.Johnson: 7
P.Fragile: 7
R.Lallement: 7
V.Izmodenov: 7
Y.Malama: 7
H.Ebeling: 7
A.Andersen: 7
A.Braatz: 7
C.Clement: 7
C.Jager: 7
H.Mutschke: 7
T.Henning: 7
U.Jorgensen: 7
U.Ott: 7
J.Krijger: 7
K.Bennett: 7
E.Jenkins: 7
J.Winkler: 7
C.Hwang: 7
R.Gruendl: 7
R.Wilson: 7
L.Dressel: 6
D.Konenkov: 6
A.Daum: 6
C.Koehler: 6
G.Hermann: 6
G.Puehlhofer: 6
M.Hess: 6
D.Wickramasinghe: 6
Ø.Wikstøl: 6
M.Burleigh: 6
M.Reid: 6
E.Kampen: 6
E.Kennelly: 6
R.Kotak: 6
S.Horner: 6
S.Korzennik: 6
J.Riley: 6
I.Harrus: 6
G.Harris: 6
H.Dejonghe: 6
G.Handler: 6
H.Pikall: 6
W.Dziembowski: 6
S.Eck: 6
L.Carrasco: 6
B.Jones: 6
F.Lucchin: 6
C.Scharf: 6
D.Weedman: 6
I.Bombaci: 6
T.Vachaspati: 6
K.New: 6
P.Tinyakov: 6
N.Kaloper: 6
J.Dobaczewski: 6
M.Sharma: 6
R.Bieber: 6
L.Waerbeke: 6
F.Garzon: 6
I.Yi: 6
S.Zane: 6
P.Schneider: 6
A.Brown: 6
F.Walter: 6
P.Morris: 6
C.Freiburghaus: 6
D.Maoz: 6
M.Gerin: 6
M.Moles: 6
C.Broude: 6
F.Schwamm: 6
L.Weissman: 6
M.Hass: 6
M.Shaanan: 6
R.Hadar: 6
M.Garcia-Vargas: 6
G.Bignami: 6
E.Leitch: 6
D.Buren: 6
F.Adams: 6
G.Machabeli: 6
M.Lyutikov: 6
E.Copeland: 6
M.Mountain: 6
R.Battye: 6
B.Boroson: 6
S.Vrtilek: 6
T.Kallman: 6
M.Verheijen: 6
R.Tully: 6
M.Inoue: 6
M.Miyoshi: 6
N.Nakai: 6
A.Bracco: 6
C.Motch: 6
J.Sulentic: 6
S.Westerhoff: 6
M.Bate: 6
N.Gray: 6
Y.Qian: 6
A.Ballegooijen: 6
A.Nordlund,: 6
M.Lofdahl: 6
V.Krishnakumar: 6
C.Kiefer: 6
A.Bernui: 6
G.Gomero: 6
T.Asaka: 6
A.Abada: 6
S.Abbas: 6
J.Schaffner-Bielich: 6
V.Belyaev: 6
N.Langer: 6
S.Nishiura: 6
T.Walker: 6
S.McMillan: 6
J.Marck: 6
M.Vietri: 6
C.Sullivan: 6
P.Garcia: 6
E.Quataert: 6
M.Noort: 6
R.Kurucz: 6
T.Lanz: 6
D.Jain: 6
N.Panchapakesan: 6
S.Mahajan: 6
V.Bhatia: 6
N.Wex: 6
R.Srianand: 6
H.Schulz: 6
L.Moscardini: 6
D.Roberts: 6
S.Rao: 6
M.Harris: 6
P.James: 6
U.Hellsten: 6
E.Guerra: 6
L.Wan: 6
R.Daly: 6
D.Charbonneau: 6
D.Hanes: 6
R.Napiwotzki: 6
S.Moehler: 6
D.Galli: 6
Y.Ishisaki: 6
Y.Ogasaka: 6
A.Nota: 6
M.Clampin: 6
M.Sirianni: 6
D.Hoard: 6
L.Herrera: 6
P.Papadopoulos: 6
T.Kanazawa: 6
H.Herndl: 6
A.Valinia: 6
A.Bragaglia: 6
G.Östlin: 6
N.Bergvall: 6
M.Guidry: 6
Y.Shioya: 6
P.Bernardis: 6
S.Chakrabarty: 6
E.Waxman: 6
A.Kaniovsky: 6
J.Pietsch: 6
V.Borkous: 6
V.Efremov: 6
H.Bruntt: 6
S.Beckwith: 6
L.Yan: 6
J.Muecket: 6
J.Surdej: 6
R.Xu: 6
H.Röttgering: 6
K.Sakamoto: 6
V.Teplitz: 6
S.Khlebnikov: 6
M.Elitzur: 6
A.Baykal: 6
M.Gerbaldi: 6
R.Faraggiana: 6
C.Moran: 6
G.Wade: 6
S.Hubrig: 6
B.Costantini: 6
C.Marinoni: 6
F.Rasio: 6
P.Morel: 6
W.Weiss: 6
M.Guelin: 6
N.Neininger: 6
J.Franco: 6
L.Rudnick: 6
M.Martos: 6
A.Sills: 6
E.Lada: 6
J.Alves: 6
S.Adelman: 6
C.Nelson: 6
I.Chernyshova: 6
S.Andrievsky: 6
O.Wikstol: 6
T.Fredvik: 6
D.Molteni: 6
Y.Yoshii: 6
J.Schwartzenberg: 6
J.Prochaska: 6
R.Stompor: 6
J.Heldmann: 6
H.Roettgering: 6
E.Telles: 6
R.Volkas: 6
G.Mangano: 6
G.Miele: 6
O.Pisanti: 6
H.Shen: 6
H.Toki: 6
K.Oyamatsu: 6
K.Sumiyoshi: 6
K.Olsen: 6
B.Milliard: 6
A.Pawl: 6
M.Rozyczka: 6
R.Shelton: 6
A.Doroshkevich: 6
R.Scherrer: 6
T.Mizuno: 6
Y.Matsumoto: 6
C.Soubiran: 6
M.Fatuzzo: 6
S.Molinari: 6
J.Kennefick: 6
D.Eichler: 6
L.Sidoli: 6
A.Cillis: 6
C.Canal: 6
H.Fanchiotti: 6
S.Sciutto: 6
L.Buson: 6
H.Maehara: 6
B.Revenu: 6
F.Couchot: 6
F.Kienzle: 6
E.Brown: 6
M.Muno: 6
S.Eikenberry: 6
T.Jr.: 6
C.Carignan: 6
F.Miniati: 6
M.Makita: 6
J.Gorkom: 6
J.Stocke: 6
S.Penton: 6
Y.Lee: 6
J.Mikolajewska: 6
M.Gierlinski: 6
A.Blokland: 6
S.Dougherty: 6
A.Peacock: 6
A.Pollock: 6
A.Reynolds: 6
B.Taylor: 6
O.Williams: 6
J.Bonnell: 6
J.Norris: 6
E.Montanari: 6
C.Miller: 6
D.Batuski: 6
C.Borys: 6
S.Oliveira: 6
H.Kobulnicky: 6
M.Herant: 6
O.Iguchi: 6
T.Tatekawa: 6
C.Contaldi: 6
M.Hindmarsh: 6
H.Johnston: 6
T.Tzioumis: 6
S.Lee: 6
M.Perault: 6
Y.Shchekinov: 6
T.Driebe: 6
G.Bodo: 6
M.Gliozzi: 6
K.Laidlaw: 6
D.Ellison: 6
C.Petry: 6
D.Benford: 6
T.Hunter: 6
J.Robertson: 6
N.Robba: 6
T.Salvo: 6
R.Gal: 6
C.Arlandini: 6
F.Kaeppeler: 6
K.Wisshak: 6
P.Zeeuw: 6
E.Murphy: 6
G.Wilson: 6
H.Dahle: 6
A.Songaila: 6
D.Hall: 6
H.Li: 6
A.Webster: 6
W.Driel: 6
T.Statler: 6
M.Kool: 6
K.Borozdin: 6
G.Gonzalez-Casado: 6
M.Gross: 6
R.Jedrzejewski: 6
J.Sanz: 6
R.Barreiro: 6
D.Lytle: 6
E.Stobie: 6
G.Pavlov: 6
V.Zavlin: 6
P.Bernasconi: 6
G.Mandushev: 6
J.Veran: 6
R.Racine: 6
N.Mavromatos: 6
G.Rhee: 6
R.Hartog: 6
S.Kopeikin: 6
E.Lastennet: 6
P.Westera: 6
R.Buser: 6
T.Lejeune: 6
E.Pignatelli: 6
M.Normandeau: 6
G.Baggley: 6
H.Woerden: 6
U.Schwarz: 6
K.Hofmann: 6
V.Sarajedini: 6
N.Ryde: 6
A.Coc: 6
J.Jose: 6
L.Maxfield: 6
S.Trudolyubov: 6
J.Laros: 6
C.Chavarria: 6
L.Szentasko: 6
R.González-Riestra: 6
J.Niemeyer: 6
M.Reinecke: 6
I.Platais: 6
M.Schwartz: 6
J.Crane: 6
T.McGrath: 6
V.Taylor: 6
R.Puetter: 6
I.Soszynski: 6
D.MacMinn: 6
K.Hodapp: 6
D.Munshi: 5
N.Shakura: 5
D.Proga: 5
N.Clark: 5
G.Leffers: 5
K.Bernlohr: 5
R.Zink: 5
V.Matheis: 5
F.Vagnetti: 5
V.Urpin: 5
H.Matsuo: 5
R.Zylka: 5
P.Tissera: 5
C.Lia: 5
L.Yungelson: 5
G.Szokoly: 5
M.Holman: 5
S.Dye: 5
D.Kiselman: 5
J.Hughes: 5
S.Ghigna: 5
N.Drake: 5
S.Doebereiner: 5
N.Cornish: 5
C.Markwardt: 5
W.Wilson: 5
H.Bradt: 5
R.Shirey: 5
E.Florido: 5
S.Heinz: 5
S.Basilakos: 5
G.Contardo: 5
M.Steinmetz: 5
D.Trilling: 5
E.Boldt: 5
H.McCracken: 5
N.Metcalfe: 5
R.Fong: 5
N.Tsamis: 5
T.Tomaras: 5
T.Kobayashi: 5
B.Bassett: 5
D.Cormier: 5
F.Bernardeau: 5
G.Monnet: 5
S.Shore: 5
D.Davis: 5
A.Nusser: 5
E.Mueller: 5
A.Raftery: 5
C.Fraley: 5
F.Murtagh: 5
G.Babu: 5
S.Mukherjee: 5
C.Lloyd: 5
F.Ringwald: 5
G.Romero: 5
L.Anchordoqui: 5
M.Webster: 5
J.Hurley: 5
G.Gonzalez: 5
J.McCarthy: 5
A.Cherepashchuk: 5
T.Khruzina: 5
H.Ritter: 5
P.Fosalba: 5
P.Popowski: 5
E.Ramirez-Ruiz: 5
G.Cecil: 5
B.Phlips: 5
J.Skibo: 5
K.McNaron-Brown: 5
P.Witchalls: 5
D.Raboud: 5
C.Bonatto: 5
M.Langlois: 5
P.Jablonka: 5
P.Hughes: 5
J.Mermilliod: 5
B.Oppenheimer: 5
G.Gargiulo: 5
N.Capuano: 5
R.Tagliaferri: 5
V.Eke: 5
M.Kellogg,: 5
D.Lai: 5
N.Turok: 5
N.Glendenning: 5
A.Baudry: 5
F.Herpin: 5
J.Cernicharo: 5
N.Aghanim: 5
J.Ventura: 5
Y.Shibanov: 5
G.Dahmen: 5
J.Martin-Pintado: 5
S.Huettemeister: 5
T.Wilson: 5
U.Pen: 5
V.Lukash: 5
C.Clarke: 5
E.Leibowitz: 5
B.Jain: 5
G.Xu: 5
J.Kepner: 5
F.Fagotto: 5
E.Seaquist: 5
M.Zaldarriaga: 5
S.Ueno: 5
C.Pethick: 5
V.Buat: 5
D.Zaritsky: 5
H.Dottori: 5
J.Clariá: 5
J.Jr.: 5
K.Brazier: 5
J.Solanes: 5
E.Abdalla: 5
R.Mohayaee: 5
P.Maxted: 5
A.Nordlund: 5
C.Canizares: 5
J.Scalo: 5
C.Fanti: 5
C.Stanghellini: 5
G.Gyuk: 5
W.Lane: 5
M.Valle: 5
E.Rokutanda: 5
N.Yamasaki: 5
N.Roche: 5
R.Partridge: 5
D.Wands: 5
A.Prisco: 5
J.Martinez: 5
V.Semikoz: 5
M.Gleiser: 5
A.Misaki: 5
N.Takahashi: 5
G.Martinez-Pinedo: 5
K.Sealey: 5
P.Ullio: 5
M.Graham: 5
J.Devriendt: 5
J.Cuillandre: 5
M.Dantel-Fort: 5
J.Buchler: 5
Z.Kollath: 5
A.Konigl: 5
A.Raga: 5
D.Bandyopadhyay: 5
S.Pal: 5
M.Joy: 5
S.Patel: 5
T.Lazio: 5
C.Schaab: 5
J.Silverman: 5
J.Irwin: 5
A.Yonehara: 5
T.Manmoto: 5
S.Colafrancesco: 5
M.McConnell: 5
K.Fisher: 5
A.Albrecht: 5
S.Zaroubi: 5
C.Valotto: 5
T.Wiklind: 5
R.Scoccimarro: 5
J.Han: 5
J.Storm: 5
F.Delmas: 5
R.Burnage: 5
V.Stepanov: 5
I.Iliev: 5
D.Lynden-Bell: 5
A.Phillips: 5
L.Schroder: 5
J.Keohane: 5
M.Kaplinghat: 5
C.Peres: 5
R.Johnstone: 5
G.Bothun: 5
K.O'Neil: 5
K.Davidson: 5
K.Yamamoto: 5
D.Weistrop: 5
M.Kaiser: 5
R.Gelderman: 5
T.Padmanabhan: 5
K.Kokkotas: 5
R.Kuschnig: 5
S.Matz: 5
U.Heber: 5
D.Folha: 5
J.Emerson: 5
K.Smith: 5
A.Terlevich: 5
D.Schwarz: 5
O.Sil'chenko: 5
G.Lemson: 5
L.Allen: 5
M.Ashley: 5
M.Burton: 5
Y.Sun: 5
D.Sasselov: 5
C.Mihos: 5
N.Bell: 5
M.Gaillard: 5
K.Kohri: 5
L.Verde: 5
N.Junkes: 5
C.Surace: 5
Y.Ng: 5
P.Bartholdi: 5
D.Vinkovic': 5
E.Momjian: 5
E.Verner: 5
J.LaMothe: 5
M.Bottorff: 5
C.Reiche: 5
C.Stenstrom: 5
R.Sudharsanan: 5
C.Telesco: 5
L.Hartmann: 5
R.Jayawardhana: 5
R.Pina: 5
S.Fisher: 5
V.D'Odorico: 5
T.Corbard: 5
A.Young: 5
W.Schweizer: 5
D.Meyer: 5
K.Ioka: 5
J.Jaaniste: 5
N.S'anchez: 5
S.Lumsden: 5
T.Fujiyoshi: 5
T.Moore: 5
A.Raychaudhuri: 5
D.Majumdar: 5
D.Rosenbaum: 5
P.Wentzler: 5
R.Scalise: 5
T.Armandroff: 5
R.Dickson: 5
H.Zhao: 5
A.Zezas: 5
A.Muecke: 5
B.Ratra: 5
K.Ganga: 5
K.Ebisawa: 5
S.Gulkis: 5
G.Bisnovatyi-Kogan: 5
P.Belloni: 5
P.Fortini: 5
I.Sarcevic: 5
M.Reno: 5
J.Dawson: 5
J.Mendonca: 5
N.Tsintsadze: 5
P.Shukla: 5
R.Bingham: 5
R.Ogley: 5
S.Burnell: 5
D.Naef: 5
H.Tananbaum: 5
S.Pravdo: 5
T.Kotani: 5
R.Mallozzi: 5
J.Frieman: 5
C.Koresko: 5
M.Colavita: 5
Y.Chen: 5
A.Liu: 5
E.Lau: 5
M.Nieto: 5
P.Laing: 5
S.Turyshev: 5
T.Gherghetta: 5
M.Capalbi: 5
M.Yamauchi: 5
R.McLure: 5
J.G.Cohen: 5
K.Richberg: 5
I.Cagnoni: 5
G.Bono: 5
C.Aerts: 5
J.Barton: 5
R.Marson: 5
W.Li: 5
C.Travaglio: 5
F.Ferrini: 5
I.Salamanca: 5
R.Cid-Fernandes: 5
A.Quillen: 5
J.Marti': 5
S.Chaty: 5
K.Desai: 5
R.Geller: 5
R.Sault: 5
G.Stasinska: 5
C.Brocksopp: 5
A.Klemola: 5
V.Smith: 5
R.Donnelly: 5
P.Outram: 5
A.Noels: 5
A.Thoul: 5
C.Neuforge: 5
E.Jehin: 5
G.Parmentier: 5
B.Lopez: 5
C.Haniff: 5
P.Cruzalebes: 5
P.Tuthill: 5
J.Gonzalez-Serrano: 5
A.Staude: 5
D.Steeghs: 5
A.Malizia: 5
K.O'Flaherty: 5
I.Iwata: 5
M.Saitō: 5
L.Cayon: 5
M.Garcia: 5
M.Crosas: 5
J.Knapen: 5
A.Maller: 5
M.Large: 5
J.Bally: 5
D.Dale: 5
M.Dorrington: 5
T.Thomas: 5
R.Jong: 5
D.Moss: 5
J.Brooke: 5
B.Vicini: 5
D.Hollenbach: 5
C.Horellou: 5
P.Edmonds: 5
F.Paresce: 5
C.Kemper: 5
D.Jansen: 5
X.Tielens: 5
X.Montes: 5
O.Toropina: 5
V.Savelyev: 5
Y.Toropin: 5
A.Biggs: 5
F.Spite: 5
M.Spite: 5
A.Peck: 5
A.Kovacs: 5
M.Gardner: 5
S.Yamashita: 5
M.Liebendoerfer: 5
J.Harlow: 5
J.Licandro: 5
S.Arribas: 5
S.Madruga: 5
V.Bejar: 5
H.Langevelde: 5
A.Jangren: 5
C.Gronwall: 5
D.Andersen: 5
A.Zavagno: 5
C.Savine: 5
V.Ducci: 5
P.Crowther: 5
S.Beck: 5
M.Goupil: 5
A.Vallenari: 5
A.Gray: 5
P.Dewdney: 5
T.Landecker: 5
A.Kundu: 5
L.Nolan: 5
T.Hattori: 5
A.Caulet: 5
B.Grossan: 5
B.Sutin: 5
E.Spillar: 5
N.Pirzkal: 5
P.Johnson: 5
R.Tripp: 5
A.Boggess: 5
S.Maran: 5
J.Linsky: 5
J.Valenti: 5
M.Gagne: 5
M.Guedel: 5
W.Pych: 5
G.Blumenthal: 5
V.Baranov: 5
H.Ruiter: 5
M.Murgia: 5
P.Parma: 5
K.Roettiger: 5
M.Henriksen: 5
J.Stepanian: 4
L.Erastova: 4
S.Balayan: 4
V.Chavushyan: 4
V.Lipovetsky: 4
F.Pacini: 4
M.Spada: 4
D.Méra: 4
A.Kercek: 4
S.Ridgway: 4
H.Saio: 4
H.Schrijver: 4
W.Kegel: 4
N.Sánchez: 4
B.Hansen: 4
M.Barstow: 4
C.Schmid: 4
P.Widerin: 4
T.Bulik: 4
G.Clark: 4
P.Wojdowski: 4
D.Narasimha: 4
A.Sedrakian: 4
R.Fromhold-Treu: 4
D.Clowe: 4
G.Starkman: 4
P.Bodenheimer: 4
A.Panaitescu: 4
F.Munyaneza: 4
N.Bilic: 4
J.Kirk: 4
M.Plionis: 4
A.Contursi: 4
B.Catinella: 4
T.Baumgarte: 4
A.Thampan: 4
B.Datta: 4
E.Zas: 4
E.Mediavilla: 4
J.Buitrago: 4
L.Goicoechea: 4
M.Serra-Ricart: 4
J.Frank: 4
A.Laix: 4
A.Taruya: 4
A.Buonanno: 4
G.Ganis: 4
M.Schmitt: 4
S.Kumar: 4
R.Bousso: 4
A.Ljubicic: 4
D.Bradley: 4
M.Krcmar: 4
M.Stipcevic: 4
Z.Krecak: 4
C.Roberts: 4
D.Blaschke: 4
G.Poghosyan: 4
H.Grigorian: 4
S.Schmidt: 4
M.Carlson: 4
M.Breger: 4
G.Brown: 4
H.Bethe: 4
A.Betz: 4
J.Keene: 4
R.Boreiko: 4
D.Bettoni: 4
P.Kjaergaard: 4
C.Giovanardi: 4
M.Molla: 4
A.Boden: 4
C.Cooper: 4
M.Namiki: 4
P.Bhat: 4
S.Charlot: 4
L.Martinet: 4
M.Grenon: 4
R.Fux: 4
M.Pohl: 4
E.Audit: 4
J.Alimi: 4
R.Teyssier: 4
R.Valdarnini: 4
S.Bonometto: 4
P.Marziani: 4
V.Dokuchaev: 4
Y.Eroshenko: 4
N.Tetradis: 4
P.Elmfors: 4
L.Paria: 4
A.Csoto: 4
E.Vazquez-Semadeni: 4
J.Webb.: 4
V.Dzuba: 4
F.Jenet: 4
S.Unwin: 4
J.Blakeslee: 4
P.Wood: 4
C.Bailer-Jones: 4
D.Saez: 4
V.Quilis: 4
C.Firmani: 4
V.Avila-Reese: 4
J.Mulchaey: 4
F.Cooperstock: 4
A.B.R.McNamara: 4
S..Allain: 4
L.Pozzetti: 4
L.Sparke: 4
T.Aldcroft: 4
S.Kumagai: 4
S.Suzuki: 4
T.Kohmura: 4
L.Abramo: 4
C.Robert: 4
F.Rydt: 4
W.Press: 4
A.Goodman: 4
H.Arce: 4
M.Sumner: 4
N.Manset: 4
P.Bastien: 4
V.Celebonovic: 4
S.Lepp: 4
J.Hure: 4
C.Abia: 4
L.Blitz: 4
R.Davé: 4
M.Segal: 4
D.Chuss: 4
G.Chartas: 4
M.Bureau: 4
E.Jensen: 4
G.Wasserburg: 4
W.Blok: 4
C.Graziani: 4
G.Courtes: 4
J.Chiang: 4
E.Fomalont: 4
M.Dabrowski: 4
G.Khanna: 4
A.Smirnov: 4
V.Rubakov: 4
R.Ramos: 4
H.Huber: 4
M.Medvedev: 4
G.Worthey: 4
J.Minske: 4
K.Braun: 4
K.Chiboucas: 4
M.Roos: 4
P.Padoan: 4
L.Johansson: 4
P.Gondhalekar: 4
B.Novosyadlyj: 4
T.Kahniashvili: 4
J.Nemec: 4
D.Mera: 4
Y.Alibert: 4
G.Ogilvie: 4
I.Suh: 4
C.Cacciari: 4
G.Tessicini: 4
J.Gallimore: 4
P.Shapiro: 4
S.Sazonov: 4
S.Sasaki: 4
M.Ruffert: 4
N.Gouda: 4
J.Jensen: 4
G.Henri: 4
M.Mezzetti: 4
M.Mezzetti;: 4
R.Schneider: 4
V.Ferrari: 4
B.Kozlovsky: 4
Y.Jeong: 4
G.Huey: 4
R.Dave: 4
H.Muriel: 4
P.Goldreich: 4
T.Berghoefer: 4
D.Mignant: 4
I.Aretxaga: 4
J.Melnick: 4
J.MacGibbon: 4
U.Wichoski: 4
W.Zimdahl: 4
T.Moroi: 4
L.Masperi: 4
C.Martins: 4
A.Witt: 4
G.Cook: 4
F.Carrier: 4
E.Paunzen: 4
H.Maitzen: 4
M.Rode: 4
C.Jomaron: 4
D.Bohlender: 4
M.Dworetsky: 4
J.Bicak: 4
J.Katz: 4
J.Lombardi: 4
N.Audard: 4
W.Hix: 4
S.Mohanty: 4
G.Galazutdinov: 4
O.Kotchoukhov: 4
J.Sellwood: 4
D.Kelly: 4
J.Achtermann: 4
I.McLean: 4
D.Goldberg: 4
S.Engineer: 4
A.Yushchenko: 4
I.Bikmaev: 4
V.Gopka: 4
N.Andersson: 4
H.Lehmann: 4
D.Dominis: 4
K.Pavlovski: 4
M.Planinic: 4
M.Rosandic: 4
S.Ilijic: 4
R.Subrahmanyan: 4
H.Stempels: 4
E.Antonello: 4
D.Tsiklauri: 4
R.Propris: 4
J.Martin: 4
V.Vlasyuk: 4
C.Möller: 4
E.Shima: 4
U.Anzer: 4
M.Pelling: 4
Z.Webster: 4
E.Coccia: 4
F.Fucito: 4
K.Hamaguchi: 4
Y.Nomura: 4
K.Wada: 4
A.Calder: 4
E.Wang: 4
F.Swesty: 4
S.Kim: 4
C.Liu: 4
J.Donas: 4
G.Shaviv: 4
D.Haarsma: 4
N.Duric: 4
E.Olson: 4
F.Barblan: 4
I.Kuneva: 4
I.Valtchanov: 4
M.Kalinkov: 4
D.Kim: 4
J.Granot: 4
E.Wampler: 4
J.Loon: 4
P.Hekkert: 4
V.Bujarrabal: 4
A.Cochran: 4
H.Levison: 4
M.Duncan: 4
P.Tamblyn: 4
B.Mochejska: 4
M.Krockenberger: 4
D.Cannon: 4
M.Adda: 4
R.Cautain: 4
E.Roulet: 4
L.Epele: 4
T.Sekii: 4
A.Brun: 4
R.Ramachandran: 4
S.Balbus: 4
R.Hilditch: 4
C.McKee: 4
A.Graham: 4
G.Busarello: 4
C.Kobayashi: 4
I.Hachisu: 4
M.Kato: 4
S.Wanajo: 4
L.Qin: 4
N.Iwamoto: 4
S.Tsuruta: 4
B.Gladman: 4
J.Kavelaars: 4
P.Nicholson: 4
T.Loredo: 4
B.Ciardi: 4
J.Arabadjis: 4
J.Conway: 4
L.Stanghellini: 4
S.Osmer: 4
X.Liu: 4
G.Poole: 4
E.Barton: 4
J.Matias: 4
R.Pittau: 4
K.Kainulainen: 4
C.Iliades: 4
M.Fantini: 4
P.Endt: 4
I.Zlatev: 4
J.Soda: 4
B.Uyaniker: 4
E.Fuerst: 4
P.Reich: 4
W.Reich: 4
Y.Mochizuki: 4
E.Covino: 4
J.Alcala: 4
S.Frink: 4
S.Pistinner: 4
K.Belotsky: 4
Y.Golubkov: 4
S.Park: 4
E.Slezak: 4
D.Gough: 4
D.Bock: 4
J.Thorburn: 4
S.Johansson: 4
H.Martel: 4
P.Premadi: 4
R.Matzner: 4
G.Vidali: 4
I.Furman: 4
O.Biham: 4
V.Pirronello: 4
C.Torres: 4
E.Davoust: 4
G.Quast: 4
G.Vieria: 4
G.Field: 4
F.Zamkotsian: 4
K.Dohlen: 4
P.Mottier: 4
S.Chapelon: 4
T.Buat: 4
A.Davidsen: 4
R.Telfer: 4
K.Morawetz: 4
M.Vogt: 4
P.Lipavský: 4
U.Fuhrmann: 4
V.Špička: 4
L.Hui: 4
S.Balberg: 4
G.Gasperis: 4
J.Marti: 4
F.Quilligan: 4
S.Demers: 4
C.Grady: 4
D.Lynch: 4
M.Sitko: 4
R.Russell: 4
J.Brand: 4
R.Cesaroni: 4
K.Torii: 4
K.Tsuru: 4
K.Yoshida: 4
I.Yamamura: 4
K.Chan: 4
T.Onaka: 4
T.Roellig: 4
T.Tanabe: 4
J.Lissauer: 4
M.Chiaberge: 4
Y.Takeda: 4
P.Hoeflich: 4
E.Seidel: 4
J.Masso: 4
A.Rajantie: 4
J.Peisa: 4
K.Kajantie: 4
M.Karjalainen: 4
M.Laine: 4
S.Dimopoulos: 4
A.Dumont: 4
P.Martini: 4
E.Sion: 4
C.Sastry: 4
K.Golap: 4
N.Shankar: 4
R.Dodson: 4
S.Sachdev: 4
O.Reimer: 4
F.Jones: 4
S.Konar: 4
C.Pichon: 4
A.Klimchuk: 4
D.Spicer: 4
P.MacNeice: 4
V.Mustsevoy: 4
A.Heithausen: 4
D.Bomans: 4
C.Blake: 4
F.Economou: 4
R.Engel: 4
F.Masci: 4
D.Padgett: 4
M.Brundage: 4
S.Terebey: 4
T.Hancock: 4
A.O'Donoghue: 4
T.Balonek: 4
R.Wilman: 4
C.Beichman: 4
F.Malbet: 4
J.Berger: 4
J.Zoennchen: 4
L.Gregorini: 4
M.Vigotti: 4
G.Schaefer: 4
A.Etangs: 4
A.Pecontal: 4
E.Pecontal: 4
E.Trussoni: 4
F.Scaltriti: 4
E.Castro: 4
J.Sanz-Forcada: 4
M.Cornide,: 4
M.Fernandez-Figueroa: 4
G.McLaughlin: 4
A.Saiz: 4
R.Dominguez-Tenreiro: 4
J.Loveday: 4
M.Marcelin: 4
M.Bellazzini: 4
G.Sobczak: 4
R.Schulte-Ladbeck: 4
G.Bryden: 4
S.Ida: 4
R.Lingenfelter: 4
E.Zinner: 4
S.Amari: 4
J.Boulesteix.: 4
M.D'Onofrio: 4
P.Merluzzi: 4
E.Tittley: 4
R.Thacker: 4
J.Bruijne: 4
R.Hoogerwerf: 4
J.Deaton: 4
F.Thielemann.: 4
R.Hoffman: 4
T.Weaver: 4
P.Myers: 4
L.Huang: 4
X.Cao: 4
E.Chereul: 4
M.Crézé: 4
O.Bienaymé: 4
A.Fernández-Soto: 4
M.McCall: 4
M.Richer: 4
B.McLean: 4
J.MacKenty: 4
M.Shara: 4
T.Ramseyer: 4
A.Gatti: 4
A.Lynas-Gray: 4
K.Rines: 4
R.Burg: 4
E.Ostriker: 4
P.Bhattacharjee: 4
H.Elze: 4
J.Rafelski: 4
M.Makler: 4
Y.Hama: 4
A.Lavagno: 4
G.Gervino: 4
G.Kaniadakis: 4
M.Pettinini: 4
Demarque: 4
R.Spurzem: 4
A.Graps: 4
A.Heck: 4
S.Lammers: 4
M.Ceballos: 4
R.Carballo: 4
B.Samanta: 4
J.Dey: 4
M.Dey: 4
S.Ray: 4
G.Trinchieri: 4
D.Wilner: 4
S.Kollatschny: 4
A.Raig: 4
S.Gottloeber: 4
S.Rubin: 4
N.Nagar: 4
A.Beardmore: 4
A.Norton: 4
E.Archibald: 4
A.Caccianiga: 4
G.Langer: 4
Carlos: 4
H.Oliveira: 4
M.Dutra: 4
C.Foltz: 4
D.McIntosh: 4
V.Junkkarinen: 4
J.Uzan: 4
A.Pasquali: 4
C.Mosier: 4
U.Lindner: 4
G.Marani: 4
K.Apps: 4
C.Chiappini: 4
G.Amelino-Camelia: 4
O.Giannakis: 4
T.Akylas: 4
X.M.Plionis: 4
E.Rizza: 4
M.Bliton: 4
D.Pérez-Ramírez: 4
A.Sillanpaeae: 4
T.Mostefaoui: 4
R.Lehoucq: 4
A.Marecki: 4
J.Niezgoda: 4
S.Leon: 4
M.Shetrone: 4
T.Kipper: 4
B.Rauscher: 4
M.Hereld: 4
B.Deufel: 4
D.Simic: 4
H.Barwig: 4
S.Wolf: 4
E.Olsson: 4
T.Karlsson: 4
K.Anantharamaiah: 4
N.Kassim: 4
C.Schwartz: 4
P.Lundqvist: 4
D.Goudfrooij: 4
H.Castaneda: 4
M.Rozas: 4
C.Calcaneo-Roldan: 4
F.Menanteau: 4
J.Brinchmann: 4
D.Baiko: 4
K.Wilhelm: 4
T.Leifsen: 4
R.Tokyo: 4
U.Hwang: 4
A.Moneti: 4
D.Figer: 4
F.Najarro: 4
J.Blommaert: 4
S.Stolovy: 4
J.Gomez-Gomar: 4
J.LaSala: 4
A.Groebl: 4
P.Heraudeau: 4
B.Stelzer: 4
D.Durand: 4
E.Steinbring: 4
C.Mundell: 4
D.Shone: 4
D.Richardson: 4
P.Michel: 4
S.Love: 4
W.Bottke: 4
L.Tresse: 4
M.Dennefeld: 4
M.Castellani: 4
P.Santolamazza: 4
A.Richichi: 4
J.Masegosa: 4
A.Koldoba: 4
G.Ustyugova: 4
M.Goad: 4
K.Aoki: 4
S.Popov: 4
H.Baumgardt: 4
J.Rockmann: 4
V.Thorsson: 4
N.Gor'kavyi: 4
T.Taidakova: 4
L.Strous: 3
P.Goode: 3
R.Stebbins: 3
R.Vermeulen: 3
A.Stockton: 3
Y.Jing: 3
N.Rao: 3
M.Filippi: 3
P.Huggins: 3
R.Bachiller: 3
S.Marri: 3
J.Sommer-Larsen: 3
S.Gelato: 3
R.Soria: 3
A.Dobrzycki: 3
D.Dobrzycka: 3
H.Hagen: 3
M.Voli: 3
G.Pentericci: 3
M.Subbarao: 3
L.Decin: 3
N.Murray: 3
R.Canal: 3
P.Boisse: 3
K.Shah: 3
G.Jeske: 3
E.Gunzig: 3
D.Goncalves: 3
P.Arendt: 3
P.Slane: 3
N.Sherman: 3
A.Gautschy: 3
S.Hatton: 3
G.Skupniewicz: 3
K.Otmianowska-Mazur: 3
S.Linden: 3
G.Parente: 3
J.Cronin: 3
K.Capelle: 3
A.Read: 3
M.Altmann: 3
A.Zhuk: 3
U.Guenther: 3
J.Iliopoulos: 3
I.Cho: 3
H.Cuesta: 3
O.Aguiar: 3
C.Misner: 3
J.Centrella: 3
K.Watt: 3
M.Hasenbusch: 3
R.Horgan: 3
R.Renken: 3
S.Catterall: 3
M.Shaposhnikov: 3
A.Yates: 3
L.Perivolaropoulos: 3
M.Gavela: 3
N.Rius: 3
O.Pene: 3
S.Vargas-Castrillon: 3
A.Hombach: 3
P.Sahu: 3
U.Mosel: 3
W.Cassing: 3
V.Karas: 3
S.Pellegrini: 3
A.Muslimov: 3
T.Naylor: 3
K.Hayashida: 3
T.Toneri: 3
A.Pollo: 3
E.Lokas: 3
M.Chodorowski: 3
S.Seitz: 3
B.Snider: 3
C.V.Cox: 3
D.Torres: 3
O.Lopez-Cruz: 3
D.Arnett;: 3
I.Grivell: 3
A.Popolo: 3
M.Gambera: 3
J.Hawley: 3
S.Viegas: 3
K.Yoshikawa: 3
D.Voskresensky: 3
E.Kolomeitsev: 3
I.Zehavi: 3
A.Possenti: 3
X.Hernandez: 3
E.Hatziminaoglou: 3
G.Mathez: 3
M.Mochkovitch: 3
S.Vauclair: 3
R.Popham: 3
D.Puy: 3
M.Koenig: 3
C.Prieto: 3
G.Comte: 3
K.Gutierrez: 3
T.Rogers: 3
H.Vucetich: 3
R.Gregory: 3
M.Taha: 3
M.Özer: 3
S.Hawking: 3
J.Hashiba: 3
J.March-Russell: 3
J.Beacom: 3
W.Kinney: 3
A.Pushkin: 3
V.Efros: 3
F.Nowacki: 3
J.Okolowicz: 3
K.Bennaceur: 3
M.Ploszajczak: 3
G.Burgio: 3
H.Song: 3
M.Baldo: 3
D.Grasso: 3
D.Monakhov: 3
D.Naumov: 3
F.Penkov: 3
M.Sempere: 3
J.Alcolea: 3
P.Miocchi: 3
R.Capuzzo-Dolcetta: 3
E.Mikheeva: 3
A.Retter: 3
M.Rabbette: 3
N.Smith: 3
S.Steel: 3
A.Heckler: 3
A.Sievers: 3
W.Collmar: 3
R.Klessen: 3
D.Burris: 3
K.Khodjasteh: 3
N.Afshordi: 3
D.Buote: 3
E.Gates: 3
T.Suginohara: 3
L.Homer: 3
E.Cohen: 3
P.Saha: 3
H.Vaeth: 3
J.Tohline: 3
R.Sheth: 3
J.Hester: 3
R.Sankrit: 3
S.Rauzy: 3
D.Kunze: 3
M.Thornley: 3
I.Crawford: 3
J.Hartmann: 3
J.Lidsey: 3
D.Kaiser: 3
P.Fiziev: 3
S.Yazadjiev: 3
M.Maris: 3
S.Petcov: 3
J.Segura: 3
S.Pastor: 3
J.McDonald: 3
M.Rosenbluth: 3
V.Shevchenko: 3
G.Zotti: 3
A.Storrs: 3
M.Bobrowsky: 3
M.Parthasarathy: 3
P.Garcia-Lario: 3
L.Williams: 3
M.Joly: 3
E.Emsellem: 3
M.Konacki: 3
P.Peebles: 3
M.Pons-Borderia: 3
R.Moyeed: 3
V.Martinez: 3
R.Perna: 3
O.Messer: 3
G.Mathews: 3
K.Bekki: 3
G.Ciolek: 3
I.Contopoulos: 3
Y.Sobouti: 3
P.Salati: 3
R.Moderski: 3
D.Min: 3
M.Rho: 3
T.Park: 3
P.Dey: 3
K.Freese: 3
M.Nagashima: 3
F.Schunck: 3
D.Brown: 3
M.Lopez-Corredoira: 3
P.Hammersley: 3
T.Mahoney: 3
D.Graff: 3
B.Zhang: 3
C.Bhat: 3
H.Prosper: 3
M.Paterno: 3
V.Tatischeff: 3
O.Terekhov: 3
R.Burenin: 3
P.Montegriffo: 3
Y.Wu: 3
J.Fabregat: 3
P.Reig: 3
L.Li: 3
J.Knude: 3
T.Gebbie: 3
M.West: 3
D.Pavon: 3
T.Nozawa: 3
A.Megevand: 3
A.Tiesi: 3
R.Fiore: 3
N.Shevchenko: 3
S.Rakityansky: 3
S.Sofianos: 3
L.Keller: 3
M.Richter: 3
N.Levenson: 3
B.Chen: 3
B.Valette: 3
J.Vergely: 3
M.Stark: 3
T.Strohmayer,: 3
G.Noci: 3
J.Kohl: 3
S.Habbal: 3
X.Li: 3
J.Danziger: 3
M.Contini: 3
C.Becker: 3
S.Rappaport: 3
I.Kamp: 3
D.Vasilchenko: 3
V.Tsymbal: 3
J.Donati: 3
F.Catalano: 3
F.Leone: 3
J.Pichlmeier: 3
J.Garcia-Barreto: 3
D.Sciama: 3
B.Link: 3
R.Kron: 3
M.Joyce: 3
P.Niarchos: 3
V.Manimanis: 3
C.Plana: 3
A.Gupta: 3
A.Mishra: 3
A.Prasanna: 3
H.Mishra: 3
K.Miyauchi: 3
M.Hosonuma: 3
Y.Miura: 3
V.Kovtyukh: 3
V.Klochkova: 3
V.Panchuk: 3
T.Wilding: 3
G.Hill: 3
F.Zerbi: 3
B.Messer: 3
R.Crutcher: 3
R.Plambeck: 3
R.Rao: 3
D.Campbell-Wilson: 3
D.Hannikainen: 3
S.Kohle: 3
C.Norman: 3
M.Shibata: 3
M.Brunetti: 3
V.Fafone: 3
M.Parry: 3
A.Gevaert: 3
D.Monderen: 3
J.Frere: 3
R.Escribano: 3
R.Foot: 3
B.Campbell: 3
E.Holtmann: 3
G.Staudt: 3
H.Beer: 3
P.Mohr: 3
A.Ribeiro: 3
H.V.Capelato: 3
T.Tsuchiya: 3
R.Dickow: 3
J.Bailyn: 3
G.Andreuzzi: 3
J.Canto: 3
N.Calvet: 3
P.D'Alessio: 3
S.Lizano: 3
I.Idan: 3
O.Moeller: 3
M.Cassé: 3
A.Dolgov: 3
I.Novikov: 3
M.Haehnelt: 3
N.Ketsaris: 3
C.Heller: 3
I.Berentzen: 3
I.Shlosman: 3
J.Secker: 3
P.Durrell: 3
D.Zilli: 3
M.Catalan: 3
J.Rosvick: 3
J.Malzac: 3
P.Petrucci: 3
G.Segre: 3
L.Tao: 3
D.Clayton: 3
L.Jin: 3
L.Ramsey: 3
C.Aspin: 3
T.Hawarden: 3
A.Volynkin: 3
T.Kalinina: 3
V.Zharov: 3
H.Morrison: 3
A.Olinto: 3
A.Ferrari: 3
G.Battistoni: 3
M.Carboni: 3
V.Patera: 3
D.Backman: 3
P.Arras: 3
A.Deshpande: 3
P.Hickson: 3
H.Antia: 3
J.Bleeker: 3
J.Vink: 3
A.Ferro: 3
F.Musazzi: 3
A.Noriega-Crespo: 3
J.Truelove: 3
R.Fisher: 3
D.Wei: 3
H.Yamaoka: 3
P.Schmelcher: 3
W.Becken: 3
A.Wysocka: 3
F.Brighenti: 3
W.Mathews: 3
G.Berthomieu: 3
L.Blanc-Féraud: 3
P.Alton: 3
S.Bianchi: 3
G.Mazzitelli: 3
N.Vittorio: 3
P.Mazzotta: 3
J.Wolovitz: 3
S.Morsink: 3
R.Easther: 3
R.Brustein: 3
B.Jennings: 3
S.Karataglidis: 3
S.Chakravarti: 3
J.P.Ostriker: 3
L.Carigi: 3
K.Marsh: 3
R.McClure: 3
D.Syer: 3
G.Vladilo: 3
M.Burnet: 3
N.Makino: 3
B.Burke: 3
J.Hewitt: 3
J.Lehár: 3
J.Rigby: 3
F.Pont: 3
P.Moskalik: 3
V.Petrosian: 3
B.Klein: 3
M.Morris: 3
C.DeVore: 3
F.Marleau: 3
N.Sanchez: 3
H.Yukawa: 3
D.Winter: 3
M.Keane: 3
V.Springel: 3
F.Kerschbaum: 3
J.Hron: 3
S.Boughn: 3
M.Calura: 3
C.Nicasio: 3
R.Gleiser: 3
P.Krastev: 3
C.Quigg: 3
R.Gandhi: 3
A.Zhitnitsky: 3
I.Halperin: 3
P.Greene: 3
G.Dvali: 3
A.Conti: 3
C.Ma: 3
D.Koranyi: 3
J.Mohr: 3
J.Petrovic: 3
H.Plana: 3
J.Navarro: 3
W.Wit: 3
J.Pizagno: 3
K.Uryu: 3
B.Williams: 3
D.Hunter: 3
A.Moretti: 3
E.Molinari: 3
T.Chiueh: 3
Y.Xue: 3
W.Kluzniak: 3
A.Cerqueira: 3
E.Pino: 3
K.Hinkle: 3
S.Edwards: 3
S.Strom: 3
A.Lacey: 3
J.Mustsevaya: 3
C.Bezborodov: 3
G.Laughlin: 3
M.Mbonye: 3
M.Perry: 3
J.Weller: 3
E.Ostrander: 3
P.Pinto: 3
E.Malumuth: 3
G.Foster: 3
S.Gottesman: 3
T.Herter: 3
A.Layden: 3
L.Ritter: 3
T.Webb: 3
K.Chae: 3
G.Alberghi: 3
G.Vacca: 3
G.Venturi: 3
R.Casadio: 3
A.Ortolan: 3
H.Wong: 3
R.Leamon: 3
W.Matthaeus: 3
G.Brunetti: 3
G.Setti: 3
M.Bessell: 3
S.Keller: 3
D.Vergani: 3
D.Sch"onberner: 3
T.Bl"ocker: 3
C.Rockosi: 3
M.Carr: 3
J.Tomsick: 3
D.Kennedy: 3
A.Rosenberg: 3
E.Held: 3
G.Murante: 3
R.Thieberger: 3
L.Ferrario: 3
M.Lemke: 3
A.Mickaelian: 3
J.Bjorkman: 3
T.Collins: 3
M.Bonamente: 3
W.Axford: 3
W.Ip: 3
J.Lauroesch: 3
J.Watson: 3
M.Leising: 3
K.Müller: 3
R.Watkins: 3
M.Weichhold: 3
J.Williams: 3
R.Plume: 3
J.Shields: 3
M.Grossi: 3
D.Thomas: 3
P.Gladwin: 3
S.Kitsionas: 3
I.Domínguez: 3
O.Wheeler: 3
P.Höflich: 3
A.Damineli: 3
R.Blum: 3
R.Sienkiewicz: 3
S.Markoff: 3
B.Greeley: 3
W.Blair: 3
C.Sopuerta: 3
W.Lesame: 3
L.Covi: 3
T.Kephart: 3
E.Dudas: 3
K.Dienes: 3
A.Hamilton: 3
K.McLin: 3
B.Rudak: 3
H.Ann: 3
K.Kwon: 3
G.Blake: 3
J.Salverda: 3
J.Pando: 3
A.Habe: 3
D.Grupe: 3
A.Vogler: 3
A.Finoguenov: 3
J.Learned: 3
J.Mazzarella: 3
A.Soerensen: 3
D.Gehren: 3
J.Beers: 3
R.Morley: 3
N.Benitez.: 3
P.Mukherjee: 3
A.Yoshino: 3
I.King: 3
P.Crane: 3
K.Walker: 3
F.Thevenin: 3
J.Pacheco: 3
S.Stoica: 3
G.Gladstone: 3
J.Parker: 3
D.Porquet: 3
S.Collin: 3
P.Chavanis: 3
J.Spitzak: 3
S.Schneider: 3
O.Barziv: 3
L.Leeuw: 3
C.Heisler: 3
T.Hill: 3
T.Ye: 3
F.Hamann: 3
K.Ishibashi: 3
T.Gull: 3
H.Thomas: 3
K.Reinsch: 3
V.Burwitz: 3
S.Kolind: 3
H.Martinez: 3
M.Merchan: 3
G.Latimer: 3
F.Guzman: 3
T.Matos: 3
N.Kanekar: 3
H.Noh: 3
J.Hwang: 3
A.Bridle: 3
J.Dennett-Thorpe: 3
P.Scheuer: 3
R.Laing: 3
C.Boily: 3
C.Einsel: 3
M.Hemsendorf: 3
B.Reipurth: 3
Y.Billawala: 3
A.Helmi: 3
V.Connaughton: 3
R.Romani: 3
R.Silvotti: 3
S.Dreizler: 3
X.Jiang: 3
A.Merloni: 3
D.Bini: 3
N.Ota: 3
T.Shiromizu: 3
S.Jogee: 3
E.Gogus: 3
M.Alev: 3
U.Kiziloglu: 3
D.Mehlert: 3
A.Allan: 3
R.Chary: 3
C.Ishwara-Chandra: 3
D.Saikia: 3
V.Kapahi: 3
R.Garrido: 3
J.Retzlaff: 3
V.Turchaninov: 3
J.Combi: 3
S.Bergliaffa: 3
A.Różańska: 3
G.Pojmański: 3
P.Życki: 3
A.Kronawitter: 3
R.Sancisi: 3
R.Schoenmakers: 3
R.Swaters: 3
T.Albada: 3
T.Ekholm: 3
M.Hawkins: 3
A.Cameron: 3
S.Saar: 3
Y.Unruh: 3
I.Waga: 3
G.Schafer: 3
T.Eubanks: 3
M.Tobias: 3
W.Suen: 3
H.Nordquist: 3
P.Laguna: 3
R.Klinger: 3
E.Ros: 3
J.Guirado: 3
M.Perez-Torres: 3
A.Tarasov: 3
V.Lyuty: 3
S.Drapatz: 3
A.Ratcliffe: 3
F.Hoyle: 3
J.Maiz-Apellaniz: 3
J.Schaye: 3
M.Filipovic: 3
P.Kahabka: 3
J.Eisloffel: 3
S.Barnes: 3
S.Sofia: 3
A.Pedlar: 3
A.Slassi-Sennou: 3
C.Winslow: 3
W.Waller: 3
S.Lasenby: 3
K.Abazajian: 3
M.Romaniello: 3
A.Santillan: 3
G.Kosugi: 3
Y.Chin: 3
W.Yu: 3
V.Lipunov: 3
M.Kusunose: 3
H.Henrichs: 3
J.Nichols: 3
L.Kaper: 3
P.Friberg: 3
J.Law-Green: 3
B.Semelin: 3
C.Ratnam: 3
J.Garcia-Bellido: 3
K.Luhman: 2
S.Ahn: 2
R.Kneissl: 2
G.Woan: 2
J.Shrauner: 2
J.Taylor: 2
E.Schinnerer: 2
G.Boerner: 2
D.Melrose: 2
H.Vedel: 2
P.Schechter: 2
E.Blok: 2
M.Moretti: 2
A.D'Ercole: 2
F.Bradamante: 2
T.Wang: 2
Y.Lu: 2
Y.Zhou: 2
C.Conselice: 2
J.III: 2
K.Virbhadra: 2
S.Chitre: 2
H.Heiselberg: 2
V.Jatenco-Pereira: 2
G.Kochanski: 2
I.Dell'Antonio: 2
J.Tyson: 2
V.Kontorovich: 2
C.Greiner: 2
K.Schertler: 2
M.Thoma: 2
L.Vainshtein: 2
D.McLaughlin: 2
H.Ozeki: 2
M.Araki: 2
S.Saito: 2
G.Bertin: 2
M.Lombardi: 2
G.Dalton: 2
M.Watanabe: 2
T.Ichikawa: 2
J.Eilek: 2
K.Simpson: 2
R.Meyhandan: 2
L.Ciotti: 2
A.Mastichiadis: 2
F.Rieger: 2
J.Dubau: 2
N.D'Cruz: 2
J.Manfroid: 2
J.Vreux: 2
P.Royer: 2
P.Naselsky: 2
J.Goodman: 2
B.Woodgate: 2
P.Albrecht: 2
A.Gurevich: 2
K.Zybin: 2
V.Sirota: 2
A.Torcini: 2
M.Antoni: 2
S.Kriskiv: 2
H.Fagundes: 2
W.Krivan: 2
P.Dunsby: 2
J.Barros: 2
M.Sagioro-Leal: 2
N.Pinto-Neto: 2
M.Axenides: 2
B.Rai: 2
C.Bachas: 2
E.Chun: 2
K.Choi: 2
R.Arnowitt: 2
P.Nath: 2
W.Bednarek: 2
G.Costa: 2
F.Felice: 2
O.Semerak: 2
F.Buonomo: 2
K.Forster: 2
F.D'Acri: 2
N.Seto: 2
J.Triginer: 2
A.Kritsuk: 2
G.Voit: 2
U.Geppert: 2
P.Bagot: 2
K.Subramanian: 2
M.Walker: 2
P.He: 2
B.Giuseppe: 2
C.Filippina: 2
M.Marcella: 2
J.Larkin: 2
K.Schenker: 2
W.Wall: 2
G.Vasisht: 2
M.Shao: 2
K.Southwell: 2
R.Koopmann: 2
M.Fardal: 2
M.Itoh: 2
B.Kaempfer: 2
A.Misch: 2
L.Hillenbrand: 2
A.Dar: 2
R.Schlickeiser: 2
E.Considere: 2
J.Oukbir: 2
S.Ghizzardi: 2
M.Kutschera: 2
S.Kubis: 2
S.Stachniewicz: 2
M.Calvani: 2
M.Weil: 2
J.Felten: 2
N.Hata: 2
P.Peter: 2
H.Zinnecker: 2
I.Hayashi: 2
Y.Cheng: 2
B.Cobo: 2
R.Saffer: 2
G.Esposito-Farese: 2
C.Kolda: 2
J.Rodriguez-Quintero: 2
O.Pène: 2
T.Passot: 2
G.Neto: 2
J.Bagchi: 2
V.Pislar: 2
J.Machalski: 2
M.Bartelmann: 2
C.Frost: 2
J.Lattanzio: 2
K.Kuijken: 2
M.Oey: 2
T.Kibble: 2
A.Atoyan: 2
P.Lipari: 2
T.Gaisser: 2
A.Zabludoff: 2
D.Vollick: 2
A.Krabbe: 2
T.Boeker: 2
T.Henry: 2
A.Huss: 2
J.José: 2
J.MacDonald: 2
R.Ganguly: 2
R.Tam: 2
V.Gorjian: 2
R.Ponzone: 2
R.Mahadevan: 2
R.Weygaert: 2
S.Levine: 2
J.Ralston: 2
P.Jain: 2
O.Kurth: 2
I.Bemmel: 2
S.Kobayashi: 2
M.Ribeiro: 2
H.Rocha-Pinto: 2
W.Maciel: 2
J.Biretta: 2
M.Suginohara: 2
D.O'Donoghue: 2
M.Seigar: 2
K.Górski: 2
N.Soker: 2
H.Kang: 2
V.Kalogera: 2
F.Raluy: 2
P.Planesas: 2
D.Cohen: 2
R.Neuhauser: 2
V.Gurzadyan: 2
J.Hulst: 2
N.Arkhipova: 2
G.Birk: 2
R.Schopper: 2
G.Canalizo: 2
L.Close: 2
A.Krawczyk: 2
J.Kijak: 2
B.Rodgers: 2
R.Akeson: 2
A.Rapisarda: 2
S.Ruffo: 2
V.Latora: 2
D.Andelman: 2
H.Orland: 2
I.Borukhov: 2
A.Al-Nowaiser: 2
T.Boyadjiev: 2
E.Akhmedov: 2
D.Montanino: 2
G.Fogli: 2
K.Benakli: 2
B.Bajc: 2
G.Senjanovic: 2
D.Comelli: 2
Z.Berezhiani: 2
R.Hofinger: 2
G.Schultz: 2
J.Mack: 2
N.Hearn: 2
S.Lamb: 2
N.Gnedin: 2
S.Lubow: 2
J.Rönnback: 2
D.Koo: 2
J.Lowenthal: 2
A.Maciejewski: 2
F.Usui: 2
S.Nishida: 2
E.Lentz: 2
G.Mellema: 2
V.Rezania: 2
T.Kitayama: 2
M.Sikora: 2
J.Rho: 2
N.Sugiura: 2
M.McCaughrean: 2
E.Vishniac: 2
C.Rudge: 2
D.Raine: 2
F.Stecker: 2
W.Junor: 2
D.Reitzel: 2
E.Falgarone: 2
G.Joncas: 2
M.Miville-Deschenes: 2
A.Strohmayer: 2
J.Lopez-Suarez: 2
J.Gorgas: 2
N.Cardiel: 2
S.Couch: 2
B.Joguet: 2
L.Binette: 2
E.Borra: 2
M.Beauchemin: 2
R.Cabanac: 2
D.Holz: 2
A.Lewin: 2
D.Navascues: 2
S.Randich: 2
A.Fabian,: 2
J.Whiteoak: 2
K.Brooks: 2
J.Gott: 2
P.Cote: 2
R.Marzke,: 2
M.Merchán: 2
N.Padilla: 2
G.Thorleifsson: 2
K.Anagnostopoulos: 2
P.Bialas: 2
K.Malik: 2
G.Ross: 2
J.Espinosa: 2
A.Ayala: 2
J.D'Olivo: 2
M.Torres: 2
R.Mohapatra: 2
A.Kuznetsov: 2
M.Chistyakov: 2
N.Mikheev: 2
A.Akmal: 2
D.Ravenhall: 2
D.Matravers: 2
N.Humphreys: 2
D.Furton: 2
L.Tomasella: 2
U.Munari: 2
E.Berkhuijsen: 2
R.Beck: 2
M.Prieto: 2
P.Becker: 2
P.Subramanian: 2
T.Fang: 2
C.Bentolila: 2
C.Veer-Menneret: 2
D.Vasil'chenko: 2
M.Hempel: 2
D.Erspamer: 2
M.Kuenzli: 2
A.Kong: 2
J.Owen: 2
J.Villumsen: 2
A.Fridman: 2
J.Adams: 2
R.Petre: 2
L.Franco: 2
R.Epstein: 2
S.Ronen: 2
J.Nevalainen: 2
K.Kifonidis: 2
T.Mazeh: 2
K.Dwarakanath: 2
S.Hunsberger: 2
M.Dimitrijevic: 2
F.Castelli: 2
K.Srinivasan: 2
C.Rodrigues: 2
D.Cieslinski: 2
J.Steiner: 2
I.Stateva: 2
O.Pols: 2
B.Schutz: 2
J.Matthews: 2
W.Berghoefer: 2
F.Halzen: 2
T.Lueftinger: 2
J.Kotilainen: 2
C.Eck: 2
J.Read: 2
E.Kerins: 2
A.El-Zant: 2
K.Takahashi: 2
N.Cretton: 2
M.Bossi: 2
N.Nunez: 2
G.Hinshaw: 2
S.Oh: 2
D.Kalligas: 2
D.Santiago: 2
R.Wagoner: 2
H.Iguchi: 2
K.Nakao: 2
T.Harada: 2
H.Elst: 2
A.Sornborger: 2
E.W.Kolb: 2
G.R.Farrar: 2
I.F.M.Albuquerque: 2
C.Pajares: 2
D.Sousa: 2
R.Vázquez: 2
V.Korchagin: 2
A.Rieschick: 2
E.Pierpaoli: 2
E.Keto: 2
L.Young: 2
J.Ballesteros-Paredes: 2
F.Grundahl: 2
D.Ruffolo: 2
T.Khumlumlert: 2
W.Youngdee: 2
V.Reshetnikov: 2
C.Moellenhoff: 2
J.Heidt,: 2
P.Frampton: 2
R.Rohm: 2
M.Orio: 2
S.Hemar: 2
A.Razoumov: 2
A.Boccaletti: 2
A.Labeyrie: 2
R.Ragazzoni: 2
N.Borisov: 2
L.Malyshkin: 2
M.Georganopoulos: 2
T.Buchert: 2
R.Coker: 2
O.Umurhan: 2
S.Sauty: 2
H.Yorke: 2
O.Kessel: 2
S.Richling: 2
J.Meaburn: 2
J.O'Connor: 2
M.Bryce: 2
I.Hobbs: 2
D.Lennon: 2
J.Reetz: 2
E.Vesperini: 2
G.Pucacco: 2
G.Israelian: 2
H.AbdelSalam: 2
O.Gnedin: 2
M.Mauro: 2
J.Stil: 2
J.Holberg: 2
F.Barientos: 2
P.Fischer: 2
M.Abadi: 2
H.Harzenmoser: 2
M.Bell: 2
R.Eastman: 2
C.Kozameh: 2
G.Depaola: 2
M.Tiglio: 2
S.Tripathy: 2
J.Ruiz: 2
H.Sugai: 2
D.Mitsouras: 2
G.Tanco: 2
S.Ettori: 2
N.Tamura: 2
J.Houck: 2
S.Rinehart: 2
T.Hayward: 2
A.Polatidis: 2
I.Owsianik: 2
U.Sofia: 2
S.Blattnig: 2
B.Mashhoon: 2
C.Chicone: 2
D.Retzloff: 2
J.Maia: 2
M.Hadad: 2
L.Hall: 2
M.Mustafa: 2
J.Maalampi: 2
P.Keränen: 2
A.Ferstl: 2
A.Baltz: 2
A.Goldhaber: 2
M.Goldhaber: 2
A.Lukas: 2
B.Ovrut: 2
D.Waldram: 2
A.Ghosh: 2
G.Pollifrone: 2
A.Meszaros: 2
I.Horvath: 2
L.Balazs: 2
M.Gajos: 2
M.Jurek: 2
H.Schmidt: 2
K.Jahn: 2
R.Schlichenmaier: 2
K.Anderson: 2
S.Baggett: 2
W.Baggett: 2
D.Nadyozhin: 2
I.Panov: 2
S.Blinnikov: 2
J.Zahn: 2
E.Sihvola: 2
H.Kurki-Suonio: 2
M.Strässle: 2
U.Wandeler: 2
T.Dame: 2
C.Koen: 2
M.Krumholz: 2
M.Bruggen: 2
M.Cunha: 2
A.Turtle: 2
P.McDonald: 2
A.Beloborodov: 2
B.Stern: 2
J.Theureau: 2
J.Zhang: 2
M.Kundu: 2
A.Stebbins: 2
H.Matthews: 2
W.Veen: 2
J.Klimchuk: 2
S.Leggett: 2
M.Saito: 2
T.Usui: 2
F.Hulleman: 2
P.Paschos: 2
D.Kornreich: 2
A.Casti: 2
P.Morrison: 2
L.Wadley: 2
A.Balakin: 2
N.Arkani-Hamed: 2
S.Chang: 2
H.Schlattl: 2
M.Libanov: 2
A.Mondragon: 2
J.Dumoit: 2
A.Niemi: 2
K.Palo: 2
S.Virtanen: 2
D.Puche: 2
T.Wong: 2
S.Ravindranath: 2
Y.Mayya: 2
T.Small: 2
C.Stockdale: 2
W.Romanishin: 2
K.Nisco: 2
B.Seery: 2
R.Scalzo: 2
R.Stefano: 2
J.Liske: 2
R.Ross: 2
K.Mighell: 2
R.French: 2
J.Jokipii: 2
L.Ball: 2
O.Skjaeraasen: 2
E.Paschos: 2
J.Chieze: 2
P.Eskridge: 2
P.Kumar: 2
L.Siess: 2
A.Stutz: 2
M.Opher: 2
D.Dultzin-Hacyan: 2
G.Wallerstein: 2
J.Brown: 2
P.Natarajan: 2
G.Richter: 2
A.Panferov: 2
S.Fabrika: 2
T.Tomov: 2
B.Vila-Vilaro: 2
K.Kohno: 2
R.Kawabe: 2
T.Nio: 2
C.Indrani: 2
A.Khoperskov: 2
S.Khrapov: 2
F.Baas: 2
R.Mathieu: 2
M.Sun: 2
Z.Wang: 2
V.Khersonsky: 2
J.Schombert: 2
A.Borde: 2
M.Gaul: 2
N.Eschrich: 2
R.Dick: 2
G.Giudice: 2
P.Kernan: 2
S.Glashow: 2
P.Argyres: 2
A.Love: 2
D.Bailin: 2
G.Kraniotis: 2
K.Miyawaki: 2
H.Suzuki: 2
E.Gauthier: 2
P.Lockett: 2
J.Gizis: 2
G.Holder: 2
A.Engel: 2
S.Geer: 2
C.Kaiser: 2
R.Walter: 2
R.Laureijs: 2
U.Klaas: 2
I.Agafonova: 2
W.Keel: 2
R.Sadat: 2
C.Bruck: 2
A.Peele: 2
R.Corbet: 2
A.Gabrielli: 2
K.Dendy: 2
L.Magnani: 2
T.LaRosa: 2
M.Robertis: 2
E.Reya: 2
M.Gl"uck: 2
S.Kretzer: 2
B.Liu: 2
E.Meyer-Hofmeister: 2
F.Meyer: 2
A.Turbiner: 2
J.V.: 2
U.H: 2
E.Grebel: 2
C.James: 2
G.Branduardi-Raymont: 2
S.Potter: 2
R.Brown: 2
W.Percival: 2
J.Steinberger: 2
S.Salim: 2
M.Viton: 2
L.Roszkowski: 2
Y.Wong: 2
M.Bolz: 2
M.Plümacher: 2
W.Buchmüller: 2
S.Wick: 2
I.Kolokolov: 2
P.Vorob'ev: 2
V.Ianovski: 2
J.Dyks: 2
P.Nulsen: 2
R.Clowes: 2
L.Matthews: 2
H.Fukuda: 2
T.Eberl: 2
A.Barber: 2
J.Kube: 2
D.Smits: 2
R.Benjamin: 2
P.Vettolani: 2
J.Li: 2
L.Chen: 2
Y.Feng: 2
D.Romano: 2
M.Wu: 2
D.Beauchamp: 2
A.Nayfonov: 2
D.Gondek-Rosinska: 2
E.Korpela: 2
A.Emelyanov: 2
H.Kaya: 2
J.Javakhishvili: 2
N.Shatashvili: 2
G.Preparata: 2
R.Ruffini: 2
J.Kartje: 2
A.Manrique: 2
P.Englmaier: 2
Z.Loska: 2
H.Nella-Courtois: 2
H.Che: 2
Y.Yang: 2
R.Rand: 2
G.Wiedenmann: 2
K.Williams: 2
R.Bacon,: 2
S.Ortolani: 2
A.Riazuelo: 2
N.Deruelle: 2
H.Chou: 2
L.Kuchinski: 2
J.Rosenberg: 2
I.Lichtenstadt: 2
G.Marion: 2
B.Weiner: 2
J.Dalcanton: 2
S.Trager: 2
I.Stairs: 2
M.Miesch: 2
C.Hoopes: 2
R.Walterbos: 2
G.Catanzaro: 2
I.Ivans: 2
B.Wilking: 2
T.Greene: 2
J.Blanco-Pillado: 2
K.Olum: 2
A.Anile: 2
V.Romano: 2
F.Bonjour: 2
R.Emparan: 2
H.Long: 2
N.Anh: 2
N.Ky: 2
G.Servant: 2
J.Cline: 2
M.Mostoslavsky: 2
M.Chizhov: 2
B.Kyae: 2
J.Park: 2
C.Burgess: 2
F.Quevedo: 2
L.Ibanez: 2
K.Izawa: 2
C.Trugenberger: 2
H.Kleinert: 2
M.Diamantini: 2
J.Gauntlett: 2
P.Townsend: 2
R.Myers: 2
K.Strobel: 2
R.Pichler: 2
R.Jr.: 2
M.Milgrom: 2
R.Brada: 2
K.Misselt: 2
M.Efroimsky: 2
W.Winters: 2
K.Jaeger: 2
J.Luminet: 2
P.Frick: 2
S.Baliunas: 2
W.Soon: 2
N.Cruz: 2
R.Herrera: 2
S.Campo: 2
S.Blais-Ouellette: 2
H.Villegas-Brena: 2
C.Baccigalupi: 2
F.Perrotta: 2
B.Garilli: 2
A.Melchiorri: 2
M.Kunz: 2
R.Tomas: 2
R.Stehle: 2
D.Friedli: 2
N.Dalal: 2
N.Safizadeh: 2
D.Duari: 2
I.Cherchneff: 2
K.Willacy: 2
E.Miller: 2
M.Wittkowski: 2
S.Kawaler: 2
A.Sokasian: 2
Z.Arzoumanian: 2
K.Eriksson: 2
A.Decourchelle: 2
J.Bohigas: 2
J.Sauvageot: 2
B.Sorathia: 2
J.English: 2
V.Zubko: 2
A.Fry: 2
B.Carney: 2
T.Roberts: 2
J.Blom: 2
T.Paglione: 2
D.Carpintero: 2
F.Wachlin: 2
J.Muzzio: 2
M.Goetz: 2
L.Althaus: 2
O.Benvenuto: 2
T.Fukushige: 2
U.Haud: 2
L.Amendola: 2
P.Podsiadlowski: 2
S.Phillips: 2
N.Sakai: 2
P.Nardone: 2
J.Wells: 2
M.Aoki: 2
T.Uesugi: 2
A.Faraggi: 2
G.Cleaver: 2
D.Dean: 2
A.Berlind: 2
K.Haraguchi: 2
L.Gurvits: 2
S.Frey: 2
A.Marino: 2
R.Ritis: 2
V.Cardone: 2
D.Bowen: 2
K.Weis: 2
A.Lue: 2
B.Chaboyer: 2
E.Green: 2
J.Liebert: 2
A.Beliën: 2
M.Aalst: 2
P.Martens: 2
G.Bergond: 2
L.Griffiths: 2
S.Mollerach: 2
A.Dominguez: 2
J.Gaite: 2
J.Perez-Mercader: 2
D.Mitra: 2
L.Smith: 2
A.Bolatto: 2
J.Ingalls: 2
J.Jackson: 2
A.Polnarev: 2
P.Ivanov: 2
G.Iovane: 2
S.Capozziello: 2
P.Lubiski: 2
M.Eid: 2
E.Rijkhorst: 2
D.Tsch"oke: 2
A.Martin: 2
A.Stasto: 2
J.Kwiecinski: 2
D.Johnstone: 2
P.Martin: 2
P.Coppi: 2
R.Larson: 2
V.Bromm: 2
C.Fluke: 2
D.Mortlock: 2
M.Perri: 2
K.Lehtinen: 2
K.Mattila: 2
M.Pindao: 2
A.Ponder: 2
K.Levenfish: 2
M.Signore: 2
L.Gautret: 2
Y.Mellier,: 2
K.Mannheim: 2
H.Roeser: 2
K.Meisenheimer: 2
E.Kolokotronis: 2
J.Fynbo: 2
G.Toth: 2
L.Popa: 2
P.Stefanescu: 2
R.Fabbri: 2
J.Ramirez: 2
J.Weingartner: 2
E.Ma: 2
U.Sarkar: 2
G.Felder: 2
C.Giunti: 2
S.Bilenky: 2
W.Grimus: 2
L.Pasquali: 2
U.V: 2
G.Lamer: 1
R.Jedicke: 1
T.Metcalfe: 1
D.Kosenko: 1
D.Merritt: 1
M.Valluri: 1
H.Casini: 1
R.Montemayor: 1
D.Markovic: 1
P.Berczik: 1
S.Kravchuk: 1
S.Hardy: 1
C.Cardall: 1
S.Tsuneta: 1
P.Aguiar: 1
P.Crawford: 1
M.Cemeljic: 1
M.Hjorth-Jensen: 1
D.Krivitsky: 1
A.Ramirez: 1
R.Souza: 1
B.Pagel: 1
G.Tautvaisiene: 1
M.Low: 1
F.Daigne: 1
R.Mochkovitch: 1
L.Hut: 1
P.Eggleton: 1
P.Vauterin: 1
G.Giampieri: 1
V.Sushkov: 1
E.Dickson: 1
M.Sahrling: 1
D.Pfenniger: 1
P.McCormick: 1
Y.Nambu: 1
J.Guven: 1
S.Costa: 1
W.Zurek: 1
R.Dilao: 1
R.Schiappa: 1
J.Beall: 1
D.Hatzidimitriou: 1
A.Ibrahim: 1
M.Hnorth-Jensen: 1
R.Olling: 1
K.Arnaud: 1
S.Wachter: 1
A.Connors: 1
G.Hueter: 1
Q.Luo: 1
D.Gillet: 1
Y.Fadeyev: 1
B.Roukema: 1
V.Blanloeil: 1
T.Seshadri: 1
S.Pimenov: 1
L.Jaffel: 1
O.Puyoo: 1
E.Woolaston: 1
J.Angel: 1
V.Chitnis: 1
R.Link: 1
R.Gruenwald: 1
R.Sanders: 1
G.Ushomirsky: 1
J.Rehm: 1
K.Jedamzik: 1
P.Kroupa: 1
V.Vittorini: 1
A.Kashlinsky: 1
L.Phillips: 1
P.Custodio: 1
M.Carollo: 1
D.Solomons: 1
F.Antonsen: 1
K.Bormann: 1
O.Dando: 1
D.Scialom: 1
S.Byland: 1
G.Lazarides: 1
S.Dubovsky: 1
B.Skagerstam: 1
A.Heger: 1
M.Taoro: 1
M.Jamrozy: 1
W.Godlowski: 1
R.Danos: 1
D.Strickland: 1
I.Stevens: 1
J.Ouellette: 1
G.Smith: 1
H.Jonch-Sorensen: 1
I.Jorgensen: 1
C.Dullemond: 1
P.Stein: 1
J.Harris: 1
K.Zaritsky: 1
Gopal-Krishna: 1
G.Rybicki: 1
H.Spruit: 1
W.Chiu: 1
P.Savic: 1
A.Miguelote: 1
D.Chappell: 1
G.Petitpas: 1
P.Viana: 1
E.Woods: 1
D.Mink: 1
R.Dgani: 1
R.Koehler: 1
N.Simatos: 1
P.Kronberg: 1
K.Rauch: 1
G.Dar: 1
M.Verma: 1
C.Tsagas: 1
J.Bekenstein: 1
M.Schiffer: 1
J.Cohn: 1
N.Tancredi: 1
M.Kachelriess: 1
B.Jensen: 1
I.Brevik: 1
G.Belle: 1
H.Witt: 1
A.Maciejewski,: 1
A.Shaker: 1
G.P.Merluzzi: 1
R.Schmidt: 1
S.Masi: 1
E.Krasteva: 1
M.ORITO: 1
T.KAJINO: 1
P.Scott: 1
C.Mauche: 1
A.Pradhan: 1
T.Sigut: 1
J.Luu: 1
R.Marel: 1
O.Jager: 1
C.Moss: 1
S.Bennett: 1
A.Wilkinson: 1
S.Talon: 1
J.Fry: 1
J.Miller: 1
H.Quaintrell: 1
V.Hubeny: 1
M.Donahue: 1
S.Pightling: 1
K.Shiraishi: 1
M.Susperregi: 1
G.Bogoslovsky: 1
H.Goenner: 1
M.Birkel: 1
L.Perrone: 1
S.Kasuya: 1
A.Andrianov: 1
R.Soldati: 1
F.Tamburini: 1
J.Macquart: 1
D.Vokrouhlicky: 1
B.Geiger: 1
F.Legrand: 1
B.Smalley: 1
G.Wahlgren: 1
L.Dolk: 1
I.Barzova: 1
A.Romanowsky: 1
A.Thakar: 1
B.Ryden: 1
G.Schäfer: 1
R.Sauerbrey: 1
H.Nordberg: 1
O.Grimsrud: 1
A.Aret: 1
A.Sapar: 1
M.Alpar: 1
U.Ertan: 1
A.Beasley: 1
M.Sirk: 1
D.Tankosic: 1
T.Dorokhova: 1
A.Hatzes: 1
A.Kanaan: 1
L.Popovic: 1
M.Zboril: 1
S.Hannestad: 1
J.Jr: 1
D.Kudryavtsev: 1
I.Romanyuk: 1
J.Overduin: 1
T.Totani: 1
L.Widrow: 1
R.Henriksen: 1
V.Nair: 1
E.Bannikova: 1
L.Verozub: 1
B.Hassler: 1
G.Rudnick: 1
A.Maciolek-Niedzwiecki: 1
P.Magdziarz: 1
S.Seager: 1
D.Heggie: 1
S.Aarseth: 1
E.Agol: 1
M.Harvanek: 1
B.Paul: 1
S.Silich: 1
C.Wetterich: 1
L.Bettencourt: 1
A.Chamblin: 1
J.Engel: 1
R.Surman: 1
S.Hozumi: 1
S.Smedley: 1
M.Deng: 1
G.Nelemans: 1
T.Tauris: 1
K.Cheng: 1
Z.Lu: 1
T.Yano: 1
M.Brown: 1
Y.Tajiri: 1
G.Kruse: 1
C.Gill: 1
C.Scorza: 1
J.Alvarez-Muñiz: 1
H.Khosroshahi: 1
C.Barbera: 1
E.Athanassoula: 1
V.Pariev: 1
E.Kotok: 1
A.Mann: 1
J.Klein: 1
D.Wiebe: 1
W.Watson: 1
J.Esposito: 1
V.Beskin: 1
C.Fritsch: 1
I.Suhhonenko: 1
M.Gramann: 1
C.Gry: 1
O.Dupin: 1
J.Bednarz: 1
M.Ostrowski: 1
P.Romano: 1
B.Piner: 1
K.Kingham: 1
G.Kreyerhoff: 1
S.Barshay: 1
G.Farrar: 1
C.Murali: 1
B.Thomsen: 1
S.Holland: 1
J.Carpenter: 1
E.Richardson: 1
Y.Kan-ya: 1
M.Orsaria: 1
S.Adler: 1
M.Arnaud: 1
R.Crittenden: 1
J.Trümper: 1
W.Becker: 1
B.Carter: 1
D.Langlois: 1
D.Gentry: 1
R.Gentry: 1
D.Persson: 1
H.Athar: 1
M.Mughal: 1
A.Videira: 1
G.Mitchell: 1
A.Cumming: 1
A.Lopez: 1
W.Steffen: 1
C.Björnsson: 1
P.Ghosh: 1
C.Matzner: 1
C.Sharp: 1
A.Rej: 1
E.Ostgaard: 1
R.Ignace: 1
C.Kettner: 1
I.Jiang: 1
J.Binney: 1
G.Case: 1
R.Schild: 1
W.Colley: 1
A.Maloney: 1
B.Pichon: 1
N.Lloyd: 1
A.Lipovka: 1
V.Dubrovich: 1
A.Agnese: 1
R.Festa: 1
S.Telescope: 1
A.Crusius-W"atzel: 1
A.Buchalter: 1
M.Scardia: 1
L.Simard: 1
A.Parravano: 1
S.Kay: 1
E.Moran: 1
L.Kay: 1
R.Roberts: 1
B.Paczyński: 1
Y.Hashimoto: 1
J.Weeks: 1
V.Meadows: 1
A.Dorodnitsyn: 1
B.Barbuy: 1
R.Schiavon: 1
P.Wheatley: 1
T.Kimball: 1
M.Bari: 1
P.Cipriani: 1
E.Calzetta: 1
E.Verdaguer: 1
J.Fonseca-Neto: 1
A.Nayeri: 1
K.Kunze: 1
J.Ipser: 1
L.Lindblom: 1
D.Wiltshire: 1
N.Kontoleon: 1
G.Neergaard: 1
J.Madsen: 1
P.Laurent: 1
R.Scranton: 1
S.Carlip: 1
F.Douchin: 1
P.Haensel: 1
J.Yun: 1
C.Masson: 1
J.Kawamura: 1
V.Lefebvre: 1
B.Wills.: 1
N.Visvanathan: 1
P.Khare: 1
S.Das: 1
C.Ho: 1
H.Chang: 1
J.Burge: 1
R.Angel: 1
M.Salamon: 1
N.Kiziloglu: 1
R.Civelek: 1
D.Huterer: 1
M.Unavane: 1
H.Crawford: 1
M.Roy: 1
L.Eyer: 1
E.Thiebaut: 1
H.Fink: 1
B.Aschenbach: 1
C.Greiveldinger: 1
F.Ryde: 1
S.Rijcke: 1
J.Bloch: 1
J.Theiler: 1
R.Grijs: 1
M.Stein: 1
E.Baltz: 1
K.Nobuta: 1
T.Hanawa: 1
K.Stassun: 1
K.Wood: 1
A.Crotts: 1
J.Xu: 1
K.Chang: 1
O.Vilhu: 1
E.Bertschinger: 1
A.Kinkhabwala: 1
M.Chiba: 1
J.Jurcsik: 1
K.Observatory: 1
B.Efron: 1
K.Asano: 1
R.Tuffs: 1
A.Edery: 1
M.Paranjape: 1
A.Toporensky: 1
G.Galaz: 1
V.Lapparent: 1
R.Lynden-Bell: 1
M.Takada: 1
T.Futamase: 1
S.Habib: 1
X.Martin: 1
K.Iida: 1
F.Blasio: 1
O.Elgaroy: 1
F.Schweizer: 1
P.Seitzer: 1
D.Pavón: 1
K.Taylor: 1
A.Coil: 1
B.Jun: 1
D.James: 1
R.Jeffries: 1
G.Natali: 1
R.Speziali: 1
S.Chakrabarti: 1
T.Das: 1
M.Celerier: 1
E.Zweibel: 1
M.Swisdak: 1
A.Tolley: 1
A.Teeseling: 1
U.Pandey: 1
R.III: 1
H.Aceves: 1
J.Perea: 1
V.Mueller: 1
P.Letelier: 1
W.Vieira: 1
P.Alexander,: 1
M.Berger: 1
A.Lawson: 1
H.S.C.Tripathy: 1
A.Dieball: 1
P.Wiegert: 1
A.Sargent: 1
M.Ricotti: 1
N.Pogorelov: 1
J.Wagenhuber: 1
C.Park: 1
W.Evans: 1
T.Dahlen: 1
N.Andronov: 1
J.Rafert: 1
K.Mitman: 1
H.Velazquez: 1
K.Lake: 1
M.Delgaty: 1
D.Oaknin: 1
P.Pal: 1
F.Finelli: 1
C.Horowitz: 1
G.Li: 1
A.Kostelecky: 1
D.Colladay: 1
A.Zheltukhin: 1
C.Theis: 1
S.Sanchez: 1
G.Kauffmann,: 1
H.Kandrup: 1
J.Drury: 1
N.Mandzhavidze: 1
J.Gerritsen: 1
I.Kovalenko: 1
A.Baushev: 1
G.Brodin: 1
M.Marklund: 1
S.Colombi: 1
C.Jean: 1
L.Ramsey,: 1
J.Dickey: 1
J.Wallace: 1
A.MacFadyen: 1
A.Mikhailov: 1
L.Jafelice: 1
T.Kim: 1
E.Shaya: 1
S.Norton: 1
W.Priester: 1
J.Carvalho: 1
Z.Seidov: 1
M.Smolsky: 1
V.Usov: 1
R.Braun: 1
M.Larson: 1
K.Phillips: 1
P.Preś: 1
C.Ng: 1
G.MacAlpine: 1
R.Jarvis: 1
G.Savonije: 1
M.Witte: 1
C.Molina-Paris: 1
M.Visser: 1
R.Sussman: 1
A.Perez: 1
M.Sirera: 1
H.Minakata: 1
M.Guzzo: 1
D.Summers: 1
N.Sibgatullin: 1
M.Whittle: 1
M.Park: 1
S.Nayakshin: 1
I.Puerari: 1
J.Chengalur: 1
C.Sivaram: 1
L.Andrade: 1
A.Gubanov: 1
A.Ariste: 1
M.Semel: 1
F.Barandela: 1
O.Shemmer: 1
W.Stolzmann: 1
E.Ghaffarsedeh: 1
J.Quenby: 1
K.Holley-Bockelmann: 1
F.Falchi: 1
T.Ghosh: 1
L.Chechin: 1
T.Omarov: 1
G.Mamon: 1
S.Santos: 1
F.Castro: 1
T.Kawaguchi: 1
J.Touma: 1
S.Sridhar: 1
P.Erwin: 1
S.Hawley: 1
A.Tokunaga: 1
N.Kobayashi: 1
T.Okamoto: 1
E.Gausmann: 1
P.CARAVEO: 1
R.MIGNANI: 1
N.Guessoum: 1
Y.Izotov: 1
L.Gardiner: 1
P.Tenjes: 1
J.Braun: 1
A.Miceli: 1
E.Parizot: 1
L.Drury: 1
J.Bryant: 1
L.Mendes: 1
R.Dumse: 1
M.Goliath: 1
B.Mueller: 1
W.Poeschl: 1
D.Bak: 1
S.Rey: 1
M.Maggiore: 1
L.Tedesco: 1
P.Cea: 1
J.Hormuzdiar: 1
S.Hsu: 1
D.Lehr: 1
T.Beckert: 1
W.Duschl: 1
M.Bucher: 1
B.Temple: 1
J.Smoller: 1
Y.Ishimaru: 1
T.Davidge: 1
P.Godon: 1
F.Arenou: 1
S.Jacobson: 1
A.Levinson: 1
W.Ho: 1
A.Zasov: 1
D.Villani: 1
B.Joshi: 1
M.Vivekanand: 1
N.Dzhalilov: 1
D.Massa: 1
R.Miller: 1
S.Bludman: 1
E.Chiang: 1
P.Valageas: 1
M.Arnould: 1
S.Ragland: 1
I.Cambridge: 1
C.Dudley: 1
C.Wynn-Williams: 1
J.Sokoloski: 1
A.Achterberg: 1
Y.Gallant: 1
A.Kull: 1
W.Roberge: 1
F.Ronga: 1
T.Montaruli: 1
K.Tsinganos: 1
N.Vlahakis: 1
Y.Fujita: 1
R.Santis: 1
F.Nakamura: 1
A.Ulmer: 1
V.Afanasiev: 1
J.Holmberg: 1
E.Kovalenko: 1
N.Zabotin: 1
A.Kawai: 1
G.Anupama: 1
H.Voelk: 1
A.Krymskii: 1
D.Bojkov: 1
R.Conversano: 1
G.Szakaly: 1
K.Petrovay: 1
L.Formiggini: 1
J.Moffat: 1
M.Clayton: 1
J.Kamoshita: 1
Y.Chikashige: 1
J.Friedman: 1
K.Lockitch: 1
K.Oohara: 1
W.Kley: 1
A.Gouvea: 1
E.Stewart: 1
S.Rama: 1
T.Sarkar: 1
P.Fre': 1
R.D'Auria: 1
R.Kerr: 1
V.Potapov: 1
R.Nguez-Tenreiro: 1
